DEBUG 2025-02-16 19:59:58.292 UTC: 	 CRAB Client version: v3.241125
DEBUG 2025-02-16 19:59:58.292 UTC: 	 Running on: Linux ui02.recas.ba.infn.it 3.10.0-1160.80.1.el7.x86_64 #1 SMP Tue Nov 8 15:48:59 UTC 2022 x86_64 x86_64 x86_64 GNU/Linux
DEBUG 2025-02-16 19:59:58.292 UTC: 	 Not using Singularity
DEBUG 2025-02-16 19:59:58.292 UTC: 	 Operating System: CentOS Linux 7 (Core)
DEBUG 2025-02-16 19:59:58.293 UTC: 	 Executing command: 'submit'
DEBUG 2025-02-16 19:59:58.293 UTC: 	 Found CRAB cache file /lustrehome/felicenenna/.crab3
INFO 2025-02-16 19:59:58.294 UTC: 	 Will use CRAB configuration file crab_MCRun4_DsTau3Mu_newMiniAod_cfg.py
DEBUG 2025-02-16 19:59:58.294 UTC: 	 Loading CRAB configuration file.
DEBUG 2025-02-16 19:59:58.297 UTC: 	 Will use CRAB plugin ANALYSIS (i.e. will run an analysis job type).
DEBUG 2025-02-16 19:59:58.299 UTC: 	 Checking credentials
DEBUG 2025-02-16 19:59:58.299 UTC: 	 Found proxy file /tmp/x509up_u881416
DEBUG 2025-02-16 19:59:58.299 UTC: 	 Making sure it has proper VOMS extension
DEBUG 2025-02-16 19:59:58.299 UTC: 	 Executing command :
 voms-proxy-info --vo --file /tmp/x509up_u881416
DEBUG 2025-02-16 19:59:59.219 UTC: 	 output : cms

 error: 
 retcode : 0
DEBUG 2025-02-16 19:59:59.219 UTC: 	 Getting proxy life time left
DEBUG 2025-02-16 19:59:59.219 UTC: 	 Executing command :
 voms-proxy-info --actimeleft --timeleft --file /tmp/x509up_u881416
DEBUG 2025-02-16 20:00:00.073 UTC: 	 output : 47276
47276

 error: 
 retcode : 0
DEBUG 2025-02-16 20:00:00.073 UTC: 	 Proxy valid for 13:07:56 hours
DEBUG 2025-02-16 20:00:00.073 UTC: 	 Encoded data for curl request: subresource=delegatedn
DEBUG 2025-02-16 20:02:07.540 UTC: 	 Registering user credentials on myproxy for /DC=ch/DC=cern/OU=computers/CN=crab-(preprod|prod)-tw(01|02).cern.ch|/DC=ch/DC=cern/OU=computers/CN=crab-dev-tw(01|02|03|04).cern.ch|/DC=ch/DC=cern/OU=Organic Units/OU=Users/CN=cmscrab/CN=(817881|373708)/CN=Robot: cms crab|/DC=ch/DC=cern/OU=Organic Units/OU=Users/CN=crabint1/CN=373708/CN=Robot: CMS CRAB Integration 1
DEBUG 2025-02-16 20:02:07.540 UTC: 	 Executing command :
 voms-proxy-info --identity --file /tmp/x509up_u881416
DEBUG 2025-02-16 20:02:08.444 UTC: 	 output : /DC=ch/DC=cern/OU=Organic Units/OU=Users/CN=fnenna/CN=868185/CN=Felice Nenna

 error: 
 retcode : 0
DEBUG 2025-02-16 20:02:08.445 UTC: 	 Getting myproxy life time left for a133b326f2e83ec4c6fd8cd18786edfdbb69b415
DEBUG 2025-02-16 20:02:08.445 UTC: 	 Executing command :
 myproxy-info -s myproxy.cern.ch -l a133b326f2e83ec4c6fd8cd18786edfdbb69b415
DEBUG 2025-02-16 20:02:08.948 UTC: 	 output : username: a133b326f2e83ec4c6fd8cd18786edfdbb69b415
owner: /DC=ch/DC=cern/OU=Organic Units/OU=Users/CN=fnenna/CN=868185/CN=Felice Nenna
  renewal policy: /DC=ch/DC=cern/OU=computers/CN=crab-(preprod|prod)-tw(01|02).cern.ch|/DC=ch/DC=cern/OU=computers/CN=crab-dev-tw(01|02|03|04).cern.ch|/DC=ch/DC=cern/OU=Organic Units/OU=Users/CN=cmscrab/CN=(817881|373708)/CN=Robot: cms crab|/DC=ch/DC=cern/OU=Organic Units/OU=Users/CN=crabint1/CN=373708/CN=Robot: CMS CRAB Integration 1
  trusted retrieval policy: /DC=ch/DC=cern/OU=computers/CN=crab-(preprod|prod)-tw(01|02).cern.ch|/DC=ch/DC=cern/OU=computers/CN=crab-dev-tw(01|02|03|04).cern.ch|/DC=ch/DC=cern/OU=Organic Units/OU=Users/CN=cmscrab/CN=(817881|373708)/CN=Robot: cms crab|/DC=ch/DC=cern/OU=Organic Units/OU=Users/CN=crabint1/CN=373708/CN=Robot: CMS CRAB Integration 1
  timeleft: 668:14:56  (27.8 days)

 error: 
 retcode : 0
DEBUG 2025-02-16 20:02:08.949 UTC: 	 Myproxy is valid: 2405640
DEBUG 2025-02-16 20:02:08.949 UTC: 	 Result of myproxy credential check:
  Credential exists on myproxy: username: a133b326f2e83ec4c6fd8cd18786edfdbb69b415  - validity: 27 days, 20:14:00
DEBUG 2025-02-16 20:02:08.949 UTC: 	 Command use: submit
DEBUG 2025-02-16 20:02:08.949 UTC: 	 Options use: ['-c', 'crab_MCRun4_DsTau3Mu_newMiniAod_cfg.py']
DEBUG 2025-02-16 20:02:08.949 UTC: 	 Encoded data for curl request: subresource=version
DEBUG 2025-02-16 20:02:09.100 UTC: 	 CRABClient version: v3.241125
DEBUG 2025-02-16 20:02:09.100 UTC: 	 Instance is prod
DEBUG 2025-02-16 20:02:09.100 UTC: 	 Server base url is cmsweb.cern.ch
DEBUG 2025-02-16 20:02:09.100 UTC: 	 Command api workflow
DEBUG 2025-02-16 20:02:09.100 UTC: 	 Started submission
DEBUG 2025-02-16 20:02:09.100 UTC: 	 Working on /lustrehome/felicenenna/tau3mu/CMSSW_14_0_17/src/GenAnalyser/GenAnalyzer/CrabSubmission/crab_projects/crab_140X_mcPhase2_DsTau3Mu_newMINIAOD_ANA_2
DEBUG 2025-02-16 20:02:09.101 UTC: 	 Encoded data for curl request: subresource=backendurls
DEBUG 2025-02-16 20:02:09.308 UTC: 	 Loading required information from the environment
DEBUG 2025-02-16 20:02:09.308 UTC: 	 Found CMSSW_14_0_17 for slc7_amd64_gcc12 with base /lustrehome/felicenenna/tau3mu/CMSSW_14_0_17
DEBUG 2025-02-16 20:02:09.308 UTC: 	 Loading required information from the environment
DEBUG 2025-02-16 20:02:09.308 UTC: 	 Found CMSSW_14_0_17 for slc7_amd64_gcc12 with base /lustrehome/felicenenna/tau3mu/CMSSW_14_0_17
DEBUG 2025-02-16 20:02:09.308 UTC: 	 UNIQUE NAME: tarUUID 3ccf22a6-429b-4ab1-b9e2-f6494df58dc9 
DEBUG 2025-02-16 20:02:09.308 UTC: 	 self.config: from WMCore.Configuration import Configuration
config = Configuration()
config.section_('General')
config.General.transferLogs = True
config.General.requestName = '140X_mcPhase2_DsTau3Mu_newMINIAOD_ANA_2'
config.General.transferOutputs = True
config.General.workArea = 'crab_projects'
config.section_('JobType')
config.JobType.psetName = '/lustrehome/felicenenna/tau3mu/CMSSW_14_0_17/src/GenAnalyser/GenAnalyzer/python/genAnalyser_cff.py'
config.JobType.pluginName = 'Analysis'
config.JobType.allowUndistributedCMSSW = True
config.section_('Data')
config.Data.inputDataset = '/DsTau3Mu_pythia8_Phase2_14TeV_PU200/fnenna-140X_mcPhase2_DsTau3Mu_MINIAOD_NoPU-6ae100ee14b53fd6015588c05a477e7b/USER'
config.Data.outputDatasetTag = '140X_mcPhase2_DsTau3Mu_newMINIAOD_ANA_2'
config.Data.unitsPerJob = 100
config.Data.publication = True
config.Data.splitting = 'FileBased'
config.Data.inputDBS = 'phys03'
config.section_('Site')
config.Site.ignoreGlobalBlacklist = True
config.Site.storageSite = 'T2_IT_Bari'
config.section_('User')
config.section_('Debug')

DEBUG 2025-02-16 20:02:09.308 UTC: 	 self.config.JobType.psetName: /lustrehome/felicenenna/tau3mu/CMSSW_14_0_17/src/GenAnalyser/GenAnalyzer/python/genAnalyser_cff.py
INFO 2025-02-16 20:02:09.309 UTC: 	 Importing CMSSW configuration /lustrehome/felicenenna/tau3mu/CMSSW_14_0_17/src/GenAnalyser/GenAnalyzer/python/genAnalyser_cff.py
INFO 2025-02-16 20:02:11.993 UTC: 	 Finished importing CMSSW configuration /lustrehome/felicenenna/tau3mu/CMSSW_14_0_17/src/GenAnalyser/GenAnalyzer/python/genAnalyser_cff.py
DEBUG 2025-02-16 20:02:11.993 UTC: 	 Writing CMSSW configuration to /lustrehome/felicenenna/tau3mu/CMSSW_14_0_17/src/GenAnalyser/GenAnalyzer/CrabSubmission/crab_projects/crab_140X_mcPhase2_DsTau3Mu_newMINIAOD_ANA_2/inputs/PSet.py
DEBUG 2025-02-16 20:02:12.096 UTC: 	 The following EDM output files will be collected: []
DEBUG 2025-02-16 20:02:12.096 UTC: 	 The following TFile output files will be collected: ['TreeMC_Gen_level.root']
DEBUG 2025-02-16 20:02:12.096 UTC: 	 The following user output files (not listed as PoolOuputModule or TFileService in the CMSSW PSet) will be collected: 
DEBUG 2025-02-16 20:02:12.096 UTC: 	 Loading required information from the environment
DEBUG 2025-02-16 20:02:12.096 UTC: 	 Found CMSSW_14_0_17 for slc7_amd64_gcc12 with base /lustrehome/felicenenna/tau3mu/CMSSW_14_0_17
DEBUG 2025-02-16 20:02:12.096 UTC: 	 Making tarball in /lustrehome/felicenenna/tau3mu/CMSSW_14_0_17/src/GenAnalyser/GenAnalyzer/CrabSubmission/crab_projects/crab_140X_mcPhase2_DsTau3Mu_newMINIAOD_ANA_2/inputs/3ccf22a6-429b-4ab1-b9e2-f6494df58dc9default.tgz
DEBUG 2025-02-16 20:02:12.097 UTC: 	 Checking directory /lustrehome/felicenenna/tau3mu/CMSSW_14_0_17/bin
DEBUG 2025-02-16 20:02:12.097 UTC: 	 Adding directory /lustrehome/felicenenna/tau3mu/CMSSW_14_0_17/bin to tarball
DEBUG 2025-02-16 20:02:12.152 UTC: 	 Checking directory /lustrehome/felicenenna/tau3mu/CMSSW_14_0_17/python
DEBUG 2025-02-16 20:02:12.152 UTC: 	 Adding directory /lustrehome/felicenenna/tau3mu/CMSSW_14_0_17/python to tarball
DEBUG 2025-02-16 20:02:12.661 UTC: 	 Checking directory /lustrehome/felicenenna/tau3mu/CMSSW_14_0_17/cfipython
DEBUG 2025-02-16 20:02:12.661 UTC: 	 Adding directory /lustrehome/felicenenna/tau3mu/CMSSW_14_0_17/cfipython to tarball
DEBUG 2025-02-16 20:02:12.760 UTC: 	 Checking directory /lustrehome/felicenenna/tau3mu/CMSSW_14_0_17/lib
DEBUG 2025-02-16 20:02:12.760 UTC: 	 Adding directory /lustrehome/felicenenna/tau3mu/CMSSW_14_0_17/lib to tarball
DEBUG 2025-02-16 20:02:14.803 UTC: 	 Checking directory /lustrehome/felicenenna/tau3mu/CMSSW_14_0_17/biglib
DEBUG 2025-02-16 20:02:14.803 UTC: 	 Adding directory /lustrehome/felicenenna/tau3mu/CMSSW_14_0_17/biglib to tarball
DEBUG 2025-02-16 20:02:14.804 UTC: 	 Checking directory /lustrehome/felicenenna/tau3mu/CMSSW_14_0_17/module
DEBUG 2025-02-16 20:02:14.804 UTC: 	 Checking directory /lustrehome/felicenenna/tau3mu/CMSSW_14_0_17/config/SCRAM/hooks
DEBUG 2025-02-16 20:02:14.806 UTC: 	 Adding directory /lustrehome/felicenenna/tau3mu/CMSSW_14_0_17/config/SCRAM/hooks to tarball
DEBUG 2025-02-16 20:02:14.848 UTC: 	 Adding directory /lustrehome/felicenenna/tau3mu/CMSSW_14_0_17/src/GenAnalyser/GenAnalyzer/python to tarball
DEBUG 2025-02-16 20:02:15.287 UTC: 	 Adding directory /lustrehome/felicenenna/tau3mu/CMSSW_14_0_17/src/Plugins/MiniAnaTau3Mu/python to tarball
DEBUG 2025-02-16 20:02:15.364 UTC: 	 Adding directory /lustrehome/felicenenna/tau3mu/CMSSW_14_0_17/src/Plugins/TrackFromCandProducer/python to tarball
DEBUG 2025-02-16 20:02:15.370 UTC: 	 Adding directory /lustrehome/felicenenna/tau3mu/CMSSW_14_0_17/src/Plugins/RecoMuonAnalyzer/python to tarball
DEBUG 2025-02-16 20:02:15.387 UTC: 	 Adding directory /lustrehome/felicenenna/tau3mu/CMSSW_14_0_17/src/Plugins/SimpleEventCounter/python to tarball
DEBUG 2025-02-16 20:02:15.404 UTC: 	 Adding directory /lustrehome/felicenenna/tau3mu/CMSSW_14_0_17/src/Plugins/PFCandFilter/python to tarball
DEBUG 2025-02-16 20:02:15.408 UTC: 	 Adding directory /lustrehome/felicenenna/tau3mu/CMSSW_14_0_17/src/PhysicsTools/PatAlgos/interface to tarball
DEBUG 2025-02-16 20:02:15.574 UTC: 	 Adding directory /lustrehome/felicenenna/tau3mu/CMSSW_14_0_17/src/PhysicsTools/PatAlgos/python to tarball
DEBUG 2025-02-16 20:02:17.056 UTC: 	 Adding directory /lustrehome/felicenenna/tau3mu/CMSSW_14_0_17/src/GenAna/GenAnalyser/GenAnalyzer/python to tarball
DEBUG 2025-02-16 20:02:17.140 UTC: 	 Adding directory /lustrehome/felicenenna/tau3mu/CMSSW_14_0_17/src/SkimTools/SkimTau3Mu/python to tarball
DEBUG 2025-02-16 20:02:17.188 UTC: 	 Adding directory /lustrehome/felicenenna/tau3mu/CMSSW_14_0_17/src/SkimTools/SkimPhiPi/python to tarball
DEBUG 2025-02-16 20:02:17.264 UTC: 	 Adding directory /lustrehome/felicenenna/tau3mu/CMSSW_14_0_17/src/SkimTools/SkimPhiMuNu/python to tarball
DEBUG 2025-02-16 20:02:17.522 UTC: 	 Uploading archive /lustrehome/felicenenna/tau3mu/CMSSW_14_0_17/src/GenAnalyser/GenAnalyzer/CrabSubmission/crab_projects/crab_140X_mcPhase2_DsTau3Mu_newMINIAOD_ANA_2/inputs/3ccf22a6-429b-4ab1-b9e2-f6494df58dc9default.tgz (3.342773.1 MB) to the CRAB cache. Using URI https://cmsweb.cern.ch/S3/crabcache_prod
DEBUG 2025-02-16 20:02:19.207 UTC: 	 Encoded data for curl request: subresource=upload&objecttype=sandbox&tarballname=117ab18eab9cb338e6c472a2f953bd5234c500888e0ba262223f696a7de5dfa6.tar.gz
DEBUG 2025-02-16 20:02:19.378 UTC: 	 Will execute:
curl -f -v -X POST  -H "User-Agent: CRAB" -F "key=fnenna/sandboxes/117ab18eab9cb338e6c472a2f953bd5234c500888e0ba262223f696a7de5dfa6.tar.gz" -F "AWSAccessKeyId=715203df6482458ba839e73e6dab634b" -F "policy=eyJleHBpcmF0aW9uIjogIjIwMjUtMDItMTZUMjE6MDI6MTlaIiwgImNvbmRpdGlvbnMiOiBbeyJidWNrZXQiOiAiY3JhYmNhY2hlX3Byb2QifSwgeyJrZXkiOiAiZm5lbm5hL3NhbmRib3hlcy8xMTdhYjE4ZWFiOWNiMzM4ZTZjNDcyYTJmOTUzYmQ1MjM0YzUwMDg4OGUwYmEyNjIyMjNmNjk2YTdkZTVkZmE2LnRhci5neiJ9XX0=" -F "signature=sgBy851ddnuO0mxKbi+gZZuncD8=" -F "file=@/lustrehome/felicenenna/tau3mu/CMSSW_14_0_17/src/GenAnalyser/GenAnalyzer/CrabSubmission/crab_projects/crab_140X_mcPhase2_DsTau3Mu_newMINIAOD_ANA_2/inputs/3ccf22a6-429b-4ab1-b9e2-f6494df58dc9default.tgz" "https://s3.cern.ch/crabcache_prod"
DEBUG 2025-02-16 20:02:20.781 UTC: 	 exitcode: 0
stdout: b''
DEBUG 2025-02-16 20:02:20.781 UTC: 	 upload to S3 of sandbox /lustrehome/felicenenna/tau3mu/CMSSW_14_0_17/src/GenAnalyser/GenAnalyzer/CrabSubmission/crab_projects/crab_140X_mcPhase2_DsTau3Mu_newMINIAOD_ANA_2/inputs/3ccf22a6-429b-4ab1-b9e2-f6494df58dc9default.tgz completed
DEBUG 2025-02-16 20:02:20.781 UTC: 	 make sure that object is ready for retrieve
DEBUG 2025-02-16 20:02:21.782 UTC: 	 Encoded data for curl request: subresource=download&objecttype=sandbox&tarballname=117ab18eab9cb338e6c472a2f953bd5234c500888e0ba262223f696a7de5dfa6.tar.gz&clientmethod=head_object
DEBUG 2025-02-16 20:02:21.926 UTC: 	 PreSignedUrl to download sandbox received OK
DEBUG 2025-02-16 20:02:21.931 UTC: 	 Will execute:
 curl -v -s -f -o /dev/null --head  "https://s3.cern.ch/crabcache_prod/fnenna/sandboxes/117ab18eab9cb338e6c472a2f953bd5234c500888e0ba262223f696a7de5dfa6.tar.gz?AWSAccessKeyId=715203df6482458ba839e73e6dab634b&Signature=GFArXorTmkeNuZbXEBRHigcPC68%3D&Expires=1739739741"
DEBUG 2025-02-16 20:02:22.070 UTC: 	 exitcode: 0
stdout: b''
DEBUG 2025-02-16 20:02:22.070 UTC: 	 sandbox /lustrehome/felicenenna/tau3mu/CMSSW_14_0_17/src/GenAnalyser/GenAnalyzer/CrabSubmission/crab_projects/crab_140X_mcPhase2_DsTau3Mu_newMINIAOD_ANA_2/inputs/3ccf22a6-429b-4ab1-b9e2-f6494df58dc9default.tgz successfully uploaded to S3
DEBUG 2025-02-16 20:02:22.070 UTC: 	 Loading required information from the environment
DEBUG 2025-02-16 20:02:22.070 UTC: 	 Found CMSSW_14_0_17 for slc7_amd64_gcc12 with base /lustrehome/felicenenna/tau3mu/CMSSW_14_0_17
DEBUG 2025-02-16 20:02:22.070 UTC: 	 Making tarball in /lustrehome/felicenenna/tau3mu/CMSSW_14_0_17/src/GenAnalyser/GenAnalyzer/CrabSubmission/crab_projects/crab_140X_mcPhase2_DsTau3Mu_newMINIAOD_ANA_2/inputs/debugFiles.tgz
DEBUG 2025-02-16 20:02:22.076 UTC: 	 Uploading archive /lustrehome/felicenenna/tau3mu/CMSSW_14_0_17/src/GenAnalyser/GenAnalyzer/CrabSubmission/crab_projects/crab_140X_mcPhase2_DsTau3Mu_newMINIAOD_ANA_2/inputs/debugFiles.tgz (2 KB) to the CRAB cache. Using URI https://cmsweb.cern.ch/S3/crabcache_prod
DEBUG 2025-02-16 20:02:22.079 UTC: 	 Encoded data for curl request: subresource=upload&objecttype=sandbox&tarballname=c84b022feaae4fe77f10e984b26a811d9426bc24e9863fc0831a90c14b71c063.tar.gz
DEBUG 2025-02-16 20:02:22.278 UTC: 	 Will execute:
curl -f -v -X POST  -H "User-Agent: CRAB" -F "key=fnenna/sandboxes/c84b022feaae4fe77f10e984b26a811d9426bc24e9863fc0831a90c14b71c063.tar.gz" -F "AWSAccessKeyId=715203df6482458ba839e73e6dab634b" -F "policy=eyJleHBpcmF0aW9uIjogIjIwMjUtMDItMTZUMjE6MDI6MjJaIiwgImNvbmRpdGlvbnMiOiBbeyJidWNrZXQiOiAiY3JhYmNhY2hlX3Byb2QifSwgeyJrZXkiOiAiZm5lbm5hL3NhbmRib3hlcy9jODRiMDIyZmVhYWU0ZmU3N2YxMGU5ODRiMjZhODExZDk0MjZiYzI0ZTk4NjNmYzA4MzFhOTBjMTRiNzFjMDYzLnRhci5neiJ9XX0=" -F "signature=CSgBFejKS51M+0fGb9YXgXecSLg=" -F "file=@/lustrehome/felicenenna/tau3mu/CMSSW_14_0_17/src/GenAnalyser/GenAnalyzer/CrabSubmission/crab_projects/crab_140X_mcPhase2_DsTau3Mu_newMINIAOD_ANA_2/inputs/debugFiles.tgz" "https://s3.cern.ch/crabcache_prod"
DEBUG 2025-02-16 20:02:22.422 UTC: 	 exitcode: 0
stdout: b''
DEBUG 2025-02-16 20:02:22.422 UTC: 	 upload to S3 of sandbox /lustrehome/felicenenna/tau3mu/CMSSW_14_0_17/src/GenAnalyser/GenAnalyzer/CrabSubmission/crab_projects/crab_140X_mcPhase2_DsTau3Mu_newMINIAOD_ANA_2/inputs/debugFiles.tgz completed
DEBUG 2025-02-16 20:02:22.422 UTC: 	 make sure that object is ready for retrieve
DEBUG 2025-02-16 20:02:23.424 UTC: 	 Encoded data for curl request: subresource=download&objecttype=sandbox&tarballname=c84b022feaae4fe77f10e984b26a811d9426bc24e9863fc0831a90c14b71c063.tar.gz&clientmethod=head_object
DEBUG 2025-02-16 20:02:23.582 UTC: 	 PreSignedUrl to download sandbox received OK
DEBUG 2025-02-16 20:02:23.586 UTC: 	 Will execute:
 curl -v -s -f -o /dev/null --head  "https://s3.cern.ch/crabcache_prod/fnenna/sandboxes/c84b022feaae4fe77f10e984b26a811d9426bc24e9863fc0831a90c14b71c063.tar.gz?AWSAccessKeyId=715203df6482458ba839e73e6dab634b&Signature=bNp%2FvaFVu145naX9hoH9mIW%2BqI8%3D&Expires=1739739743"
DEBUG 2025-02-16 20:02:23.712 UTC: 	 exitcode: 0
stdout: b''
DEBUG 2025-02-16 20:02:23.712 UTC: 	 sandbox /lustrehome/felicenenna/tau3mu/CMSSW_14_0_17/src/GenAnalyser/GenAnalyzer/CrabSubmission/crab_projects/crab_140X_mcPhase2_DsTau3Mu_newMINIAOD_ANA_2/inputs/debugFiles.tgz successfully uploaded to S3
DEBUG 2025-02-16 20:02:23.712 UTC: 	 Result uploading input files: 117ab18eab9cb338e6c472a2f953bd5234c500888e0ba262223f696a7de5dfa6.tar.gz 
WARNING 2025-02-16 20:02:23.712 UTC: 	 Warning: The following output files will not be published, as they are not EDM files: ['TreeMC_Gen_level.root']
DEBUG 2025-02-16 20:02:23.713 UTC: 	 submit() - self.configuration from WMCore.Configuration import Configuration
config = Configuration()
config.section_('General')
config.General.transferLogs = True
config.General.requestName = '140X_mcPhase2_DsTau3Mu_newMINIAOD_ANA_2'
config.General.transferOutputs = True
config.General.workArea = 'crab_projects'
config.section_('JobType')
config.JobType.psetName = '/lustrehome/felicenenna/tau3mu/CMSSW_14_0_17/src/GenAnalyser/GenAnalyzer/python/genAnalyser_cff.py'
config.JobType.pluginName = 'Analysis'
config.JobType.allowUndistributedCMSSW = True
config.section_('Data')
config.Data.inputDataset = '/DsTau3Mu_pythia8_Phase2_14TeV_PU200/fnenna-140X_mcPhase2_DsTau3Mu_MINIAOD_NoPU-6ae100ee14b53fd6015588c05a477e7b/USER'
config.Data.outputDatasetTag = '140X_mcPhase2_DsTau3Mu_newMINIAOD_ANA_2'
config.Data.unitsPerJob = 100
config.Data.publication = True
config.Data.splitting = 'FileBased'
config.Data.inputDBS = 'phys03'
config.section_('Site')
config.Site.ignoreGlobalBlacklist = True
config.Site.storageSite = 'T2_IT_Bari'
config.section_('User')
config.section_('Debug')

DEBUG 2025-02-16 20:02:23.713 UTC: 	 submit() - self.configreq {'dryrun': 0, 'workflow': 'crab_140X_mcPhase2_DsTau3Mu_newMINIAOD_ANA_2', 'saveoutput': 1, 'savelogsflag': 1, 'inputdata': '/DsTau3Mu_pythia8_Phase2_14TeV_PU200/fnenna-140X_mcPhase2_DsTau3Mu_MINIAOD_NoPU-6ae100ee14b53fd6015588c05a477e7b/USER', 'nonvaliddata': 0, 'userfiles': [], 'dbsurl': 'https://cmsweb.cern.ch/dbs/prod/phys03/DBSReader', 'useparent': 0, 'ignorelocality': 0, 'splitalgo': 'FileBased', 'algoargs': 100, 'totalunits': 0, 'publication': 1, 'publishdbsurl': 'https://cmsweb.cern.ch/dbs/prod/phys03/DBSWriter', 'publishname2': '140X_mcPhase2_DsTau3Mu_newMINIAOD_ANA_2', 'jobtype': 'Analysis', 'generator': 'pythia', 'addoutputfiles': [], 'maxjobruntime': 1250, 'numcores': 1, 'maxmemory': 2000, 'priority': 10, 'nonprodsw': 1, 'asyncdest': 'T2_IT_Bari', 'requireaccelerator': 0, 'oneEventMode': 0, 'extrajdl': [], 'ignoreglobalblacklist': 1, 'partialdataset': 0, 'inputblocks': []}
DEBUG 2025-02-16 20:02:23.713 UTC: 	 submit() - jobconfig {'addoutputfiles': [], 'tfileoutfiles': ['TreeMC_Gen_level.root'], 'edmoutfiles': [], 'jobarch': 'slc7_amd64_gcc12', 'jobsw': 'CMSSW_14_0_17', 'inputdata': '/DsTau3Mu_pythia8_Phase2_14TeV_PU200/fnenna-140X_mcPhase2_DsTau3Mu_MINIAOD_NoPU-6ae100ee14b53fd6015588c05a477e7b/USER', 'cacheurl': 'https://cmsweb.cern.ch/S3/crabcache_prod', 'cachefilename': '117ab18eab9cb338e6c472a2f953bd5234c500888e0ba262223f696a7de5dfa6.tar.gz', 'debugfilename': 'c84b022feaae4fe77f10e984b26a811d9426bc24e9863fc0831a90c14b71c063.tar.gz', 'jobtype': 'Analysis'}
INFO 2025-02-16 20:02:23.713 UTC: 	 Sending the request to the server at cmsweb.cern.ch
DEBUG 2025-02-16 20:02:23.713 UTC: 	 Submitting {'dryrun': 0, 'workflow': 'crab_140X_mcPhase2_DsTau3Mu_newMINIAOD_ANA_2', 'saveoutput': 1, 'savelogsflag': 1, 'inputdata': '/DsTau3Mu_pythia8_Phase2_14TeV_PU200/fnenna-140X_mcPhase2_DsTau3Mu_MINIAOD_NoPU-6ae100ee14b53fd6015588c05a477e7b/USER', 'nonvaliddata': 0, 'userfiles': [], 'dbsurl': 'https://cmsweb.cern.ch/dbs/prod/phys03/DBSReader', 'useparent': 0, 'ignorelocality': 0, 'splitalgo': 'FileBased', 'algoargs': 100, 'totalunits': 0, 'publication': 1, 'publishdbsurl': 'https://cmsweb.cern.ch/dbs/prod/phys03/DBSWriter', 'publishname2': '140X_mcPhase2_DsTau3Mu_newMINIAOD_ANA_2', 'jobtype': 'Analysis', 'generator': 'pythia', 'addoutputfiles': [], 'maxjobruntime': 1250, 'numcores': 1, 'maxmemory': 2000, 'priority': 10, 'nonprodsw': 1, 'asyncdest': 'T2_IT_Bari', 'requireaccelerator': 0, 'oneEventMode': 0, 'extrajdl': [], 'ignoreglobalblacklist': 1, 'partialdataset': 0, 'inputblocks': [], 'tfileoutfiles': ['TreeMC_Gen_level.root'], 'edmoutfiles': [], 'jobarch': 'slc7_amd64_gcc12', 'jobsw': 'CMSSW_14_0_17', 'cacheurl': 'https://cmsweb.cern.ch/S3/crabcache_prod', 'cachefilename': '117ab18eab9cb338e6c472a2f953bd5234c500888e0ba262223f696a7de5dfa6.tar.gz', 'debugfilename': 'c84b022feaae4fe77f10e984b26a811d9426bc24e9863fc0831a90c14b71c063.tar.gz'} 
DEBUG 2025-02-16 20:02:23.714 UTC: 	 Encoded data for curl request: dryrun=0&workflow=crab_140X_mcPhase2_DsTau3Mu_newMINIAOD_ANA_2&saveoutput=1&savelogsflag=1&inputdata=%2FDsTau3Mu_pythia8_Phase2_14TeV_PU200%2Ffnenna-140X_mcPhase2_DsTau3Mu_MINIAOD_NoPU-6ae100ee14b53fd6015588c05a477e7b%2FUSER&nonvaliddata=0&dbsurl=https%3A%2F%2Fcmsweb.cern.ch%2Fdbs%2Fprod%2Fphys03%2FDBSReader&useparent=0&ignorelocality=0&splitalgo=FileBased&algoargs=100&totalunits=0&publication=1&publishdbsurl=https%3A%2F%2Fcmsweb.cern.ch%2Fdbs%2Fprod%2Fphys03%2FDBSWriter&publishname2=140X_mcPhase2_DsTau3Mu_newMINIAOD_ANA_2&jobtype=Analysis&generator=pythia&maxjobruntime=1250&numcores=1&maxmemory=2000&priority=10&nonprodsw=1&asyncdest=T2_IT_Bari&requireaccelerator=0&oneEventMode=0&ignoreglobalblacklist=1&partialdataset=0&jobarch=slc7_amd64_gcc12&jobsw=CMSSW_14_0_17&cacheurl=https%3A%2F%2Fcmsweb.cern.ch%2FS3%2Fcrabcache_prod&cachefilename=117ab18eab9cb338e6c472a2f953bd5234c500888e0ba262223f696a7de5dfa6.tar.gz&debugfilename=c84b022feaae4fe77f10e984b26a811d9426bc24e9863fc0831a90c14b71c063.tar.gz&tfileoutfiles=TreeMC_Gen_level.root
DEBUG 2025-02-16 20:04:31.417 UTC: 	 Result: {'result': [{'RequestName': '250216_200431:fnenna_crab_140X_mcPhase2_DsTau3Mu_newMINIAOD_ANA_2'}]}
INFO 2025-02-16 20:04:31.418 UTC: 	 Success: Your task has been delivered to the prod CRAB3 server.
INFO 2025-02-16 20:04:31.419 UTC: 	 Task name: 250216_200431:fnenna_crab_140X_mcPhase2_DsTau3Mu_newMINIAOD_ANA_2
INFO 2025-02-16 20:04:31.419 UTC: 	 Project dir: crab_projects/crab_140X_mcPhase2_DsTau3Mu_newMINIAOD_ANA_2
INFO 2025-02-16 20:04:31.419 UTC: 	 Please use ' crab status -d crab_projects/crab_140X_mcPhase2_DsTau3Mu_newMINIAOD_ANA_2 ' to check how the submission process proceeds.
DEBUG 2025-02-16 20:04:31.419 UTC: 	 About to return
INFO 2025-02-16 20:04:31.424 UTC: 	 Log file is /lustrehome/felicenenna/tau3mu/CMSSW_14_0_17/src/GenAnalyser/GenAnalyzer/CrabSubmission/crab_projects/crab_140X_mcPhase2_DsTau3Mu_newMINIAOD_ANA_2/crab.log
DEBUG 2025-02-16 20:48:29.694 UTC: 	 CRAB Client version: v3.241125
DEBUG 2025-02-16 20:48:29.694 UTC: 	 Running on: Linux ui02.recas.ba.infn.it 3.10.0-1160.80.1.el7.x86_64 #1 SMP Tue Nov 8 15:48:59 UTC 2022 x86_64 x86_64 x86_64 GNU/Linux
DEBUG 2025-02-16 20:48:29.694 UTC: 	 Not using Singularity
DEBUG 2025-02-16 20:48:29.695 UTC: 	 Operating System: CentOS Linux 7 (Core)
DEBUG 2025-02-16 20:48:29.695 UTC: 	 Executing command: 'status'
DEBUG 2025-02-16 20:48:29.695 UTC: 	 Found CRAB cache file /lustrehome/felicenenna/.crab3
DEBUG 2025-02-16 20:48:29.701 UTC: 	 Checking credentials
DEBUG 2025-02-16 20:48:29.701 UTC: 	 Found proxy file /tmp/x509up_u881416
DEBUG 2025-02-16 20:48:29.701 UTC: 	 Making sure it has proper VOMS extension
DEBUG 2025-02-16 20:48:29.701 UTC: 	 Executing command :
 voms-proxy-info --vo --file /tmp/x509up_u881416
DEBUG 2025-02-16 20:48:30.599 UTC: 	 output : cms

 error: 
 retcode : 0
DEBUG 2025-02-16 20:48:30.599 UTC: 	 Getting proxy life time left
DEBUG 2025-02-16 20:48:30.599 UTC: 	 Executing command :
 voms-proxy-info --actimeleft --timeleft --file /tmp/x509up_u881416
DEBUG 2025-02-16 20:48:31.576 UTC: 	 output : 44365
44365

 error: 
 retcode : 0
DEBUG 2025-02-16 20:48:31.576 UTC: 	 Proxy valid for 12:19:25 hours
DEBUG 2025-02-16 20:48:31.576 UTC: 	 Encoded data for curl request: subresource=delegatedn
DEBUG 2025-02-16 20:48:31.742 UTC: 	 Registering user credentials on myproxy for /DC=ch/DC=cern/OU=computers/CN=crab-(preprod|prod)-tw(01|02).cern.ch|/DC=ch/DC=cern/OU=computers/CN=crab-dev-tw(01|02|03|04).cern.ch|/DC=ch/DC=cern/OU=Organic Units/OU=Users/CN=cmscrab/CN=(817881|373708)/CN=Robot: cms crab|/DC=ch/DC=cern/OU=Organic Units/OU=Users/CN=crabint1/CN=373708/CN=Robot: CMS CRAB Integration 1
DEBUG 2025-02-16 20:48:31.742 UTC: 	 Executing command :
 voms-proxy-info --identity --file /tmp/x509up_u881416
DEBUG 2025-02-16 20:48:32.641 UTC: 	 output : /DC=ch/DC=cern/OU=Organic Units/OU=Users/CN=fnenna/CN=868185/CN=Felice Nenna

 error: 
 retcode : 0
DEBUG 2025-02-16 20:48:32.642 UTC: 	 Getting myproxy life time left for a133b326f2e83ec4c6fd8cd18786edfdbb69b415
DEBUG 2025-02-16 20:48:32.642 UTC: 	 Executing command :
 myproxy-info -s myproxy.cern.ch -l a133b326f2e83ec4c6fd8cd18786edfdbb69b415
DEBUG 2025-02-16 20:48:33.036 UTC: 	 output : username: a133b326f2e83ec4c6fd8cd18786edfdbb69b415
owner: /DC=ch/DC=cern/OU=Organic Units/OU=Users/CN=fnenna/CN=868185/CN=Felice Nenna
  renewal policy: /DC=ch/DC=cern/OU=computers/CN=crab-(preprod|prod)-tw(01|02).cern.ch|/DC=ch/DC=cern/OU=computers/CN=crab-dev-tw(01|02|03|04).cern.ch|/DC=ch/DC=cern/OU=Organic Units/OU=Users/CN=cmscrab/CN=(817881|373708)/CN=Robot: cms crab|/DC=ch/DC=cern/OU=Organic Units/OU=Users/CN=crabint1/CN=373708/CN=Robot: CMS CRAB Integration 1
  trusted retrieval policy: /DC=ch/DC=cern/OU=computers/CN=crab-(preprod|prod)-tw(01|02).cern.ch|/DC=ch/DC=cern/OU=computers/CN=crab-dev-tw(01|02|03|04).cern.ch|/DC=ch/DC=cern/OU=Organic Units/OU=Users/CN=cmscrab/CN=(817881|373708)/CN=Robot: cms crab|/DC=ch/DC=cern/OU=Organic Units/OU=Users/CN=crabint1/CN=373708/CN=Robot: CMS CRAB Integration 1
  timeleft: 667:28:31  (27.8 days)

 error: 
 retcode : 0
DEBUG 2025-02-16 20:48:33.036 UTC: 	 Myproxy is valid: 2402880
DEBUG 2025-02-16 20:48:33.037 UTC: 	 Result of myproxy credential check:
  Credential exists on myproxy: username: a133b326f2e83ec4c6fd8cd18786edfdbb69b415  - validity: 27 days, 19:28:00
DEBUG 2025-02-16 20:48:33.037 UTC: 	 Retrieving username ...
DEBUG 2025-02-16 20:48:33.037 UTC: 	 Retrieving username from CRIC...
DEBUG 2025-02-16 20:48:33.925 UTC: 	 username is fnenna
INFO 2025-02-16 20:48:35.561 UTC: 	 Rucio client intialized for account fnenna
DEBUG 2025-02-16 20:48:35.562 UTC: 	 Command use: status
DEBUG 2025-02-16 20:48:35.562 UTC: 	 Options use: ['-d', 'crab_projects/crab_140X_mcPhase2_DsTau3Mu_newMINIAOD_ANA_2']
DEBUG 2025-02-16 20:48:35.562 UTC: 	 Encoded data for curl request: subresource=version
DEBUG 2025-02-16 20:48:35.726 UTC: 	 CRABClient version: v3.241125
DEBUG 2025-02-16 20:48:35.727 UTC: 	 Instance is prod
DEBUG 2025-02-16 20:48:35.727 UTC: 	 Server base url is cmsweb.cern.ch
DEBUG 2025-02-16 20:48:35.727 UTC: 	 Command api workflow
DEBUG 2025-02-16 20:48:35.727 UTC: 	 Encoded data for curl request: subresource=search&workflow=250216_200431%3Afnenna_crab_140X_mcPhase2_DsTau3Mu_newMINIAOD_ANA_2
DEBUG 2025-02-16 20:50:43.128 UTC: 	 Got information from server oracle database: {'desc': {'columns': ['tm_taskname', 'tm_activity', 'tm_task_status', 'tm_task_command', 'tm_start_time', 'tm_start_injection', 'tm_end_injection', 'tm_task_failure', 'tm_job_sw', 'tm_job_arch', 'tm_input_dataset', 'tm_nonvalid_input_dataset', 'tm_use_parent', 'tm_site_whitelist', 'tm_site_blacklist', 'tm_split_algo', 'tm_split_args', 'tm_user_sandbox', 'tm_cache_url', 'tm_username', 'tm_user_dn', 'tm_user_vo', 'tm_user_role', 'tm_user_group', 'tm_publish_name', 'tm_publish_groupname', 'tm_asyncdest', 'tm_dbs_url', 'tm_publish_dbs_url', 'tm_publication', 'tm_outfiles', 'tm_tfile_outfiles', 'tm_edm_outfiles', 'tm_job_type', 'tm_generator', 'tm_events_per_lumi', 'tm_arguments', 'tm_save_logs', 'tw_name', 'tm_user_infiles', 'tm_maxjobruntime', 'tm_numcores', 'tm_maxmemory', 'tm_priority', 'tm_output_dataset', 'tm_task_warnings', 'tm_user_webdir', 'tm_scriptexe', 'tm_scriptargs', 'tm_extrajdl', 'tm_collector', 'tm_schedd', 'tm_dry_run', 'tm_user_files', 'tm_transfer_outputs', 'tm_output_lfn', 'tm_ignore_locality', 'tm_fail_limit', 'tm_one_event_mode', 'tm_secondary_input_dataset', 'tm_primary_dataset', 'tm_last_publication', 'tm_debug_files', 'clusterid', 'tm_ignore_global_blacklist', 'tm_submitter_ip_addr', 'tm_totalunits', 'tm_ddm_reqid', 'tm_user_config', 'tm_transfer_container', 'tm_transfer_rule', 'tm_publish_rule', 'tm_multipub_rule', 'tm_job_min_microarch']}, 'result': ['250216_200431:fnenna_crab_140X_mcPhase2_DsTau3Mu_newMINIAOD_ANA_2', 'None', 'SUBMITTED', 'SUBMIT', '2025-02-16 20:04:31.394146', 'None', '2025-02-16 20:05:12.837390', 'None', 'CMSSW_14_0_17', 'slc7_amd64_gcc12', '/DsTau3Mu_pythia8_Phase2_14TeV_PU200/fnenna-140X_mcPhase2_DsTau3Mu_MINIAOD_NoPU-6ae100ee14b53fd6015588c05a477e7b/USER', 'F', '0', '[]', '[]', 'FileBased', "{'halt_job_on_file_boundaries': False, 'splitOnRun': False, 'files_per_job': 100, 'runs': [], 'lumis': []}", '117ab18eab9cb338e6c472a2f953bd5234c500888e0ba262223f696a7de5dfa6.tar.gz', 'https://cmsweb.cern.ch/S3/crabcache_prod', 'fnenna', '/DC=ch/DC=cern/OU=Organic Units/OU=Users/CN=fnenna/CN=868185/CN=Felice Nenna', 'cms', 'None', 'None', '140X_mcPhase2_DsTau3Mu_newMINIAOD_ANA_2-00000000000000000000000000000000', 'F', 'T2_IT_Bari', 'https://cmsweb.cern.ch/dbs/prod/phys03/DBSReader', 'https://cmsweb.cern.ch/dbs/prod/phys03/DBSWriter', 'T', '[]', "['TreeMC_Gen_level.root']", '[]', 'Analysis', 'pythia', 'None', '{}', 'T', 'crab-prod-tw01', '[]', '1250', '1', '2000', '10', "['/FakeDataset/fakefile-FakePublish-2c5a163674eff5088c3807202e4ba3c3/USER']", '[]', 'http://vocms0120.cern.ch/mon/fnenna/250216_200431:fnenna_crab_140X_mcPhase2_DsTau3Mu_newMINIAOD_ANA_2', 'None', '[]', '[]', 'cmsgwms-collector-global.cern.ch:9620,cmsgwms-collector-global.fnal.gov:9620', 'crab3@vocms0120.cern.ch', 'F', '[]', 'T', '/store/user/fnenna/', 'F', 'None', 'F', 'None', 'DsTau3Mu_pythia8_Phase2_14TeV_PU200', 'None', 'c84b022feaae4fe77f10e984b26a811d9426bc24e9863fc0831a90c14b71c063.tar.gz', '117945580', 'T', '188.185.89.194', '0.0', 'None', '{"partialdataset": false, "requireaccelerator": false, "acceleratorparams": null, "inputblocks": null}', 'None', 'None', 'None', 'None', 'None']}
INFO 2025-02-16 20:50:43.129 UTC: 	 CRAB project directory:		/lustrehome/felicenenna/tau3mu/CMSSW_14_0_17/src/GenAnalyser/GenAnalyzer/CrabSubmission/crab_projects/crab_140X_mcPhase2_DsTau3Mu_newMINIAOD_ANA_2
INFO 2025-02-16 20:50:43.129 UTC: 	 Task name:			250216_200431:fnenna_crab_140X_mcPhase2_DsTau3Mu_newMINIAOD_ANA_2
INFO 2025-02-16 20:50:43.129 UTC: 	 Grid scheduler - Task Worker:	crab3@vocms0120.cern.ch - crab-prod-tw01
INFO 2025-02-16 20:50:43.129 UTC: 	 Status on the CRAB server:	SUBMITTED
INFO 2025-02-16 20:50:43.129 UTC: 	 Task URL to use for HELP:	https://cmsweb.cern.ch/crabserver/ui/task/250216_200431%3Afnenna_crab_140X_mcPhase2_DsTau3Mu_newMINIAOD_ANA_2
INFO 2025-02-16 20:50:43.141 UTC: 	 Dashboard monitoring URL:	https://monit-grafana.cern.ch/d/cmsTMDetail/cms-task-monitoring-task-view?orgId=11&var-user=fnenna&var-task=250216_200431%3Afnenna_crab_140X_mcPhase2_DsTau3Mu_newMINIAOD_ANA_2&from=1739732671000&to=now
DEBUG 2025-02-16 20:50:43.141 UTC: 	 The CRAB server submitted your task to the Grid scheduler (cluster ID: 117945580)
DEBUG 2025-02-16 20:50:43.141 UTC: 	 Webdir is located at http://vocms0120.cern.ch/mon/fnenna/250216_200431:fnenna_crab_140X_mcPhase2_DsTau3Mu_newMINIAOD_ANA_2
DEBUG 2025-02-16 20:50:43.141 UTC: 	 Encoded data for curl request: subresource=webdirprx&workflow=250216_200431%3Afnenna_crab_140X_mcPhase2_DsTau3Mu_newMINIAOD_ANA_2
DEBUG 2025-02-16 20:50:43.532 UTC: 	 Proxied webdir is located at https://cmsweb.cern.ch:8443/scheddmon/0120/fnenna/250216_200431:fnenna_crab_140X_mcPhase2_DsTau3Mu_newMINIAOD_ANA_2
DEBUG 2025-02-16 20:50:43.533 UTC: 	 Retrieving 'status_cache' file from https://cmsweb.cern.ch:8443/scheddmon/0120/fnenna/250216_200431:fnenna_crab_140X_mcPhase2_DsTau3Mu_newMINIAOD_ANA_2/status_cache.pkl
DEBUG 2025-02-16 20:50:43.533 UTC: 	 Will execute:
curl -sS --capath /etc/grid-security/certificates --cert /tmp/x509up_u881416 --key /tmp/x509up_u881416 -o /tmp/crab_status-cache-t4k6rhkm.pkl -w %"{http_code}" "https://cmsweb.cern.ch:8443/scheddmon/0120/fnenna/250216_200431:fnenna_crab_140X_mcPhase2_DsTau3Mu_newMINIAOD_ANA_2/status_cache.pkl"
DEBUG 2025-02-16 20:50:43.533 UTC: 	 Executing command :
 curl -sS --capath /etc/grid-security/certificates --cert /tmp/x509up_u881416 --key /tmp/x509up_u881416 -o /tmp/crab_status-cache-t4k6rhkm.pkl -w %"{http_code}" "https://cmsweb.cern.ch:8443/scheddmon/0120/fnenna/250216_200431:fnenna_crab_140X_mcPhase2_DsTau3Mu_newMINIAOD_ANA_2/status_cache.pkl"
DEBUG 2025-02-16 20:50:43.671 UTC: 	 output : 200
 error: 
 retcode : 0
DEBUG 2025-02-16 20:50:43.671 UTC: 	 exitcode: 0
stdout: 200
stderr: 
error details: 
DEBUG 2025-02-16 20:50:43.671 UTC: 	 Got information from status cache file: {'3': {'Retries': 0, 'Restarts': 0, 'SiteHistory': ['Unknown', 'T2_IT_Bari', 'T2_IT_Bari'], 'ResidentSetSize': [1089276], 'SubmitTimes': [1739736381.0], 'StartTimes': [1739736567.0], 'EndTimes': [1739737322.0], 'TotalUserCpuTimeHistory': [110], 'TotalSysCpuTimeHistory': [24], 'WallDurations': [8.0, 176.23239588737488, 755.0], 'JobIds': ['117945582.0'], 'State': 'finished', 'RecordedSite': True}, '7': {'Retries': 0, 'Restarts': 0, 'SiteHistory': ['Unknown', 'T2_IT_Bari', 'T2_IT_Bari'], 'ResidentSetSize': [1087192], 'SubmitTimes': [1739736381.0], 'StartTimes': [1739736567.0], 'EndTimes': [1739737427.0], 'TotalUserCpuTimeHistory': [135], 'TotalSysCpuTimeHistory': [30], 'WallDurations': [8.0, 176.23239588737488, 860.0], 'JobIds': ['117945583.0'], 'State': 'finished', 'RecordedSite': True}, '6': {'Retries': 0, 'Restarts': 0, 'SiteHistory': ['Unknown', 'T2_IT_Bari', 'T2_IT_Bari'], 'ResidentSetSize': [1087520], 'SubmitTimes': [1739736381.0], 'StartTimes': [1739736566.0], 'EndTimes': [1739737328.0], 'TotalUserCpuTimeHistory': [94], 'TotalSysCpuTimeHistory': [22], 'WallDurations': [9.0, 177.23239588737488, 762.0], 'JobIds': ['117945584.0'], 'State': 'finished', 'RecordedSite': True}, '9': {'Retries': 0, 'Restarts': 0, 'SiteHistory': ['Unknown', 'T2_IT_Bari', 'T2_IT_Bari'], 'ResidentSetSize': [1084868], 'SubmitTimes': [1739736381.0], 'StartTimes': [1739736566.0], 'EndTimes': [1739737289.0], 'TotalUserCpuTimeHistory': [74], 'TotalSysCpuTimeHistory': [17], 'WallDurations': [9.0, 177.23239588737488, 723.0], 'JobIds': ['117945585.0'], 'State': 'finished', 'RecordedSite': True}, '5': {'Retries': 0, 'Restarts': 0, 'SiteHistory': ['Unknown', 'T2_IT_Bari', 'T2_IT_Bari'], 'ResidentSetSize': [1090448], 'SubmitTimes': [1739736381.0], 'StartTimes': [1739736567.0], 'EndTimes': [1739737317.0], 'TotalUserCpuTimeHistory': [96], 'TotalSysCpuTimeHistory': [22], 'WallDurations': [9.0, 176.23239588737488, 750.0], 'JobIds': ['117945586.0'], 'State': 'finished', 'RecordedSite': True}, '1': {'Retries': 0, 'Restarts': 0, 'SiteHistory': ['Unknown', 'T2_IT_Bari', 'T2_IT_Bari'], 'ResidentSetSize': [1093456], 'SubmitTimes': [1739736381.0], 'StartTimes': [1739736567.0], 'EndTimes': [1739737276.0], 'TotalUserCpuTimeHistory': [79], 'TotalSysCpuTimeHistory': [18], 'WallDurations': [9.0, 176.23239588737488, 709.0], 'JobIds': ['117945587.0'], 'State': 'finished', 'RecordedSite': True}, '4': {'Retries': 0, 'Restarts': 0, 'SiteHistory': ['Unknown', 'T2_IT_Bari', 'T2_IT_Bari'], 'ResidentSetSize': [1061008], 'SubmitTimes': [1739736381.0], 'StartTimes': [1739736567.0], 'EndTimes': [1739737335.0], 'TotalUserCpuTimeHistory': [116], 'TotalSysCpuTimeHistory': [24], 'WallDurations': [9.0, 176.23239588737488, 768.0], 'JobIds': ['117945588.0'], 'State': 'finished', 'RecordedSite': True}, '8': {'Retries': 0, 'Restarts': 0, 'SiteHistory': ['Unknown', 'T2_IT_Bari', 'T2_IT_Bari'], 'ResidentSetSize': [1080780], 'SubmitTimes': [1739736381.0], 'StartTimes': [1739736567.0], 'EndTimes': [1739737368.0], 'TotalUserCpuTimeHistory': [127], 'TotalSysCpuTimeHistory': [28], 'WallDurations': [8.0, 176.23239588737488, 801.0], 'JobIds': ['117945589.0'], 'State': 'finished', 'RecordedSite': True}, '2': {'Retries': 0, 'Restarts': 0, 'SiteHistory': ['Unknown', 'T2_IT_Bari', 'T2_IT_Bari'], 'ResidentSetSize': [1081556], 'SubmitTimes': [1739736381.0], 'StartTimes': [1739736568.0], 'EndTimes': [1739737423.0], 'TotalUserCpuTimeHistory': [135], 'TotalSysCpuTimeHistory': [30], 'WallDurations': [8.0, 175.23239588737488, 855.0], 'JobIds': ['117945590.0'], 'State': 'finished', 'RecordedSite': True}, '10': {'Retries': 0, 'Restarts': 0, 'SiteHistory': ['Unknown', 'T2_IT_Bari', 'T2_IT_Bari'], 'ResidentSetSize': [1048752], 'SubmitTimes': [1739736381.0], 'StartTimes': [1739736567.0], 'EndTimes': [1739736864.0], 'TotalUserCpuTimeHistory': [59], 'TotalSysCpuTimeHistory': [15], 'WallDurations': [8.0, 176.23239588737488, 297.0], 'JobIds': ['117945591.0'], 'State': 'finished', 'RecordedSite': True}}
INFO 2025-02-16 20:50:43.672 UTC: 	 Status on the scheduler:	COMPLETED
INFO 2025-02-16 20:50:43.672 UTC: 	 
Jobs status:                    finished     		100.0% (10/10)
DEBUG 2025-02-16 20:50:43.672 UTC: 	 Encoded data for curl request: subresource=publicationstatus&workflow=250216_200431%3Afnenna_crab_140X_mcPhase2_DsTau3Mu_newMINIAOD_ANA_2&username=fnenna
INFO 2025-02-16 20:50:43.813 UTC: 	 
Output dataset:			/FakeDataset/fakefile-FakePublish-2c5a163674eff5088c3807202e4ba3c3/USER
INFO 2025-02-16 20:50:43.813 UTC: 	 
No publication information available yet
INFO 2025-02-16 20:50:43.814 UTC: 	 
Warning: the max jobs runtime is less than 30% of the task requested value (1250 min), please consider to request a lower value for failed jobs (allowed through crab resubmit) and/or improve the jobs splitting (e.g. config.Data.splitting = 'Automatic') in a new task.
INFO 2025-02-16 20:50:43.814 UTC: 	 
Warning: the average jobs CPU efficiency is less than 50%, please consider to improve the jobs splitting (e.g. config.Data.splitting = 'Automatic') in a new task
INFO 2025-02-16 20:50:43.814 UTC: 	 
Summary of run jobs:
 * Memory: 1024MB min, 1067MB max, 1055MB ave
 * Runtime: 0:04:57 min, 0:14:20 max, 0:12:08 ave
 * CPU eff: 13% min, 25% max, 17% ave
 * Waste: 0:30:48 (20% of total)

INFO 2025-02-16 20:50:43.820 UTC: 	 Log file is /lustrehome/felicenenna/tau3mu/CMSSW_14_0_17/src/GenAnalyser/GenAnalyzer/CrabSubmission/crab_projects/crab_140X_mcPhase2_DsTau3Mu_newMINIAOD_ANA_2/crab.log
