DEBUG 2025-06-05 07:01:58.767 UTC: 	 CRAB Client version: v3.250409
DEBUG 2025-06-05 07:01:58.768 UTC: 	 Running on: Linux ui02.recas.ba.infn.it 3.10.0-1160.80.1.el7.x86_64 #1 SMP Tue Nov 8 15:48:59 UTC 2022 x86_64 x86_64 x86_64 GNU/Linux
DEBUG 2025-06-05 07:01:58.768 UTC: 	 Not using Singularity
DEBUG 2025-06-05 07:01:58.768 UTC: 	 Operating System: CentOS Linux 7 (Core)
DEBUG 2025-06-05 07:01:58.768 UTC: 	 Executing command: 'submit'
DEBUG 2025-06-05 07:01:58.768 UTC: 	 Found CRAB cache file /lustrehome/felicenenna/.crab3
INFO 2025-06-05 07:01:58.769 UTC: 	 Will use CRAB configuration file crab_Ana_NuGunE10_MINIAOD_Phase2_cfg.py
DEBUG 2025-06-05 07:01:58.769 UTC: 	 Loading CRAB configuration file.
DEBUG 2025-06-05 07:01:58.770 UTC: 	 Will use CRAB plugin ANALYSIS (i.e. will run an analysis job type).
DEBUG 2025-06-05 07:01:58.773 UTC: 	 Checking credentials
DEBUG 2025-06-05 07:01:58.773 UTC: 	 Found proxy file /tmp/x509up_u881416
DEBUG 2025-06-05 07:01:58.773 UTC: 	 Making sure it has proper VOMS extension
DEBUG 2025-06-05 07:01:58.773 UTC: 	 Executing command :
 voms-proxy-info --vo --file /tmp/x509up_u881416
DEBUG 2025-06-05 07:01:59.623 UTC: 	 output : cms

 error: 
 retcode : 0
DEBUG 2025-06-05 07:01:59.623 UTC: 	 Getting proxy life time left
DEBUG 2025-06-05 07:01:59.623 UTC: 	 Executing command :
 voms-proxy-info --actimeleft --timeleft --file /tmp/x509up_u881416
DEBUG 2025-06-05 07:02:00.480 UTC: 	 output : 632203
632203

 error: 
 retcode : 0
DEBUG 2025-06-05 07:02:00.480 UTC: 	 Proxy valid for 175:36:43 hours
DEBUG 2025-06-05 07:02:00.480 UTC: 	 Encoded data for curl request: subresource=delegatedn
DEBUG 2025-06-05 07:02:00.698 UTC: 	 Registering user credentials on myproxy for /DC=ch/DC=cern/OU=computers/CN=crab-(preprod|prod)-tw(01|02).cern.ch|/DC=ch/DC=cern/OU=computers/CN=crab-dev-tw(01|02|03|04).cern.ch|/DC=ch/DC=cern/OU=Organic Units/OU=Users/CN=cmscrab/CN=(817881|373708)/CN=Robot: cms crab|/DC=ch/DC=cern/OU=Organic Units/OU=Users/CN=crabint1/CN=373708/CN=Robot: CMS CRAB Integration 1
DEBUG 2025-06-05 07:02:00.699 UTC: 	 Executing command :
 voms-proxy-info --identity --file /tmp/x509up_u881416
DEBUG 2025-06-05 07:02:01.571 UTC: 	 output : /DC=ch/DC=cern/OU=Organic Units/OU=Users/CN=fnenna/CN=868185/CN=Felice Nenna

 error: 
 retcode : 0
DEBUG 2025-06-05 07:02:01.571 UTC: 	 Getting myproxy life time left for a133b326f2e83ec4c6fd8cd18786edfdbb69b415
DEBUG 2025-06-05 07:02:01.571 UTC: 	 Executing command :
 myproxy-info -s myproxy.cern.ch -l a133b326f2e83ec4c6fd8cd18786edfdbb69b415
DEBUG 2025-06-05 07:02:02.000 UTC: 	 output : username: a133b326f2e83ec4c6fd8cd18786edfdbb69b415
owner: /DC=ch/DC=cern/OU=Organic Units/OU=Users/CN=fnenna/CN=868185/CN=Felice Nenna
  renewal policy: /DC=ch/DC=cern/OU=computers/CN=crab-(preprod|prod)-tw(01|02).cern.ch|/DC=ch/DC=cern/OU=computers/CN=crab-dev-tw(01|02|03|04).cern.ch|/DC=ch/DC=cern/OU=Organic Units/OU=Users/CN=cmscrab/CN=(817881|373708)/CN=Robot: cms crab|/DC=ch/DC=cern/OU=Organic Units/OU=Users/CN=crabint1/CN=373708/CN=Robot: CMS CRAB Integration 1
  trusted retrieval policy: /DC=ch/DC=cern/OU=computers/CN=crab-(preprod|prod)-tw(01|02).cern.ch|/DC=ch/DC=cern/OU=computers/CN=crab-dev-tw(01|02|03|04).cern.ch|/DC=ch/DC=cern/OU=Organic Units/OU=Users/CN=cmscrab/CN=(817881|373708)/CN=Robot: cms crab|/DC=ch/DC=cern/OU=Organic Units/OU=Users/CN=crabint1/CN=373708/CN=Robot: CMS CRAB Integration 1
  timeleft: 630:23:08  (26.3 days)

 error: 
 retcode : 0
DEBUG 2025-06-05 07:02:02.001 UTC: 	 Myproxy is valid: 2269380
DEBUG 2025-06-05 07:02:02.001 UTC: 	 Result of myproxy credential check:
  Credential exists on myproxy: username: a133b326f2e83ec4c6fd8cd18786edfdbb69b415  - validity: 26 days, 6:23:00
DEBUG 2025-06-05 07:02:02.001 UTC: 	 Command use: submit
DEBUG 2025-06-05 07:02:02.001 UTC: 	 Options use: ['-c', 'crab_Ana_NuGunE10_MINIAOD_Phase2_cfg.py']
DEBUG 2025-06-05 07:02:02.001 UTC: 	 Encoded data for curl request: subresource=version
DEBUG 2025-06-05 07:02:02.241 UTC: 	 CRABClient version: v3.250409
DEBUG 2025-06-05 07:02:02.241 UTC: 	 Instance is prod
DEBUG 2025-06-05 07:02:02.241 UTC: 	 Server base url is cmsweb.cern.ch
DEBUG 2025-06-05 07:02:02.242 UTC: 	 Command api workflow
DEBUG 2025-06-05 07:02:02.242 UTC: 	 Started submission
DEBUG 2025-06-05 07:02:02.242 UTC: 	 Working on /lustrehome/felicenenna/tau3mu/CMSSW_14_0_17/src/GenAnalyser/GenAnalyzer/CrabSubmission/crab_projects/crab_140X_mcPhase2_NuGunPU200_MiniaodAna_PU50_v2
DEBUG 2025-06-05 07:02:02.242 UTC: 	 Encoded data for curl request: subresource=backendurls
DEBUG 2025-06-05 07:02:02.427 UTC: 	 Loading required information from the environment
DEBUG 2025-06-05 07:02:02.427 UTC: 	 Found CMSSW_14_0_17 for slc7_amd64_gcc12 with base /lustrehome/felicenenna/tau3mu/CMSSW_14_0_17
DEBUG 2025-06-05 07:02:02.428 UTC: 	 Loading required information from the environment
DEBUG 2025-06-05 07:02:02.428 UTC: 	 Found CMSSW_14_0_17 for slc7_amd64_gcc12 with base /lustrehome/felicenenna/tau3mu/CMSSW_14_0_17
DEBUG 2025-06-05 07:02:02.428 UTC: 	 UNIQUE NAME: tarUUID 94c97f61-92ac-4447-b80c-bd7953fe911a 
DEBUG 2025-06-05 07:02:02.428 UTC: 	 self.config: from WMCore.Configuration import Configuration
config = Configuration()
config.section_('General')
config.General.workArea = 'crab_projects'
config.General.transferOutputs = True
config.General.requestName = '140X_mcPhase2_NuGunPU200_MiniaodAna_PU50_v2'
config.General.transferLogs = True
config.section_('JobType')
config.JobType.psetName = '/lustrehome/felicenenna/tau3mu/CMSSW_14_0_17/src/GenAnalyser/GenAnalyzer/python/genAnalyser_cff.py'
config.JobType.allowUndistributedCMSSW = True
config.JobType.pluginName = 'Analysis'
config.section_('Data')
config.Data.outputDatasetTag = '140X_mcPhase2_NuGunPU200_MiniaodAna_PU50_v2'
config.Data.splitting = 'FileBased'
config.Data.inputDataset = '/NuGunE10_Phase2_PUstudies/fnenna-140X_mcPhase2_14TeV_NuGun_MINIAOD_50_v2-ece9576153624786c5b578bc33ac1c32/USER'
config.Data.unitsPerJob = 5
config.Data.publication = True
config.Data.inputDBS = 'phys03'
config.section_('Site')
config.Site.ignoreGlobalBlacklist = True
config.Site.storageSite = 'T2_IT_Bari'
config.section_('User')
config.section_('Debug')

DEBUG 2025-06-05 07:02:02.428 UTC: 	 self.config.JobType.psetName: /lustrehome/felicenenna/tau3mu/CMSSW_14_0_17/src/GenAnalyser/GenAnalyzer/python/genAnalyser_cff.py
INFO 2025-06-05 07:02:02.428 UTC: 	 Importing CMSSW configuration /lustrehome/felicenenna/tau3mu/CMSSW_14_0_17/src/GenAnalyser/GenAnalyzer/python/genAnalyser_cff.py
INFO 2025-06-05 07:02:04.643 UTC: 	 Finished importing CMSSW configuration /lustrehome/felicenenna/tau3mu/CMSSW_14_0_17/src/GenAnalyser/GenAnalyzer/python/genAnalyser_cff.py
DEBUG 2025-06-05 07:02:04.643 UTC: 	 Writing CMSSW configuration to /lustrehome/felicenenna/tau3mu/CMSSW_14_0_17/src/GenAnalyser/GenAnalyzer/CrabSubmission/crab_projects/crab_140X_mcPhase2_NuGunPU200_MiniaodAna_PU50_v2/inputs/PSet.py
DEBUG 2025-06-05 07:02:04.732 UTC: 	 The following EDM output files will be collected: []
DEBUG 2025-06-05 07:02:04.732 UTC: 	 The following TFile output files will be collected: ['TreeMC_GEMsegmPU50.root']
DEBUG 2025-06-05 07:02:04.732 UTC: 	 The following user output files (not listed as PoolOuputModule or TFileService in the CMSSW PSet) will be collected: 
DEBUG 2025-06-05 07:02:04.732 UTC: 	 Loading required information from the environment
DEBUG 2025-06-05 07:02:04.732 UTC: 	 Found CMSSW_14_0_17 for slc7_amd64_gcc12 with base /lustrehome/felicenenna/tau3mu/CMSSW_14_0_17
DEBUG 2025-06-05 07:02:04.732 UTC: 	 Making tarball in /lustrehome/felicenenna/tau3mu/CMSSW_14_0_17/src/GenAnalyser/GenAnalyzer/CrabSubmission/crab_projects/crab_140X_mcPhase2_NuGunPU200_MiniaodAna_PU50_v2/inputs/94c97f61-92ac-4447-b80c-bd7953fe911adefault.tgz
DEBUG 2025-06-05 07:02:04.733 UTC: 	 Checking directory /lustrehome/felicenenna/tau3mu/CMSSW_14_0_17/bin
DEBUG 2025-06-05 07:02:04.733 UTC: 	 Adding directory /lustrehome/felicenenna/tau3mu/CMSSW_14_0_17/bin to tarball
DEBUG 2025-06-05 07:02:04.761 UTC: 	 Checking directory /lustrehome/felicenenna/tau3mu/CMSSW_14_0_17/python
DEBUG 2025-06-05 07:02:04.761 UTC: 	 Adding directory /lustrehome/felicenenna/tau3mu/CMSSW_14_0_17/python to tarball
DEBUG 2025-06-05 07:02:05.291 UTC: 	 Checking directory /lustrehome/felicenenna/tau3mu/CMSSW_14_0_17/cfipython
DEBUG 2025-06-05 07:02:05.291 UTC: 	 Adding directory /lustrehome/felicenenna/tau3mu/CMSSW_14_0_17/cfipython to tarball
DEBUG 2025-06-05 07:02:05.391 UTC: 	 Checking directory /lustrehome/felicenenna/tau3mu/CMSSW_14_0_17/lib
DEBUG 2025-06-05 07:02:05.391 UTC: 	 Adding directory /lustrehome/felicenenna/tau3mu/CMSSW_14_0_17/lib to tarball
DEBUG 2025-06-05 07:02:07.007 UTC: 	 Checking directory /lustrehome/felicenenna/tau3mu/CMSSW_14_0_17/biglib
DEBUG 2025-06-05 07:02:07.007 UTC: 	 Adding directory /lustrehome/felicenenna/tau3mu/CMSSW_14_0_17/biglib to tarball
DEBUG 2025-06-05 07:02:07.008 UTC: 	 Checking directory /lustrehome/felicenenna/tau3mu/CMSSW_14_0_17/module
DEBUG 2025-06-05 07:02:07.008 UTC: 	 Checking directory /lustrehome/felicenenna/tau3mu/CMSSW_14_0_17/config/SCRAM/hooks
DEBUG 2025-06-05 07:02:07.008 UTC: 	 Adding directory /lustrehome/felicenenna/tau3mu/CMSSW_14_0_17/config/SCRAM/hooks to tarball
DEBUG 2025-06-05 07:02:07.082 UTC: 	 Adding directory /lustrehome/felicenenna/tau3mu/CMSSW_14_0_17/src/GenAnalyser/GenAnalyzer/python to tarball
DEBUG 2025-06-05 07:02:07.515 UTC: 	 Adding directory /lustrehome/felicenenna/tau3mu/CMSSW_14_0_17/src/MC_generation/DsTau3Mu/python to tarball
DEBUG 2025-06-05 07:02:07.948 UTC: 	 Adding directory /lustrehome/felicenenna/tau3mu/CMSSW_14_0_17/src/MC_generation/TenMuonGun/python to tarball
DEBUG 2025-06-05 07:02:08.510 UTC: 	 Adding directory /lustrehome/felicenenna/tau3mu/CMSSW_14_0_17/src/Plugins/MiniAnaTau3Mu/python to tarball
DEBUG 2025-06-05 07:02:08.555 UTC: 	 Adding directory /lustrehome/felicenenna/tau3mu/CMSSW_14_0_17/src/Plugins/TrackFromCandProducer/python to tarball
DEBUG 2025-06-05 07:02:08.558 UTC: 	 Adding directory /lustrehome/felicenenna/tau3mu/CMSSW_14_0_17/src/Plugins/RecoMuonAnalyzer/python to tarball
DEBUG 2025-06-05 07:02:08.573 UTC: 	 Adding directory /lustrehome/felicenenna/tau3mu/CMSSW_14_0_17/src/Plugins/SimpleEventCounter/python to tarball
DEBUG 2025-06-05 07:02:08.591 UTC: 	 Adding directory /lustrehome/felicenenna/tau3mu/CMSSW_14_0_17/src/Plugins/PFCandFilter/python to tarball
DEBUG 2025-06-05 07:02:08.593 UTC: 	 Adding directory /lustrehome/felicenenna/tau3mu/CMSSW_14_0_17/src/PhysicsTools/PatAlgos/interface to tarball
DEBUG 2025-06-05 07:02:08.674 UTC: 	 Adding directory /lustrehome/felicenenna/tau3mu/CMSSW_14_0_17/src/PhysicsTools/PatAlgos/python to tarball
DEBUG 2025-06-05 07:02:10.029 UTC: 	 Adding directory /lustrehome/felicenenna/tau3mu/CMSSW_14_0_17/src/EventFilter/GEMRawToDigi/interface to tarball
DEBUG 2025-06-05 07:02:10.031 UTC: 	 Adding directory /lustrehome/felicenenna/tau3mu/CMSSW_14_0_17/src/EventFilter/GEMRawToDigi/python to tarball
DEBUG 2025-06-05 07:02:10.214 UTC: 	 Adding directory /lustrehome/felicenenna/tau3mu/CMSSW_14_0_17/src/PU_analysis/python to tarball
DEBUG 2025-06-05 07:02:10.256 UTC: 	 Adding directory /lustrehome/felicenenna/tau3mu/CMSSW_14_0_17/src/SkimTools/SkimTau3Mu/python to tarball
DEBUG 2025-06-05 07:02:10.321 UTC: 	 Adding directory /lustrehome/felicenenna/tau3mu/CMSSW_14_0_17/src/SkimTools/SkimPhiPi/python to tarball
DEBUG 2025-06-05 07:02:10.347 UTC: 	 Adding directory /lustrehome/felicenenna/tau3mu/CMSSW_14_0_17/src/SkimTools/SkimPhiMuNu/python to tarball
DEBUG 2025-06-05 07:02:10.560 UTC: 	 Uploading archive /lustrehome/felicenenna/tau3mu/CMSSW_14_0_17/src/GenAnalyser/GenAnalyzer/CrabSubmission/crab_projects/crab_140X_mcPhase2_NuGunPU200_MiniaodAna_PU50_v2/inputs/94c97f61-92ac-4447-b80c-bd7953fe911adefault.tgz (3.694336.1 MB) to the CRAB cache. Using URI https://cmsweb.cern.ch/S3/crabcache_prod
DEBUG 2025-06-05 07:02:12.439 UTC: 	 Encoded data for curl request: subresource=upload&objecttype=sandbox&tarballname=8827204723e19b61f74202839ecae2837d860a690d68b0cb9428213d3b5138a8.tar.gz
DEBUG 2025-06-05 07:02:12.649 UTC: 	 sandbox 8827204723e19b61f74202839ecae2837d860a690d68b0cb9428213d3b5138a8.tar.gz is already in the S3 store, will not upload again
DEBUG 2025-06-05 07:02:12.650 UTC: 	 Loading required information from the environment
DEBUG 2025-06-05 07:02:12.650 UTC: 	 Found CMSSW_14_0_17 for slc7_amd64_gcc12 with base /lustrehome/felicenenna/tau3mu/CMSSW_14_0_17
DEBUG 2025-06-05 07:02:12.650 UTC: 	 Making tarball in /lustrehome/felicenenna/tau3mu/CMSSW_14_0_17/src/GenAnalyser/GenAnalyzer/CrabSubmission/crab_projects/crab_140X_mcPhase2_NuGunPU200_MiniaodAna_PU50_v2/inputs/debugFiles.tgz
DEBUG 2025-06-05 07:02:12.655 UTC: 	 Uploading archive /lustrehome/felicenenna/tau3mu/CMSSW_14_0_17/src/GenAnalyser/GenAnalyzer/CrabSubmission/crab_projects/crab_140X_mcPhase2_NuGunPU200_MiniaodAna_PU50_v2/inputs/debugFiles.tgz (2 KB) to the CRAB cache. Using URI https://cmsweb.cern.ch/S3/crabcache_prod
DEBUG 2025-06-05 07:02:12.657 UTC: 	 Encoded data for curl request: subresource=upload&objecttype=sandbox&tarballname=6674cc0931cad9054ed45dca5f52d15b2e00f45f32a69e5576c05ad83af92ee5.tar.gz
DEBUG 2025-06-05 07:02:12.855 UTC: 	 Will execute:
curl -f -v -X POST  -H "User-Agent: CRAB" -F "key=fnenna/sandboxes/6674cc0931cad9054ed45dca5f52d15b2e00f45f32a69e5576c05ad83af92ee5.tar.gz" -F "AWSAccessKeyId=715203df6482458ba839e73e6dab634b" -F "policy=eyJleHBpcmF0aW9uIjogIjIwMjUtMDYtMDVUMDg6MDI6MTJaIiwgImNvbmRpdGlvbnMiOiBbeyJidWNrZXQiOiAiY3JhYmNhY2hlX3Byb2QifSwgeyJrZXkiOiAiZm5lbm5hL3NhbmRib3hlcy82Njc0Y2MwOTMxY2FkOTA1NGVkNDVkY2E1ZjUyZDE1YjJlMDBmNDVmMzJhNjllNTU3NmMwNWFkODNhZjkyZWU1LnRhci5neiJ9XX0=" -F "signature=9JXzlf57sxmwM6CXMRopzpuqqHY=" -F "file=@/lustrehome/felicenenna/tau3mu/CMSSW_14_0_17/src/GenAnalyser/GenAnalyzer/CrabSubmission/crab_projects/crab_140X_mcPhase2_NuGunPU200_MiniaodAna_PU50_v2/inputs/debugFiles.tgz" "https://s3.cern.ch/crabcache_prod"
DEBUG 2025-06-05 07:02:13.101 UTC: 	 exitcode: 0
stdout: b''
DEBUG 2025-06-05 07:02:13.101 UTC: 	 upload to S3 of sandbox /lustrehome/felicenenna/tau3mu/CMSSW_14_0_17/src/GenAnalyser/GenAnalyzer/CrabSubmission/crab_projects/crab_140X_mcPhase2_NuGunPU200_MiniaodAna_PU50_v2/inputs/debugFiles.tgz completed
DEBUG 2025-06-05 07:02:13.101 UTC: 	 make sure that object is ready for retrieve
DEBUG 2025-06-05 07:02:14.103 UTC: 	 Encoded data for curl request: subresource=download&objecttype=sandbox&tarballname=6674cc0931cad9054ed45dca5f52d15b2e00f45f32a69e5576c05ad83af92ee5.tar.gz&clientmethod=head_object
DEBUG 2025-06-05 07:02:14.573 UTC: 	 PreSignedUrl to download sandbox received OK
DEBUG 2025-06-05 07:02:14.577 UTC: 	 Will execute:
 curl -v -s -f -o /dev/null --head  "https://s3.cern.ch/crabcache_prod/fnenna/sandboxes/6674cc0931cad9054ed45dca5f52d15b2e00f45f32a69e5576c05ad83af92ee5.tar.gz?AWSAccessKeyId=715203df6482458ba839e73e6dab634b&Signature=BtDGemx0Zkdy%2BdgsPcVwcoeiaTM%3D&Expires=1749110534"
DEBUG 2025-06-05 07:02:14.701 UTC: 	 exitcode: 0
stdout: b''
DEBUG 2025-06-05 07:02:14.701 UTC: 	 sandbox /lustrehome/felicenenna/tau3mu/CMSSW_14_0_17/src/GenAnalyser/GenAnalyzer/CrabSubmission/crab_projects/crab_140X_mcPhase2_NuGunPU200_MiniaodAna_PU50_v2/inputs/debugFiles.tgz successfully uploaded to S3
DEBUG 2025-06-05 07:02:14.701 UTC: 	 Result uploading input files: 8827204723e19b61f74202839ecae2837d860a690d68b0cb9428213d3b5138a8.tar.gz 
WARNING 2025-06-05 07:02:14.702 UTC: 	 Warning: The following output files will not be published, as they are not EDM files: ['TreeMC_GEMsegmPU50.root']
DEBUG 2025-06-05 07:02:14.702 UTC: 	 submit() - self.configuration from WMCore.Configuration import Configuration
config = Configuration()
config.section_('General')
config.General.workArea = 'crab_projects'
config.General.transferOutputs = True
config.General.requestName = '140X_mcPhase2_NuGunPU200_MiniaodAna_PU50_v2'
config.General.transferLogs = True
config.section_('JobType')
config.JobType.psetName = '/lustrehome/felicenenna/tau3mu/CMSSW_14_0_17/src/GenAnalyser/GenAnalyzer/python/genAnalyser_cff.py'
config.JobType.allowUndistributedCMSSW = True
config.JobType.pluginName = 'Analysis'
config.section_('Data')
config.Data.outputDatasetTag = '140X_mcPhase2_NuGunPU200_MiniaodAna_PU50_v2'
config.Data.splitting = 'FileBased'
config.Data.inputDataset = '/NuGunE10_Phase2_PUstudies/fnenna-140X_mcPhase2_14TeV_NuGun_MINIAOD_50_v2-ece9576153624786c5b578bc33ac1c32/USER'
config.Data.unitsPerJob = 5
config.Data.publication = True
config.Data.inputDBS = 'phys03'
config.section_('Site')
config.Site.ignoreGlobalBlacklist = True
config.Site.storageSite = 'T2_IT_Bari'
config.section_('User')
config.section_('Debug')

DEBUG 2025-06-05 07:02:14.702 UTC: 	 submit() - self.configreq {'dryrun': 0, 'workflow': 'crab_140X_mcPhase2_NuGunPU200_MiniaodAna_PU50_v2', 'saveoutput': 1, 'savelogsflag': 1, 'inputdata': '/NuGunE10_Phase2_PUstudies/fnenna-140X_mcPhase2_14TeV_NuGun_MINIAOD_50_v2-ece9576153624786c5b578bc33ac1c32/USER', 'nonvaliddata': 0, 'userfiles': [], 'dbsurl': 'https://cmsweb.cern.ch/dbs/prod/phys03/DBSReader', 'useparent': 0, 'ignorelocality': 0, 'splitalgo': 'FileBased', 'algoargs': 5, 'totalunits': 0, 'publication': 1, 'publishdbsurl': 'https://cmsweb.cern.ch/dbs/prod/phys03/DBSWriter', 'publishname2': '140X_mcPhase2_NuGunPU200_MiniaodAna_PU50_v2', 'jobtype': 'Analysis', 'generator': 'pythia', 'addoutputfiles': [], 'maxjobruntime': 1250, 'numcores': 1, 'maxmemory': 2000, 'priority': 10, 'nonprodsw': 1, 'asyncdest': 'T2_IT_Bari', 'requireaccelerator': 0, 'oneEventMode': 0, 'extrajdl': [], 'ignoreglobalblacklist': 1, 'partialdataset': 0, 'inputblocks': []}
DEBUG 2025-06-05 07:02:14.702 UTC: 	 submit() - jobconfig {'addoutputfiles': [], 'tfileoutfiles': ['TreeMC_GEMsegmPU50.root'], 'edmoutfiles': [], 'jobarch': 'slc7_amd64_gcc12', 'jobminuarch': 'any', 'jobsw': 'CMSSW_14_0_17', 'inputdata': '/NuGunE10_Phase2_PUstudies/fnenna-140X_mcPhase2_14TeV_NuGun_MINIAOD_50_v2-ece9576153624786c5b578bc33ac1c32/USER', 'cacheurl': 'https://cmsweb.cern.ch/S3/crabcache_prod', 'cachefilename': '8827204723e19b61f74202839ecae2837d860a690d68b0cb9428213d3b5138a8.tar.gz', 'debugfilename': '6674cc0931cad9054ed45dca5f52d15b2e00f45f32a69e5576c05ad83af92ee5.tar.gz', 'jobtype': 'Analysis'}
INFO 2025-06-05 07:02:14.702 UTC: 	 Sending the request to the server at cmsweb.cern.ch
DEBUG 2025-06-05 07:02:14.702 UTC: 	 Submitting {'dryrun': 0, 'workflow': 'crab_140X_mcPhase2_NuGunPU200_MiniaodAna_PU50_v2', 'saveoutput': 1, 'savelogsflag': 1, 'inputdata': '/NuGunE10_Phase2_PUstudies/fnenna-140X_mcPhase2_14TeV_NuGun_MINIAOD_50_v2-ece9576153624786c5b578bc33ac1c32/USER', 'nonvaliddata': 0, 'userfiles': [], 'dbsurl': 'https://cmsweb.cern.ch/dbs/prod/phys03/DBSReader', 'useparent': 0, 'ignorelocality': 0, 'splitalgo': 'FileBased', 'algoargs': 5, 'totalunits': 0, 'publication': 1, 'publishdbsurl': 'https://cmsweb.cern.ch/dbs/prod/phys03/DBSWriter', 'publishname2': '140X_mcPhase2_NuGunPU200_MiniaodAna_PU50_v2', 'jobtype': 'Analysis', 'generator': 'pythia', 'addoutputfiles': [], 'maxjobruntime': 1250, 'numcores': 1, 'maxmemory': 2000, 'priority': 10, 'nonprodsw': 1, 'asyncdest': 'T2_IT_Bari', 'requireaccelerator': 0, 'oneEventMode': 0, 'extrajdl': [], 'ignoreglobalblacklist': 1, 'partialdataset': 0, 'inputblocks': [], 'tfileoutfiles': ['TreeMC_GEMsegmPU50.root'], 'edmoutfiles': [], 'jobarch': 'slc7_amd64_gcc12', 'jobminuarch': 'any', 'jobsw': 'CMSSW_14_0_17', 'cacheurl': 'https://cmsweb.cern.ch/S3/crabcache_prod', 'cachefilename': '8827204723e19b61f74202839ecae2837d860a690d68b0cb9428213d3b5138a8.tar.gz', 'debugfilename': '6674cc0931cad9054ed45dca5f52d15b2e00f45f32a69e5576c05ad83af92ee5.tar.gz'} 
DEBUG 2025-06-05 07:02:14.703 UTC: 	 Encoded data for curl request: dryrun=0&workflow=crab_140X_mcPhase2_NuGunPU200_MiniaodAna_PU50_v2&saveoutput=1&savelogsflag=1&inputdata=%2FNuGunE10_Phase2_PUstudies%2Ffnenna-140X_mcPhase2_14TeV_NuGun_MINIAOD_50_v2-ece9576153624786c5b578bc33ac1c32%2FUSER&nonvaliddata=0&dbsurl=https%3A%2F%2Fcmsweb.cern.ch%2Fdbs%2Fprod%2Fphys03%2FDBSReader&useparent=0&ignorelocality=0&splitalgo=FileBased&algoargs=5&totalunits=0&publication=1&publishdbsurl=https%3A%2F%2Fcmsweb.cern.ch%2Fdbs%2Fprod%2Fphys03%2FDBSWriter&publishname2=140X_mcPhase2_NuGunPU200_MiniaodAna_PU50_v2&jobtype=Analysis&generator=pythia&maxjobruntime=1250&numcores=1&maxmemory=2000&priority=10&nonprodsw=1&asyncdest=T2_IT_Bari&requireaccelerator=0&oneEventMode=0&ignoreglobalblacklist=1&partialdataset=0&jobarch=slc7_amd64_gcc12&jobminuarch=any&jobsw=CMSSW_14_0_17&cacheurl=https%3A%2F%2Fcmsweb.cern.ch%2FS3%2Fcrabcache_prod&cachefilename=8827204723e19b61f74202839ecae2837d860a690d68b0cb9428213d3b5138a8.tar.gz&debugfilename=6674cc0931cad9054ed45dca5f52d15b2e00f45f32a69e5576c05ad83af92ee5.tar.gz&tfileoutfiles=TreeMC_GEMsegmPU50.root
DEBUG 2025-06-05 07:02:14.854 UTC: 	 Result: {'result': [{'RequestName': '250605_070214:fnenna_crab_140X_mcPhase2_NuGunPU200_MiniaodAna_PU50_v2'}]}
INFO 2025-06-05 07:02:14.855 UTC: 	 Success: Your task has been delivered to the prod CRAB3 server.
INFO 2025-06-05 07:02:14.855 UTC: 	 Task name: 250605_070214:fnenna_crab_140X_mcPhase2_NuGunPU200_MiniaodAna_PU50_v2
INFO 2025-06-05 07:02:14.855 UTC: 	 Project dir: crab_projects/crab_140X_mcPhase2_NuGunPU200_MiniaodAna_PU50_v2
INFO 2025-06-05 07:02:14.856 UTC: 	 Please use ' crab status -d crab_projects/crab_140X_mcPhase2_NuGunPU200_MiniaodAna_PU50_v2 ' to check how the submission process proceeds.
DEBUG 2025-06-05 07:02:14.856 UTC: 	 About to return
INFO 2025-06-05 07:02:14.861 UTC: 	 Log file is /lustrehome/felicenenna/tau3mu/CMSSW_14_0_17/src/GenAnalyser/GenAnalyzer/CrabSubmission/crab_projects/crab_140X_mcPhase2_NuGunPU200_MiniaodAna_PU50_v2/crab.log
DEBUG 2025-06-05 07:24:16.246 UTC: 	 CRAB Client version: v3.250409
DEBUG 2025-06-05 07:24:16.247 UTC: 	 Running on: Linux ui02.recas.ba.infn.it 3.10.0-1160.80.1.el7.x86_64 #1 SMP Tue Nov 8 15:48:59 UTC 2022 x86_64 x86_64 x86_64 GNU/Linux
DEBUG 2025-06-05 07:24:16.247 UTC: 	 Not using Singularity
DEBUG 2025-06-05 07:24:16.247 UTC: 	 Operating System: CentOS Linux 7 (Core)
DEBUG 2025-06-05 07:24:16.247 UTC: 	 Executing command: 'status'
DEBUG 2025-06-05 07:24:16.247 UTC: 	 Found CRAB cache file /lustrehome/felicenenna/.crab3
DEBUG 2025-06-05 07:24:16.254 UTC: 	 Checking credentials
DEBUG 2025-06-05 07:24:16.254 UTC: 	 Found proxy file /tmp/x509up_u881416
DEBUG 2025-06-05 07:24:16.254 UTC: 	 Making sure it has proper VOMS extension
DEBUG 2025-06-05 07:24:16.254 UTC: 	 Executing command :
 voms-proxy-info --vo --file /tmp/x509up_u881416
DEBUG 2025-06-05 07:24:17.111 UTC: 	 output : cms

 error: 
 retcode : 0
DEBUG 2025-06-05 07:24:17.112 UTC: 	 Getting proxy life time left
DEBUG 2025-06-05 07:24:17.112 UTC: 	 Executing command :
 voms-proxy-info --actimeleft --timeleft --file /tmp/x509up_u881416
DEBUG 2025-06-05 07:24:17.983 UTC: 	 output : 630866
630866

 error: 
 retcode : 0
DEBUG 2025-06-05 07:24:17.983 UTC: 	 Proxy valid for 175:14:26 hours
DEBUG 2025-06-05 07:24:17.984 UTC: 	 Encoded data for curl request: subresource=delegatedn
DEBUG 2025-06-05 07:24:18.132 UTC: 	 Registering user credentials on myproxy for /DC=ch/DC=cern/OU=computers/CN=crab-(preprod|prod)-tw(01|02).cern.ch|/DC=ch/DC=cern/OU=computers/CN=crab-dev-tw(01|02|03|04).cern.ch|/DC=ch/DC=cern/OU=Organic Units/OU=Users/CN=cmscrab/CN=(817881|373708)/CN=Robot: cms crab|/DC=ch/DC=cern/OU=Organic Units/OU=Users/CN=crabint1/CN=373708/CN=Robot: CMS CRAB Integration 1
DEBUG 2025-06-05 07:24:18.132 UTC: 	 Executing command :
 voms-proxy-info --identity --file /tmp/x509up_u881416
DEBUG 2025-06-05 07:24:18.991 UTC: 	 output : /DC=ch/DC=cern/OU=Organic Units/OU=Users/CN=fnenna/CN=868185/CN=Felice Nenna

 error: 
 retcode : 0
DEBUG 2025-06-05 07:24:18.991 UTC: 	 Getting myproxy life time left for a133b326f2e83ec4c6fd8cd18786edfdbb69b415
DEBUG 2025-06-05 07:24:18.991 UTC: 	 Executing command :
 myproxy-info -s myproxy.cern.ch -l a133b326f2e83ec4c6fd8cd18786edfdbb69b415
DEBUG 2025-06-05 07:24:19.428 UTC: 	 output : username: a133b326f2e83ec4c6fd8cd18786edfdbb69b415
owner: /DC=ch/DC=cern/OU=Organic Units/OU=Users/CN=fnenna/CN=868185/CN=Felice Nenna
  renewal policy: /DC=ch/DC=cern/OU=computers/CN=crab-(preprod|prod)-tw(01|02).cern.ch|/DC=ch/DC=cern/OU=computers/CN=crab-dev-tw(01|02|03|04).cern.ch|/DC=ch/DC=cern/OU=Organic Units/OU=Users/CN=cmscrab/CN=(817881|373708)/CN=Robot: cms crab|/DC=ch/DC=cern/OU=Organic Units/OU=Users/CN=crabint1/CN=373708/CN=Robot: CMS CRAB Integration 1
  trusted retrieval policy: /DC=ch/DC=cern/OU=computers/CN=crab-(preprod|prod)-tw(01|02).cern.ch|/DC=ch/DC=cern/OU=computers/CN=crab-dev-tw(01|02|03|04).cern.ch|/DC=ch/DC=cern/OU=Organic Units/OU=Users/CN=cmscrab/CN=(817881|373708)/CN=Robot: cms crab|/DC=ch/DC=cern/OU=Organic Units/OU=Users/CN=crabint1/CN=373708/CN=Robot: CMS CRAB Integration 1
  timeleft: 630:00:50  (26.3 days)

 error: 
 retcode : 0
DEBUG 2025-06-05 07:24:19.428 UTC: 	 Myproxy is valid: 2268000
DEBUG 2025-06-05 07:24:19.428 UTC: 	 Result of myproxy credential check:
  Credential exists on myproxy: username: a133b326f2e83ec4c6fd8cd18786edfdbb69b415  - validity: 26 days, 6:00:00
DEBUG 2025-06-05 07:24:19.428 UTC: 	 Retrieving username ...
DEBUG 2025-06-05 07:24:19.428 UTC: 	 Retrieving username from CRIC...
DEBUG 2025-06-05 07:24:20.255 UTC: 	 username is fnenna
INFO 2025-06-05 07:24:21.454 UTC: 	 Rucio client intialized for account fnenna
DEBUG 2025-06-05 07:24:21.454 UTC: 	 Command use: status
DEBUG 2025-06-05 07:24:21.454 UTC: 	 Options use: ['-d', 'crab_projects/crab_140X_mcPhase2_NuGunPU200_MiniaodAna_PU50_v2']
DEBUG 2025-06-05 07:24:21.455 UTC: 	 Encoded data for curl request: subresource=version
DEBUG 2025-06-05 07:24:21.596 UTC: 	 CRABClient version: v3.250409
DEBUG 2025-06-05 07:24:21.596 UTC: 	 Instance is prod
DEBUG 2025-06-05 07:24:21.597 UTC: 	 Server base url is cmsweb.cern.ch
DEBUG 2025-06-05 07:24:21.597 UTC: 	 Command api workflow
DEBUG 2025-06-05 07:24:21.597 UTC: 	 Encoded data for curl request: subresource=search&workflow=250605_070214%3Afnenna_crab_140X_mcPhase2_NuGunPU200_MiniaodAna_PU50_v2
DEBUG 2025-06-05 07:24:21.761 UTC: 	 Got information from server oracle database: {'desc': {'columns': ['tm_taskname', 'tm_activity', 'tm_task_status', 'tm_task_command', 'tm_start_time', 'tm_start_injection', 'tm_end_injection', 'tm_task_failure', 'tm_job_sw', 'tm_job_arch', 'tm_input_dataset', 'tm_nonvalid_input_dataset', 'tm_use_parent', 'tm_site_whitelist', 'tm_site_blacklist', 'tm_split_algo', 'tm_split_args', 'tm_user_sandbox', 'tm_cache_url', 'tm_username', 'tm_user_dn', 'tm_user_vo', 'tm_user_role', 'tm_user_group', 'tm_publish_name', 'tm_publish_groupname', 'tm_asyncdest', 'tm_dbs_url', 'tm_publish_dbs_url', 'tm_publication', 'tm_outfiles', 'tm_tfile_outfiles', 'tm_edm_outfiles', 'tm_job_type', 'tm_generator', 'tm_events_per_lumi', 'tm_arguments', 'tm_save_logs', 'tw_name', 'tm_user_infiles', 'tm_maxjobruntime', 'tm_numcores', 'tm_maxmemory', 'tm_priority', 'tm_output_dataset', 'tm_task_warnings', 'tm_user_webdir', 'tm_scriptexe', 'tm_scriptargs', 'tm_extrajdl', 'tm_collector', 'tm_schedd', 'tm_dry_run', 'tm_user_files', 'tm_transfer_outputs', 'tm_output_lfn', 'tm_ignore_locality', 'tm_fail_limit', 'tm_one_event_mode', 'tm_secondary_input_dataset', 'tm_primary_dataset', 'tm_last_publication', 'tm_debug_files', 'clusterid', 'tm_ignore_global_blacklist', 'tm_submitter_ip_addr', 'tm_totalunits', 'tm_ddm_reqid', 'tm_user_config', 'tm_transfer_container', 'tm_transfer_rule', 'tm_publish_rule', 'tm_multipub_rule', 'tm_job_min_microarch', 'tm_dagman_status', 'tm_num_jobs', 'tm_uploaded']}, 'result': ['250605_070214:fnenna_crab_140X_mcPhase2_NuGunPU200_MiniaodAna_PU50_v2', 'None', 'SUBMITTED', 'SUBMIT', '2025-06-05 07:02:14.833301', 'None', '2025-06-05 07:03:17.163531', 'None', 'CMSSW_14_0_17', 'slc7_amd64_gcc12', '/NuGunE10_Phase2_PUstudies/fnenna-140X_mcPhase2_14TeV_NuGun_MINIAOD_50_v2-ece9576153624786c5b578bc33ac1c32/USER', 'F', '0', '[]', '[]', 'FileBased', "{'halt_job_on_file_boundaries': False, 'splitOnRun': False, 'files_per_job': 5, 'runs': [], 'lumis': []}", '8827204723e19b61f74202839ecae2837d860a690d68b0cb9428213d3b5138a8.tar.gz', 'https://cmsweb.cern.ch/S3/crabcache_prod', 'fnenna', '/DC=ch/DC=cern/OU=Organic Units/OU=Users/CN=fnenna/CN=868185/CN=Felice Nenna', 'cms', 'None', 'None', '140X_mcPhase2_NuGunPU200_MiniaodAna_PU50_v2-00000000000000000000000000000000', 'F', 'T2_IT_Bari', 'https://cmsweb.cern.ch/dbs/prod/phys03/DBSReader', 'https://cmsweb.cern.ch/dbs/prod/phys03/DBSWriter', 'T', '[]', "['TreeMC_GEMsegmPU50.root']", '[]', 'Analysis', 'pythia', 'None', '{}', 'T', 'crab-prod-tw02', '[]', '1250', '1', '2000', '10', "['/FakeDataset/fakefile-FakePublish-37d359c28b041cfb677b501924a5299f/USER']", '[]', 'http://vocms0119.cern.ch/mon/fnenna/250605_070214:fnenna_crab_140X_mcPhase2_NuGunPU200_MiniaodAna_PU50_v2', 'None', '[]', '[]', 'cmsgwms-collector-global.cern.ch:9620,cmsgwms-collector-global.fnal.gov:9620', 'crab3@vocms0119.cern.ch', 'F', '[]', 'T', '/store/user/fnenna/', 'F', 'None', 'F', 'None', 'NuGunE10_Phase2_PUstudies', 'None', '6674cc0931cad9054ed45dca5f52d15b2e00f45f32a69e5576c05ad83af92ee5.tar.gz', '125142209', 'T', '188.184.89.113', '0.0', 'None', '{"partialdataset": false, "requireaccelerator": false, "acceleratorparams": null, "inputblocks": null}', 'None', 'None', 'None', 'None', 'any', 'COMPLETED', '100', 'F']}
INFO 2025-06-05 07:24:21.762 UTC: 	 CRAB project directory:		/lustrehome/felicenenna/tau3mu/CMSSW_14_0_17/src/GenAnalyser/GenAnalyzer/CrabSubmission/crab_projects/crab_140X_mcPhase2_NuGunPU200_MiniaodAna_PU50_v2
INFO 2025-06-05 07:24:21.762 UTC: 	 Task name:			250605_070214:fnenna_crab_140X_mcPhase2_NuGunPU200_MiniaodAna_PU50_v2
INFO 2025-06-05 07:24:21.762 UTC: 	 Grid scheduler - Task Worker:	crab3@vocms0119.cern.ch - crab-prod-tw02
INFO 2025-06-05 07:24:21.762 UTC: 	 Status on the CRAB server:	SUBMITTED
INFO 2025-06-05 07:24:21.762 UTC: 	 Task URL to use for HELP:	https://cmsweb.cern.ch/crabserver/ui/task/250605_070214%3Afnenna_crab_140X_mcPhase2_NuGunPU200_MiniaodAna_PU50_v2
INFO 2025-06-05 07:24:21.773 UTC: 	 Dashboard monitoring URL:	https://monit-grafana.cern.ch/d/cmsTMDetail/cms-task-monitoring-task-view?orgId=11&var-user=fnenna&var-task=250605_070214%3Afnenna_crab_140X_mcPhase2_NuGunPU200_MiniaodAna_PU50_v2&from=1749103334000&to=now
DEBUG 2025-06-05 07:24:21.773 UTC: 	 The CRAB server submitted your task to the Grid scheduler (cluster ID: 125142209)
DEBUG 2025-06-05 07:24:21.773 UTC: 	 Webdir is located at http://vocms0119.cern.ch/mon/fnenna/250605_070214:fnenna_crab_140X_mcPhase2_NuGunPU200_MiniaodAna_PU50_v2
DEBUG 2025-06-05 07:24:21.773 UTC: 	 Encoded data for curl request: subresource=webdirprx&workflow=250605_070214%3Afnenna_crab_140X_mcPhase2_NuGunPU200_MiniaodAna_PU50_v2
DEBUG 2025-06-05 07:24:21.925 UTC: 	 Proxied webdir is located at https://cmsweb.cern.ch/scheddmon/0119/fnenna/250605_070214:fnenna_crab_140X_mcPhase2_NuGunPU200_MiniaodAna_PU50_v2
DEBUG 2025-06-05 07:24:21.925 UTC: 	 Retrieving 'status_cache' file from https://cmsweb.cern.ch/scheddmon/0119/fnenna/250605_070214:fnenna_crab_140X_mcPhase2_NuGunPU200_MiniaodAna_PU50_v2/status_cache.pkl
DEBUG 2025-06-05 07:24:21.925 UTC: 	 Will execute:
curl -sS --capath /etc/grid-security/certificates --cert /tmp/x509up_u881416 --key /tmp/x509up_u881416 -o /tmp/crab_status-cache-k75p2os5.pkl -w %"{http_code}" "https://cmsweb.cern.ch/scheddmon/0119/fnenna/250605_070214:fnenna_crab_140X_mcPhase2_NuGunPU200_MiniaodAna_PU50_v2/status_cache.pkl"
DEBUG 2025-06-05 07:24:21.925 UTC: 	 Executing command :
 curl -sS --capath /etc/grid-security/certificates --cert /tmp/x509up_u881416 --key /tmp/x509up_u881416 -o /tmp/crab_status-cache-k75p2os5.pkl -w %"{http_code}" "https://cmsweb.cern.ch/scheddmon/0119/fnenna/250605_070214:fnenna_crab_140X_mcPhase2_NuGunPU200_MiniaodAna_PU50_v2/status_cache.pkl"
DEBUG 2025-06-05 07:24:22.099 UTC: 	 output : 200
 error: 
 retcode : 0
DEBUG 2025-06-05 07:24:22.099 UTC: 	 exitcode: 0
stdout: 200
stderr: 
error details: 
DEBUG 2025-06-05 07:24:22.100 UTC: 	 Got information from status cache file: {'4': {'Retries': 0, 'Restarts': 0, 'SiteHistory': ['Unknown', 'T2_IT_Bari', 'T2_IT_Bari'], 'ResidentSetSize': [86016], 'SubmitTimes': [1749107061.0], 'StartTimes': [1749107475.0], 'EndTimes': [1749107579.0], 'TotalUserCpuTimeHistory': [30], 'TotalSysCpuTimeHistory': [10], 'WallDurations': [104.0, 253.8313171863556, 253.8313171863556], 'JobIds': ['125142213.0'], 'State': 'finished', 'RecordedSite': True}, '20': {'Retries': 0, 'Restarts': 0, 'SiteHistory': ['Unknown', 'T2_IT_Bari', 'T2_IT_Bari'], 'ResidentSetSize': [1453512], 'SubmitTimes': [1749107061.0], 'StartTimes': [1749107213.0], 'EndTimes': [1749107333.0], 'TotalUserCpuTimeHistory': [25], 'TotalSysCpuTimeHistory': [7], 'WallDurations': [120.0, 215.3343608379364, 215.3343608379364], 'JobIds': ['125142214.0'], 'State': 'finished', 'RecordedSite': True}, '11': {'Retries': 0, 'Restarts': 0, 'SiteHistory': ['Unknown', 'T2_IT_Bari', 'T2_IT_Bari'], 'ResidentSetSize': [1441032], 'SubmitTimes': [1749107061.0], 'StartTimes': [1749107214.0], 'EndTimes': [1749107344.0], 'TotalUserCpuTimeHistory': [31], 'TotalSysCpuTimeHistory': [10], 'WallDurations': [130.0, 214.3343608379364, 214.3343608379364], 'JobIds': ['125142215.0'], 'State': 'finished', 'RecordedSite': True}, '14': {'Retries': 0, 'Restarts': 0, 'SiteHistory': ['Unknown', 'T2_IT_Bari', 'T2_IT_Bari'], 'ResidentSetSize': [33792], 'SubmitTimes': [1749107061.0], 'StartTimes': [1749107220.0], 'EndTimes': [1749107345.0], 'TotalUserCpuTimeHistory': [30], 'TotalSysCpuTimeHistory': [12], 'WallDurations': [125.0, 208.3343608379364, 208.3343608379364], 'JobIds': ['125142216.0'], 'State': 'finished', 'RecordedSite': True}, '10': {'Retries': 0, 'Restarts': 0, 'SiteHistory': ['Unknown', 'T2_IT_Bari', 'T2_IT_Bari'], 'ResidentSetSize': [76800], 'SubmitTimes': [1749107061.0], 'StartTimes': [1749107220.0], 'EndTimes': [1749107349.0], 'TotalUserCpuTimeHistory': [31], 'TotalSysCpuTimeHistory': [12], 'WallDurations': [129.0, 208.3343608379364, 208.3343608379364], 'JobIds': ['125142217.0'], 'State': 'finished', 'RecordedSite': True}, '12': {'Retries': 0, 'Restarts': 0, 'SiteHistory': ['Unknown', 'T2_IT_Bari', 'T2_IT_Bari'], 'ResidentSetSize': [1463172], 'SubmitTimes': [1749107061.0], 'StartTimes': [1749107220.0], 'EndTimes': [1749107340.0], 'TotalUserCpuTimeHistory': [25], 'TotalSysCpuTimeHistory': [7], 'WallDurations': [120.0, 208.3343608379364, 208.3343608379364], 'JobIds': ['125142218.0'], 'State': 'finished', 'RecordedSite': True}, '9': {'Retries': 0, 'Restarts': 0, 'SiteHistory': ['Unknown', 'T2_IT_Bari', 'T2_IT_Bari'], 'ResidentSetSize': [64512], 'SubmitTimes': [1749107061.0], 'StartTimes': [1749107220.0], 'EndTimes': [1749107348.0], 'TotalUserCpuTimeHistory': [31], 'TotalSysCpuTimeHistory': [11], 'WallDurations': [128.0, 208.3343608379364, 208.3343608379364], 'JobIds': ['125142219.0'], 'State': 'finished', 'RecordedSite': True}, '6': {'Retries': 0, 'Restarts': 0, 'SiteHistory': ['Unknown', 'T2_IT_Bari', 'T2_IT_Bari'], 'ResidentSetSize': [1434856], 'SubmitTimes': [1749107061.0], 'StartTimes': [1749107220.0], 'EndTimes': [1749107348.0], 'TotalUserCpuTimeHistory': [34], 'TotalSysCpuTimeHistory': [12], 'WallDurations': [128.0, 208.3343608379364, 208.3343608379364], 'JobIds': ['125142220.0'], 'State': 'finished', 'RecordedSite': True}, '7': {'Retries': 0, 'Restarts': 0, 'SiteHistory': ['Unknown', 'T2_IT_Bari', 'T2_IT_Bari'], 'ResidentSetSize': [1524272], 'SubmitTimes': [1749107061.0], 'StartTimes': [1749107219.0], 'EndTimes': [1749107345.0], 'TotalUserCpuTimeHistory': [31], 'TotalSysCpuTimeHistory': [13], 'WallDurations': [126.0, 209.3343608379364, 209.3343608379364], 'JobIds': ['125142221.0'], 'State': 'finished', 'RecordedSite': True}, '17': {'Retries': 0, 'Restarts': 0, 'SiteHistory': ['Unknown', 'T2_IT_Bari', 'T2_IT_Bari'], 'ResidentSetSize': [70656], 'SubmitTimes': [1749107061.0], 'StartTimes': [1749107220.0], 'EndTimes': [1749107345.0], 'TotalUserCpuTimeHistory': [30], 'TotalSysCpuTimeHistory': [12], 'WallDurations': [125.0, 208.3343608379364, 208.3343608379364], 'JobIds': ['125142222.0'], 'State': 'finished', 'RecordedSite': True}, '5': {'Retries': 0, 'Restarts': 0, 'SiteHistory': ['Unknown', 'T2_IT_Bari', 'T2_IT_Bari'], 'ResidentSetSize': [61440], 'SubmitTimes': [1749107061.0], 'StartTimes': [1749107475.0], 'EndTimes': [1749107606.0], 'TotalUserCpuTimeHistory': [37], 'TotalSysCpuTimeHistory': [13], 'WallDurations': [131.0, 253.8313171863556, 253.8313171863556], 'JobIds': ['125142223.0'], 'State': 'finished', 'RecordedSite': True}, '18': {'Retries': 0, 'Restarts': 0, 'SiteHistory': ['Unknown', 'T2_IT_Bari', 'T2_IT_Bari'], 'ResidentSetSize': [1468476], 'SubmitTimes': [1749107061.0], 'StartTimes': [1749107220.0], 'EndTimes': [1749107342.0], 'TotalUserCpuTimeHistory': [26], 'TotalSysCpuTimeHistory': [6], 'WallDurations': [122.0, 208.3343608379364, 208.3343608379364], 'JobIds': ['125142224.0'], 'State': 'finished', 'RecordedSite': True}, '8': {'Retries': 0, 'Restarts': 0, 'SiteHistory': ['Unknown', 'T2_IT_Bari', 'T2_IT_Bari'], 'ResidentSetSize': [1454684], 'SubmitTimes': [1749107061.0], 'StartTimes': [1749107220.0], 'EndTimes': [1749107330.0], 'TotalUserCpuTimeHistory': [24], 'TotalSysCpuTimeHistory': [6], 'WallDurations': [110.0, 208.3343608379364, 208.3343608379364], 'JobIds': ['125142225.0'], 'State': 'finished', 'RecordedSite': True}, '13': {'Retries': 0, 'Restarts': 0, 'SiteHistory': ['Unknown', 'T2_IT_Bari', 'T2_IT_Bari'], 'ResidentSetSize': [55296], 'SubmitTimes': [1749107061.0], 'StartTimes': [1749107220.0], 'EndTimes': [1749107389.0], 'TotalUserCpuTimeHistory': [34], 'TotalSysCpuTimeHistory': [12], 'WallDurations': [169.0, 208.3343608379364, 208.3343608379364], 'JobIds': ['125142226.0'], 'State': 'finished', 'RecordedSite': True}, '2': {'Retries': 0, 'Restarts': 0, 'SiteHistory': ['Unknown', 'T2_IT_Bari', 'T2_IT_Bari'], 'ResidentSetSize': [1433408], 'SubmitTimes': [1749107066.0], 'StartTimes': [1749107474.0], 'EndTimes': [1749107600.0], 'TotalUserCpuTimeHistory': [40], 'TotalSysCpuTimeHistory': [12], 'WallDurations': [126.0, 254.8313171863556, 254.8313171863556], 'JobIds': ['125142227.0'], 'State': 'finished', 'RecordedSite': True}, '1': {'Retries': 0, 'Restarts': 0, 'SiteHistory': ['Unknown', 'T2_IT_Bari', 'T2_IT_Bari'], 'ResidentSetSize': [1531972], 'SubmitTimes': [1749107067.0], 'StartTimes': [1749107473.0], 'EndTimes': [1749107558.0], 'TotalUserCpuTimeHistory': [24], 'TotalSysCpuTimeHistory': [7], 'WallDurations': [85.0, 255.8313171863556, 255.8313171863556], 'JobIds': ['125142228.0'], 'State': 'finished', 'RecordedSite': True}, '3': {'Retries': 0, 'Restarts': 0, 'SiteHistory': ['Unknown', 'T2_IT_Bari', 'T2_IT_Bari'], 'ResidentSetSize': [1453832], 'SubmitTimes': [1749107067.0], 'StartTimes': [1749107474.0], 'EndTimes': [1749107586.0], 'TotalUserCpuTimeHistory': [33], 'TotalSysCpuTimeHistory': [11], 'WallDurations': [112.0, 254.8313171863556, 254.8313171863556], 'JobIds': ['125142229.0'], 'State': 'finished', 'RecordedSite': True}, '15': {'Retries': 0, 'Restarts': 0, 'SiteHistory': ['Unknown', 'T2_IT_Bari', 'T2_IT_Bari'], 'ResidentSetSize': [64512], 'SubmitTimes': [1749107067.0], 'StartTimes': [1749107220.0], 'EndTimes': [1749107347.0], 'TotalUserCpuTimeHistory': [31], 'TotalSysCpuTimeHistory': [11], 'WallDurations': [127.0, 208.3343608379364, 208.3343608379364], 'JobIds': ['125142230.0'], 'State': 'finished', 'RecordedSite': True}, '16': {'Retries': 0, 'Restarts': 0, 'SiteHistory': ['Unknown', 'T2_IT_Bari', 'T2_IT_Bari'], 'ResidentSetSize': [1447180], 'SubmitTimes': [1749107067.0], 'StartTimes': [1749107220.0], 'EndTimes': [1749107352.0], 'TotalUserCpuTimeHistory': [27], 'TotalSysCpuTimeHistory': [9], 'WallDurations': [132.0, 208.3343608379364, 208.3343608379364], 'JobIds': ['125142231.0'], 'State': 'finished', 'RecordedSite': True}, '19': {'Retries': 0, 'Restarts': 0, 'SiteHistory': ['Unknown', 'T2_IT_Bari', 'T2_IT_Bari'], 'ResidentSetSize': [1435740], 'SubmitTimes': [1749107067.0], 'StartTimes': [1749107219.0], 'EndTimes': [1749107359.0], 'TotalUserCpuTimeHistory': [33], 'TotalSysCpuTimeHistory': [13], 'WallDurations': [140.0, 209.3343608379364, 209.3343608379364], 'JobIds': ['125142232.0'], 'State': 'finished', 'RecordedSite': True}, '21': {'Retries': 0, 'Restarts': 0, 'SiteHistory': ['Unknown', 'T2_IT_Bari', 'T2_IT_Bari'], 'ResidentSetSize': [1431208], 'SubmitTimes': [1749107067.0], 'StartTimes': [1749107219.0], 'EndTimes': [1749107356.0], 'TotalUserCpuTimeHistory': [33], 'TotalSysCpuTimeHistory': [13], 'WallDurations': [137.0, 209.3343608379364, 209.3343608379364], 'JobIds': ['125142233.0'], 'State': 'finished', 'RecordedSite': True}, '22': {'Retries': 0, 'Restarts': 0, 'SiteHistory': ['Unknown', 'T2_IT_Bari', 'T2_IT_Bari'], 'ResidentSetSize': [1457924], 'SubmitTimes': [1749107067.0], 'StartTimes': [1749107219.0], 'EndTimes': [1749107342.0], 'TotalUserCpuTimeHistory': [26], 'TotalSysCpuTimeHistory': [7], 'WallDurations': [123.0, 209.3343608379364, 209.3343608379364], 'JobIds': ['125142234.0'], 'State': 'finished', 'RecordedSite': True}, '23': {'Retries': 0, 'Restarts': 0, 'SiteHistory': ['Unknown', 'T2_IT_Bari', 'T2_IT_Bari'], 'ResidentSetSize': [1525752], 'SubmitTimes': [1749107067.0], 'StartTimes': [1749107220.0], 'EndTimes': [1749107346.0], 'TotalUserCpuTimeHistory': [33], 'TotalSysCpuTimeHistory': [10], 'WallDurations': [126.0, 208.3343608379364, 208.3343608379364], 'JobIds': ['125142235.0'], 'State': 'finished', 'RecordedSite': True}, '24': {'Retries': 0, 'Restarts': 0, 'SiteHistory': ['Unknown', 'T2_IT_Bari', 'T2_IT_Bari'], 'ResidentSetSize': [1493184], 'SubmitTimes': [1749107067.0], 'StartTimes': [1749107219.0], 'EndTimes': [1749107330.0], 'TotalUserCpuTimeHistory': [25], 'TotalSysCpuTimeHistory': [7], 'WallDurations': [111.0, 209.3343608379364, 209.3343608379364], 'JobIds': ['125142236.0'], 'State': 'finished', 'RecordedSite': True}, '25': {'Retries': 0, 'Restarts': 0, 'SiteHistory': ['Unknown', 'T2_IT_Bari', 'T2_IT_Bari'], 'ResidentSetSize': [1462204], 'SubmitTimes': [1749107067.0], 'StartTimes': [1749107219.0], 'EndTimes': [1749107342.0], 'TotalUserCpuTimeHistory': [26], 'TotalSysCpuTimeHistory': [7], 'WallDurations': [123.0, 209.3343608379364, 209.3343608379364], 'JobIds': ['125142237.0'], 'State': 'finished', 'RecordedSite': True}, '26': {'Retries': 0, 'Restarts': 0, 'SiteHistory': ['Unknown', 'T2_IT_Bari', 'T2_IT_Bari'], 'ResidentSetSize': [1465008], 'SubmitTimes': [1749107067.0], 'StartTimes': [1749107219.0], 'EndTimes': [1749107342.0], 'TotalUserCpuTimeHistory': [26], 'TotalSysCpuTimeHistory': [7], 'WallDurations': [123.0, 209.3343608379364, 209.3343608379364], 'JobIds': ['125142238.0'], 'State': 'finished', 'RecordedSite': True}, '27': {'Retries': 0, 'Restarts': 0, 'SiteHistory': ['Unknown', 'T2_IT_Bari', 'T2_IT_Bari'], 'ResidentSetSize': [1466616], 'SubmitTimes': [1749107067.0], 'StartTimes': [1749107220.0], 'EndTimes': [1749107331.0], 'TotalUserCpuTimeHistory': [24], 'TotalSysCpuTimeHistory': [7], 'WallDurations': [111.0, 208.3343608379364, 208.3343608379364], 'JobIds': ['125142239.0'], 'State': 'finished', 'RecordedSite': True}, '28': {'Retries': 0, 'Restarts': 0, 'SiteHistory': ['Unknown', 'T2_IT_Bari', 'T2_IT_Bari'], 'ResidentSetSize': [1435772], 'SubmitTimes': [1749107067.0], 'StartTimes': [1749107221.0], 'EndTimes': [1749107349.0], 'TotalUserCpuTimeHistory': [32], 'TotalSysCpuTimeHistory': [12], 'WallDurations': [128.0, 207.3343608379364, 207.3343608379364], 'JobIds': ['125142240.0'], 'State': 'finished', 'RecordedSite': True}, '29': {'Retries': 0, 'Restarts': 0, 'SiteHistory': ['Unknown', 'T2_IT_Bari', 'T2_IT_Bari'], 'ResidentSetSize': [67584], 'SubmitTimes': [1749107067.0], 'StartTimes': [1749107220.0], 'EndTimes': [1749107366.0], 'TotalUserCpuTimeHistory': [33], 'TotalSysCpuTimeHistory': [14], 'WallDurations': [146.0, 208.3343608379364, 208.3343608379364], 'JobIds': ['125142241.0'], 'State': 'finished', 'RecordedSite': True}, '30': {'Retries': 0, 'Restarts': 0, 'SiteHistory': ['Unknown', 'T2_IT_Bari', 'T2_IT_Bari'], 'ResidentSetSize': [58368], 'SubmitTimes': [1749107067.0], 'StartTimes': [1749107220.0], 'EndTimes': [1749107355.0], 'TotalUserCpuTimeHistory': [32], 'TotalSysCpuTimeHistory': [12], 'WallDurations': [135.0, 208.3343608379364, 208.3343608379364], 'JobIds': ['125142242.0'], 'State': 'finished', 'RecordedSite': True}, '31': {'Retries': 0, 'Restarts': 0, 'SiteHistory': ['Unknown', 'T2_IT_Bari', 'T2_IT_Bari'], 'ResidentSetSize': [1423136], 'SubmitTimes': [1749107067.0], 'StartTimes': [1749107220.0], 'EndTimes': [1749107354.0], 'TotalUserCpuTimeHistory': [32], 'TotalSysCpuTimeHistory': [12], 'WallDurations': [134.0, 208.3343608379364, 208.3343608379364], 'JobIds': ['125142243.0'], 'State': 'finished', 'RecordedSite': True}, '32': {'Retries': 0, 'Restarts': 0, 'SiteHistory': ['Unknown', 'T2_IT_Bari', 'T2_IT_Bari'], 'ResidentSetSize': [1437664], 'SubmitTimes': [1749107067.0], 'StartTimes': [1749107221.0], 'EndTimes': [1749107358.0], 'TotalUserCpuTimeHistory': [31], 'TotalSysCpuTimeHistory': [13], 'WallDurations': [137.0, 207.3343608379364, 207.3343608379364], 'JobIds': ['125142244.0'], 'State': 'finished', 'RecordedSite': True}, '33': {'Retries': 0, 'Restarts': 0, 'SiteHistory': ['Unknown', 'T2_IT_Bari', 'T2_IT_Bari'], 'ResidentSetSize': [30720], 'SubmitTimes': [1749107067.0], 'StartTimes': [1749107221.0], 'EndTimes': [1749107355.0], 'TotalUserCpuTimeHistory': [31], 'TotalSysCpuTimeHistory': [13], 'WallDurations': [134.0, 207.3343608379364, 207.3343608379364], 'JobIds': ['125142245.0'], 'State': 'finished', 'RecordedSite': True}, '34': {'Retries': 0, 'Restarts': 0, 'SiteHistory': ['Unknown', 'T2_IT_Bari', 'T2_IT_Bari'], 'ResidentSetSize': [1447924], 'SubmitTimes': [1749107067.0], 'StartTimes': [1749107220.0], 'EndTimes': [1749107352.0], 'TotalUserCpuTimeHistory': [27], 'TotalSysCpuTimeHistory': [8], 'WallDurations': [132.0, 208.3343608379364, 208.3343608379364], 'JobIds': ['125142246.0'], 'State': 'finished', 'RecordedSite': True}, '54': {'Retries': 0, 'Restarts': 0, 'SiteHistory': ['Unknown', 'T2_IT_Bari', 'T2_IT_Bari'], 'ResidentSetSize': [27648], 'SubmitTimes': [1749107067.0], 'StartTimes': [1749107221.0], 'EndTimes': [1749107366.0], 'TotalUserCpuTimeHistory': [33], 'TotalSysCpuTimeHistory': [13], 'WallDurations': [145.0, 207.3343608379364, 207.3343608379364], 'JobIds': ['125142247.0'], 'State': 'finished', 'RecordedSite': True}, '38': {'Retries': 0, 'Restarts': 0, 'SiteHistory': ['Unknown', 'T2_IT_Bari', 'T2_IT_Bari'], 'ResidentSetSize': [1430080], 'SubmitTimes': [1749107067.0], 'StartTimes': [1749107222.0], 'EndTimes': [1749107360.0], 'TotalUserCpuTimeHistory': [31], 'TotalSysCpuTimeHistory': [13], 'WallDurations': [138.0, 206.3343608379364, 206.3343608379364], 'JobIds': ['125142248.0'], 'State': 'finished', 'RecordedSite': True}, '52': {'Retries': 0, 'Restarts': 0, 'SiteHistory': ['Unknown', 'T2_IT_Bari', 'T2_IT_Bari'], 'ResidentSetSize': [30720], 'SubmitTimes': [1749107067.0], 'StartTimes': [1749107222.0], 'EndTimes': [1749107366.0], 'TotalUserCpuTimeHistory': [33], 'TotalSysCpuTimeHistory': [13], 'WallDurations': [144.0, 206.3343608379364, 206.3343608379364], 'JobIds': ['125142249.0'], 'State': 'finished', 'RecordedSite': True}, '44': {'Retries': 0, 'Restarts': 0, 'SiteHistory': ['Unknown', 'T2_IT_Bari', 'T2_IT_Bari'], 'ResidentSetSize': [33792], 'SubmitTimes': [1749107067.0], 'StartTimes': [1749107222.0], 'EndTimes': [1749107363.0], 'TotalUserCpuTimeHistory': [33], 'TotalSysCpuTimeHistory': [13], 'WallDurations': [141.0, 206.3343608379364, 206.3343608379364], 'JobIds': ['125142250.0'], 'State': 'finished', 'RecordedSite': True}, '50': {'Retries': 0, 'Restarts': 0, 'SiteHistory': ['Unknown', 'T2_IT_Bari', 'T2_IT_Bari'], 'ResidentSetSize': [1519016], 'SubmitTimes': [1749107067.0], 'StartTimes': [1749107223.0], 'EndTimes': [1749107360.0], 'TotalUserCpuTimeHistory': [32], 'TotalSysCpuTimeHistory': [13], 'WallDurations': [137.0, 205.3343608379364, 205.3343608379364], 'JobIds': ['125142251.0'], 'State': 'finished', 'RecordedSite': True}, '36': {'Retries': 0, 'Restarts': 0, 'SiteHistory': ['Unknown', 'T2_IT_Bari', 'T2_IT_Bari'], 'ResidentSetSize': [36864], 'SubmitTimes': [1749107067.0], 'StartTimes': [1749107223.0], 'EndTimes': [1749107364.0], 'TotalUserCpuTimeHistory': [33], 'TotalSysCpuTimeHistory': [13], 'WallDurations': [141.0, 205.3343608379364, 205.3343608379364], 'JobIds': ['125142252.0'], 'State': 'finished', 'RecordedSite': True}, '53': {'Retries': 0, 'Restarts': 0, 'SiteHistory': ['Unknown', 'T2_IT_Bari', 'T2_IT_Bari'], 'ResidentSetSize': [33792], 'SubmitTimes': [1749107067.0], 'StartTimes': [1749107224.0], 'EndTimes': [1749107366.0], 'TotalUserCpuTimeHistory': [33], 'TotalSysCpuTimeHistory': [12], 'WallDurations': [142.0, 204.3343608379364, 204.3343608379364], 'JobIds': ['125142253.0'], 'State': 'finished', 'RecordedSite': True}, '39': {'Retries': 0, 'Restarts': 0, 'SiteHistory': ['Unknown', 'T2_IT_Bari', 'T2_IT_Bari'], 'ResidentSetSize': [52224], 'SubmitTimes': [1749107067.0], 'StartTimes': [1749107224.0], 'EndTimes': [1749107364.0], 'TotalUserCpuTimeHistory': [33], 'TotalSysCpuTimeHistory': [12], 'WallDurations': [140.0, 204.3343608379364, 204.3343608379364], 'JobIds': ['125142254.0'], 'State': 'finished', 'RecordedSite': True}, '40': {'Retries': 0, 'Restarts': 0, 'SiteHistory': ['Unknown', 'T2_IT_Bari', 'T2_IT_Bari'], 'ResidentSetSize': [44228], 'SubmitTimes': [1749107067.0], 'StartTimes': [1749107332.0], 'EndTimes': [1749107411.0], 'TotalUserCpuTimeHistory': [23], 'TotalSysCpuTimeHistory': [6], 'WallDurations': [79.0, 96.3343608379364, 96.3343608379364], 'JobIds': ['125142255.0'], 'State': 'finished', 'RecordedSite': True}, '49': {'Retries': 0, 'Restarts': 0, 'SiteHistory': ['Unknown', 'T2_IT_Bari', 'T2_IT_Bari'], 'ResidentSetSize': [1473496], 'SubmitTimes': [1749107067.0], 'StartTimes': [1749107332.0], 'EndTimes': [1749107410.0], 'TotalUserCpuTimeHistory': [23], 'TotalSysCpuTimeHistory': [7], 'WallDurations': [78.0, 96.3343608379364, 96.3343608379364], 'JobIds': ['125142256.0'], 'State': 'finished', 'RecordedSite': True}, '37': {'Retries': 0, 'Restarts': 0, 'SiteHistory': ['Unknown', 'T2_IT_Bari', 'T2_IT_Bari'], 'ResidentSetSize': [1474128], 'SubmitTimes': [1749107067.0], 'StartTimes': [1749107333.0], 'EndTimes': [1749107419.0], 'TotalUserCpuTimeHistory': [25], 'TotalSysCpuTimeHistory': [6], 'WallDurations': [86.0, 95.3343608379364, 95.3343608379364], 'JobIds': ['125142257.0'], 'State': 'finished', 'RecordedSite': True}, '47': {'Retries': 0, 'Restarts': 0, 'SiteHistory': ['Unknown', 'T2_IT_Bari', 'T2_IT_Bari'], 'ResidentSetSize': [106456], 'SubmitTimes': [1749107067.0], 'StartTimes': [1749107336.0], 'EndTimes': [1749107414.0], 'TotalUserCpuTimeHistory': [24], 'TotalSysCpuTimeHistory': [6], 'WallDurations': [78.0, 92.3343608379364, 92.3343608379364], 'JobIds': ['125142258.0'], 'State': 'finished', 'RecordedSite': True}, '46': {'Retries': 0, 'Restarts': 0, 'SiteHistory': ['Unknown', 'T2_IT_Bari', 'T2_IT_Bari'], 'ResidentSetSize': [1462404], 'SubmitTimes': [1749107067.0], 'StartTimes': [1749107342.0], 'EndTimes': [1749107425.0], 'TotalUserCpuTimeHistory': [24], 'TotalSysCpuTimeHistory': [6], 'WallDurations': [83.0, 86.3343608379364, 86.3343608379364], 'JobIds': ['125142259.0'], 'State': 'finished', 'RecordedSite': True}, '45': {'Retries': 0, 'Restarts': 0, 'SiteHistory': ['Unknown', 'T2_IT_Bari', 'T2_IT_Bari'], 'ResidentSetSize': [1555608], 'SubmitTimes': [1749107067.0], 'StartTimes': [1749107343.0], 'EndTimes': [1749107424.0], 'TotalUserCpuTimeHistory': [24], 'TotalSysCpuTimeHistory': [6], 'WallDurations': [81.0, 85.3343608379364, 85.3343608379364], 'JobIds': ['125142260.0'], 'State': 'finished', 'RecordedSite': True}, '51': {'Retries': 0, 'Restarts': 0, 'SiteHistory': ['Unknown', 'T2_IT_Bari', 'T2_IT_Bari'], 'ResidentSetSize': [1463708], 'SubmitTimes': [1749107067.0], 'StartTimes': [1749107344.0], 'EndTimes': [1749107423.0], 'TotalUserCpuTimeHistory': [25], 'TotalSysCpuTimeHistory': [6], 'WallDurations': [79.0, 84.3343608379364, 84.3343608379364], 'JobIds': ['125142261.0'], 'State': 'finished', 'RecordedSite': True}, '41': {'Retries': 0, 'Restarts': 0, 'SiteHistory': ['Unknown', 'T2_IT_Bari', 'T2_IT_Bari'], 'ResidentSetSize': [1468120], 'SubmitTimes': [1749107067.0], 'StartTimes': [1749107344.0], 'EndTimes': [1749107429.0], 'TotalUserCpuTimeHistory': [27], 'TotalSysCpuTimeHistory': [7], 'WallDurations': [83.0, 84.3343608379364, 85.0], 'JobIds': ['125142262.0'], 'State': 'finished', 'RecordedSite': True}, '55': {'Retries': 0, 'Restarts': 0, 'SiteHistory': ['Unknown', 'T2_IT_Bari', 'T2_IT_Bari'], 'ResidentSetSize': [105376], 'SubmitTimes': [1749107067.0], 'StartTimes': [1749107344.0], 'EndTimes': [1749107431.0], 'TotalUserCpuTimeHistory': [24], 'TotalSysCpuTimeHistory': [6], 'WallDurations': [9.0, 84.3343608379364, 87.0], 'JobIds': ['125142263.0'], 'State': 'finished', 'RecordedSite': True}, '42': {'Retries': 0, 'Restarts': 0, 'SiteHistory': ['Unknown', 'T2_IT_Bari', 'T2_IT_Bari'], 'ResidentSetSize': [1442892], 'SubmitTimes': [1749107067.0], 'StartTimes': [1749107347.0], 'EndTimes': [1749107449.0], 'TotalUserCpuTimeHistory': [33], 'TotalSysCpuTimeHistory': [10], 'WallDurations': [9.0, 81.3343608379364, 102.0], 'JobIds': ['125142264.0'], 'State': 'finished', 'RecordedSite': True}, '43': {'Retries': 0, 'Restarts': 0, 'SiteHistory': ['Unknown', 'T2_IT_Bari', 'T2_IT_Bari'], 'ResidentSetSize': [1448588], 'SubmitTimes': [1749107067.0], 'StartTimes': [1749107347.0], 'EndTimes': [1749107451.0], 'TotalUserCpuTimeHistory': [31], 'TotalSysCpuTimeHistory': [11], 'WallDurations': [9.0, 81.3343608379364, 104.0], 'JobIds': ['125142265.0'], 'State': 'finished', 'RecordedSite': True}, '48': {'Retries': 0, 'Restarts': 0, 'SiteHistory': ['Unknown', 'T2_IT_Bari', 'T2_IT_Bari'], 'ResidentSetSize': [1441240], 'SubmitTimes': [1749107067.0], 'StartTimes': [1749107347.0], 'EndTimes': [1749107473.0], 'TotalUserCpuTimeHistory': [32], 'TotalSysCpuTimeHistory': [12], 'WallDurations': [9.0, 81.3343608379364, 126.0], 'JobIds': ['125142266.0'], 'State': 'finished', 'RecordedSite': True}, '64': {'Retries': 0, 'Restarts': 0, 'SiteHistory': ['Unknown', 'T2_IT_Bari', 'T2_IT_Bari'], 'ResidentSetSize': [1506540], 'SubmitTimes': [1749107067.0], 'StartTimes': [1749107347.0], 'EndTimes': [1749107457.0], 'TotalUserCpuTimeHistory': [32], 'TotalSysCpuTimeHistory': [12], 'WallDurations': [9.0, 81.3343608379364, 110.0], 'JobIds': ['125142267.0'], 'State': 'finished', 'RecordedSite': True}, '56': {'Retries': 0, 'Restarts': 0, 'SiteHistory': ['Unknown', 'T2_IT_Bari', 'T2_IT_Bari'], 'ResidentSetSize': [1445816], 'SubmitTimes': [1749107067.0], 'StartTimes': [1749107349.0], 'EndTimes': [1749107462.0], 'TotalUserCpuTimeHistory': [32], 'TotalSysCpuTimeHistory': [10], 'WallDurations': [9.0, 79.3343608379364, 113.0], 'JobIds': ['125142268.0'], 'State': 'finished', 'RecordedSite': True}, '69': {'Retries': 0, 'Restarts': 0, 'SiteHistory': ['Unknown', 'T2_IT_Bari', 'T2_IT_Bari'], 'ResidentSetSize': [1461964], 'SubmitTimes': [1749107068.0], 'StartTimes': [1749107350.0], 'EndTimes': [1749107456.0], 'TotalUserCpuTimeHistory': [31], 'TotalSysCpuTimeHistory': [10], 'WallDurations': [8.0, 78.3343608379364, 106.0], 'JobIds': ['125142269.0'], 'State': 'finished', 'RecordedSite': True}, '57': {'Retries': 0, 'Restarts': 0, 'SiteHistory': ['Unknown', 'T2_IT_Bari', 'T2_IT_Bari'], 'ResidentSetSize': [1440724], 'SubmitTimes': [1749107068.0], 'StartTimes': [1749107351.0], 'EndTimes': [1749107470.0], 'TotalUserCpuTimeHistory': [33], 'TotalSysCpuTimeHistory': [10], 'WallDurations': [9.0, 77.3343608379364, 119.0], 'JobIds': ['125142270.0'], 'State': 'finished', 'RecordedSite': True}, '58': {'Retries': 0, 'Restarts': 0, 'SiteHistory': ['Unknown', 'T2_IT_Bari', 'T2_IT_Bari'], 'ResidentSetSize': [1452392], 'SubmitTimes': [1749107068.0], 'StartTimes': [1749107351.0], 'EndTimes': [1749107467.0], 'TotalUserCpuTimeHistory': [33], 'TotalSysCpuTimeHistory': [12], 'WallDurations': [9.0, 77.3343608379364, 116.0], 'JobIds': ['125142271.0'], 'State': 'finished', 'RecordedSite': True}, '70': {'Retries': 0, 'Restarts': 0, 'SiteHistory': ['Unknown', 'T2_IT_Bari', 'T2_IT_Bari'], 'ResidentSetSize': [33792], 'SubmitTimes': [1749107068.0], 'StartTimes': [1749107351.0], 'EndTimes': [1749107464.0], 'TotalUserCpuTimeHistory': [32], 'TotalSysCpuTimeHistory': [11], 'WallDurations': [9.0, 77.3343608379364, 113.0], 'JobIds': ['125142272.0'], 'State': 'finished', 'RecordedSite': True}, '60': {'Retries': 0, 'Restarts': 0, 'SiteHistory': ['Unknown', 'T2_IT_Bari', 'T2_IT_Bari'], 'ResidentSetSize': [1531288], 'SubmitTimes': [1749107068.0], 'StartTimes': [1749107352.0], 'EndTimes': [1749107456.0], 'TotalUserCpuTimeHistory': [33], 'TotalSysCpuTimeHistory': [11], 'WallDurations': [9.0, 76.3343608379364, 104.0], 'JobIds': ['125142273.0'], 'State': 'finished', 'RecordedSite': True}, '66': {'Retries': 0, 'Restarts': 0, 'SiteHistory': ['Unknown', 'T2_IT_Bari', 'T2_IT_Bari'], 'ResidentSetSize': [87700], 'SubmitTimes': [1749107068.0], 'StartTimes': [1749107354.0], 'EndTimes': [1749107479.0], 'TotalUserCpuTimeHistory': [26], 'TotalSysCpuTimeHistory': [8], 'WallDurations': [8.0, 74.3343608379364, 125.0], 'JobIds': ['125142274.0'], 'State': 'finished', 'RecordedSite': True}, '61': {'Retries': 0, 'Restarts': 0, 'SiteHistory': ['Unknown', 'T2_IT_Bari', 'T2_IT_Bari'], 'ResidentSetSize': [72416], 'SubmitTimes': [1749107068.0], 'StartTimes': [1749107354.0], 'EndTimes': [1749107479.0], 'TotalUserCpuTimeHistory': [26], 'TotalSysCpuTimeHistory': [8], 'WallDurations': [9.0, 74.3343608379364, 125.0], 'JobIds': ['125142275.0'], 'State': 'finished', 'RecordedSite': True}, '68': {'Retries': 0, 'Restarts': 0, 'SiteHistory': ['Unknown', 'T2_IT_Bari', 'T2_IT_Bari'], 'ResidentSetSize': [52224], 'SubmitTimes': [1749107068.0], 'StartTimes': [1749107357.0], 'EndTimes': [1749107482.0], 'TotalUserCpuTimeHistory': [31], 'TotalSysCpuTimeHistory': [13], 'WallDurations': [9.0, 71.3343608379364, 125.0], 'JobIds': ['125142276.0'], 'State': 'finished', 'RecordedSite': True}, '59': {'Retries': 0, 'Restarts': 0, 'SiteHistory': ['Unknown', 'T2_IT_Bari', 'T2_IT_Bari'], 'ResidentSetSize': [55296], 'SubmitTimes': [1749107068.0], 'StartTimes': [1749107357.0], 'EndTimes': [1749107484.0], 'TotalUserCpuTimeHistory': [31], 'TotalSysCpuTimeHistory': [12], 'WallDurations': [9.0, 71.3343608379364, 127.0], 'JobIds': ['125142277.0'], 'State': 'finished', 'RecordedSite': True}, '62': {'Retries': 0, 'Restarts': 0, 'SiteHistory': ['Unknown', 'T2_IT_Bari', 'T2_IT_Bari'], 'ResidentSetSize': [1433796], 'SubmitTimes': [1749107068.0], 'StartTimes': [1749107358.0], 'EndTimes': [1749107481.0], 'TotalUserCpuTimeHistory': [31], 'TotalSysCpuTimeHistory': [12], 'WallDurations': [9.0, 70.3343608379364, 123.0], 'JobIds': ['125142278.0'], 'State': 'finished', 'RecordedSite': True}, '67': {'Retries': 0, 'Restarts': 0, 'SiteHistory': ['Unknown', 'T2_IT_Bari', 'T2_IT_Bari'], 'ResidentSetSize': [58368], 'SubmitTimes': [1749107068.0], 'StartTimes': [1749107358.0], 'EndTimes': [1749107477.0], 'TotalUserCpuTimeHistory': [32], 'TotalSysCpuTimeHistory': [11], 'WallDurations': [9.0, 70.3343608379364, 119.0], 'JobIds': ['125142279.0'], 'State': 'finished', 'RecordedSite': True}, '63': {'Retries': 0, 'Restarts': 0, 'SiteHistory': ['Unknown', 'T2_IT_Bari', 'T2_IT_Bari'], 'ResidentSetSize': [61440], 'SubmitTimes': [1749107068.0], 'StartTimes': [1749107362.0], 'EndTimes': [1749107495.0], 'TotalUserCpuTimeHistory': [33], 'TotalSysCpuTimeHistory': [13], 'WallDurations': [10.0, 66.3343608379364, 133.0], 'JobIds': ['125142280.0'], 'State': 'finished', 'RecordedSite': True}, '65': {'Retries': 0, 'Restarts': 0, 'SiteHistory': ['Unknown', 'T2_IT_Bari', 'T2_IT_Bari'], 'ResidentSetSize': [1442084], 'SubmitTimes': [1749107068.0], 'StartTimes': [1749107362.0], 'EndTimes': [1749107476.0], 'TotalUserCpuTimeHistory': [32], 'TotalSysCpuTimeHistory': [12], 'WallDurations': [9.0, 66.3343608379364, 114.0], 'JobIds': ['125142281.0'], 'State': 'finished', 'RecordedSite': True}, '72': {'Retries': 0, 'Restarts': 0, 'SiteHistory': ['Unknown', 'T2_IT_Bari', 'T2_IT_Bari'], 'ResidentSetSize': [58368], 'SubmitTimes': [1749107068.0], 'StartTimes': [1749107362.0], 'EndTimes': [1749107496.0], 'TotalUserCpuTimeHistory': [33], 'TotalSysCpuTimeHistory': [13], 'WallDurations': [9.0, 66.3343608379364, 134.0], 'JobIds': ['125142282.0'], 'State': 'finished', 'RecordedSite': True}, '74': {'Retries': 0, 'Restarts': 0, 'SiteHistory': ['Unknown', 'T2_IT_Bari', 'T2_IT_Bari'], 'ResidentSetSize': [1426188], 'SubmitTimes': [1749107068.0], 'StartTimes': [1749107362.0], 'EndTimes': [1749107493.0], 'TotalUserCpuTimeHistory': [32], 'TotalSysCpuTimeHistory': [13], 'WallDurations': [9.0, 66.3343608379364, 131.0], 'JobIds': ['125142283.0'], 'State': 'finished', 'RecordedSite': True}, '71': {'Retries': 0, 'Restarts': 0, 'SiteHistory': ['Unknown', 'T2_IT_Bari', 'T2_IT_Bari'], 'ResidentSetSize': [76800], 'SubmitTimes': [1749107068.0], 'StartTimes': [1749107366.0], 'EndTimes': [1749107498.0], 'TotalUserCpuTimeHistory': [32], 'TotalSysCpuTimeHistory': [12], 'WallDurations': [9.0, 62.3343608379364, 132.0], 'JobIds': ['125142284.0'], 'State': 'finished', 'RecordedSite': True}, '73': {'Retries': 0, 'Restarts': 0, 'SiteHistory': ['Unknown', 'T2_IT_Bari', 'T2_IT_Bari'], 'ResidentSetSize': [49152], 'SubmitTimes': [1749107068.0], 'StartTimes': [1749107366.0], 'EndTimes': [1749107489.0], 'TotalUserCpuTimeHistory': [33], 'TotalSysCpuTimeHistory': [12], 'WallDurations': [9.0, 62.3343608379364, 123.0], 'JobIds': ['125142285.0'], 'State': 'finished', 'RecordedSite': True}, '76': {'Retries': 0, 'Restarts': 0, 'SiteHistory': ['Unknown', 'T2_IT_Bari', 'T2_IT_Bari'], 'ResidentSetSize': [30720], 'SubmitTimes': [1749107068.0], 'StartTimes': [1749107367.0], 'EndTimes': [1749107492.0], 'TotalUserCpuTimeHistory': [33], 'TotalSysCpuTimeHistory': [13], 'WallDurations': [9.0, 61.3343608379364, 125.0], 'JobIds': ['125142286.0'], 'State': 'finished', 'RecordedSite': True}, '79': {'Retries': 0, 'Restarts': 0, 'SiteHistory': ['Unknown', 'T2_IT_Bari', 'T2_IT_Bari'], 'ResidentSetSize': [76800], 'SubmitTimes': [1749107068.0], 'StartTimes': [1749107369.0], 'EndTimes': [1749107500.0], 'TotalUserCpuTimeHistory': [33], 'TotalSysCpuTimeHistory': [13], 'WallDurations': [9.0, 59.3343608379364, 131.0], 'JobIds': ['125142287.0'], 'State': 'finished', 'RecordedSite': True}, '75': {'Retries': 0, 'Restarts': 0, 'SiteHistory': ['Unknown', 'T2_IT_Bari', 'T2_IT_Bari'], 'ResidentSetSize': [3072], 'SubmitTimes': [1749107068.0], 'StartTimes': [1749107369.0], 'EndTimes': [1749107493.0], 'TotalUserCpuTimeHistory': [33], 'TotalSysCpuTimeHistory': [12], 'WallDurations': [9.0, 59.3343608379364, 124.0], 'JobIds': ['125142288.0'], 'State': 'finished', 'RecordedSite': True}, '77': {'Retries': 0, 'Restarts': 0, 'SiteHistory': ['Unknown', 'T2_IT_Bari', 'T2_IT_Bari'], 'ResidentSetSize': [64512], 'SubmitTimes': [1749107068.0], 'StartTimes': [1749107368.0], 'EndTimes': [1749107492.0], 'TotalUserCpuTimeHistory': [33], 'TotalSysCpuTimeHistory': [13], 'WallDurations': [9.0, 60.3343608379364, 124.0], 'JobIds': ['125142289.0'], 'State': 'finished', 'RecordedSite': True}, '88': {'Retries': 0, 'Restarts': 0, 'SiteHistory': ['Unknown', 'T2_IT_Bari', 'T2_IT_Bari'], 'ResidentSetSize': [3072], 'SubmitTimes': [1749107068.0], 'StartTimes': [1749107369.0], 'EndTimes': [1749107494.0], 'TotalUserCpuTimeHistory': [32], 'TotalSysCpuTimeHistory': [13], 'WallDurations': [9.0, 59.3343608379364, 125.0], 'JobIds': ['125142290.0'], 'State': 'finished', 'RecordedSite': True}, '78': {'Retries': 0, 'Restarts': 0, 'SiteHistory': ['Unknown', 'T2_IT_Bari', 'T2_IT_Bari'], 'ResidentSetSize': [52224], 'SubmitTimes': [1749107068.0], 'StartTimes': [1749107392.0], 'EndTimes': [1749107559.0], 'TotalUserCpuTimeHistory': [32], 'TotalSysCpuTimeHistory': [12], 'WallDurations': [9.0, 36.3343608379364, 167.0], 'JobIds': ['125142291.0'], 'State': 'finished', 'RecordedSite': True}, '82': {'Retries': 0, 'Restarts': 0, 'SiteHistory': ['Unknown', 'T2_IT_Bari', 'T2_IT_Bari'], 'ResidentSetSize': [1470452], 'SubmitTimes': [1749107068.0], 'StartTimes': [1749107412.0], 'EndTimes': [1749107492.0], 'TotalUserCpuTimeHistory': [25], 'TotalSysCpuTimeHistory': [7], 'WallDurations': [9.0, 16.3343608379364, 80.0], 'JobIds': ['125142292.0'], 'State': 'finished', 'RecordedSite': True}, '80': {'Retries': 0, 'Restarts': 0, 'SiteHistory': ['Unknown', 'T2_IT_Bari', 'T2_IT_Bari'], 'ResidentSetSize': [1467584], 'SubmitTimes': [1749107068.0], 'StartTimes': [1749107413.0], 'EndTimes': [1749107493.0], 'TotalUserCpuTimeHistory': [25], 'TotalSysCpuTimeHistory': [7], 'WallDurations': [8.0, 15.334360837936401, 80.0], 'JobIds': ['125142293.0'], 'State': 'finished', 'RecordedSite': True}, '84': {'Retries': 0, 'Restarts': 0, 'SiteHistory': ['Unknown', 'T2_IT_Bari', 'T2_IT_Bari'], 'ResidentSetSize': [1464912], 'SubmitTimes': [1749107069.0], 'StartTimes': [1749107416.0], 'EndTimes': [1749107495.0], 'TotalUserCpuTimeHistory': [25], 'TotalSysCpuTimeHistory': [7], 'WallDurations': [8.0, 12.334360837936401, 79.0], 'JobIds': ['125142294.0'], 'State': 'finished', 'RecordedSite': True}, '81': {'Retries': 0, 'Restarts': 0, 'SiteHistory': ['Unknown', 'T2_IT_Bari', 'T2_IT_Bari'], 'ResidentSetSize': [1474376], 'SubmitTimes': [1749107069.0], 'StartTimes': [1749107422.0], 'EndTimes': [1749107505.0], 'TotalUserCpuTimeHistory': [24], 'TotalSysCpuTimeHistory': [6], 'WallDurations': [0, 6.334360837936401, 83.0], 'JobIds': ['125142295.0'], 'State': 'finished', 'RecordedSite': True}, '85': {'Retries': 0, 'Restarts': 0, 'SiteHistory': ['Unknown', 'T2_IT_Bari', 'T2_IT_Bari'], 'ResidentSetSize': [1460740], 'SubmitTimes': [1749107069.0], 'StartTimes': [1749107425.0], 'EndTimes': [1749107507.0], 'TotalUserCpuTimeHistory': [26], 'TotalSysCpuTimeHistory': [7], 'WallDurations': [0, 3.3343608379364014, 82.0], 'JobIds': ['125142296.0'], 'State': 'finished', 'RecordedSite': True}, '83': {'Retries': 0, 'Restarts': 0, 'SiteHistory': ['Unknown', 'T2_IT_Bari', 'T2_IT_Bari'], 'ResidentSetSize': [1473004], 'SubmitTimes': [1749107069.0], 'StartTimes': [1749107426.0], 'EndTimes': [1749107504.0], 'TotalUserCpuTimeHistory': [24], 'TotalSysCpuTimeHistory': [6], 'WallDurations': [0, 2.3343608379364014, 78.0], 'JobIds': ['125142297.0'], 'State': 'finished', 'RecordedSite': True}, '90': {'Retries': 0, 'Restarts': 0, 'SiteHistory': ['Unknown', 'T2_IT_Bari', 'T2_IT_Bari'], 'ResidentSetSize': [74232], 'SubmitTimes': [1749107069.0], 'StartTimes': [1749107427.0], 'EndTimes': [1749107507.0], 'TotalUserCpuTimeHistory': [23], 'TotalSysCpuTimeHistory': [6], 'WallDurations': [0, 1.3343608379364014, 80.0], 'JobIds': ['125142298.0'], 'State': 'finished', 'RecordedSite': True}, '91': {'Retries': 0, 'Restarts': 0, 'SiteHistory': ['Unknown', 'T2_IT_Bari', 'T2_IT_Bari'], 'ResidentSetSize': [1464280], 'SubmitTimes': [1749107069.0], 'StartTimes': [1749107431.0], 'EndTimes': [1749107513.0], 'TotalUserCpuTimeHistory': [24], 'TotalSysCpuTimeHistory': [6], 'WallDurations': [82.0, 297.8313171863556, 297.8313171863556], 'JobIds': ['125142299.0'], 'State': 'finished', 'RecordedSite': True}, '89': {'Retries': 0, 'Restarts': 0, 'SiteHistory': ['Unknown', 'T2_IT_Bari', 'T2_IT_Bari'], 'ResidentSetSize': [1474700], 'SubmitTimes': [1749107069.0], 'StartTimes': [1749107433.0], 'EndTimes': [1749107523.0], 'TotalUserCpuTimeHistory': [25], 'TotalSysCpuTimeHistory': [6], 'WallDurations': [90.0, 295.8313171863556, 295.8313171863556], 'JobIds': ['125142300.0'], 'State': 'finished', 'RecordedSite': True}, '92': {'Retries': 0, 'Restarts': 0, 'SiteHistory': ['Unknown', 'T2_IT_Bari', 'T2_IT_Bari'], 'ResidentSetSize': [1440972], 'SubmitTimes': [1749107069.0], 'StartTimes': [1749107451.0], 'EndTimes': [1749107548.0], 'TotalUserCpuTimeHistory': [33], 'TotalSysCpuTimeHistory': [10], 'WallDurations': [97.0, 277.8313171863556, 277.8313171863556], 'JobIds': ['125142301.0'], 'State': 'finished', 'RecordedSite': True}, '87': {'Retries': 0, 'Restarts': 0, 'SiteHistory': ['Unknown', 'T2_IT_Bari', 'T2_IT_Bari'], 'ResidentSetSize': [1444680], 'SubmitTimes': [1749107069.0], 'StartTimes': [1749107453.0], 'EndTimes': [1749107556.0], 'TotalUserCpuTimeHistory': [31], 'TotalSysCpuTimeHistory': [12], 'WallDurations': [103.0, 275.8313171863556, 275.8313171863556], 'JobIds': ['125142302.0'], 'State': 'finished', 'RecordedSite': True}, '86': {'Retries': 0, 'Restarts': 0, 'SiteHistory': ['Unknown', 'T2_IT_Bari', 'T2_IT_Bari'], 'ResidentSetSize': [1446736], 'SubmitTimes': [1749107069.0], 'StartTimes': [1749107458.0], 'EndTimes': [1749107563.0], 'TotalUserCpuTimeHistory': [33], 'TotalSysCpuTimeHistory': [10], 'WallDurations': [105.0, 270.8313171863556, 270.8313171863556], 'JobIds': ['125142303.0'], 'State': 'finished', 'RecordedSite': True}, '96': {'Retries': 0, 'Restarts': 0, 'SiteHistory': ['Unknown', 'T2_IT_Bari', 'T2_IT_Bari'], 'ResidentSetSize': [55296], 'SubmitTimes': [1749107069.0], 'StartTimes': [1749107459.0], 'EndTimes': [1749107566.0], 'TotalUserCpuTimeHistory': [33], 'TotalSysCpuTimeHistory': [10], 'WallDurations': [107.0, 269.8313171863556, 269.8313171863556], 'JobIds': ['125142304.0'], 'State': 'finished', 'RecordedSite': True}, '93': {'Retries': 0, 'Restarts': 0, 'SiteHistory': ['Unknown', 'T2_IT_Bari', 'T2_IT_Bari'], 'ResidentSetSize': [1444424], 'SubmitTimes': [1749107069.0], 'StartTimes': [1749107459.0], 'EndTimes': [1749107570.0], 'TotalUserCpuTimeHistory': [33], 'TotalSysCpuTimeHistory': [13], 'WallDurations': [111.0, 269.8313171863556, 269.8313171863556], 'JobIds': ['125142305.0'], 'State': 'finished', 'RecordedSite': True}, '94': {'Retries': 0, 'Restarts': 0, 'SiteHistory': ['Unknown', 'T2_IT_Bari', 'T2_IT_Bari'], 'ResidentSetSize': [1446592], 'SubmitTimes': [1749107069.0], 'StartTimes': [1749107464.0], 'EndTimes': [1749107571.0], 'TotalUserCpuTimeHistory': [33], 'TotalSysCpuTimeHistory': [11], 'WallDurations': [107.0, 264.8313171863556, 264.8313171863556], 'JobIds': ['125142306.0'], 'State': 'finished', 'RecordedSite': True}, '95': {'Retries': 0, 'Restarts': 0, 'SiteHistory': ['Unknown', 'T2_IT_Bari', 'T2_IT_Bari'], 'ResidentSetSize': [1435020], 'SubmitTimes': [1749107069.0], 'StartTimes': [1749107466.0], 'EndTimes': [1749107579.0], 'TotalUserCpuTimeHistory': [32], 'TotalSysCpuTimeHistory': [11], 'WallDurations': [113.0, 262.8313171863556, 262.8313171863556], 'JobIds': ['125142307.0'], 'State': 'finished', 'RecordedSite': True}, '99': {'Retries': 0, 'Restarts': 0, 'SiteHistory': ['Unknown', 'T2_IT_Bari', 'T2_IT_Bari'], 'ResidentSetSize': [1447324], 'SubmitTimes': [1749107069.0], 'StartTimes': [1749107469.0], 'EndTimes': [1749107580.0], 'TotalUserCpuTimeHistory': [32], 'TotalSysCpuTimeHistory': [12], 'WallDurations': [111.0, 259.8313171863556, 259.8313171863556], 'JobIds': ['125142308.0'], 'State': 'finished', 'RecordedSite': True}, '97': {'Retries': 0, 'Restarts': 0, 'SiteHistory': ['Unknown', 'T2_IT_Bari', 'T2_IT_Bari'], 'ResidentSetSize': [70656], 'SubmitTimes': [1749107069.0], 'StartTimes': [1749107472.0], 'EndTimes': [1749107588.0], 'TotalUserCpuTimeHistory': [30], 'TotalSysCpuTimeHistory': [9], 'WallDurations': [116.0, 256.8313171863556, 256.8313171863556], 'JobIds': ['125142309.0'], 'State': 'finished', 'RecordedSite': True}, '35': {'Retries': 0, 'Restarts': 0, 'SiteHistory': ['Unknown', 'T2_IT_Bari', 'T2_IT_Bari'], 'ResidentSetSize': [1541196], 'SubmitTimes': [1749107069.0], 'StartTimes': [1749107474.0], 'EndTimes': [1749107574.0], 'TotalUserCpuTimeHistory': [25], 'TotalSysCpuTimeHistory': [7], 'WallDurations': [100.0, 254.8313171863556, 254.8313171863556], 'JobIds': ['125142310.0'], 'State': 'finished', 'RecordedSite': True}, '100': {'Retries': 0, 'Restarts': 0, 'SiteHistory': ['Unknown', 'T2_IT_Bari', 'T2_IT_Bari'], 'ResidentSetSize': [1439636], 'SubmitTimes': [1749107069.0], 'StartTimes': [1749107476.0], 'EndTimes': [1749107599.0], 'TotalUserCpuTimeHistory': [33], 'TotalSysCpuTimeHistory': [13], 'WallDurations': [123.0, 252.8313171863556, 252.8313171863556], 'JobIds': ['125142311.0'], 'State': 'finished', 'RecordedSite': True}, '98': {'Retries': 0, 'Restarts': 0, 'SiteHistory': ['Unknown', 'T2_IT_Bari', 'T2_IT_Bari'], 'ResidentSetSize': [1536476], 'SubmitTimes': [1749107069.0], 'StartTimes': [1749107474.0], 'EndTimes': [1749107555.0], 'TotalUserCpuTimeHistory': [24], 'TotalSysCpuTimeHistory': [7], 'WallDurations': [81.0, 254.8313171863556, 254.8313171863556], 'JobIds': ['125142312.0'], 'State': 'finished', 'RecordedSite': True}}
INFO 2025-06-05 07:24:22.100 UTC: 	 Status on the scheduler:	COMPLETED
INFO 2025-06-05 07:24:22.100 UTC: 	 
Jobs status:                    finished     		100.0% (100/100)
DEBUG 2025-06-05 07:24:22.100 UTC: 	 Encoded data for curl request: subresource=publicationstatus&workflow=250605_070214%3Afnenna_crab_140X_mcPhase2_NuGunPU200_MiniaodAna_PU50_v2&username=fnenna
INFO 2025-06-05 07:24:22.250 UTC: 	 
Output dataset:			/FakeDataset/fakefile-FakePublish-37d359c28b041cfb677b501924a5299f/USER
INFO 2025-06-05 07:24:22.250 UTC: 	 
No publication information available yet
INFO 2025-06-05 07:24:22.254 UTC: 	 
Warning: the max jobs runtime is less than 30% of the task requested value (1250 min), please consider to request a lower value for failed jobs (allowed through crab resubmit) and/or improve the jobs splitting (e.g. config.Data.splitting = 'Automatic') in a new task.
INFO 2025-06-05 07:24:22.254 UTC: 	 
Warning: the average jobs CPU efficiency is less than 50%, please consider to improve the jobs splitting (e.g. config.Data.splitting = 'Automatic') in a new task
INFO 2025-06-05 07:24:22.254 UTC: 	 
Summary of run jobs:
 * Memory: 3MB min, 1519MB max, 893MB ave
 * Runtime: 0:01:18 min, 0:04:57 max, 0:02:55 ave
 * CPU eff: 10% min, 42% max, 23% ave
 * Waste: 6:29:08 (57% of total)

INFO 2025-06-05 07:24:22.293 UTC: 	 Log file is /lustrehome/felicenenna/tau3mu/CMSSW_14_0_17/src/GenAnalyser/GenAnalyzer/CrabSubmission/crab_projects/crab_140X_mcPhase2_NuGunPU200_MiniaodAna_PU50_v2/crab.log
