DEBUG 2025-06-03 18:43:36.725 UTC: 	 CRAB Client version: v3.250409
DEBUG 2025-06-03 18:43:36.725 UTC: 	 Running on: Linux ui02.recas.ba.infn.it 3.10.0-1160.80.1.el7.x86_64 #1 SMP Tue Nov 8 15:48:59 UTC 2022 x86_64 x86_64 x86_64 GNU/Linux
DEBUG 2025-06-03 18:43:36.726 UTC: 	 Not using Singularity
DEBUG 2025-06-03 18:43:36.726 UTC: 	 Operating System: CentOS Linux 7 (Core)
DEBUG 2025-06-03 18:43:36.726 UTC: 	 Executing command: 'submit'
DEBUG 2025-06-03 18:43:36.726 UTC: 	 Found CRAB cache file /lustrehome/felicenenna/.crab3
INFO 2025-06-03 18:43:36.726 UTC: 	 Will use CRAB configuration file crab_Ana_NuGunE10_MINIAOD_Phase2_cfg.py
DEBUG 2025-06-03 18:43:36.727 UTC: 	 Loading CRAB configuration file.
DEBUG 2025-06-03 18:43:36.729 UTC: 	 Will use CRAB plugin ANALYSIS (i.e. will run an analysis job type).
DEBUG 2025-06-03 18:43:36.733 UTC: 	 Checking credentials
DEBUG 2025-06-03 18:43:36.733 UTC: 	 Found proxy file /tmp/x509up_u881416
DEBUG 2025-06-03 18:43:36.733 UTC: 	 Making sure it has proper VOMS extension
DEBUG 2025-06-03 18:43:36.733 UTC: 	 Executing command :
 voms-proxy-info --vo --file /tmp/x509up_u881416
DEBUG 2025-06-03 18:43:37.582 UTC: 	 output : cms

 error: 
 retcode : 0
DEBUG 2025-06-03 18:43:37.583 UTC: 	 Getting proxy life time left
DEBUG 2025-06-03 18:43:37.583 UTC: 	 Executing command :
 voms-proxy-info --actimeleft --timeleft --file /tmp/x509up_u881416
DEBUG 2025-06-03 18:43:38.435 UTC: 	 output : 72089
72088

 error: 
 retcode : 0
DEBUG 2025-06-03 18:43:38.436 UTC: 	 Proxy valid for 20:01:28 hours
DEBUG 2025-06-03 18:43:38.436 UTC: 	 Encoded data for curl request: subresource=delegatedn
DEBUG 2025-06-03 18:43:38.586 UTC: 	 Registering user credentials on myproxy for /DC=ch/DC=cern/OU=computers/CN=crab-(preprod|prod)-tw(01|02).cern.ch|/DC=ch/DC=cern/OU=computers/CN=crab-dev-tw(01|02|03|04).cern.ch|/DC=ch/DC=cern/OU=Organic Units/OU=Users/CN=cmscrab/CN=(817881|373708)/CN=Robot: cms crab|/DC=ch/DC=cern/OU=Organic Units/OU=Users/CN=crabint1/CN=373708/CN=Robot: CMS CRAB Integration 1
DEBUG 2025-06-03 18:43:38.586 UTC: 	 Executing command :
 voms-proxy-info --identity --file /tmp/x509up_u881416
DEBUG 2025-06-03 18:43:39.435 UTC: 	 output : /DC=ch/DC=cern/OU=Organic Units/OU=Users/CN=fnenna/CN=868185/CN=Felice Nenna

 error: 
 retcode : 0
DEBUG 2025-06-03 18:43:39.435 UTC: 	 Getting myproxy life time left for a133b326f2e83ec4c6fd8cd18786edfdbb69b415
DEBUG 2025-06-03 18:43:39.435 UTC: 	 Executing command :
 myproxy-info -s myproxy.cern.ch -l a133b326f2e83ec4c6fd8cd18786edfdbb69b415
DEBUG 2025-06-03 18:43:39.969 UTC: 	 output : username: a133b326f2e83ec4c6fd8cd18786edfdbb69b415
owner: /DC=ch/DC=cern/OU=Organic Units/OU=Users/CN=fnenna/CN=868185/CN=Felice Nenna
  renewal policy: /DC=ch/DC=cern/OU=computers/CN=crab-(preprod|prod)-tw(01|02).cern.ch|/DC=ch/DC=cern/OU=computers/CN=crab-dev-tw(01|02|03|04).cern.ch|/DC=ch/DC=cern/OU=Organic Units/OU=Users/CN=cmscrab/CN=(817881|373708)/CN=Robot: cms crab|/DC=ch/DC=cern/OU=Organic Units/OU=Users/CN=crabint1/CN=373708/CN=Robot: CMS CRAB Integration 1
  trusted retrieval policy: /DC=ch/DC=cern/OU=computers/CN=crab-(preprod|prod)-tw(01|02).cern.ch|/DC=ch/DC=cern/OU=computers/CN=crab-dev-tw(01|02|03|04).cern.ch|/DC=ch/DC=cern/OU=Organic Units/OU=Users/CN=cmscrab/CN=(817881|373708)/CN=Robot: cms crab|/DC=ch/DC=cern/OU=Organic Units/OU=Users/CN=crabint1/CN=373708/CN=Robot: CMS CRAB Integration 1
  timeleft: 666:41:30  (27.8 days)

 error: 
 retcode : 0
DEBUG 2025-06-03 18:43:39.969 UTC: 	 Myproxy is valid: 2400060
DEBUG 2025-06-03 18:43:39.969 UTC: 	 Result of myproxy credential check:
  Credential exists on myproxy: username: a133b326f2e83ec4c6fd8cd18786edfdbb69b415  - validity: 27 days, 18:41:00
DEBUG 2025-06-03 18:43:39.969 UTC: 	 Command use: submit
DEBUG 2025-06-03 18:43:39.969 UTC: 	 Options use: ['-c', 'crab_Ana_NuGunE10_MINIAOD_Phase2_cfg.py']
DEBUG 2025-06-03 18:43:39.970 UTC: 	 Encoded data for curl request: subresource=version
DEBUG 2025-06-03 18:43:40.115 UTC: 	 CRABClient version: v3.250409
DEBUG 2025-06-03 18:43:40.115 UTC: 	 Instance is prod
DEBUG 2025-06-03 18:43:40.115 UTC: 	 Server base url is cmsweb.cern.ch
DEBUG 2025-06-03 18:43:40.115 UTC: 	 Command api workflow
DEBUG 2025-06-03 18:43:40.115 UTC: 	 Started submission
DEBUG 2025-06-03 18:43:40.115 UTC: 	 Working on /lustrehome/felicenenna/tau3mu/CMSSW_14_0_17/src/GenAnalyser/GenAnalyzer/CrabSubmission/crab_projects/crab_140X_mcPhase2_NuGunPU200_MiniaodAna_PU50
DEBUG 2025-06-03 18:43:40.116 UTC: 	 Encoded data for curl request: subresource=backendurls
DEBUG 2025-06-03 18:43:40.343 UTC: 	 Loading required information from the environment
DEBUG 2025-06-03 18:43:40.343 UTC: 	 Found CMSSW_14_0_17 for slc7_amd64_gcc12 with base /lustrehome/felicenenna/tau3mu/CMSSW_14_0_17
DEBUG 2025-06-03 18:43:40.343 UTC: 	 Loading required information from the environment
DEBUG 2025-06-03 18:43:40.343 UTC: 	 Found CMSSW_14_0_17 for slc7_amd64_gcc12 with base /lustrehome/felicenenna/tau3mu/CMSSW_14_0_17
DEBUG 2025-06-03 18:43:40.343 UTC: 	 UNIQUE NAME: tarUUID 0cdf0e07-8b44-4b55-b38a-826ba7202815 
DEBUG 2025-06-03 18:43:40.343 UTC: 	 self.config: from WMCore.Configuration import Configuration
config = Configuration()
config.section_('General')
config.General.transferLogs = True
config.General.workArea = 'crab_projects'
config.General.transferOutputs = True
config.General.requestName = '140X_mcPhase2_NuGunPU200_MiniaodAna_PU50'
config.section_('JobType')
config.JobType.allowUndistributedCMSSW = True
config.JobType.psetName = '/lustrehome/felicenenna/tau3mu/CMSSW_14_0_17/src/GenAnalyser/GenAnalyzer/python/genAnalyser_cff.py'
config.JobType.pluginName = 'Analysis'
config.section_('Data')
config.Data.inputDataset = '/NuGunE10_Phase2_PUstudies/fnenna-140X_mcPhase2_14TeV_NuGun_MINIAOD_50-ece9576153624786c5b578bc33ac1c32/USER'
config.Data.unitsPerJob = 5
config.Data.outputDatasetTag = '140X_mcPhase2_NuGunPU200_MiniaodAna_PU50'
config.Data.splitting = 'FileBased'
config.Data.inputDBS = 'phys03'
config.Data.publication = True
config.section_('Site')
config.Site.storageSite = 'T2_IT_Bari'
config.Site.ignoreGlobalBlacklist = True
config.section_('User')
config.section_('Debug')

DEBUG 2025-06-03 18:43:40.343 UTC: 	 self.config.JobType.psetName: /lustrehome/felicenenna/tau3mu/CMSSW_14_0_17/src/GenAnalyser/GenAnalyzer/python/genAnalyser_cff.py
INFO 2025-06-03 18:43:40.343 UTC: 	 Importing CMSSW configuration /lustrehome/felicenenna/tau3mu/CMSSW_14_0_17/src/GenAnalyser/GenAnalyzer/python/genAnalyser_cff.py
INFO 2025-06-03 18:43:43.551 UTC: 	 Finished importing CMSSW configuration /lustrehome/felicenenna/tau3mu/CMSSW_14_0_17/src/GenAnalyser/GenAnalyzer/python/genAnalyser_cff.py
DEBUG 2025-06-03 18:43:43.551 UTC: 	 Writing CMSSW configuration to /lustrehome/felicenenna/tau3mu/CMSSW_14_0_17/src/GenAnalyser/GenAnalyzer/CrabSubmission/crab_projects/crab_140X_mcPhase2_NuGunPU200_MiniaodAna_PU50/inputs/PSet.py
DEBUG 2025-06-03 18:43:43.646 UTC: 	 The following EDM output files will be collected: []
DEBUG 2025-06-03 18:43:43.646 UTC: 	 The following TFile output files will be collected: ['TreeMC_GEMsegmPU50.root']
DEBUG 2025-06-03 18:43:43.646 UTC: 	 The following user output files (not listed as PoolOuputModule or TFileService in the CMSSW PSet) will be collected: 
DEBUG 2025-06-03 18:43:43.646 UTC: 	 Loading required information from the environment
DEBUG 2025-06-03 18:43:43.646 UTC: 	 Found CMSSW_14_0_17 for slc7_amd64_gcc12 with base /lustrehome/felicenenna/tau3mu/CMSSW_14_0_17
DEBUG 2025-06-03 18:43:43.646 UTC: 	 Making tarball in /lustrehome/felicenenna/tau3mu/CMSSW_14_0_17/src/GenAnalyser/GenAnalyzer/CrabSubmission/crab_projects/crab_140X_mcPhase2_NuGunPU200_MiniaodAna_PU50/inputs/0cdf0e07-8b44-4b55-b38a-826ba7202815default.tgz
DEBUG 2025-06-03 18:43:43.647 UTC: 	 Checking directory /lustrehome/felicenenna/tau3mu/CMSSW_14_0_17/bin
DEBUG 2025-06-03 18:43:43.647 UTC: 	 Adding directory /lustrehome/felicenenna/tau3mu/CMSSW_14_0_17/bin to tarball
DEBUG 2025-06-03 18:43:43.699 UTC: 	 Checking directory /lustrehome/felicenenna/tau3mu/CMSSW_14_0_17/python
DEBUG 2025-06-03 18:43:43.699 UTC: 	 Adding directory /lustrehome/felicenenna/tau3mu/CMSSW_14_0_17/python to tarball
DEBUG 2025-06-03 18:43:44.262 UTC: 	 Checking directory /lustrehome/felicenenna/tau3mu/CMSSW_14_0_17/cfipython
DEBUG 2025-06-03 18:43:44.262 UTC: 	 Adding directory /lustrehome/felicenenna/tau3mu/CMSSW_14_0_17/cfipython to tarball
DEBUG 2025-06-03 18:43:44.363 UTC: 	 Checking directory /lustrehome/felicenenna/tau3mu/CMSSW_14_0_17/lib
DEBUG 2025-06-03 18:43:44.363 UTC: 	 Adding directory /lustrehome/felicenenna/tau3mu/CMSSW_14_0_17/lib to tarball
DEBUG 2025-06-03 18:43:46.385 UTC: 	 Checking directory /lustrehome/felicenenna/tau3mu/CMSSW_14_0_17/biglib
DEBUG 2025-06-03 18:43:46.386 UTC: 	 Adding directory /lustrehome/felicenenna/tau3mu/CMSSW_14_0_17/biglib to tarball
DEBUG 2025-06-03 18:43:46.387 UTC: 	 Checking directory /lustrehome/felicenenna/tau3mu/CMSSW_14_0_17/module
DEBUG 2025-06-03 18:43:46.387 UTC: 	 Checking directory /lustrehome/felicenenna/tau3mu/CMSSW_14_0_17/config/SCRAM/hooks
DEBUG 2025-06-03 18:43:46.387 UTC: 	 Adding directory /lustrehome/felicenenna/tau3mu/CMSSW_14_0_17/config/SCRAM/hooks to tarball
DEBUG 2025-06-03 18:43:46.467 UTC: 	 Adding directory /lustrehome/felicenenna/tau3mu/CMSSW_14_0_17/src/GenAnalyser/GenAnalyzer/python to tarball
DEBUG 2025-06-03 18:43:46.988 UTC: 	 Adding directory /lustrehome/felicenenna/tau3mu/CMSSW_14_0_17/src/MC_generation/DsTau3Mu/python to tarball
DEBUG 2025-06-03 18:43:47.452 UTC: 	 Adding directory /lustrehome/felicenenna/tau3mu/CMSSW_14_0_17/src/MC_generation/TenMuonGun/python to tarball
DEBUG 2025-06-03 18:43:48.082 UTC: 	 Adding directory /lustrehome/felicenenna/tau3mu/CMSSW_14_0_17/src/Plugins/MiniAnaTau3Mu/python to tarball
DEBUG 2025-06-03 18:43:48.138 UTC: 	 Adding directory /lustrehome/felicenenna/tau3mu/CMSSW_14_0_17/src/Plugins/TrackFromCandProducer/python to tarball
DEBUG 2025-06-03 18:43:48.142 UTC: 	 Adding directory /lustrehome/felicenenna/tau3mu/CMSSW_14_0_17/src/Plugins/RecoMuonAnalyzer/python to tarball
DEBUG 2025-06-03 18:43:48.154 UTC: 	 Adding directory /lustrehome/felicenenna/tau3mu/CMSSW_14_0_17/src/Plugins/SimpleEventCounter/python to tarball
DEBUG 2025-06-03 18:43:48.169 UTC: 	 Adding directory /lustrehome/felicenenna/tau3mu/CMSSW_14_0_17/src/Plugins/PFCandFilter/python to tarball
DEBUG 2025-06-03 18:43:48.172 UTC: 	 Adding directory /lustrehome/felicenenna/tau3mu/CMSSW_14_0_17/src/PhysicsTools/PatAlgos/interface to tarball
DEBUG 2025-06-03 18:43:48.273 UTC: 	 Adding directory /lustrehome/felicenenna/tau3mu/CMSSW_14_0_17/src/PhysicsTools/PatAlgos/python to tarball
DEBUG 2025-06-03 18:43:49.828 UTC: 	 Adding directory /lustrehome/felicenenna/tau3mu/CMSSW_14_0_17/src/EventFilter/GEMRawToDigi/interface to tarball
DEBUG 2025-06-03 18:43:49.831 UTC: 	 Adding directory /lustrehome/felicenenna/tau3mu/CMSSW_14_0_17/src/EventFilter/GEMRawToDigi/python to tarball
DEBUG 2025-06-03 18:43:50.051 UTC: 	 Adding directory /lustrehome/felicenenna/tau3mu/CMSSW_14_0_17/src/PU_analysis/python to tarball
DEBUG 2025-06-03 18:43:50.084 UTC: 	 Adding directory /lustrehome/felicenenna/tau3mu/CMSSW_14_0_17/src/SkimTools/SkimTau3Mu/python to tarball
DEBUG 2025-06-03 18:43:50.153 UTC: 	 Adding directory /lustrehome/felicenenna/tau3mu/CMSSW_14_0_17/src/SkimTools/SkimPhiPi/python to tarball
DEBUG 2025-06-03 18:43:50.171 UTC: 	 Adding directory /lustrehome/felicenenna/tau3mu/CMSSW_14_0_17/src/SkimTools/SkimPhiMuNu/python to tarball
DEBUG 2025-06-03 18:43:50.390 UTC: 	 Uploading archive /lustrehome/felicenenna/tau3mu/CMSSW_14_0_17/src/GenAnalyser/GenAnalyzer/CrabSubmission/crab_projects/crab_140X_mcPhase2_NuGunPU200_MiniaodAna_PU50/inputs/0cdf0e07-8b44-4b55-b38a-826ba7202815default.tgz (3.694336.1 MB) to the CRAB cache. Using URI https://cmsweb.cern.ch/S3/crabcache_prod
DEBUG 2025-06-03 18:43:52.269 UTC: 	 Encoded data for curl request: subresource=upload&objecttype=sandbox&tarballname=8827204723e19b61f74202839ecae2837d860a690d68b0cb9428213d3b5138a8.tar.gz
DEBUG 2025-06-03 18:43:52.476 UTC: 	 sandbox 8827204723e19b61f74202839ecae2837d860a690d68b0cb9428213d3b5138a8.tar.gz is already in the S3 store, will not upload again
DEBUG 2025-06-03 18:43:52.476 UTC: 	 Loading required information from the environment
DEBUG 2025-06-03 18:43:52.476 UTC: 	 Found CMSSW_14_0_17 for slc7_amd64_gcc12 with base /lustrehome/felicenenna/tau3mu/CMSSW_14_0_17
DEBUG 2025-06-03 18:43:52.476 UTC: 	 Making tarball in /lustrehome/felicenenna/tau3mu/CMSSW_14_0_17/src/GenAnalyser/GenAnalyzer/CrabSubmission/crab_projects/crab_140X_mcPhase2_NuGunPU200_MiniaodAna_PU50/inputs/debugFiles.tgz
DEBUG 2025-06-03 18:43:52.482 UTC: 	 Uploading archive /lustrehome/felicenenna/tau3mu/CMSSW_14_0_17/src/GenAnalyser/GenAnalyzer/CrabSubmission/crab_projects/crab_140X_mcPhase2_NuGunPU200_MiniaodAna_PU50/inputs/debugFiles.tgz (2 KB) to the CRAB cache. Using URI https://cmsweb.cern.ch/S3/crabcache_prod
DEBUG 2025-06-03 18:43:52.485 UTC: 	 Encoded data for curl request: subresource=upload&objecttype=sandbox&tarballname=62f594996f5f328f1d9b1532d823f0c428693e1b3e639400bab3308992e10c26.tar.gz
DEBUG 2025-06-03 18:43:52.694 UTC: 	 Will execute:
curl -f -v -X POST  -H "User-Agent: CRAB" -F "key=fnenna/sandboxes/62f594996f5f328f1d9b1532d823f0c428693e1b3e639400bab3308992e10c26.tar.gz" -F "AWSAccessKeyId=715203df6482458ba839e73e6dab634b" -F "policy=eyJleHBpcmF0aW9uIjogIjIwMjUtMDYtMDNUMTk6NDM6NTJaIiwgImNvbmRpdGlvbnMiOiBbeyJidWNrZXQiOiAiY3JhYmNhY2hlX3Byb2QifSwgeyJrZXkiOiAiZm5lbm5hL3NhbmRib3hlcy82MmY1OTQ5OTZmNWYzMjhmMWQ5YjE1MzJkODIzZjBjNDI4NjkzZTFiM2U2Mzk0MDBiYWIzMzA4OTkyZTEwYzI2LnRhci5neiJ9XX0=" -F "signature=axNj5G8x4dPPXNcXG5sPlI6Fkz0=" -F "file=@/lustrehome/felicenenna/tau3mu/CMSSW_14_0_17/src/GenAnalyser/GenAnalyzer/CrabSubmission/crab_projects/crab_140X_mcPhase2_NuGunPU200_MiniaodAna_PU50/inputs/debugFiles.tgz" "https://s3.cern.ch/crabcache_prod"
DEBUG 2025-06-03 18:43:52.853 UTC: 	 exitcode: 0
stdout: b''
DEBUG 2025-06-03 18:43:52.853 UTC: 	 upload to S3 of sandbox /lustrehome/felicenenna/tau3mu/CMSSW_14_0_17/src/GenAnalyser/GenAnalyzer/CrabSubmission/crab_projects/crab_140X_mcPhase2_NuGunPU200_MiniaodAna_PU50/inputs/debugFiles.tgz completed
DEBUG 2025-06-03 18:43:52.853 UTC: 	 make sure that object is ready for retrieve
DEBUG 2025-06-03 18:43:53.854 UTC: 	 Encoded data for curl request: subresource=download&objecttype=sandbox&tarballname=62f594996f5f328f1d9b1532d823f0c428693e1b3e639400bab3308992e10c26.tar.gz&clientmethod=head_object
DEBUG 2025-06-03 18:43:54.000 UTC: 	 PreSignedUrl to download sandbox received OK
DEBUG 2025-06-03 18:43:54.004 UTC: 	 Will execute:
 curl -v -s -f -o /dev/null --head  "https://s3.cern.ch/crabcache_prod/fnenna/sandboxes/62f594996f5f328f1d9b1532d823f0c428693e1b3e639400bab3308992e10c26.tar.gz?AWSAccessKeyId=715203df6482458ba839e73e6dab634b&Signature=poh3PZ1nTW65HMeDupXgnc%2BQ0%2BE%3D&Expires=1748979833"
DEBUG 2025-06-03 18:43:54.129 UTC: 	 exitcode: 0
stdout: b''
DEBUG 2025-06-03 18:43:54.129 UTC: 	 sandbox /lustrehome/felicenenna/tau3mu/CMSSW_14_0_17/src/GenAnalyser/GenAnalyzer/CrabSubmission/crab_projects/crab_140X_mcPhase2_NuGunPU200_MiniaodAna_PU50/inputs/debugFiles.tgz successfully uploaded to S3
DEBUG 2025-06-03 18:43:54.129 UTC: 	 Result uploading input files: 8827204723e19b61f74202839ecae2837d860a690d68b0cb9428213d3b5138a8.tar.gz 
WARNING 2025-06-03 18:43:54.129 UTC: 	 Warning: The following output files will not be published, as they are not EDM files: ['TreeMC_GEMsegmPU50.root']
DEBUG 2025-06-03 18:43:54.129 UTC: 	 submit() - self.configuration from WMCore.Configuration import Configuration
config = Configuration()
config.section_('General')
config.General.transferLogs = True
config.General.workArea = 'crab_projects'
config.General.transferOutputs = True
config.General.requestName = '140X_mcPhase2_NuGunPU200_MiniaodAna_PU50'
config.section_('JobType')
config.JobType.allowUndistributedCMSSW = True
config.JobType.psetName = '/lustrehome/felicenenna/tau3mu/CMSSW_14_0_17/src/GenAnalyser/GenAnalyzer/python/genAnalyser_cff.py'
config.JobType.pluginName = 'Analysis'
config.section_('Data')
config.Data.inputDataset = '/NuGunE10_Phase2_PUstudies/fnenna-140X_mcPhase2_14TeV_NuGun_MINIAOD_50-ece9576153624786c5b578bc33ac1c32/USER'
config.Data.unitsPerJob = 5
config.Data.outputDatasetTag = '140X_mcPhase2_NuGunPU200_MiniaodAna_PU50'
config.Data.splitting = 'FileBased'
config.Data.inputDBS = 'phys03'
config.Data.publication = True
config.section_('Site')
config.Site.storageSite = 'T2_IT_Bari'
config.Site.ignoreGlobalBlacklist = True
config.section_('User')
config.section_('Debug')

DEBUG 2025-06-03 18:43:54.129 UTC: 	 submit() - self.configreq {'dryrun': 0, 'workflow': 'crab_140X_mcPhase2_NuGunPU200_MiniaodAna_PU50', 'saveoutput': 1, 'savelogsflag': 1, 'inputdata': '/NuGunE10_Phase2_PUstudies/fnenna-140X_mcPhase2_14TeV_NuGun_MINIAOD_50-ece9576153624786c5b578bc33ac1c32/USER', 'nonvaliddata': 0, 'userfiles': [], 'dbsurl': 'https://cmsweb.cern.ch/dbs/prod/phys03/DBSReader', 'useparent': 0, 'ignorelocality': 0, 'splitalgo': 'FileBased', 'algoargs': 5, 'totalunits': 0, 'publication': 1, 'publishdbsurl': 'https://cmsweb.cern.ch/dbs/prod/phys03/DBSWriter', 'publishname2': '140X_mcPhase2_NuGunPU200_MiniaodAna_PU50', 'jobtype': 'Analysis', 'generator': 'pythia', 'addoutputfiles': [], 'maxjobruntime': 1250, 'numcores': 1, 'maxmemory': 2000, 'priority': 10, 'nonprodsw': 1, 'asyncdest': 'T2_IT_Bari', 'requireaccelerator': 0, 'oneEventMode': 0, 'extrajdl': [], 'ignoreglobalblacklist': 1, 'partialdataset': 0, 'inputblocks': []}
DEBUG 2025-06-03 18:43:54.129 UTC: 	 submit() - jobconfig {'addoutputfiles': [], 'tfileoutfiles': ['TreeMC_GEMsegmPU50.root'], 'edmoutfiles': [], 'jobarch': 'slc7_amd64_gcc12', 'jobminuarch': 'any', 'jobsw': 'CMSSW_14_0_17', 'inputdata': '/NuGunE10_Phase2_PUstudies/fnenna-140X_mcPhase2_14TeV_NuGun_MINIAOD_50-ece9576153624786c5b578bc33ac1c32/USER', 'cacheurl': 'https://cmsweb.cern.ch/S3/crabcache_prod', 'cachefilename': '8827204723e19b61f74202839ecae2837d860a690d68b0cb9428213d3b5138a8.tar.gz', 'debugfilename': '62f594996f5f328f1d9b1532d823f0c428693e1b3e639400bab3308992e10c26.tar.gz', 'jobtype': 'Analysis'}
INFO 2025-06-03 18:43:54.130 UTC: 	 Sending the request to the server at cmsweb.cern.ch
DEBUG 2025-06-03 18:43:54.130 UTC: 	 Submitting {'dryrun': 0, 'workflow': 'crab_140X_mcPhase2_NuGunPU200_MiniaodAna_PU50', 'saveoutput': 1, 'savelogsflag': 1, 'inputdata': '/NuGunE10_Phase2_PUstudies/fnenna-140X_mcPhase2_14TeV_NuGun_MINIAOD_50-ece9576153624786c5b578bc33ac1c32/USER', 'nonvaliddata': 0, 'userfiles': [], 'dbsurl': 'https://cmsweb.cern.ch/dbs/prod/phys03/DBSReader', 'useparent': 0, 'ignorelocality': 0, 'splitalgo': 'FileBased', 'algoargs': 5, 'totalunits': 0, 'publication': 1, 'publishdbsurl': 'https://cmsweb.cern.ch/dbs/prod/phys03/DBSWriter', 'publishname2': '140X_mcPhase2_NuGunPU200_MiniaodAna_PU50', 'jobtype': 'Analysis', 'generator': 'pythia', 'addoutputfiles': [], 'maxjobruntime': 1250, 'numcores': 1, 'maxmemory': 2000, 'priority': 10, 'nonprodsw': 1, 'asyncdest': 'T2_IT_Bari', 'requireaccelerator': 0, 'oneEventMode': 0, 'extrajdl': [], 'ignoreglobalblacklist': 1, 'partialdataset': 0, 'inputblocks': [], 'tfileoutfiles': ['TreeMC_GEMsegmPU50.root'], 'edmoutfiles': [], 'jobarch': 'slc7_amd64_gcc12', 'jobminuarch': 'any', 'jobsw': 'CMSSW_14_0_17', 'cacheurl': 'https://cmsweb.cern.ch/S3/crabcache_prod', 'cachefilename': '8827204723e19b61f74202839ecae2837d860a690d68b0cb9428213d3b5138a8.tar.gz', 'debugfilename': '62f594996f5f328f1d9b1532d823f0c428693e1b3e639400bab3308992e10c26.tar.gz'} 
DEBUG 2025-06-03 18:43:54.130 UTC: 	 Encoded data for curl request: dryrun=0&workflow=crab_140X_mcPhase2_NuGunPU200_MiniaodAna_PU50&saveoutput=1&savelogsflag=1&inputdata=%2FNuGunE10_Phase2_PUstudies%2Ffnenna-140X_mcPhase2_14TeV_NuGun_MINIAOD_50-ece9576153624786c5b578bc33ac1c32%2FUSER&nonvaliddata=0&dbsurl=https%3A%2F%2Fcmsweb.cern.ch%2Fdbs%2Fprod%2Fphys03%2FDBSReader&useparent=0&ignorelocality=0&splitalgo=FileBased&algoargs=5&totalunits=0&publication=1&publishdbsurl=https%3A%2F%2Fcmsweb.cern.ch%2Fdbs%2Fprod%2Fphys03%2FDBSWriter&publishname2=140X_mcPhase2_NuGunPU200_MiniaodAna_PU50&jobtype=Analysis&generator=pythia&maxjobruntime=1250&numcores=1&maxmemory=2000&priority=10&nonprodsw=1&asyncdest=T2_IT_Bari&requireaccelerator=0&oneEventMode=0&ignoreglobalblacklist=1&partialdataset=0&jobarch=slc7_amd64_gcc12&jobminuarch=any&jobsw=CMSSW_14_0_17&cacheurl=https%3A%2F%2Fcmsweb.cern.ch%2FS3%2Fcrabcache_prod&cachefilename=8827204723e19b61f74202839ecae2837d860a690d68b0cb9428213d3b5138a8.tar.gz&debugfilename=62f594996f5f328f1d9b1532d823f0c428693e1b3e639400bab3308992e10c26.tar.gz&tfileoutfiles=TreeMC_GEMsegmPU50.root
DEBUG 2025-06-03 18:43:54.279 UTC: 	 Result: {'result': [{'RequestName': '250603_184354:fnenna_crab_140X_mcPhase2_NuGunPU200_MiniaodAna_PU50'}]}
INFO 2025-06-03 18:43:54.282 UTC: 	 Success: Your task has been delivered to the prod CRAB3 server.
INFO 2025-06-03 18:43:54.282 UTC: 	 Task name: 250603_184354:fnenna_crab_140X_mcPhase2_NuGunPU200_MiniaodAna_PU50
INFO 2025-06-03 18:43:54.282 UTC: 	 Project dir: crab_projects/crab_140X_mcPhase2_NuGunPU200_MiniaodAna_PU50
INFO 2025-06-03 18:43:54.282 UTC: 	 Please use ' crab status -d crab_projects/crab_140X_mcPhase2_NuGunPU200_MiniaodAna_PU50 ' to check how the submission process proceeds.
DEBUG 2025-06-03 18:43:54.282 UTC: 	 About to return
INFO 2025-06-03 18:43:54.288 UTC: 	 Log file is /lustrehome/felicenenna/tau3mu/CMSSW_14_0_17/src/GenAnalyser/GenAnalyzer/CrabSubmission/crab_projects/crab_140X_mcPhase2_NuGunPU200_MiniaodAna_PU50/crab.log
DEBUG 2025-06-03 18:44:09.220 UTC: 	 CRAB Client version: v3.250409
DEBUG 2025-06-03 18:44:09.220 UTC: 	 Running on: Linux ui02.recas.ba.infn.it 3.10.0-1160.80.1.el7.x86_64 #1 SMP Tue Nov 8 15:48:59 UTC 2022 x86_64 x86_64 x86_64 GNU/Linux
DEBUG 2025-06-03 18:44:09.220 UTC: 	 Not using Singularity
DEBUG 2025-06-03 18:44:09.220 UTC: 	 Operating System: CentOS Linux 7 (Core)
DEBUG 2025-06-03 18:44:09.220 UTC: 	 Executing command: 'status'
DEBUG 2025-06-03 18:44:09.220 UTC: 	 Found CRAB cache file /lustrehome/felicenenna/.crab3
DEBUG 2025-06-03 18:44:09.224 UTC: 	 Checking credentials
DEBUG 2025-06-03 18:44:09.224 UTC: 	 Found proxy file /tmp/x509up_u881416
DEBUG 2025-06-03 18:44:09.224 UTC: 	 Making sure it has proper VOMS extension
DEBUG 2025-06-03 18:44:09.224 UTC: 	 Executing command :
 voms-proxy-info --vo --file /tmp/x509up_u881416
DEBUG 2025-06-03 18:44:10.066 UTC: 	 output : cms

 error: 
 retcode : 0
DEBUG 2025-06-03 18:44:10.066 UTC: 	 Getting proxy life time left
DEBUG 2025-06-03 18:44:10.067 UTC: 	 Executing command :
 voms-proxy-info --actimeleft --timeleft --file /tmp/x509up_u881416
DEBUG 2025-06-03 18:44:10.931 UTC: 	 output : 72057
72056

 error: 
 retcode : 0
DEBUG 2025-06-03 18:44:10.931 UTC: 	 Proxy valid for 20:00:56 hours
DEBUG 2025-06-03 18:44:10.931 UTC: 	 Encoded data for curl request: subresource=delegatedn
DEBUG 2025-06-03 18:44:11.228 UTC: 	 Registering user credentials on myproxy for /DC=ch/DC=cern/OU=computers/CN=crab-(preprod|prod)-tw(01|02).cern.ch|/DC=ch/DC=cern/OU=computers/CN=crab-dev-tw(01|02|03|04).cern.ch|/DC=ch/DC=cern/OU=Organic Units/OU=Users/CN=cmscrab/CN=(817881|373708)/CN=Robot: cms crab|/DC=ch/DC=cern/OU=Organic Units/OU=Users/CN=crabint1/CN=373708/CN=Robot: CMS CRAB Integration 1
DEBUG 2025-06-03 18:44:11.228 UTC: 	 Executing command :
 voms-proxy-info --identity --file /tmp/x509up_u881416
DEBUG 2025-06-03 18:44:12.100 UTC: 	 output : /DC=ch/DC=cern/OU=Organic Units/OU=Users/CN=fnenna/CN=868185/CN=Felice Nenna

 error: 
 retcode : 0
DEBUG 2025-06-03 18:44:12.100 UTC: 	 Getting myproxy life time left for a133b326f2e83ec4c6fd8cd18786edfdbb69b415
DEBUG 2025-06-03 18:44:12.100 UTC: 	 Executing command :
 myproxy-info -s myproxy.cern.ch -l a133b326f2e83ec4c6fd8cd18786edfdbb69b415
DEBUG 2025-06-03 18:44:13.036 UTC: 	 output : username: a133b326f2e83ec4c6fd8cd18786edfdbb69b415
owner: /DC=ch/DC=cern/OU=Organic Units/OU=Users/CN=fnenna/CN=868185/CN=Felice Nenna
  renewal policy: /DC=ch/DC=cern/OU=computers/CN=crab-(preprod|prod)-tw(01|02).cern.ch|/DC=ch/DC=cern/OU=computers/CN=crab-dev-tw(01|02|03|04).cern.ch|/DC=ch/DC=cern/OU=Organic Units/OU=Users/CN=cmscrab/CN=(817881|373708)/CN=Robot: cms crab|/DC=ch/DC=cern/OU=Organic Units/OU=Users/CN=crabint1/CN=373708/CN=Robot: CMS CRAB Integration 1
  trusted retrieval policy: /DC=ch/DC=cern/OU=computers/CN=crab-(preprod|prod)-tw(01|02).cern.ch|/DC=ch/DC=cern/OU=computers/CN=crab-dev-tw(01|02|03|04).cern.ch|/DC=ch/DC=cern/OU=Organic Units/OU=Users/CN=cmscrab/CN=(817881|373708)/CN=Robot: cms crab|/DC=ch/DC=cern/OU=Organic Units/OU=Users/CN=crabint1/CN=373708/CN=Robot: CMS CRAB Integration 1
  timeleft: 666:40:56  (27.8 days)

 error: 
 retcode : 0
DEBUG 2025-06-03 18:44:13.036 UTC: 	 Myproxy is valid: 2400000
DEBUG 2025-06-03 18:44:13.036 UTC: 	 Result of myproxy credential check:
  Credential exists on myproxy: username: a133b326f2e83ec4c6fd8cd18786edfdbb69b415  - validity: 27 days, 18:40:00
DEBUG 2025-06-03 18:44:13.036 UTC: 	 Retrieving username ...
DEBUG 2025-06-03 18:44:13.036 UTC: 	 Retrieving username from CRIC...
DEBUG 2025-06-03 18:44:13.903 UTC: 	 username is fnenna
INFO 2025-06-03 18:44:15.201 UTC: 	 Rucio client intialized for account fnenna
DEBUG 2025-06-03 18:44:15.202 UTC: 	 Command use: status
DEBUG 2025-06-03 18:44:15.202 UTC: 	 Options use: ['-d', 'crab_projects/crab_140X_mcPhase2_NuGunPU200_MiniaodAna_PU50']
DEBUG 2025-06-03 18:44:15.202 UTC: 	 Encoded data for curl request: subresource=version
DEBUG 2025-06-03 18:44:15.350 UTC: 	 CRABClient version: v3.250409
DEBUG 2025-06-03 18:44:15.350 UTC: 	 Instance is prod
DEBUG 2025-06-03 18:44:15.350 UTC: 	 Server base url is cmsweb.cern.ch
DEBUG 2025-06-03 18:44:15.350 UTC: 	 Command api workflow
DEBUG 2025-06-03 18:44:15.350 UTC: 	 Encoded data for curl request: subresource=search&workflow=250603_184354%3Afnenna_crab_140X_mcPhase2_NuGunPU200_MiniaodAna_PU50
DEBUG 2025-06-03 18:44:15.509 UTC: 	 Got information from server oracle database: {'desc': {'columns': ['tm_taskname', 'tm_activity', 'tm_task_status', 'tm_task_command', 'tm_start_time', 'tm_start_injection', 'tm_end_injection', 'tm_task_failure', 'tm_job_sw', 'tm_job_arch', 'tm_input_dataset', 'tm_nonvalid_input_dataset', 'tm_use_parent', 'tm_site_whitelist', 'tm_site_blacklist', 'tm_split_algo', 'tm_split_args', 'tm_user_sandbox', 'tm_cache_url', 'tm_username', 'tm_user_dn', 'tm_user_vo', 'tm_user_role', 'tm_user_group', 'tm_publish_name', 'tm_publish_groupname', 'tm_asyncdest', 'tm_dbs_url', 'tm_publish_dbs_url', 'tm_publication', 'tm_outfiles', 'tm_tfile_outfiles', 'tm_edm_outfiles', 'tm_job_type', 'tm_generator', 'tm_events_per_lumi', 'tm_arguments', 'tm_save_logs', 'tw_name', 'tm_user_infiles', 'tm_maxjobruntime', 'tm_numcores', 'tm_maxmemory', 'tm_priority', 'tm_output_dataset', 'tm_task_warnings', 'tm_user_webdir', 'tm_scriptexe', 'tm_scriptargs', 'tm_extrajdl', 'tm_collector', 'tm_schedd', 'tm_dry_run', 'tm_user_files', 'tm_transfer_outputs', 'tm_output_lfn', 'tm_ignore_locality', 'tm_fail_limit', 'tm_one_event_mode', 'tm_secondary_input_dataset', 'tm_primary_dataset', 'tm_last_publication', 'tm_debug_files', 'clusterid', 'tm_ignore_global_blacklist', 'tm_submitter_ip_addr', 'tm_totalunits', 'tm_ddm_reqid', 'tm_user_config', 'tm_transfer_container', 'tm_transfer_rule', 'tm_publish_rule', 'tm_multipub_rule', 'tm_job_min_microarch', 'tm_dagman_status', 'tm_num_jobs', 'tm_uploaded']}, 'result': ['250603_184354:fnenna_crab_140X_mcPhase2_NuGunPU200_MiniaodAna_PU50', 'None', 'HOLDING', 'SUBMIT', '2025-06-03 18:43:54.260855', 'None', 'None', 'None', 'CMSSW_14_0_17', 'slc7_amd64_gcc12', '/NuGunE10_Phase2_PUstudies/fnenna-140X_mcPhase2_14TeV_NuGun_MINIAOD_50-ece9576153624786c5b578bc33ac1c32/USER', 'F', '0', '[]', '[]', 'FileBased', "{'halt_job_on_file_boundaries': False, 'splitOnRun': False, 'files_per_job': 5, 'runs': [], 'lumis': []}", '8827204723e19b61f74202839ecae2837d860a690d68b0cb9428213d3b5138a8.tar.gz', 'https://cmsweb.cern.ch/S3/crabcache_prod', 'fnenna', '/DC=ch/DC=cern/OU=Organic Units/OU=Users/CN=fnenna/CN=868185/CN=Felice Nenna', 'cms', 'None', 'None', '140X_mcPhase2_NuGunPU200_MiniaodAna_PU50-00000000000000000000000000000000', 'F', 'T2_IT_Bari', 'https://cmsweb.cern.ch/dbs/prod/phys03/DBSReader', 'https://cmsweb.cern.ch/dbs/prod/phys03/DBSWriter', 'T', '[]', "['TreeMC_GEMsegmPU50.root']", '[]', 'Analysis', 'pythia', 'None', '{}', 'T', 'crab-prod-tw01', '[]', '1250', '1', '2000', '10', 'None', '[]', 'None', 'None', '[]', '[]', 'cmsgwms-collector-global.cern.ch:9620,cmsgwms-collector-global.fnal.gov:9620', 'None', 'F', '[]', 'T', '/store/user/fnenna/', 'F', 'None', 'F', 'None', 'NuGunE10_Phase2_PUstudies', 'None', '62f594996f5f328f1d9b1532d823f0c428693e1b3e639400bab3308992e10c26.tar.gz', 'None', 'T', '188.185.89.202', '0.0', 'None', '{"partialdataset": false, "requireaccelerator": false, "acceleratorparams": null, "inputblocks": null}', 'None', 'None', 'None', 'None', 'any', 'NOT_READY', '0', 'F']}
INFO 2025-06-03 18:44:15.510 UTC: 	 CRAB project directory:		/lustrehome/felicenenna/tau3mu/CMSSW_14_0_17/src/GenAnalyser/GenAnalyzer/CrabSubmission/crab_projects/crab_140X_mcPhase2_NuGunPU200_MiniaodAna_PU50
INFO 2025-06-03 18:44:15.510 UTC: 	 Task name:			250603_184354:fnenna_crab_140X_mcPhase2_NuGunPU200_MiniaodAna_PU50
INFO 2025-06-03 18:44:15.510 UTC: 	 Grid scheduler - Task Worker:	N/A yet - crab-prod-tw01
INFO 2025-06-03 18:44:15.510 UTC: 	 Status on the CRAB server:	HOLDING on command SUBMIT
INFO 2025-06-03 18:44:15.510 UTC: 	 Task URL to use for HELP:	https://cmsweb.cern.ch/crabserver/ui/task/250603_184354%3Afnenna_crab_140X_mcPhase2_NuGunPU200_MiniaodAna_PU50
INFO 2025-06-03 18:44:15.520 UTC: 	 Dashboard monitoring URL:	https://monit-grafana.cern.ch/d/cmsTMDetail/cms-task-monitoring-task-view?orgId=11&var-user=fnenna&var-task=250603_184354%3Afnenna_crab_140X_mcPhase2_NuGunPU200_MiniaodAna_PU50&from=1748972634000&to=now
DEBUG 2025-06-03 18:44:15.521 UTC: 	 The task has not been submitted to the Grid scheduler yet. Not printing job information.
INFO 2025-06-03 18:44:15.523 UTC: 	 Log file is /lustrehome/felicenenna/tau3mu/CMSSW_14_0_17/src/GenAnalyser/GenAnalyzer/CrabSubmission/crab_projects/crab_140X_mcPhase2_NuGunPU200_MiniaodAna_PU50/crab.log
DEBUG 2025-06-03 18:54:01.953 UTC: 	 CRAB Client version: v3.250409
DEBUG 2025-06-03 18:54:01.953 UTC: 	 Running on: Linux ui02.recas.ba.infn.it 3.10.0-1160.80.1.el7.x86_64 #1 SMP Tue Nov 8 15:48:59 UTC 2022 x86_64 x86_64 x86_64 GNU/Linux
DEBUG 2025-06-03 18:54:01.953 UTC: 	 Not using Singularity
DEBUG 2025-06-03 18:54:01.953 UTC: 	 Operating System: CentOS Linux 7 (Core)
DEBUG 2025-06-03 18:54:01.953 UTC: 	 Executing command: 'status'
DEBUG 2025-06-03 18:54:01.953 UTC: 	 Found CRAB cache file /lustrehome/felicenenna/.crab3
DEBUG 2025-06-03 18:54:01.957 UTC: 	 Checking credentials
DEBUG 2025-06-03 18:54:01.957 UTC: 	 Found proxy file /tmp/x509up_u881416
DEBUG 2025-06-03 18:54:01.957 UTC: 	 Making sure it has proper VOMS extension
DEBUG 2025-06-03 18:54:01.957 UTC: 	 Executing command :
 voms-proxy-info --vo --file /tmp/x509up_u881416
DEBUG 2025-06-03 18:54:02.818 UTC: 	 output : cms

 error: 
 retcode : 0
DEBUG 2025-06-03 18:54:02.818 UTC: 	 Getting proxy life time left
DEBUG 2025-06-03 18:54:02.818 UTC: 	 Executing command :
 voms-proxy-info --actimeleft --timeleft --file /tmp/x509up_u881416
DEBUG 2025-06-03 18:54:03.655 UTC: 	 output : 71464
71463

 error: 
 retcode : 0
DEBUG 2025-06-03 18:54:03.655 UTC: 	 Proxy valid for 19:51:03 hours
DEBUG 2025-06-03 18:54:03.656 UTC: 	 Encoded data for curl request: subresource=delegatedn
DEBUG 2025-06-03 18:54:04.112 UTC: 	 Registering user credentials on myproxy for /DC=ch/DC=cern/OU=computers/CN=crab-(preprod|prod)-tw(01|02).cern.ch|/DC=ch/DC=cern/OU=computers/CN=crab-dev-tw(01|02|03|04).cern.ch|/DC=ch/DC=cern/OU=Organic Units/OU=Users/CN=cmscrab/CN=(817881|373708)/CN=Robot: cms crab|/DC=ch/DC=cern/OU=Organic Units/OU=Users/CN=crabint1/CN=373708/CN=Robot: CMS CRAB Integration 1
DEBUG 2025-06-03 18:54:04.112 UTC: 	 Executing command :
 voms-proxy-info --identity --file /tmp/x509up_u881416
DEBUG 2025-06-03 18:54:04.971 UTC: 	 output : /DC=ch/DC=cern/OU=Organic Units/OU=Users/CN=fnenna/CN=868185/CN=Felice Nenna

 error: 
 retcode : 0
DEBUG 2025-06-03 18:54:04.972 UTC: 	 Getting myproxy life time left for a133b326f2e83ec4c6fd8cd18786edfdbb69b415
DEBUG 2025-06-03 18:54:04.972 UTC: 	 Executing command :
 myproxy-info -s myproxy.cern.ch -l a133b326f2e83ec4c6fd8cd18786edfdbb69b415
DEBUG 2025-06-03 18:54:05.454 UTC: 	 output : username: a133b326f2e83ec4c6fd8cd18786edfdbb69b415
owner: /DC=ch/DC=cern/OU=Organic Units/OU=Users/CN=fnenna/CN=868185/CN=Felice Nenna
  renewal policy: /DC=ch/DC=cern/OU=computers/CN=crab-(preprod|prod)-tw(01|02).cern.ch|/DC=ch/DC=cern/OU=computers/CN=crab-dev-tw(01|02|03|04).cern.ch|/DC=ch/DC=cern/OU=Organic Units/OU=Users/CN=cmscrab/CN=(817881|373708)/CN=Robot: cms crab|/DC=ch/DC=cern/OU=Organic Units/OU=Users/CN=crabint1/CN=373708/CN=Robot: CMS CRAB Integration 1
  trusted retrieval policy: /DC=ch/DC=cern/OU=computers/CN=crab-(preprod|prod)-tw(01|02).cern.ch|/DC=ch/DC=cern/OU=computers/CN=crab-dev-tw(01|02|03|04).cern.ch|/DC=ch/DC=cern/OU=Organic Units/OU=Users/CN=cmscrab/CN=(817881|373708)/CN=Robot: cms crab|/DC=ch/DC=cern/OU=Organic Units/OU=Users/CN=crabint1/CN=373708/CN=Robot: CMS CRAB Integration 1
  timeleft: 666:31:04  (27.8 days)

 error: 
 retcode : 0
DEBUG 2025-06-03 18:54:05.454 UTC: 	 Myproxy is valid: 2399460
DEBUG 2025-06-03 18:54:05.454 UTC: 	 Result of myproxy credential check:
  Credential exists on myproxy: username: a133b326f2e83ec4c6fd8cd18786edfdbb69b415  - validity: 27 days, 18:31:00
DEBUG 2025-06-03 18:54:05.454 UTC: 	 Retrieving username ...
DEBUG 2025-06-03 18:54:05.454 UTC: 	 Retrieving username from CRIC...
DEBUG 2025-06-03 18:54:07.133 UTC: 	 username is fnenna
INFO 2025-06-03 18:54:08.380 UTC: 	 Rucio client intialized for account fnenna
DEBUG 2025-06-03 18:54:08.380 UTC: 	 Command use: status
DEBUG 2025-06-03 18:54:08.380 UTC: 	 Options use: ['-d', 'crab_projects/crab_140X_mcPhase2_NuGunPU200_MiniaodAna_PU50']
DEBUG 2025-06-03 18:54:08.380 UTC: 	 Encoded data for curl request: subresource=version
DEBUG 2025-06-03 18:54:08.526 UTC: 	 CRABClient version: v3.250409
DEBUG 2025-06-03 18:54:08.526 UTC: 	 Instance is prod
DEBUG 2025-06-03 18:54:08.526 UTC: 	 Server base url is cmsweb.cern.ch
DEBUG 2025-06-03 18:54:08.526 UTC: 	 Command api workflow
DEBUG 2025-06-03 18:54:08.527 UTC: 	 Encoded data for curl request: subresource=search&workflow=250603_184354%3Afnenna_crab_140X_mcPhase2_NuGunPU200_MiniaodAna_PU50
DEBUG 2025-06-03 18:54:08.681 UTC: 	 Got information from server oracle database: {'desc': {'columns': ['tm_taskname', 'tm_activity', 'tm_task_status', 'tm_task_command', 'tm_start_time', 'tm_start_injection', 'tm_end_injection', 'tm_task_failure', 'tm_job_sw', 'tm_job_arch', 'tm_input_dataset', 'tm_nonvalid_input_dataset', 'tm_use_parent', 'tm_site_whitelist', 'tm_site_blacklist', 'tm_split_algo', 'tm_split_args', 'tm_user_sandbox', 'tm_cache_url', 'tm_username', 'tm_user_dn', 'tm_user_vo', 'tm_user_role', 'tm_user_group', 'tm_publish_name', 'tm_publish_groupname', 'tm_asyncdest', 'tm_dbs_url', 'tm_publish_dbs_url', 'tm_publication', 'tm_outfiles', 'tm_tfile_outfiles', 'tm_edm_outfiles', 'tm_job_type', 'tm_generator', 'tm_events_per_lumi', 'tm_arguments', 'tm_save_logs', 'tw_name', 'tm_user_infiles', 'tm_maxjobruntime', 'tm_numcores', 'tm_maxmemory', 'tm_priority', 'tm_output_dataset', 'tm_task_warnings', 'tm_user_webdir', 'tm_scriptexe', 'tm_scriptargs', 'tm_extrajdl', 'tm_collector', 'tm_schedd', 'tm_dry_run', 'tm_user_files', 'tm_transfer_outputs', 'tm_output_lfn', 'tm_ignore_locality', 'tm_fail_limit', 'tm_one_event_mode', 'tm_secondary_input_dataset', 'tm_primary_dataset', 'tm_last_publication', 'tm_debug_files', 'clusterid', 'tm_ignore_global_blacklist', 'tm_submitter_ip_addr', 'tm_totalunits', 'tm_ddm_reqid', 'tm_user_config', 'tm_transfer_container', 'tm_transfer_rule', 'tm_publish_rule', 'tm_multipub_rule', 'tm_job_min_microarch', 'tm_dagman_status', 'tm_num_jobs', 'tm_uploaded']}, 'result': ['250603_184354:fnenna_crab_140X_mcPhase2_NuGunPU200_MiniaodAna_PU50', 'None', 'SUBMITTED', 'SUBMIT', '2025-06-03 18:43:54.260855', 'None', '2025-06-03 18:47:05.015367', 'None', 'CMSSW_14_0_17', 'slc7_amd64_gcc12', '/NuGunE10_Phase2_PUstudies/fnenna-140X_mcPhase2_14TeV_NuGun_MINIAOD_50-ece9576153624786c5b578bc33ac1c32/USER', 'F', '0', '[]', '[]', 'FileBased', "{'halt_job_on_file_boundaries': False, 'splitOnRun': False, 'files_per_job': 5, 'runs': [], 'lumis': []}", '8827204723e19b61f74202839ecae2837d860a690d68b0cb9428213d3b5138a8.tar.gz', 'https://cmsweb.cern.ch/S3/crabcache_prod', 'fnenna', '/DC=ch/DC=cern/OU=Organic Units/OU=Users/CN=fnenna/CN=868185/CN=Felice Nenna', 'cms', 'None', 'None', '140X_mcPhase2_NuGunPU200_MiniaodAna_PU50-00000000000000000000000000000000', 'F', 'T2_IT_Bari', 'https://cmsweb.cern.ch/dbs/prod/phys03/DBSReader', 'https://cmsweb.cern.ch/dbs/prod/phys03/DBSWriter', 'T', '[]', "['TreeMC_GEMsegmPU50.root']", '[]', 'Analysis', 'pythia', 'None', '{}', 'T', 'crab-prod-tw01', '[]', '1250', '1', '2000', '10', 'None', '[]', 'http://vocms0195.cern.ch/mon/fnenna/250603_184354:fnenna_crab_140X_mcPhase2_NuGunPU200_MiniaodAna_PU50', 'None', '[]', '[]', 'cmsgwms-collector-global.cern.ch:9620,cmsgwms-collector-global.fnal.gov:9620', 'crab3@vocms0195.cern.ch', 'F', '[]', 'T', '/store/user/fnenna/', 'F', 'None', 'F', 'None', 'NuGunE10_Phase2_PUstudies', 'None', '62f594996f5f328f1d9b1532d823f0c428693e1b3e639400bab3308992e10c26.tar.gz', '122871843', 'T', '188.185.89.202', '0.0', 'None', '{"partialdataset": false, "requireaccelerator": false, "acceleratorparams": null, "inputblocks": null}', 'None', 'None', 'None', 'None', 'any', 'RUNNING', '1', 'F']}
INFO 2025-06-03 18:54:08.681 UTC: 	 CRAB project directory:		/lustrehome/felicenenna/tau3mu/CMSSW_14_0_17/src/GenAnalyser/GenAnalyzer/CrabSubmission/crab_projects/crab_140X_mcPhase2_NuGunPU200_MiniaodAna_PU50
INFO 2025-06-03 18:54:08.681 UTC: 	 Task name:			250603_184354:fnenna_crab_140X_mcPhase2_NuGunPU200_MiniaodAna_PU50
INFO 2025-06-03 18:54:08.681 UTC: 	 Grid scheduler - Task Worker:	crab3@vocms0195.cern.ch - crab-prod-tw01
INFO 2025-06-03 18:54:08.681 UTC: 	 Status on the CRAB server:	SUBMITTED
INFO 2025-06-03 18:54:08.682 UTC: 	 Task URL to use for HELP:	https://cmsweb.cern.ch/crabserver/ui/task/250603_184354%3Afnenna_crab_140X_mcPhase2_NuGunPU200_MiniaodAna_PU50
INFO 2025-06-03 18:54:08.694 UTC: 	 Dashboard monitoring URL:	https://monit-grafana.cern.ch/d/cmsTMDetail/cms-task-monitoring-task-view?orgId=11&var-user=fnenna&var-task=250603_184354%3Afnenna_crab_140X_mcPhase2_NuGunPU200_MiniaodAna_PU50&from=1748972634000&to=now
DEBUG 2025-06-03 18:54:08.694 UTC: 	 The CRAB server submitted your task to the Grid scheduler (cluster ID: 122871843)
DEBUG 2025-06-03 18:54:08.694 UTC: 	 Webdir is located at http://vocms0195.cern.ch/mon/fnenna/250603_184354:fnenna_crab_140X_mcPhase2_NuGunPU200_MiniaodAna_PU50
DEBUG 2025-06-03 18:54:08.694 UTC: 	 Encoded data for curl request: subresource=webdirprx&workflow=250603_184354%3Afnenna_crab_140X_mcPhase2_NuGunPU200_MiniaodAna_PU50
DEBUG 2025-06-03 18:54:08.836 UTC: 	 Proxied webdir is located at https://cmsweb.cern.ch/scheddmon/0195/fnenna/250603_184354:fnenna_crab_140X_mcPhase2_NuGunPU200_MiniaodAna_PU50
DEBUG 2025-06-03 18:54:08.837 UTC: 	 Retrieving 'status_cache' file from https://cmsweb.cern.ch/scheddmon/0195/fnenna/250603_184354:fnenna_crab_140X_mcPhase2_NuGunPU200_MiniaodAna_PU50/status_cache.pkl
DEBUG 2025-06-03 18:54:08.837 UTC: 	 Will execute:
curl -sS --capath /etc/grid-security/certificates --cert /tmp/x509up_u881416 --key /tmp/x509up_u881416 -o /tmp/crab_status-cache-n3ppj1on.pkl -w %"{http_code}" "https://cmsweb.cern.ch/scheddmon/0195/fnenna/250603_184354:fnenna_crab_140X_mcPhase2_NuGunPU200_MiniaodAna_PU50/status_cache.pkl"
DEBUG 2025-06-03 18:54:08.837 UTC: 	 Executing command :
 curl -sS --capath /etc/grid-security/certificates --cert /tmp/x509up_u881416 --key /tmp/x509up_u881416 -o /tmp/crab_status-cache-n3ppj1on.pkl -w %"{http_code}" "https://cmsweb.cern.ch/scheddmon/0195/fnenna/250603_184354:fnenna_crab_140X_mcPhase2_NuGunPU200_MiniaodAna_PU50/status_cache.pkl"
DEBUG 2025-06-03 18:54:08.977 UTC: 	 output : 200
 error: 
 retcode : 0
DEBUG 2025-06-03 18:54:08.978 UTC: 	 exitcode: 0
stdout: 200
stderr: 
error details: 
DEBUG 2025-06-03 18:54:08.978 UTC: 	 Got information from status cache file: {'1': {'Retries': 0, 'Restarts': 0, 'SiteHistory': ['Unknown'], 'ResidentSetSize': [0], 'SubmitTimes': [1748976498.0], 'StartTimes': [], 'EndTimes': [], 'TotalUserCpuTimeHistory': [0.0], 'TotalSysCpuTimeHistory': [0.0], 'WallDurations': [0], 'JobIds': ['122871886.0'], 'State': 'unsubmitted', 'RecordedSite': False}}
INFO 2025-06-03 18:54:08.978 UTC: 	 Status on the scheduler:	SUBMITTED
INFO 2025-06-03 18:54:08.978 UTC: 	 
Jobs status:                    unsubmitted  		100.0% (1/1)
INFO 2025-06-03 18:54:08.978 UTC: 	 
No publication information available yet
INFO 2025-06-03 18:54:08.982 UTC: 	 Log file is /lustrehome/felicenenna/tau3mu/CMSSW_14_0_17/src/GenAnalyser/GenAnalyzer/CrabSubmission/crab_projects/crab_140X_mcPhase2_NuGunPU200_MiniaodAna_PU50/crab.log
DEBUG 2025-06-03 18:59:21.512 UTC: 	 CRAB Client version: v3.250409
DEBUG 2025-06-03 18:59:21.513 UTC: 	 Running on: Linux ui02.recas.ba.infn.it 3.10.0-1160.80.1.el7.x86_64 #1 SMP Tue Nov 8 15:48:59 UTC 2022 x86_64 x86_64 x86_64 GNU/Linux
DEBUG 2025-06-03 18:59:21.513 UTC: 	 Not using Singularity
DEBUG 2025-06-03 18:59:21.513 UTC: 	 Operating System: CentOS Linux 7 (Core)
DEBUG 2025-06-03 18:59:21.513 UTC: 	 Executing command: 'status'
DEBUG 2025-06-03 18:59:21.513 UTC: 	 Found CRAB cache file /lustrehome/felicenenna/.crab3
DEBUG 2025-06-03 18:59:21.517 UTC: 	 Checking credentials
DEBUG 2025-06-03 18:59:21.517 UTC: 	 Found proxy file /tmp/x509up_u881416
DEBUG 2025-06-03 18:59:21.517 UTC: 	 Making sure it has proper VOMS extension
DEBUG 2025-06-03 18:59:21.517 UTC: 	 Executing command :
 voms-proxy-info --vo --file /tmp/x509up_u881416
DEBUG 2025-06-03 18:59:22.358 UTC: 	 output : cms

 error: 
 retcode : 0
DEBUG 2025-06-03 18:59:22.358 UTC: 	 Getting proxy life time left
DEBUG 2025-06-03 18:59:22.358 UTC: 	 Executing command :
 voms-proxy-info --actimeleft --timeleft --file /tmp/x509up_u881416
DEBUG 2025-06-03 18:59:23.202 UTC: 	 output : 71144
71143

 error: 
 retcode : 0
DEBUG 2025-06-03 18:59:23.202 UTC: 	 Proxy valid for 19:45:43 hours
DEBUG 2025-06-03 18:59:23.202 UTC: 	 Encoded data for curl request: subresource=delegatedn
DEBUG 2025-06-03 18:59:23.518 UTC: 	 Registering user credentials on myproxy for /DC=ch/DC=cern/OU=computers/CN=crab-(preprod|prod)-tw(01|02).cern.ch|/DC=ch/DC=cern/OU=computers/CN=crab-dev-tw(01|02|03|04).cern.ch|/DC=ch/DC=cern/OU=Organic Units/OU=Users/CN=cmscrab/CN=(817881|373708)/CN=Robot: cms crab|/DC=ch/DC=cern/OU=Organic Units/OU=Users/CN=crabint1/CN=373708/CN=Robot: CMS CRAB Integration 1
DEBUG 2025-06-03 18:59:23.518 UTC: 	 Executing command :
 voms-proxy-info --identity --file /tmp/x509up_u881416
DEBUG 2025-06-03 18:59:24.378 UTC: 	 output : /DC=ch/DC=cern/OU=Organic Units/OU=Users/CN=fnenna/CN=868185/CN=Felice Nenna

 error: 
 retcode : 0
DEBUG 2025-06-03 18:59:24.378 UTC: 	 Getting myproxy life time left for a133b326f2e83ec4c6fd8cd18786edfdbb69b415
DEBUG 2025-06-03 18:59:24.378 UTC: 	 Executing command :
 myproxy-info -s myproxy.cern.ch -l a133b326f2e83ec4c6fd8cd18786edfdbb69b415
DEBUG 2025-06-03 18:59:24.805 UTC: 	 output : username: a133b326f2e83ec4c6fd8cd18786edfdbb69b415
owner: /DC=ch/DC=cern/OU=Organic Units/OU=Users/CN=fnenna/CN=868185/CN=Felice Nenna
  renewal policy: /DC=ch/DC=cern/OU=computers/CN=crab-(preprod|prod)-tw(01|02).cern.ch|/DC=ch/DC=cern/OU=computers/CN=crab-dev-tw(01|02|03|04).cern.ch|/DC=ch/DC=cern/OU=Organic Units/OU=Users/CN=cmscrab/CN=(817881|373708)/CN=Robot: cms crab|/DC=ch/DC=cern/OU=Organic Units/OU=Users/CN=crabint1/CN=373708/CN=Robot: CMS CRAB Integration 1
  trusted retrieval policy: /DC=ch/DC=cern/OU=computers/CN=crab-(preprod|prod)-tw(01|02).cern.ch|/DC=ch/DC=cern/OU=computers/CN=crab-dev-tw(01|02|03|04).cern.ch|/DC=ch/DC=cern/OU=Organic Units/OU=Users/CN=cmscrab/CN=(817881|373708)/CN=Robot: cms crab|/DC=ch/DC=cern/OU=Organic Units/OU=Users/CN=crabint1/CN=373708/CN=Robot: CMS CRAB Integration 1
  timeleft: 666:25:45  (27.8 days)

 error: 
 retcode : 0
DEBUG 2025-06-03 18:59:24.805 UTC: 	 Myproxy is valid: 2399100
DEBUG 2025-06-03 18:59:24.805 UTC: 	 Result of myproxy credential check:
  Credential exists on myproxy: username: a133b326f2e83ec4c6fd8cd18786edfdbb69b415  - validity: 27 days, 18:25:00
DEBUG 2025-06-03 18:59:24.805 UTC: 	 Retrieving username ...
DEBUG 2025-06-03 18:59:24.805 UTC: 	 Retrieving username from CRIC...
DEBUG 2025-06-03 18:59:25.726 UTC: 	 username is fnenna
INFO 2025-06-03 18:59:27.027 UTC: 	 Rucio client intialized for account fnenna
DEBUG 2025-06-03 18:59:27.028 UTC: 	 Command use: status
DEBUG 2025-06-03 18:59:27.028 UTC: 	 Options use: ['-d', 'crab_projects/crab_140X_mcPhase2_NuGunPU200_MiniaodAna_PU50']
DEBUG 2025-06-03 18:59:27.028 UTC: 	 Encoded data for curl request: subresource=version
DEBUG 2025-06-03 18:59:27.184 UTC: 	 CRABClient version: v3.250409
DEBUG 2025-06-03 18:59:27.184 UTC: 	 Instance is prod
DEBUG 2025-06-03 18:59:27.184 UTC: 	 Server base url is cmsweb.cern.ch
DEBUG 2025-06-03 18:59:27.184 UTC: 	 Command api workflow
DEBUG 2025-06-03 18:59:27.184 UTC: 	 Encoded data for curl request: subresource=search&workflow=250603_184354%3Afnenna_crab_140X_mcPhase2_NuGunPU200_MiniaodAna_PU50
DEBUG 2025-06-03 18:59:27.336 UTC: 	 Got information from server oracle database: {'desc': {'columns': ['tm_taskname', 'tm_activity', 'tm_task_status', 'tm_task_command', 'tm_start_time', 'tm_start_injection', 'tm_end_injection', 'tm_task_failure', 'tm_job_sw', 'tm_job_arch', 'tm_input_dataset', 'tm_nonvalid_input_dataset', 'tm_use_parent', 'tm_site_whitelist', 'tm_site_blacklist', 'tm_split_algo', 'tm_split_args', 'tm_user_sandbox', 'tm_cache_url', 'tm_username', 'tm_user_dn', 'tm_user_vo', 'tm_user_role', 'tm_user_group', 'tm_publish_name', 'tm_publish_groupname', 'tm_asyncdest', 'tm_dbs_url', 'tm_publish_dbs_url', 'tm_publication', 'tm_outfiles', 'tm_tfile_outfiles', 'tm_edm_outfiles', 'tm_job_type', 'tm_generator', 'tm_events_per_lumi', 'tm_arguments', 'tm_save_logs', 'tw_name', 'tm_user_infiles', 'tm_maxjobruntime', 'tm_numcores', 'tm_maxmemory', 'tm_priority', 'tm_output_dataset', 'tm_task_warnings', 'tm_user_webdir', 'tm_scriptexe', 'tm_scriptargs', 'tm_extrajdl', 'tm_collector', 'tm_schedd', 'tm_dry_run', 'tm_user_files', 'tm_transfer_outputs', 'tm_output_lfn', 'tm_ignore_locality', 'tm_fail_limit', 'tm_one_event_mode', 'tm_secondary_input_dataset', 'tm_primary_dataset', 'tm_last_publication', 'tm_debug_files', 'clusterid', 'tm_ignore_global_blacklist', 'tm_submitter_ip_addr', 'tm_totalunits', 'tm_ddm_reqid', 'tm_user_config', 'tm_transfer_container', 'tm_transfer_rule', 'tm_publish_rule', 'tm_multipub_rule', 'tm_job_min_microarch', 'tm_dagman_status', 'tm_num_jobs', 'tm_uploaded']}, 'result': ['250603_184354:fnenna_crab_140X_mcPhase2_NuGunPU200_MiniaodAna_PU50', 'None', 'SUBMITTED', 'SUBMIT', '2025-06-03 18:43:54.260855', 'None', '2025-06-03 18:47:05.015367', 'None', 'CMSSW_14_0_17', 'slc7_amd64_gcc12', '/NuGunE10_Phase2_PUstudies/fnenna-140X_mcPhase2_14TeV_NuGun_MINIAOD_50-ece9576153624786c5b578bc33ac1c32/USER', 'F', '0', '[]', '[]', 'FileBased', "{'halt_job_on_file_boundaries': False, 'splitOnRun': False, 'files_per_job': 5, 'runs': [], 'lumis': []}", '8827204723e19b61f74202839ecae2837d860a690d68b0cb9428213d3b5138a8.tar.gz', 'https://cmsweb.cern.ch/S3/crabcache_prod', 'fnenna', '/DC=ch/DC=cern/OU=Organic Units/OU=Users/CN=fnenna/CN=868185/CN=Felice Nenna', 'cms', 'None', 'None', '140X_mcPhase2_NuGunPU200_MiniaodAna_PU50-00000000000000000000000000000000', 'F', 'T2_IT_Bari', 'https://cmsweb.cern.ch/dbs/prod/phys03/DBSReader', 'https://cmsweb.cern.ch/dbs/prod/phys03/DBSWriter', 'T', '[]', "['TreeMC_GEMsegmPU50.root']", '[]', 'Analysis', 'pythia', 'None', '{}', 'T', 'crab-prod-tw01', '[]', '1250', '1', '2000', '10', 'None', '[]', 'http://vocms0195.cern.ch/mon/fnenna/250603_184354:fnenna_crab_140X_mcPhase2_NuGunPU200_MiniaodAna_PU50', 'None', '[]', '[]', 'cmsgwms-collector-global.cern.ch:9620,cmsgwms-collector-global.fnal.gov:9620', 'crab3@vocms0195.cern.ch', 'F', '[]', 'T', '/store/user/fnenna/', 'F', 'None', 'F', 'None', 'NuGunE10_Phase2_PUstudies', 'None', '62f594996f5f328f1d9b1532d823f0c428693e1b3e639400bab3308992e10c26.tar.gz', '122871843', 'T', '188.185.89.202', '0.0', 'None', '{"partialdataset": false, "requireaccelerator": false, "acceleratorparams": null, "inputblocks": null}', 'None', 'None', 'None', 'None', 'any', 'RUNNING', '1', 'F']}
INFO 2025-06-03 18:59:27.336 UTC: 	 CRAB project directory:		/lustrehome/felicenenna/tau3mu/CMSSW_14_0_17/src/GenAnalyser/GenAnalyzer/CrabSubmission/crab_projects/crab_140X_mcPhase2_NuGunPU200_MiniaodAna_PU50
INFO 2025-06-03 18:59:27.336 UTC: 	 Task name:			250603_184354:fnenna_crab_140X_mcPhase2_NuGunPU200_MiniaodAna_PU50
INFO 2025-06-03 18:59:27.336 UTC: 	 Grid scheduler - Task Worker:	crab3@vocms0195.cern.ch - crab-prod-tw01
INFO 2025-06-03 18:59:27.336 UTC: 	 Status on the CRAB server:	SUBMITTED
INFO 2025-06-03 18:59:27.336 UTC: 	 Task URL to use for HELP:	https://cmsweb.cern.ch/crabserver/ui/task/250603_184354%3Afnenna_crab_140X_mcPhase2_NuGunPU200_MiniaodAna_PU50
INFO 2025-06-03 18:59:27.348 UTC: 	 Dashboard monitoring URL:	https://monit-grafana.cern.ch/d/cmsTMDetail/cms-task-monitoring-task-view?orgId=11&var-user=fnenna&var-task=250603_184354%3Afnenna_crab_140X_mcPhase2_NuGunPU200_MiniaodAna_PU50&from=1748972634000&to=now
DEBUG 2025-06-03 18:59:27.348 UTC: 	 The CRAB server submitted your task to the Grid scheduler (cluster ID: 122871843)
DEBUG 2025-06-03 18:59:27.348 UTC: 	 Webdir is located at http://vocms0195.cern.ch/mon/fnenna/250603_184354:fnenna_crab_140X_mcPhase2_NuGunPU200_MiniaodAna_PU50
DEBUG 2025-06-03 18:59:27.348 UTC: 	 Encoded data for curl request: subresource=webdirprx&workflow=250603_184354%3Afnenna_crab_140X_mcPhase2_NuGunPU200_MiniaodAna_PU50
DEBUG 2025-06-03 18:59:27.945 UTC: 	 Proxied webdir is located at https://cmsweb.cern.ch/scheddmon/0195/fnenna/250603_184354:fnenna_crab_140X_mcPhase2_NuGunPU200_MiniaodAna_PU50
DEBUG 2025-06-03 18:59:27.946 UTC: 	 Retrieving 'status_cache' file from https://cmsweb.cern.ch/scheddmon/0195/fnenna/250603_184354:fnenna_crab_140X_mcPhase2_NuGunPU200_MiniaodAna_PU50/status_cache.pkl
DEBUG 2025-06-03 18:59:27.946 UTC: 	 Will execute:
curl -sS --capath /etc/grid-security/certificates --cert /tmp/x509up_u881416 --key /tmp/x509up_u881416 -o /tmp/crab_status-cache-tdrbbf1o.pkl -w %"{http_code}" "https://cmsweb.cern.ch/scheddmon/0195/fnenna/250603_184354:fnenna_crab_140X_mcPhase2_NuGunPU200_MiniaodAna_PU50/status_cache.pkl"
DEBUG 2025-06-03 18:59:27.946 UTC: 	 Executing command :
 curl -sS --capath /etc/grid-security/certificates --cert /tmp/x509up_u881416 --key /tmp/x509up_u881416 -o /tmp/crab_status-cache-tdrbbf1o.pkl -w %"{http_code}" "https://cmsweb.cern.ch/scheddmon/0195/fnenna/250603_184354:fnenna_crab_140X_mcPhase2_NuGunPU200_MiniaodAna_PU50/status_cache.pkl"
DEBUG 2025-06-03 18:59:28.095 UTC: 	 output : 200
 error: 
 retcode : 0
DEBUG 2025-06-03 18:59:28.095 UTC: 	 exitcode: 0
stdout: 200
stderr: 
error details: 
DEBUG 2025-06-03 18:59:28.095 UTC: 	 Got information from status cache file: {'1': {'Retries': 0, 'Restarts': 0, 'SiteHistory': ['Unknown', 'T2_IT_Bari', 'T2_IT_Bari'], 'ResidentSetSize': [82944], 'SubmitTimes': [1748976498.0], 'StartTimes': [1748976662.0], 'EndTimes': [], 'TotalUserCpuTimeHistory': [34.0], 'TotalSysCpuTimeHistory': [12.0], 'WallDurations': [9.0, 199.59017419815063, 311.0], 'JobIds': ['122871886.0'], 'State': 'running', 'RecordedSite': True}}
INFO 2025-06-03 18:59:28.095 UTC: 	 Status on the scheduler:	SUBMITTED
INFO 2025-06-03 18:59:28.096 UTC: 	 
Jobs status:                    running      		100.0% (1/1)
INFO 2025-06-03 18:59:28.096 UTC: 	 
No publication information available yet
INFO 2025-06-03 18:59:28.099 UTC: 	 Log file is /lustrehome/felicenenna/tau3mu/CMSSW_14_0_17/src/GenAnalyser/GenAnalyzer/CrabSubmission/crab_projects/crab_140X_mcPhase2_NuGunPU200_MiniaodAna_PU50/crab.log
DEBUG 2025-06-03 19:05:11.482 UTC: 	 CRAB Client version: v3.250409
DEBUG 2025-06-03 19:05:11.483 UTC: 	 Running on: Linux ui02.recas.ba.infn.it 3.10.0-1160.80.1.el7.x86_64 #1 SMP Tue Nov 8 15:48:59 UTC 2022 x86_64 x86_64 x86_64 GNU/Linux
DEBUG 2025-06-03 19:05:11.483 UTC: 	 Not using Singularity
DEBUG 2025-06-03 19:05:11.483 UTC: 	 Operating System: CentOS Linux 7 (Core)
DEBUG 2025-06-03 19:05:11.483 UTC: 	 Executing command: 'status'
DEBUG 2025-06-03 19:05:11.483 UTC: 	 Found CRAB cache file /lustrehome/felicenenna/.crab3
DEBUG 2025-06-03 19:05:11.488 UTC: 	 Checking credentials
DEBUG 2025-06-03 19:05:11.488 UTC: 	 Found proxy file /tmp/x509up_u881416
DEBUG 2025-06-03 19:05:11.488 UTC: 	 Making sure it has proper VOMS extension
DEBUG 2025-06-03 19:05:11.488 UTC: 	 Executing command :
 voms-proxy-info --vo --file /tmp/x509up_u881416
DEBUG 2025-06-03 19:05:12.383 UTC: 	 output : cms

 error: 
 retcode : 0
DEBUG 2025-06-03 19:05:12.383 UTC: 	 Getting proxy life time left
DEBUG 2025-06-03 19:05:12.383 UTC: 	 Executing command :
 voms-proxy-info --actimeleft --timeleft --file /tmp/x509up_u881416
DEBUG 2025-06-03 19:05:13.237 UTC: 	 output : 70794
70793

 error: 
 retcode : 0
DEBUG 2025-06-03 19:05:13.237 UTC: 	 Proxy valid for 19:39:53 hours
DEBUG 2025-06-03 19:05:13.238 UTC: 	 Encoded data for curl request: subresource=delegatedn
DEBUG 2025-06-03 19:05:13.379 UTC: 	 Registering user credentials on myproxy for /DC=ch/DC=cern/OU=computers/CN=crab-(preprod|prod)-tw(01|02).cern.ch|/DC=ch/DC=cern/OU=computers/CN=crab-dev-tw(01|02|03|04).cern.ch|/DC=ch/DC=cern/OU=Organic Units/OU=Users/CN=cmscrab/CN=(817881|373708)/CN=Robot: cms crab|/DC=ch/DC=cern/OU=Organic Units/OU=Users/CN=crabint1/CN=373708/CN=Robot: CMS CRAB Integration 1
DEBUG 2025-06-03 19:05:13.379 UTC: 	 Executing command :
 voms-proxy-info --identity --file /tmp/x509up_u881416
DEBUG 2025-06-03 19:05:14.205 UTC: 	 output : /DC=ch/DC=cern/OU=Organic Units/OU=Users/CN=fnenna/CN=868185/CN=Felice Nenna

 error: 
 retcode : 0
DEBUG 2025-06-03 19:05:14.205 UTC: 	 Getting myproxy life time left for a133b326f2e83ec4c6fd8cd18786edfdbb69b415
DEBUG 2025-06-03 19:05:14.205 UTC: 	 Executing command :
 myproxy-info -s myproxy.cern.ch -l a133b326f2e83ec4c6fd8cd18786edfdbb69b415
DEBUG 2025-06-03 19:05:14.674 UTC: 	 output : username: a133b326f2e83ec4c6fd8cd18786edfdbb69b415
owner: /DC=ch/DC=cern/OU=Organic Units/OU=Users/CN=fnenna/CN=868185/CN=Felice Nenna
  renewal policy: /DC=ch/DC=cern/OU=computers/CN=crab-(preprod|prod)-tw(01|02).cern.ch|/DC=ch/DC=cern/OU=computers/CN=crab-dev-tw(01|02|03|04).cern.ch|/DC=ch/DC=cern/OU=Organic Units/OU=Users/CN=cmscrab/CN=(817881|373708)/CN=Robot: cms crab|/DC=ch/DC=cern/OU=Organic Units/OU=Users/CN=crabint1/CN=373708/CN=Robot: CMS CRAB Integration 1
  trusted retrieval policy: /DC=ch/DC=cern/OU=computers/CN=crab-(preprod|prod)-tw(01|02).cern.ch|/DC=ch/DC=cern/OU=computers/CN=crab-dev-tw(01|02|03|04).cern.ch|/DC=ch/DC=cern/OU=Organic Units/OU=Users/CN=cmscrab/CN=(817881|373708)/CN=Robot: cms crab|/DC=ch/DC=cern/OU=Organic Units/OU=Users/CN=crabint1/CN=373708/CN=Robot: CMS CRAB Integration 1
  timeleft: 666:19:55  (27.8 days)

 error: 
 retcode : 0
DEBUG 2025-06-03 19:05:14.674 UTC: 	 Myproxy is valid: 2398740
DEBUG 2025-06-03 19:05:14.675 UTC: 	 Result of myproxy credential check:
  Credential exists on myproxy: username: a133b326f2e83ec4c6fd8cd18786edfdbb69b415  - validity: 27 days, 18:19:00
DEBUG 2025-06-03 19:05:14.675 UTC: 	 Retrieving username ...
DEBUG 2025-06-03 19:05:14.675 UTC: 	 Retrieving username from CRIC...
DEBUG 2025-06-03 19:05:15.533 UTC: 	 username is fnenna
INFO 2025-06-03 19:05:16.744 UTC: 	 Rucio client intialized for account fnenna
DEBUG 2025-06-03 19:05:16.745 UTC: 	 Command use: status
DEBUG 2025-06-03 19:05:16.745 UTC: 	 Options use: ['-d', 'crab_projects/crab_140X_mcPhase2_NuGunPU200_MiniaodAna_PU50']
DEBUG 2025-06-03 19:05:16.745 UTC: 	 Encoded data for curl request: subresource=version
DEBUG 2025-06-03 19:05:16.905 UTC: 	 CRABClient version: v3.250409
DEBUG 2025-06-03 19:05:16.905 UTC: 	 Instance is prod
DEBUG 2025-06-03 19:05:16.905 UTC: 	 Server base url is cmsweb.cern.ch
DEBUG 2025-06-03 19:05:16.905 UTC: 	 Command api workflow
DEBUG 2025-06-03 19:05:16.905 UTC: 	 Encoded data for curl request: subresource=search&workflow=250603_184354%3Afnenna_crab_140X_mcPhase2_NuGunPU200_MiniaodAna_PU50
DEBUG 2025-06-03 19:05:17.297 UTC: 	 Got information from server oracle database: {'desc': {'columns': ['tm_taskname', 'tm_activity', 'tm_task_status', 'tm_task_command', 'tm_start_time', 'tm_start_injection', 'tm_end_injection', 'tm_task_failure', 'tm_job_sw', 'tm_job_arch', 'tm_input_dataset', 'tm_nonvalid_input_dataset', 'tm_use_parent', 'tm_site_whitelist', 'tm_site_blacklist', 'tm_split_algo', 'tm_split_args', 'tm_user_sandbox', 'tm_cache_url', 'tm_username', 'tm_user_dn', 'tm_user_vo', 'tm_user_role', 'tm_user_group', 'tm_publish_name', 'tm_publish_groupname', 'tm_asyncdest', 'tm_dbs_url', 'tm_publish_dbs_url', 'tm_publication', 'tm_outfiles', 'tm_tfile_outfiles', 'tm_edm_outfiles', 'tm_job_type', 'tm_generator', 'tm_events_per_lumi', 'tm_arguments', 'tm_save_logs', 'tw_name', 'tm_user_infiles', 'tm_maxjobruntime', 'tm_numcores', 'tm_maxmemory', 'tm_priority', 'tm_output_dataset', 'tm_task_warnings', 'tm_user_webdir', 'tm_scriptexe', 'tm_scriptargs', 'tm_extrajdl', 'tm_collector', 'tm_schedd', 'tm_dry_run', 'tm_user_files', 'tm_transfer_outputs', 'tm_output_lfn', 'tm_ignore_locality', 'tm_fail_limit', 'tm_one_event_mode', 'tm_secondary_input_dataset', 'tm_primary_dataset', 'tm_last_publication', 'tm_debug_files', 'clusterid', 'tm_ignore_global_blacklist', 'tm_submitter_ip_addr', 'tm_totalunits', 'tm_ddm_reqid', 'tm_user_config', 'tm_transfer_container', 'tm_transfer_rule', 'tm_publish_rule', 'tm_multipub_rule', 'tm_job_min_microarch', 'tm_dagman_status', 'tm_num_jobs', 'tm_uploaded']}, 'result': ['250603_184354:fnenna_crab_140X_mcPhase2_NuGunPU200_MiniaodAna_PU50', 'None', 'SUBMITTED', 'SUBMIT', '2025-06-03 18:43:54.260855', 'None', '2025-06-03 18:47:05.015367', 'None', 'CMSSW_14_0_17', 'slc7_amd64_gcc12', '/NuGunE10_Phase2_PUstudies/fnenna-140X_mcPhase2_14TeV_NuGun_MINIAOD_50-ece9576153624786c5b578bc33ac1c32/USER', 'F', '0', '[]', '[]', 'FileBased', "{'halt_job_on_file_boundaries': False, 'splitOnRun': False, 'files_per_job': 5, 'runs': [], 'lumis': []}", '8827204723e19b61f74202839ecae2837d860a690d68b0cb9428213d3b5138a8.tar.gz', 'https://cmsweb.cern.ch/S3/crabcache_prod', 'fnenna', '/DC=ch/DC=cern/OU=Organic Units/OU=Users/CN=fnenna/CN=868185/CN=Felice Nenna', 'cms', 'None', 'None', '140X_mcPhase2_NuGunPU200_MiniaodAna_PU50-00000000000000000000000000000000', 'F', 'T2_IT_Bari', 'https://cmsweb.cern.ch/dbs/prod/phys03/DBSReader', 'https://cmsweb.cern.ch/dbs/prod/phys03/DBSWriter', 'T', '[]', "['TreeMC_GEMsegmPU50.root']", '[]', 'Analysis', 'pythia', 'None', '{}', 'T', 'crab-prod-tw01', '[]', '1250', '1', '2000', '10', "['/FakeDataset/fakefile-FakePublish-b47a6b2668bb1999937873f4ebf5bbbc/USER']", '[]', 'http://vocms0195.cern.ch/mon/fnenna/250603_184354:fnenna_crab_140X_mcPhase2_NuGunPU200_MiniaodAna_PU50', 'None', '[]', '[]', 'cmsgwms-collector-global.cern.ch:9620,cmsgwms-collector-global.fnal.gov:9620', 'crab3@vocms0195.cern.ch', 'F', '[]', 'T', '/store/user/fnenna/', 'F', 'None', 'F', 'None', 'NuGunE10_Phase2_PUstudies', 'None', '62f594996f5f328f1d9b1532d823f0c428693e1b3e639400bab3308992e10c26.tar.gz', '122871843', 'T', '188.185.89.202', '0.0', 'None', '{"partialdataset": false, "requireaccelerator": false, "acceleratorparams": null, "inputblocks": null}', 'None', 'None', 'None', 'None', 'any', 'COMPLETED', '1', 'F']}
INFO 2025-06-03 19:05:17.297 UTC: 	 CRAB project directory:		/lustrehome/felicenenna/tau3mu/CMSSW_14_0_17/src/GenAnalyser/GenAnalyzer/CrabSubmission/crab_projects/crab_140X_mcPhase2_NuGunPU200_MiniaodAna_PU50
INFO 2025-06-03 19:05:17.297 UTC: 	 Task name:			250603_184354:fnenna_crab_140X_mcPhase2_NuGunPU200_MiniaodAna_PU50
INFO 2025-06-03 19:05:17.298 UTC: 	 Grid scheduler - Task Worker:	crab3@vocms0195.cern.ch - crab-prod-tw01
INFO 2025-06-03 19:05:17.298 UTC: 	 Status on the CRAB server:	SUBMITTED
INFO 2025-06-03 19:05:17.298 UTC: 	 Task URL to use for HELP:	https://cmsweb.cern.ch/crabserver/ui/task/250603_184354%3Afnenna_crab_140X_mcPhase2_NuGunPU200_MiniaodAna_PU50
INFO 2025-06-03 19:05:17.314 UTC: 	 Dashboard monitoring URL:	https://monit-grafana.cern.ch/d/cmsTMDetail/cms-task-monitoring-task-view?orgId=11&var-user=fnenna&var-task=250603_184354%3Afnenna_crab_140X_mcPhase2_NuGunPU200_MiniaodAna_PU50&from=1748972634000&to=now
DEBUG 2025-06-03 19:05:17.314 UTC: 	 The CRAB server submitted your task to the Grid scheduler (cluster ID: 122871843)
DEBUG 2025-06-03 19:05:17.314 UTC: 	 Webdir is located at http://vocms0195.cern.ch/mon/fnenna/250603_184354:fnenna_crab_140X_mcPhase2_NuGunPU200_MiniaodAna_PU50
DEBUG 2025-06-03 19:05:17.315 UTC: 	 Encoded data for curl request: subresource=webdirprx&workflow=250603_184354%3Afnenna_crab_140X_mcPhase2_NuGunPU200_MiniaodAna_PU50
DEBUG 2025-06-03 19:05:17.484 UTC: 	 Proxied webdir is located at https://cmsweb.cern.ch/scheddmon/0195/fnenna/250603_184354:fnenna_crab_140X_mcPhase2_NuGunPU200_MiniaodAna_PU50
DEBUG 2025-06-03 19:05:17.484 UTC: 	 Retrieving 'status_cache' file from https://cmsweb.cern.ch/scheddmon/0195/fnenna/250603_184354:fnenna_crab_140X_mcPhase2_NuGunPU200_MiniaodAna_PU50/status_cache.pkl
DEBUG 2025-06-03 19:05:17.484 UTC: 	 Will execute:
curl -sS --capath /etc/grid-security/certificates --cert /tmp/x509up_u881416 --key /tmp/x509up_u881416 -o /tmp/crab_status-cache-w69278qr.pkl -w %"{http_code}" "https://cmsweb.cern.ch/scheddmon/0195/fnenna/250603_184354:fnenna_crab_140X_mcPhase2_NuGunPU200_MiniaodAna_PU50/status_cache.pkl"
DEBUG 2025-06-03 19:05:17.484 UTC: 	 Executing command :
 curl -sS --capath /etc/grid-security/certificates --cert /tmp/x509up_u881416 --key /tmp/x509up_u881416 -o /tmp/crab_status-cache-w69278qr.pkl -w %"{http_code}" "https://cmsweb.cern.ch/scheddmon/0195/fnenna/250603_184354:fnenna_crab_140X_mcPhase2_NuGunPU200_MiniaodAna_PU50/status_cache.pkl"
DEBUG 2025-06-03 19:05:17.628 UTC: 	 output : 200
 error: 
 retcode : 0
DEBUG 2025-06-03 19:05:17.628 UTC: 	 exitcode: 0
stdout: 200
stderr: 
error details: 
DEBUG 2025-06-03 19:05:17.628 UTC: 	 Got information from status cache file: {'1': {'Retries': 0, 'Restarts': 0, 'SiteHistory': ['Unknown', 'T2_IT_Bari', 'T2_IT_Bari'], 'ResidentSetSize': [82944], 'SubmitTimes': [1748976498.0], 'StartTimes': [1748976662.0], 'EndTimes': [1748977411.0], 'TotalUserCpuTimeHistory': [41], 'TotalSysCpuTimeHistory': [24], 'WallDurations': [9.0, 199.59017419815063, 749.0], 'JobIds': ['122871886.0'], 'State': 'finished', 'RecordedSite': True}}
INFO 2025-06-03 19:05:17.628 UTC: 	 Status on the scheduler:	COMPLETED
INFO 2025-06-03 19:05:17.628 UTC: 	 
Jobs status:                    finished     		100.0% (1/1)
DEBUG 2025-06-03 19:05:17.629 UTC: 	 Encoded data for curl request: subresource=publicationstatus&workflow=250603_184354%3Afnenna_crab_140X_mcPhase2_NuGunPU200_MiniaodAna_PU50&username=fnenna
INFO 2025-06-03 19:05:17.771 UTC: 	 
Output dataset:			/FakeDataset/fakefile-FakePublish-b47a6b2668bb1999937873f4ebf5bbbc/USER
INFO 2025-06-03 19:05:17.771 UTC: 	 
No publication information available yet
INFO 2025-06-03 19:05:17.771 UTC: 	 
Warning: the max jobs runtime is less than 30% of the task requested value (1250 min), please consider to request a lower value for failed jobs (allowed through crab resubmit) and/or improve the jobs splitting (e.g. config.Data.splitting = 'Automatic') in a new task.
INFO 2025-06-03 19:05:17.771 UTC: 	 
Warning: the average jobs CPU efficiency is less than 50%, please consider to improve the jobs splitting (e.g. config.Data.splitting = 'Automatic') in a new task
INFO 2025-06-03 19:05:17.771 UTC: 	 
Summary of run jobs:
 * Memory: 81MB min, 81MB max, 81MB ave
 * Runtime: 0:12:29 min, 0:12:29 max, 0:12:29 ave
 * CPU eff: 9% min, 9% max, 9% ave
 * Waste: 0:03:28 (22% of total)

INFO 2025-06-03 19:05:17.774 UTC: 	 Log file is /lustrehome/felicenenna/tau3mu/CMSSW_14_0_17/src/GenAnalyser/GenAnalyzer/CrabSubmission/crab_projects/crab_140X_mcPhase2_NuGunPU200_MiniaodAna_PU50/crab.log
