DEBUG 2025-03-07 09:55:17.419 UTC: 	 CRAB Client version: v3.241125
DEBUG 2025-03-07 09:55:17.419 UTC: 	 Running on: Linux ui02.recas.ba.infn.it 3.10.0-1160.80.1.el7.x86_64 #1 SMP Tue Nov 8 15:48:59 UTC 2022 x86_64 x86_64 x86_64 GNU/Linux
DEBUG 2025-03-07 09:55:17.419 UTC: 	 Not using Singularity
DEBUG 2025-03-07 09:55:17.420 UTC: 	 Operating System: CentOS Linux 7 (Core)
DEBUG 2025-03-07 09:55:17.420 UTC: 	 Executing command: 'submit'
DEBUG 2025-03-07 09:55:17.421 UTC: 	 Found CRAB cache file /lustrehome/felicenenna/.crab3
INFO 2025-03-07 09:55:17.423 UTC: 	 Will use CRAB configuration file crab_MCRun4_DsTau3Mu_newMiniAod_cfg.py
DEBUG 2025-03-07 09:55:17.423 UTC: 	 Loading CRAB configuration file.
DEBUG 2025-03-07 09:55:17.425 UTC: 	 Will use CRAB plugin ANALYSIS (i.e. will run an analysis job type).
DEBUG 2025-03-07 09:55:17.431 UTC: 	 Checking credentials
DEBUG 2025-03-07 09:55:17.431 UTC: 	 Found proxy file /tmp/x509up_u881416
DEBUG 2025-03-07 09:55:17.431 UTC: 	 Making sure it has proper VOMS extension
DEBUG 2025-03-07 09:55:17.431 UTC: 	 Executing command :
 voms-proxy-info --vo --file /tmp/x509up_u881416
DEBUG 2025-03-07 09:55:18.370 UTC: 	 output : cms

 error: 
 retcode : 0
DEBUG 2025-03-07 09:55:18.370 UTC: 	 Getting proxy life time left
DEBUG 2025-03-07 09:55:18.370 UTC: 	 Executing command :
 voms-proxy-info --actimeleft --timeleft --file /tmp/x509up_u881416
DEBUG 2025-03-07 09:55:19.269 UTC: 	 output : 612771
612771

 error: 
 retcode : 0
DEBUG 2025-03-07 09:55:19.269 UTC: 	 Proxy valid for 170:12:51 hours
DEBUG 2025-03-07 09:55:19.269 UTC: 	 Encoded data for curl request: subresource=delegatedn
DEBUG 2025-03-07 09:55:19.414 UTC: 	 Registering user credentials on myproxy for /DC=ch/DC=cern/OU=computers/CN=crab-(preprod|prod)-tw(01|02).cern.ch|/DC=ch/DC=cern/OU=computers/CN=crab-dev-tw(01|02|03|04).cern.ch|/DC=ch/DC=cern/OU=Organic Units/OU=Users/CN=cmscrab/CN=(817881|373708)/CN=Robot: cms crab|/DC=ch/DC=cern/OU=Organic Units/OU=Users/CN=crabint1/CN=373708/CN=Robot: CMS CRAB Integration 1
DEBUG 2025-03-07 09:55:19.414 UTC: 	 Executing command :
 voms-proxy-info --identity --file /tmp/x509up_u881416
DEBUG 2025-03-07 09:55:20.288 UTC: 	 output : /DC=ch/DC=cern/OU=Organic Units/OU=Users/CN=fnenna/CN=868185/CN=Felice Nenna

 error: 
 retcode : 0
DEBUG 2025-03-07 09:55:20.289 UTC: 	 Getting myproxy life time left for a133b326f2e83ec4c6fd8cd18786edfdbb69b415
DEBUG 2025-03-07 09:55:20.289 UTC: 	 Executing command :
 myproxy-info -s myproxy.cern.ch -l a133b326f2e83ec4c6fd8cd18786edfdbb69b415
DEBUG 2025-03-07 09:55:20.732 UTC: 	 output : username: a133b326f2e83ec4c6fd8cd18786edfdbb69b415
owner: /DC=ch/DC=cern/OU=Organic Units/OU=Users/CN=fnenna/CN=868185/CN=Felice Nenna
  renewal policy: /DC=ch/DC=cern/OU=computers/CN=crab-(preprod|prod)-tw(01|02).cern.ch|/DC=ch/DC=cern/OU=computers/CN=crab-dev-tw(01|02|03|04).cern.ch|/DC=ch/DC=cern/OU=Organic Units/OU=Users/CN=cmscrab/CN=(817881|373708)/CN=Robot: cms crab|/DC=ch/DC=cern/OU=Organic Units/OU=Users/CN=crabint1/CN=373708/CN=Robot: CMS CRAB Integration 1
  trusted retrieval policy: /DC=ch/DC=cern/OU=computers/CN=crab-(preprod|prod)-tw(01|02).cern.ch|/DC=ch/DC=cern/OU=computers/CN=crab-dev-tw(01|02|03|04).cern.ch|/DC=ch/DC=cern/OU=Organic Units/OU=Users/CN=cmscrab/CN=(817881|373708)/CN=Robot: cms crab|/DC=ch/DC=cern/OU=Organic Units/OU=Users/CN=crabint1/CN=373708/CN=Robot: CMS CRAB Integration 1
  timeleft: 583:02:45  (24.3 days)

 error: 
 retcode : 0
DEBUG 2025-03-07 09:55:20.733 UTC: 	 Myproxy is valid: 2098920
DEBUG 2025-03-07 09:55:20.733 UTC: 	 Result of myproxy credential check:
  Credential exists on myproxy: username: a133b326f2e83ec4c6fd8cd18786edfdbb69b415  - validity: 24 days, 7:02:00
DEBUG 2025-03-07 09:55:20.733 UTC: 	 Command use: submit
DEBUG 2025-03-07 09:55:20.733 UTC: 	 Options use: ['-c', 'crab_MCRun4_DsTau3Mu_newMiniAod_cfg.py']
DEBUG 2025-03-07 09:55:20.733 UTC: 	 Encoded data for curl request: subresource=version
DEBUG 2025-03-07 09:55:20.880 UTC: 	 CRABClient version: v3.241125
DEBUG 2025-03-07 09:55:20.880 UTC: 	 Instance is prod
DEBUG 2025-03-07 09:55:20.880 UTC: 	 Server base url is cmsweb.cern.ch
DEBUG 2025-03-07 09:55:20.881 UTC: 	 Command api workflow
DEBUG 2025-03-07 09:55:20.881 UTC: 	 Started submission
DEBUG 2025-03-07 09:55:20.881 UTC: 	 Working on /lustrehome/felicenenna/tau3mu/CMSSW_14_0_17/src/GenAnalyser/GenAnalyzer/CrabSubmission/crab_projects/crab_140X_mcPhase2_DsTau3Mu_newMINIAOD_ANAv3_onlyGEMneg
DEBUG 2025-03-07 09:55:20.881 UTC: 	 Encoded data for curl request: subresource=backendurls
DEBUG 2025-03-07 09:55:21.067 UTC: 	 Loading required information from the environment
DEBUG 2025-03-07 09:55:21.068 UTC: 	 Found CMSSW_14_0_17 for slc7_amd64_gcc12 with base /lustrehome/felicenenna/tau3mu/CMSSW_14_0_17
DEBUG 2025-03-07 09:55:21.068 UTC: 	 Loading required information from the environment
DEBUG 2025-03-07 09:55:21.068 UTC: 	 Found CMSSW_14_0_17 for slc7_amd64_gcc12 with base /lustrehome/felicenenna/tau3mu/CMSSW_14_0_17
DEBUG 2025-03-07 09:55:21.068 UTC: 	 UNIQUE NAME: tarUUID cabd7548-02b1-4f09-98fb-9936f454b61b 
DEBUG 2025-03-07 09:55:21.068 UTC: 	 self.config: from WMCore.Configuration import Configuration
config = Configuration()
config.section_('General')
config.General.transferOutputs = True
config.General.requestName = '140X_mcPhase2_DsTau3Mu_newMINIAOD_ANAv3_onlyGEMneg'
config.General.workArea = 'crab_projects'
config.General.transferLogs = True
config.section_('JobType')
config.JobType.allowUndistributedCMSSW = True
config.JobType.psetName = '/lustrehome/felicenenna/tau3mu/CMSSW_14_0_17/src/GenAnalyser/GenAnalyzer/python/genAnalyser_cff.py'
config.JobType.pluginName = 'Analysis'
config.section_('Data')
config.Data.inputDataset = '/DsTau3Mu_pythia8_Phase2_14TeV_PU200/fnenna-140X_mcPhase2_DsTau3Mu_MINIAOD_NoPU_onlyGEMneg_v2-6ae100ee14b53fd6015588c05a477e7b/USER'
config.Data.inputDBS = 'phys03'
config.Data.outputDatasetTag = '140X_mcPhase2_DsTau3Mu_newMINIAOD_ANAv3_onlyGEMneg'
config.Data.unitsPerJob = 100
config.Data.publication = True
config.Data.splitting = 'FileBased'
config.section_('Site')
config.Site.storageSite = 'T2_IT_Bari'
config.Site.ignoreGlobalBlacklist = True
config.section_('User')
config.section_('Debug')

DEBUG 2025-03-07 09:55:21.068 UTC: 	 self.config.JobType.psetName: /lustrehome/felicenenna/tau3mu/CMSSW_14_0_17/src/GenAnalyser/GenAnalyzer/python/genAnalyser_cff.py
INFO 2025-03-07 09:55:21.068 UTC: 	 Importing CMSSW configuration /lustrehome/felicenenna/tau3mu/CMSSW_14_0_17/src/GenAnalyser/GenAnalyzer/python/genAnalyser_cff.py
INFO 2025-03-07 09:55:25.252 UTC: 	 Finished importing CMSSW configuration /lustrehome/felicenenna/tau3mu/CMSSW_14_0_17/src/GenAnalyser/GenAnalyzer/python/genAnalyser_cff.py
DEBUG 2025-03-07 09:55:25.252 UTC: 	 Writing CMSSW configuration to /lustrehome/felicenenna/tau3mu/CMSSW_14_0_17/src/GenAnalyser/GenAnalyzer/CrabSubmission/crab_projects/crab_140X_mcPhase2_DsTau3Mu_newMINIAOD_ANAv3_onlyGEMneg/inputs/PSet.py
DEBUG 2025-03-07 09:55:25.362 UTC: 	 The following EDM output files will be collected: []
DEBUG 2025-03-07 09:55:25.362 UTC: 	 The following TFile output files will be collected: ['TreeMC_Gen_level.root']
DEBUG 2025-03-07 09:55:25.362 UTC: 	 The following user output files (not listed as PoolOuputModule or TFileService in the CMSSW PSet) will be collected: 
DEBUG 2025-03-07 09:55:25.362 UTC: 	 Loading required information from the environment
DEBUG 2025-03-07 09:55:25.362 UTC: 	 Found CMSSW_14_0_17 for slc7_amd64_gcc12 with base /lustrehome/felicenenna/tau3mu/CMSSW_14_0_17
DEBUG 2025-03-07 09:55:25.362 UTC: 	 Making tarball in /lustrehome/felicenenna/tau3mu/CMSSW_14_0_17/src/GenAnalyser/GenAnalyzer/CrabSubmission/crab_projects/crab_140X_mcPhase2_DsTau3Mu_newMINIAOD_ANAv3_onlyGEMneg/inputs/cabd7548-02b1-4f09-98fb-9936f454b61bdefault.tgz
DEBUG 2025-03-07 09:55:25.363 UTC: 	 Checking directory /lustrehome/felicenenna/tau3mu/CMSSW_14_0_17/bin
DEBUG 2025-03-07 09:55:25.363 UTC: 	 Adding directory /lustrehome/felicenenna/tau3mu/CMSSW_14_0_17/bin to tarball
DEBUG 2025-03-07 09:55:25.373 UTC: 	 Checking directory /lustrehome/felicenenna/tau3mu/CMSSW_14_0_17/python
DEBUG 2025-03-07 09:55:25.373 UTC: 	 Adding directory /lustrehome/felicenenna/tau3mu/CMSSW_14_0_17/python to tarball
DEBUG 2025-03-07 09:55:26.288 UTC: 	 Checking directory /lustrehome/felicenenna/tau3mu/CMSSW_14_0_17/cfipython
DEBUG 2025-03-07 09:55:26.288 UTC: 	 Adding directory /lustrehome/felicenenna/tau3mu/CMSSW_14_0_17/cfipython to tarball
DEBUG 2025-03-07 09:55:26.540 UTC: 	 Checking directory /lustrehome/felicenenna/tau3mu/CMSSW_14_0_17/lib
DEBUG 2025-03-07 09:55:26.544 UTC: 	 Adding directory /lustrehome/felicenenna/tau3mu/CMSSW_14_0_17/lib to tarball
DEBUG 2025-03-07 09:55:28.193 UTC: 	 Checking directory /lustrehome/felicenenna/tau3mu/CMSSW_14_0_17/biglib
DEBUG 2025-03-07 09:55:28.196 UTC: 	 Adding directory /lustrehome/felicenenna/tau3mu/CMSSW_14_0_17/biglib to tarball
DEBUG 2025-03-07 09:55:28.197 UTC: 	 Checking directory /lustrehome/felicenenna/tau3mu/CMSSW_14_0_17/module
DEBUG 2025-03-07 09:55:28.197 UTC: 	 Checking directory /lustrehome/felicenenna/tau3mu/CMSSW_14_0_17/config/SCRAM/hooks
DEBUG 2025-03-07 09:55:28.200 UTC: 	 Adding directory /lustrehome/felicenenna/tau3mu/CMSSW_14_0_17/config/SCRAM/hooks to tarball
DEBUG 2025-03-07 09:55:28.255 UTC: 	 Adding directory /lustrehome/felicenenna/tau3mu/CMSSW_14_0_17/src/GenAnalyser/GenAnalyzer/python to tarball
DEBUG 2025-03-07 09:55:28.509 UTC: 	 Adding directory /lustrehome/felicenenna/tau3mu/CMSSW_14_0_17/src/Plugins/MiniAnaTau3Mu/python to tarball
DEBUG 2025-03-07 09:55:28.554 UTC: 	 Adding directory /lustrehome/felicenenna/tau3mu/CMSSW_14_0_17/src/Plugins/TrackFromCandProducer/python to tarball
DEBUG 2025-03-07 09:55:28.559 UTC: 	 Adding directory /lustrehome/felicenenna/tau3mu/CMSSW_14_0_17/src/Plugins/RecoMuonAnalyzer/python to tarball
DEBUG 2025-03-07 09:55:28.582 UTC: 	 Adding directory /lustrehome/felicenenna/tau3mu/CMSSW_14_0_17/src/Plugins/SimpleEventCounter/python to tarball
DEBUG 2025-03-07 09:55:28.603 UTC: 	 Adding directory /lustrehome/felicenenna/tau3mu/CMSSW_14_0_17/src/Plugins/PFCandFilter/python to tarball
DEBUG 2025-03-07 09:55:28.606 UTC: 	 Adding directory /lustrehome/felicenenna/tau3mu/CMSSW_14_0_17/src/PhysicsTools/PatAlgos/interface to tarball
DEBUG 2025-03-07 09:55:28.645 UTC: 	 Adding directory /lustrehome/felicenenna/tau3mu/CMSSW_14_0_17/src/PhysicsTools/PatAlgos/python to tarball
DEBUG 2025-03-07 09:55:29.375 UTC: 	 Adding directory /lustrehome/felicenenna/tau3mu/CMSSW_14_0_17/src/GenAna/GenAnalyser/GenAnalyzer/python to tarball
DEBUG 2025-03-07 09:55:29.598 UTC: 	 Adding directory /lustrehome/felicenenna/tau3mu/CMSSW_14_0_17/src/SkimTools/SkimTau3Mu/python to tarball
DEBUG 2025-03-07 09:55:29.648 UTC: 	 Adding directory /lustrehome/felicenenna/tau3mu/CMSSW_14_0_17/src/SkimTools/SkimPhiPi/python to tarball
DEBUG 2025-03-07 09:55:29.674 UTC: 	 Adding directory /lustrehome/felicenenna/tau3mu/CMSSW_14_0_17/src/SkimTools/SkimPhiMuNu/python to tarball
DEBUG 2025-03-07 09:55:29.882 UTC: 	 Uploading archive /lustrehome/felicenenna/tau3mu/CMSSW_14_0_17/src/GenAnalyser/GenAnalyzer/CrabSubmission/crab_projects/crab_140X_mcPhase2_DsTau3Mu_newMINIAOD_ANAv3_onlyGEMneg/inputs/cabd7548-02b1-4f09-98fb-9936f454b61bdefault.tgz (3.304688.1 MB) to the CRAB cache. Using URI https://cmsweb.cern.ch/S3/crabcache_prod
DEBUG 2025-03-07 09:55:31.558 UTC: 	 Encoded data for curl request: subresource=upload&objecttype=sandbox&tarballname=1de27c221f1e8b73f483098b8f45c69ff5eaeddc8e5a489f6d0e4028628ac6dd.tar.gz
DEBUG 2025-03-07 09:55:31.750 UTC: 	 Will execute:
curl -f -v -X POST  -H "User-Agent: CRAB" -F "key=fnenna/sandboxes/1de27c221f1e8b73f483098b8f45c69ff5eaeddc8e5a489f6d0e4028628ac6dd.tar.gz" -F "AWSAccessKeyId=715203df6482458ba839e73e6dab634b" -F "policy=eyJleHBpcmF0aW9uIjogIjIwMjUtMDMtMDdUMTA6NTU6MzFaIiwgImNvbmRpdGlvbnMiOiBbeyJidWNrZXQiOiAiY3JhYmNhY2hlX3Byb2QifSwgeyJrZXkiOiAiZm5lbm5hL3NhbmRib3hlcy8xZGUyN2MyMjFmMWU4YjczZjQ4MzA5OGI4ZjQ1YzY5ZmY1ZWFlZGRjOGU1YTQ4OWY2ZDBlNDAyODYyOGFjNmRkLnRhci5neiJ9XX0=" -F "signature=qfY+YISGCNoLSu/x8KonSS7siY4=" -F "file=@/lustrehome/felicenenna/tau3mu/CMSSW_14_0_17/src/GenAnalyser/GenAnalyzer/CrabSubmission/crab_projects/crab_140X_mcPhase2_DsTau3Mu_newMINIAOD_ANAv3_onlyGEMneg/inputs/cabd7548-02b1-4f09-98fb-9936f454b61bdefault.tgz" "https://s3.cern.ch/crabcache_prod"
DEBUG 2025-03-07 09:55:33.311 UTC: 	 exitcode: 0
stdout: b''
DEBUG 2025-03-07 09:55:33.311 UTC: 	 upload to S3 of sandbox /lustrehome/felicenenna/tau3mu/CMSSW_14_0_17/src/GenAnalyser/GenAnalyzer/CrabSubmission/crab_projects/crab_140X_mcPhase2_DsTau3Mu_newMINIAOD_ANAv3_onlyGEMneg/inputs/cabd7548-02b1-4f09-98fb-9936f454b61bdefault.tgz completed
DEBUG 2025-03-07 09:55:33.311 UTC: 	 make sure that object is ready for retrieve
DEBUG 2025-03-07 09:55:34.312 UTC: 	 Encoded data for curl request: subresource=download&objecttype=sandbox&tarballname=1de27c221f1e8b73f483098b8f45c69ff5eaeddc8e5a489f6d0e4028628ac6dd.tar.gz&clientmethod=head_object
DEBUG 2025-03-07 09:55:34.474 UTC: 	 PreSignedUrl to download sandbox received OK
DEBUG 2025-03-07 09:55:34.479 UTC: 	 Will execute:
 curl -v -s -f -o /dev/null --head  "https://s3.cern.ch/crabcache_prod/fnenna/sandboxes/1de27c221f1e8b73f483098b8f45c69ff5eaeddc8e5a489f6d0e4028628ac6dd.tar.gz?AWSAccessKeyId=715203df6482458ba839e73e6dab634b&Signature=oa38pqJ%2BssU5lblM0YtcusPSko0%3D&Expires=1741344934"
DEBUG 2025-03-07 09:55:34.610 UTC: 	 exitcode: 0
stdout: b''
DEBUG 2025-03-07 09:55:34.610 UTC: 	 sandbox /lustrehome/felicenenna/tau3mu/CMSSW_14_0_17/src/GenAnalyser/GenAnalyzer/CrabSubmission/crab_projects/crab_140X_mcPhase2_DsTau3Mu_newMINIAOD_ANAv3_onlyGEMneg/inputs/cabd7548-02b1-4f09-98fb-9936f454b61bdefault.tgz successfully uploaded to S3
DEBUG 2025-03-07 09:55:34.610 UTC: 	 Loading required information from the environment
DEBUG 2025-03-07 09:55:34.610 UTC: 	 Found CMSSW_14_0_17 for slc7_amd64_gcc12 with base /lustrehome/felicenenna/tau3mu/CMSSW_14_0_17
DEBUG 2025-03-07 09:55:34.610 UTC: 	 Making tarball in /lustrehome/felicenenna/tau3mu/CMSSW_14_0_17/src/GenAnalyser/GenAnalyzer/CrabSubmission/crab_projects/crab_140X_mcPhase2_DsTau3Mu_newMINIAOD_ANAv3_onlyGEMneg/inputs/debugFiles.tgz
DEBUG 2025-03-07 09:55:34.616 UTC: 	 Uploading archive /lustrehome/felicenenna/tau3mu/CMSSW_14_0_17/src/GenAnalyser/GenAnalyzer/CrabSubmission/crab_projects/crab_140X_mcPhase2_DsTau3Mu_newMINIAOD_ANAv3_onlyGEMneg/inputs/debugFiles.tgz (2 KB) to the CRAB cache. Using URI https://cmsweb.cern.ch/S3/crabcache_prod
DEBUG 2025-03-07 09:55:34.619 UTC: 	 Encoded data for curl request: subresource=upload&objecttype=sandbox&tarballname=1cf4ce4ef905a112a85213a6f6a8cbb7403580ccf5287a598249dc26358edd75.tar.gz
DEBUG 2025-03-07 09:57:42.163 UTC: 	 Will execute:
curl -f -v -X POST  -H "User-Agent: CRAB" -F "key=fnenna/sandboxes/1cf4ce4ef905a112a85213a6f6a8cbb7403580ccf5287a598249dc26358edd75.tar.gz" -F "AWSAccessKeyId=715203df6482458ba839e73e6dab634b" -F "policy=eyJleHBpcmF0aW9uIjogIjIwMjUtMDMtMDdUMTA6NTc6NDJaIiwgImNvbmRpdGlvbnMiOiBbeyJidWNrZXQiOiAiY3JhYmNhY2hlX3Byb2QifSwgeyJrZXkiOiAiZm5lbm5hL3NhbmRib3hlcy8xY2Y0Y2U0ZWY5MDVhMTEyYTg1MjEzYTZmNmE4Y2JiNzQwMzU4MGNjZjUyODdhNTk4MjQ5ZGMyNjM1OGVkZDc1LnRhci5neiJ9XX0=" -F "signature=e4Mv5w19PANcQqfKFKMfIibT1tA=" -F "file=@/lustrehome/felicenenna/tau3mu/CMSSW_14_0_17/src/GenAnalyser/GenAnalyzer/CrabSubmission/crab_projects/crab_140X_mcPhase2_DsTau3Mu_newMINIAOD_ANAv3_onlyGEMneg/inputs/debugFiles.tgz" "https://s3.cern.ch/crabcache_prod"
DEBUG 2025-03-07 09:57:42.584 UTC: 	 exitcode: 0
stdout: b''
DEBUG 2025-03-07 09:57:42.584 UTC: 	 upload to S3 of sandbox /lustrehome/felicenenna/tau3mu/CMSSW_14_0_17/src/GenAnalyser/GenAnalyzer/CrabSubmission/crab_projects/crab_140X_mcPhase2_DsTau3Mu_newMINIAOD_ANAv3_onlyGEMneg/inputs/debugFiles.tgz completed
DEBUG 2025-03-07 09:57:42.584 UTC: 	 make sure that object is ready for retrieve
DEBUG 2025-03-07 09:57:43.587 UTC: 	 Encoded data for curl request: subresource=download&objecttype=sandbox&tarballname=1cf4ce4ef905a112a85213a6f6a8cbb7403580ccf5287a598249dc26358edd75.tar.gz&clientmethod=head_object
DEBUG 2025-03-07 09:57:43.833 UTC: 	 PreSignedUrl to download sandbox received OK
DEBUG 2025-03-07 09:57:43.837 UTC: 	 Will execute:
 curl -v -s -f -o /dev/null --head  "https://s3.cern.ch/crabcache_prod/fnenna/sandboxes/1cf4ce4ef905a112a85213a6f6a8cbb7403580ccf5287a598249dc26358edd75.tar.gz?AWSAccessKeyId=715203df6482458ba839e73e6dab634b&Signature=ZAYnUzNBw3IX0yGPKP0V%2BmiPVAM%3D&Expires=1741345063"
DEBUG 2025-03-07 09:57:44.014 UTC: 	 exitcode: 0
stdout: b''
DEBUG 2025-03-07 09:57:44.014 UTC: 	 sandbox /lustrehome/felicenenna/tau3mu/CMSSW_14_0_17/src/GenAnalyser/GenAnalyzer/CrabSubmission/crab_projects/crab_140X_mcPhase2_DsTau3Mu_newMINIAOD_ANAv3_onlyGEMneg/inputs/debugFiles.tgz successfully uploaded to S3
DEBUG 2025-03-07 09:57:44.014 UTC: 	 Result uploading input files: 1de27c221f1e8b73f483098b8f45c69ff5eaeddc8e5a489f6d0e4028628ac6dd.tar.gz 
WARNING 2025-03-07 09:57:44.015 UTC: 	 Warning: The following output files will not be published, as they are not EDM files: ['TreeMC_Gen_level.root']
DEBUG 2025-03-07 09:57:44.015 UTC: 	 submit() - self.configuration from WMCore.Configuration import Configuration
config = Configuration()
config.section_('General')
config.General.transferOutputs = True
config.General.requestName = '140X_mcPhase2_DsTau3Mu_newMINIAOD_ANAv3_onlyGEMneg'
config.General.workArea = 'crab_projects'
config.General.transferLogs = True
config.section_('JobType')
config.JobType.allowUndistributedCMSSW = True
config.JobType.psetName = '/lustrehome/felicenenna/tau3mu/CMSSW_14_0_17/src/GenAnalyser/GenAnalyzer/python/genAnalyser_cff.py'
config.JobType.pluginName = 'Analysis'
config.section_('Data')
config.Data.inputDataset = '/DsTau3Mu_pythia8_Phase2_14TeV_PU200/fnenna-140X_mcPhase2_DsTau3Mu_MINIAOD_NoPU_onlyGEMneg_v2-6ae100ee14b53fd6015588c05a477e7b/USER'
config.Data.inputDBS = 'phys03'
config.Data.outputDatasetTag = '140X_mcPhase2_DsTau3Mu_newMINIAOD_ANAv3_onlyGEMneg'
config.Data.unitsPerJob = 100
config.Data.publication = True
config.Data.splitting = 'FileBased'
config.section_('Site')
config.Site.storageSite = 'T2_IT_Bari'
config.Site.ignoreGlobalBlacklist = True
config.section_('User')
config.section_('Debug')

DEBUG 2025-03-07 09:57:44.015 UTC: 	 submit() - self.configreq {'dryrun': 0, 'workflow': 'crab_140X_mcPhase2_DsTau3Mu_newMINIAOD_ANAv3_onlyGEMneg', 'saveoutput': 1, 'savelogsflag': 1, 'inputdata': '/DsTau3Mu_pythia8_Phase2_14TeV_PU200/fnenna-140X_mcPhase2_DsTau3Mu_MINIAOD_NoPU_onlyGEMneg_v2-6ae100ee14b53fd6015588c05a477e7b/USER', 'nonvaliddata': 0, 'userfiles': [], 'dbsurl': 'https://cmsweb.cern.ch/dbs/prod/phys03/DBSReader', 'useparent': 0, 'ignorelocality': 0, 'splitalgo': 'FileBased', 'algoargs': 100, 'totalunits': 0, 'publication': 1, 'publishdbsurl': 'https://cmsweb.cern.ch/dbs/prod/phys03/DBSWriter', 'publishname2': '140X_mcPhase2_DsTau3Mu_newMINIAOD_ANAv3_onlyGEMneg', 'jobtype': 'Analysis', 'generator': 'pythia', 'addoutputfiles': [], 'maxjobruntime': 1250, 'numcores': 1, 'maxmemory': 2000, 'priority': 10, 'nonprodsw': 1, 'asyncdest': 'T2_IT_Bari', 'requireaccelerator': 0, 'oneEventMode': 0, 'extrajdl': [], 'ignoreglobalblacklist': 1, 'partialdataset': 0, 'inputblocks': []}
DEBUG 2025-03-07 09:57:44.015 UTC: 	 submit() - jobconfig {'addoutputfiles': [], 'tfileoutfiles': ['TreeMC_Gen_level.root'], 'edmoutfiles': [], 'jobarch': 'slc7_amd64_gcc12', 'jobsw': 'CMSSW_14_0_17', 'inputdata': '/DsTau3Mu_pythia8_Phase2_14TeV_PU200/fnenna-140X_mcPhase2_DsTau3Mu_MINIAOD_NoPU_onlyGEMneg_v2-6ae100ee14b53fd6015588c05a477e7b/USER', 'cacheurl': 'https://cmsweb.cern.ch/S3/crabcache_prod', 'cachefilename': '1de27c221f1e8b73f483098b8f45c69ff5eaeddc8e5a489f6d0e4028628ac6dd.tar.gz', 'debugfilename': '1cf4ce4ef905a112a85213a6f6a8cbb7403580ccf5287a598249dc26358edd75.tar.gz', 'jobtype': 'Analysis'}
INFO 2025-03-07 09:57:44.015 UTC: 	 Sending the request to the server at cmsweb.cern.ch
DEBUG 2025-03-07 09:57:44.015 UTC: 	 Submitting {'dryrun': 0, 'workflow': 'crab_140X_mcPhase2_DsTau3Mu_newMINIAOD_ANAv3_onlyGEMneg', 'saveoutput': 1, 'savelogsflag': 1, 'inputdata': '/DsTau3Mu_pythia8_Phase2_14TeV_PU200/fnenna-140X_mcPhase2_DsTau3Mu_MINIAOD_NoPU_onlyGEMneg_v2-6ae100ee14b53fd6015588c05a477e7b/USER', 'nonvaliddata': 0, 'userfiles': [], 'dbsurl': 'https://cmsweb.cern.ch/dbs/prod/phys03/DBSReader', 'useparent': 0, 'ignorelocality': 0, 'splitalgo': 'FileBased', 'algoargs': 100, 'totalunits': 0, 'publication': 1, 'publishdbsurl': 'https://cmsweb.cern.ch/dbs/prod/phys03/DBSWriter', 'publishname2': '140X_mcPhase2_DsTau3Mu_newMINIAOD_ANAv3_onlyGEMneg', 'jobtype': 'Analysis', 'generator': 'pythia', 'addoutputfiles': [], 'maxjobruntime': 1250, 'numcores': 1, 'maxmemory': 2000, 'priority': 10, 'nonprodsw': 1, 'asyncdest': 'T2_IT_Bari', 'requireaccelerator': 0, 'oneEventMode': 0, 'extrajdl': [], 'ignoreglobalblacklist': 1, 'partialdataset': 0, 'inputblocks': [], 'tfileoutfiles': ['TreeMC_Gen_level.root'], 'edmoutfiles': [], 'jobarch': 'slc7_amd64_gcc12', 'jobsw': 'CMSSW_14_0_17', 'cacheurl': 'https://cmsweb.cern.ch/S3/crabcache_prod', 'cachefilename': '1de27c221f1e8b73f483098b8f45c69ff5eaeddc8e5a489f6d0e4028628ac6dd.tar.gz', 'debugfilename': '1cf4ce4ef905a112a85213a6f6a8cbb7403580ccf5287a598249dc26358edd75.tar.gz'} 
DEBUG 2025-03-07 09:57:44.016 UTC: 	 Encoded data for curl request: dryrun=0&workflow=crab_140X_mcPhase2_DsTau3Mu_newMINIAOD_ANAv3_onlyGEMneg&saveoutput=1&savelogsflag=1&inputdata=%2FDsTau3Mu_pythia8_Phase2_14TeV_PU200%2Ffnenna-140X_mcPhase2_DsTau3Mu_MINIAOD_NoPU_onlyGEMneg_v2-6ae100ee14b53fd6015588c05a477e7b%2FUSER&nonvaliddata=0&dbsurl=https%3A%2F%2Fcmsweb.cern.ch%2Fdbs%2Fprod%2Fphys03%2FDBSReader&useparent=0&ignorelocality=0&splitalgo=FileBased&algoargs=100&totalunits=0&publication=1&publishdbsurl=https%3A%2F%2Fcmsweb.cern.ch%2Fdbs%2Fprod%2Fphys03%2FDBSWriter&publishname2=140X_mcPhase2_DsTau3Mu_newMINIAOD_ANAv3_onlyGEMneg&jobtype=Analysis&generator=pythia&maxjobruntime=1250&numcores=1&maxmemory=2000&priority=10&nonprodsw=1&asyncdest=T2_IT_Bari&requireaccelerator=0&oneEventMode=0&ignoreglobalblacklist=1&partialdataset=0&jobarch=slc7_amd64_gcc12&jobsw=CMSSW_14_0_17&cacheurl=https%3A%2F%2Fcmsweb.cern.ch%2FS3%2Fcrabcache_prod&cachefilename=1de27c221f1e8b73f483098b8f45c69ff5eaeddc8e5a489f6d0e4028628ac6dd.tar.gz&debugfilename=1cf4ce4ef905a112a85213a6f6a8cbb7403580ccf5287a598249dc26358edd75.tar.gz&tfileoutfiles=TreeMC_Gen_level.root
DEBUG 2025-03-07 09:57:44.491 UTC: 	 Result: {'result': [{'RequestName': '250307_095744:fnenna_crab_140X_mcPhase2_DsTau3Mu_newMINIAOD_ANAv3_onlyGEMneg'}]}
INFO 2025-03-07 09:57:44.514 UTC: 	 Success: Your task has been delivered to the prod CRAB3 server.
INFO 2025-03-07 09:57:44.514 UTC: 	 Task name: 250307_095744:fnenna_crab_140X_mcPhase2_DsTau3Mu_newMINIAOD_ANAv3_onlyGEMneg
INFO 2025-03-07 09:57:44.514 UTC: 	 Project dir: crab_projects/crab_140X_mcPhase2_DsTau3Mu_newMINIAOD_ANAv3_onlyGEMneg
INFO 2025-03-07 09:57:44.514 UTC: 	 Please use ' crab status -d crab_projects/crab_140X_mcPhase2_DsTau3Mu_newMINIAOD_ANAv3_onlyGEMneg ' to check how the submission process proceeds.
DEBUG 2025-03-07 09:57:44.514 UTC: 	 About to return
INFO 2025-03-07 09:57:44.523 UTC: 	 Log file is /lustrehome/felicenenna/tau3mu/CMSSW_14_0_17/src/GenAnalyser/GenAnalyzer/CrabSubmission/crab_projects/crab_140X_mcPhase2_DsTau3Mu_newMINIAOD_ANAv3_onlyGEMneg/crab.log
DEBUG 2025-03-07 09:59:10.209 UTC: 	 CRAB Client version: v3.241125
DEBUG 2025-03-07 09:59:10.210 UTC: 	 Running on: Linux ui02.recas.ba.infn.it 3.10.0-1160.80.1.el7.x86_64 #1 SMP Tue Nov 8 15:48:59 UTC 2022 x86_64 x86_64 x86_64 GNU/Linux
DEBUG 2025-03-07 09:59:10.210 UTC: 	 Not using Singularity
DEBUG 2025-03-07 09:59:10.210 UTC: 	 Operating System: CentOS Linux 7 (Core)
DEBUG 2025-03-07 09:59:10.210 UTC: 	 Executing command: 'status'
DEBUG 2025-03-07 09:59:10.210 UTC: 	 Found CRAB cache file /lustrehome/felicenenna/.crab3
DEBUG 2025-03-07 09:59:10.214 UTC: 	 Checking credentials
DEBUG 2025-03-07 09:59:10.214 UTC: 	 Found proxy file /tmp/x509up_u881416
DEBUG 2025-03-07 09:59:10.214 UTC: 	 Making sure it has proper VOMS extension
DEBUG 2025-03-07 09:59:10.214 UTC: 	 Executing command :
 voms-proxy-info --vo --file /tmp/x509up_u881416
DEBUG 2025-03-07 09:59:11.904 UTC: 	 output : cms

 error: 
 retcode : 0
DEBUG 2025-03-07 09:59:11.904 UTC: 	 Getting proxy life time left
DEBUG 2025-03-07 09:59:11.904 UTC: 	 Executing command :
 voms-proxy-info --actimeleft --timeleft --file /tmp/x509up_u881416
DEBUG 2025-03-07 09:59:13.390 UTC: 	 output : 612537
612537

 error: 
 retcode : 0
DEBUG 2025-03-07 09:59:13.390 UTC: 	 Proxy valid for 170:08:57 hours
DEBUG 2025-03-07 09:59:13.390 UTC: 	 Encoded data for curl request: subresource=delegatedn
DEBUG 2025-03-07 09:59:13.590 UTC: 	 Registering user credentials on myproxy for /DC=ch/DC=cern/OU=computers/CN=crab-(preprod|prod)-tw(01|02).cern.ch|/DC=ch/DC=cern/OU=computers/CN=crab-dev-tw(01|02|03|04).cern.ch|/DC=ch/DC=cern/OU=Organic Units/OU=Users/CN=cmscrab/CN=(817881|373708)/CN=Robot: cms crab|/DC=ch/DC=cern/OU=Organic Units/OU=Users/CN=crabint1/CN=373708/CN=Robot: CMS CRAB Integration 1
DEBUG 2025-03-07 09:59:13.590 UTC: 	 Executing command :
 voms-proxy-info --identity --file /tmp/x509up_u881416
DEBUG 2025-03-07 09:59:15.070 UTC: 	 output : /DC=ch/DC=cern/OU=Organic Units/OU=Users/CN=fnenna/CN=868185/CN=Felice Nenna

 error: 
 retcode : 0
DEBUG 2025-03-07 09:59:15.070 UTC: 	 Getting myproxy life time left for a133b326f2e83ec4c6fd8cd18786edfdbb69b415
DEBUG 2025-03-07 09:59:15.071 UTC: 	 Executing command :
 myproxy-info -s myproxy.cern.ch -l a133b326f2e83ec4c6fd8cd18786edfdbb69b415
DEBUG 2025-03-07 09:59:15.665 UTC: 	 output : username: a133b326f2e83ec4c6fd8cd18786edfdbb69b415
owner: /DC=ch/DC=cern/OU=Organic Units/OU=Users/CN=fnenna/CN=868185/CN=Felice Nenna
  renewal policy: /DC=ch/DC=cern/OU=computers/CN=crab-(preprod|prod)-tw(01|02).cern.ch|/DC=ch/DC=cern/OU=computers/CN=crab-dev-tw(01|02|03|04).cern.ch|/DC=ch/DC=cern/OU=Organic Units/OU=Users/CN=cmscrab/CN=(817881|373708)/CN=Robot: cms crab|/DC=ch/DC=cern/OU=Organic Units/OU=Users/CN=crabint1/CN=373708/CN=Robot: CMS CRAB Integration 1
  trusted retrieval policy: /DC=ch/DC=cern/OU=computers/CN=crab-(preprod|prod)-tw(01|02).cern.ch|/DC=ch/DC=cern/OU=computers/CN=crab-dev-tw(01|02|03|04).cern.ch|/DC=ch/DC=cern/OU=Organic Units/OU=Users/CN=cmscrab/CN=(817881|373708)/CN=Robot: cms crab|/DC=ch/DC=cern/OU=Organic Units/OU=Users/CN=crabint1/CN=373708/CN=Robot: CMS CRAB Integration 1
  timeleft: 582:58:50  (24.3 days)

 error: 
 retcode : 0
DEBUG 2025-03-07 09:59:15.665 UTC: 	 Myproxy is valid: 2098680
DEBUG 2025-03-07 09:59:15.665 UTC: 	 Result of myproxy credential check:
  Credential exists on myproxy: username: a133b326f2e83ec4c6fd8cd18786edfdbb69b415  - validity: 24 days, 6:58:00
DEBUG 2025-03-07 09:59:15.665 UTC: 	 Retrieving username ...
DEBUG 2025-03-07 09:59:15.665 UTC: 	 Retrieving username from CRIC...
DEBUG 2025-03-07 09:59:16.978 UTC: 	 username is fnenna
INFO 2025-03-07 09:59:23.540 UTC: 	 Rucio client intialized for account fnenna
DEBUG 2025-03-07 09:59:23.541 UTC: 	 Command use: status
DEBUG 2025-03-07 09:59:23.541 UTC: 	 Options use: ['-d', 'crab_projects/crab_140X_mcPhase2_DsTau3Mu_newMINIAOD_ANAv3_onlyGEMneg']
DEBUG 2025-03-07 09:59:23.541 UTC: 	 Encoded data for curl request: subresource=version
DEBUG 2025-03-07 09:59:23.800 UTC: 	 CRABClient version: v3.241125
DEBUG 2025-03-07 09:59:23.800 UTC: 	 Instance is prod
DEBUG 2025-03-07 09:59:23.800 UTC: 	 Server base url is cmsweb.cern.ch
DEBUG 2025-03-07 09:59:23.800 UTC: 	 Command api workflow
DEBUG 2025-03-07 09:59:23.800 UTC: 	 Encoded data for curl request: subresource=search&workflow=250307_095744%3Afnenna_crab_140X_mcPhase2_DsTau3Mu_newMINIAOD_ANAv3_onlyGEMneg
DEBUG 2025-03-07 09:59:23.973 UTC: 	 Got information from server oracle database: {'desc': {'columns': ['tm_taskname', 'tm_activity', 'tm_task_status', 'tm_task_command', 'tm_start_time', 'tm_start_injection', 'tm_end_injection', 'tm_task_failure', 'tm_job_sw', 'tm_job_arch', 'tm_input_dataset', 'tm_nonvalid_input_dataset', 'tm_use_parent', 'tm_site_whitelist', 'tm_site_blacklist', 'tm_split_algo', 'tm_split_args', 'tm_user_sandbox', 'tm_cache_url', 'tm_username', 'tm_user_dn', 'tm_user_vo', 'tm_user_role', 'tm_user_group', 'tm_publish_name', 'tm_publish_groupname', 'tm_asyncdest', 'tm_dbs_url', 'tm_publish_dbs_url', 'tm_publication', 'tm_outfiles', 'tm_tfile_outfiles', 'tm_edm_outfiles', 'tm_job_type', 'tm_generator', 'tm_events_per_lumi', 'tm_arguments', 'tm_save_logs', 'tw_name', 'tm_user_infiles', 'tm_maxjobruntime', 'tm_numcores', 'tm_maxmemory', 'tm_priority', 'tm_output_dataset', 'tm_task_warnings', 'tm_user_webdir', 'tm_scriptexe', 'tm_scriptargs', 'tm_extrajdl', 'tm_collector', 'tm_schedd', 'tm_dry_run', 'tm_user_files', 'tm_transfer_outputs', 'tm_output_lfn', 'tm_ignore_locality', 'tm_fail_limit', 'tm_one_event_mode', 'tm_secondary_input_dataset', 'tm_primary_dataset', 'tm_last_publication', 'tm_debug_files', 'clusterid', 'tm_ignore_global_blacklist', 'tm_submitter_ip_addr', 'tm_totalunits', 'tm_ddm_reqid', 'tm_user_config', 'tm_transfer_container', 'tm_transfer_rule', 'tm_publish_rule', 'tm_multipub_rule', 'tm_job_min_microarch']}, 'result': ['250307_095744:fnenna_crab_140X_mcPhase2_DsTau3Mu_newMINIAOD_ANAv3_onlyGEMneg', 'None', 'SUBMITTED', 'SUBMIT', '2025-03-07 09:57:44.456220', 'None', '2025-03-07 09:58:26.571276', 'None', 'CMSSW_14_0_17', 'slc7_amd64_gcc12', '/DsTau3Mu_pythia8_Phase2_14TeV_PU200/fnenna-140X_mcPhase2_DsTau3Mu_MINIAOD_NoPU_onlyGEMneg_v2-6ae100ee14b53fd6015588c05a477e7b/USER', 'F', '0', '[]', '[]', 'FileBased', "{'halt_job_on_file_boundaries': False, 'splitOnRun': False, 'files_per_job': 100, 'runs': [], 'lumis': []}", '1de27c221f1e8b73f483098b8f45c69ff5eaeddc8e5a489f6d0e4028628ac6dd.tar.gz', 'https://cmsweb.cern.ch/S3/crabcache_prod', 'fnenna', '/DC=ch/DC=cern/OU=Organic Units/OU=Users/CN=fnenna/CN=868185/CN=Felice Nenna', 'cms', 'None', 'None', '140X_mcPhase2_DsTau3Mu_newMINIAOD_ANAv3_onlyGEMneg-00000000000000000000000000000000', 'F', 'T2_IT_Bari', 'https://cmsweb.cern.ch/dbs/prod/phys03/DBSReader', 'https://cmsweb.cern.ch/dbs/prod/phys03/DBSWriter', 'T', '[]', "['TreeMC_Gen_level.root']", '[]', 'Analysis', 'pythia', 'None', '{}', 'T', 'crab-prod-tw02', '[]', '1250', '1', '2000', '10', 'None', '[]', 'None', 'None', '[]', '[]', 'cmsgwms-collector-global.cern.ch:9620,cmsgwms-collector-global.fnal.gov:9620', 'crab3@vocms0195.cern.ch', 'F', '[]', 'T', '/store/user/fnenna/', 'F', 'None', 'F', 'None', 'DsTau3Mu_pythia8_Phase2_14TeV_PU200', 'None', '1cf4ce4ef905a112a85213a6f6a8cbb7403580ccf5287a598249dc26358edd75.tar.gz', '116441944', 'T', '137.138.154.184', '0.0', 'None', '{"partialdataset": false, "requireaccelerator": false, "acceleratorparams": null, "inputblocks": null}', 'None', 'None', 'None', 'None', 'None']}
INFO 2025-03-07 09:59:23.974 UTC: 	 CRAB project directory:		/lustrehome/felicenenna/tau3mu/CMSSW_14_0_17/src/GenAnalyser/GenAnalyzer/CrabSubmission/crab_projects/crab_140X_mcPhase2_DsTau3Mu_newMINIAOD_ANAv3_onlyGEMneg
INFO 2025-03-07 09:59:23.975 UTC: 	 Task name:			250307_095744:fnenna_crab_140X_mcPhase2_DsTau3Mu_newMINIAOD_ANAv3_onlyGEMneg
INFO 2025-03-07 09:59:23.975 UTC: 	 Grid scheduler - Task Worker:	crab3@vocms0195.cern.ch - crab-prod-tw02
INFO 2025-03-07 09:59:23.975 UTC: 	 Status on the CRAB server:	SUBMITTED
INFO 2025-03-07 09:59:23.975 UTC: 	 Task URL to use for HELP:	https://cmsweb.cern.ch/crabserver/ui/task/250307_095744%3Afnenna_crab_140X_mcPhase2_DsTau3Mu_newMINIAOD_ANAv3_onlyGEMneg
INFO 2025-03-07 09:59:23.992 UTC: 	 Dashboard monitoring URL:	https://monit-grafana.cern.ch/d/cmsTMDetail/cms-task-monitoring-task-view?orgId=11&var-user=fnenna&var-task=250307_095744%3Afnenna_crab_140X_mcPhase2_DsTau3Mu_newMINIAOD_ANAv3_onlyGEMneg&from=1741337864000&to=now
DEBUG 2025-03-07 09:59:23.992 UTC: 	 The CRAB server submitted your task to the Grid scheduler (cluster ID: 116441944)
INFO 2025-03-07 09:59:23.992 UTC: 	 Waiting for the Grid scheduler to bootstrap your task
DEBUG 2025-03-07 09:59:23.992 UTC: 	 Schedd has not reported back the webdir (yet)
INFO 2025-03-07 09:59:23.998 UTC: 	 Log file is /lustrehome/felicenenna/tau3mu/CMSSW_14_0_17/src/GenAnalyser/GenAnalyzer/CrabSubmission/crab_projects/crab_140X_mcPhase2_DsTau3Mu_newMINIAOD_ANAv3_onlyGEMneg/crab.log
