DEBUG 2025-03-01 17:44:56.515 UTC: 	 CRAB Client version: v3.241125
DEBUG 2025-03-01 17:44:56.516 UTC: 	 Running on: Linux ui02.recas.ba.infn.it 3.10.0-1160.80.1.el7.x86_64 #1 SMP Tue Nov 8 15:48:59 UTC 2022 x86_64 x86_64 x86_64 GNU/Linux
DEBUG 2025-03-01 17:44:56.516 UTC: 	 Not using Singularity
DEBUG 2025-03-01 17:44:56.516 UTC: 	 Operating System: CentOS Linux 7 (Core)
DEBUG 2025-03-01 17:44:56.516 UTC: 	 Executing command: 'submit'
DEBUG 2025-03-01 17:44:56.517 UTC: 	 Found CRAB cache file /lustrehome/felicenenna/.crab3
INFO 2025-03-01 17:44:56.518 UTC: 	 Will use CRAB configuration file crab_MCRun4_DsTau3Mu_newMiniAod_cfg.py
DEBUG 2025-03-01 17:44:56.518 UTC: 	 Loading CRAB configuration file.
DEBUG 2025-03-01 17:44:56.525 UTC: 	 Will use CRAB plugin ANALYSIS (i.e. will run an analysis job type).
DEBUG 2025-03-01 17:44:56.534 UTC: 	 Checking credentials
DEBUG 2025-03-01 17:44:56.534 UTC: 	 Found proxy file /tmp/x509up_u881416
DEBUG 2025-03-01 17:44:56.534 UTC: 	 Making sure it has proper VOMS extension
DEBUG 2025-03-01 17:44:56.534 UTC: 	 Executing command :
 voms-proxy-info --vo --file /tmp/x509up_u881416
DEBUG 2025-03-01 17:44:57.508 UTC: 	 output : cms

 error: 
 retcode : 0
DEBUG 2025-03-01 17:44:57.508 UTC: 	 Getting proxy life time left
DEBUG 2025-03-01 17:44:57.508 UTC: 	 Executing command :
 voms-proxy-info --actimeleft --timeleft --file /tmp/x509up_u881416
DEBUG 2025-03-01 17:44:58.454 UTC: 	 output : 403359
403358

 error: 
 retcode : 0
DEBUG 2025-03-01 17:44:58.454 UTC: 	 Proxy valid for 112:02:38 hours
DEBUG 2025-03-01 17:44:58.454 UTC: 	 Encoded data for curl request: subresource=delegatedn
DEBUG 2025-03-01 17:44:58.614 UTC: 	 Registering user credentials on myproxy for /DC=ch/DC=cern/OU=computers/CN=crab-(preprod|prod)-tw(01|02).cern.ch|/DC=ch/DC=cern/OU=computers/CN=crab-dev-tw(01|02|03|04).cern.ch|/DC=ch/DC=cern/OU=Organic Units/OU=Users/CN=cmscrab/CN=(817881|373708)/CN=Robot: cms crab|/DC=ch/DC=cern/OU=Organic Units/OU=Users/CN=crabint1/CN=373708/CN=Robot: CMS CRAB Integration 1
DEBUG 2025-03-01 17:44:58.614 UTC: 	 Executing command :
 voms-proxy-info --identity --file /tmp/x509up_u881416
DEBUG 2025-03-01 17:44:59.586 UTC: 	 output : /DC=ch/DC=cern/OU=Organic Units/OU=Users/CN=fnenna/CN=868185/CN=Felice Nenna

 error: 
 retcode : 0
DEBUG 2025-03-01 17:44:59.586 UTC: 	 Getting myproxy life time left for a133b326f2e83ec4c6fd8cd18786edfdbb69b415
DEBUG 2025-03-01 17:44:59.586 UTC: 	 Executing command :
 myproxy-info -s myproxy.cern.ch -l a133b326f2e83ec4c6fd8cd18786edfdbb69b415
DEBUG 2025-03-01 17:45:00.050 UTC: 	 output : username: a133b326f2e83ec4c6fd8cd18786edfdbb69b415
owner: /DC=ch/DC=cern/OU=Organic Units/OU=Users/CN=fnenna/CN=868185/CN=Felice Nenna
  renewal policy: /DC=ch/DC=cern/OU=computers/CN=crab-(preprod|prod)-tw(01|02).cern.ch|/DC=ch/DC=cern/OU=computers/CN=crab-dev-tw(01|02|03|04).cern.ch|/DC=ch/DC=cern/OU=Organic Units/OU=Users/CN=cmscrab/CN=(817881|373708)/CN=Robot: cms crab|/DC=ch/DC=cern/OU=Organic Units/OU=Users/CN=crabint1/CN=373708/CN=Robot: CMS CRAB Integration 1
  trusted retrieval policy: /DC=ch/DC=cern/OU=computers/CN=crab-(preprod|prod)-tw(01|02).cern.ch|/DC=ch/DC=cern/OU=computers/CN=crab-dev-tw(01|02|03|04).cern.ch|/DC=ch/DC=cern/OU=Organic Units/OU=Users/CN=cmscrab/CN=(817881|373708)/CN=Robot: cms crab|/DC=ch/DC=cern/OU=Organic Units/OU=Users/CN=crabint1/CN=373708/CN=Robot: CMS CRAB Integration 1
  timeleft: 719:13:05  (30.0 days)

 error: 
 retcode : 0
DEBUG 2025-03-01 17:45:00.050 UTC: 	 Myproxy is valid: 2589180
DEBUG 2025-03-01 17:45:00.050 UTC: 	 Result of myproxy credential check:
  Credential exists on myproxy: username: a133b326f2e83ec4c6fd8cd18786edfdbb69b415  - validity: 29 days, 23:13:00
DEBUG 2025-03-01 17:45:00.050 UTC: 	 Command use: submit
DEBUG 2025-03-01 17:45:00.050 UTC: 	 Options use: ['-c', 'crab_MCRun4_DsTau3Mu_newMiniAod_cfg.py']
DEBUG 2025-03-01 17:45:00.051 UTC: 	 Encoded data for curl request: subresource=version
DEBUG 2025-03-01 17:45:00.201 UTC: 	 CRABClient version: v3.241125
DEBUG 2025-03-01 17:45:00.201 UTC: 	 Instance is prod
DEBUG 2025-03-01 17:45:00.201 UTC: 	 Server base url is cmsweb.cern.ch
DEBUG 2025-03-01 17:45:00.202 UTC: 	 Command api workflow
DEBUG 2025-03-01 17:45:00.202 UTC: 	 Started submission
DEBUG 2025-03-01 17:45:00.202 UTC: 	 Working on /lustrehome/felicenenna/tau3mu/CMSSW_14_0_17/src/GenAnalyser/GenAnalyzer/CrabSubmission/crab_projects/crab_140X_mcPhase2_DsTau3Mu_newMINIAOD_ANA_onlyGEMneg
DEBUG 2025-03-01 17:45:00.202 UTC: 	 Encoded data for curl request: subresource=backendurls
DEBUG 2025-03-01 17:45:00.414 UTC: 	 Loading required information from the environment
DEBUG 2025-03-01 17:45:00.414 UTC: 	 Found CMSSW_14_0_17 for slc7_amd64_gcc12 with base /lustrehome/felicenenna/tau3mu/CMSSW_14_0_17
DEBUG 2025-03-01 17:45:00.414 UTC: 	 Loading required information from the environment
DEBUG 2025-03-01 17:45:00.414 UTC: 	 Found CMSSW_14_0_17 for slc7_amd64_gcc12 with base /lustrehome/felicenenna/tau3mu/CMSSW_14_0_17
DEBUG 2025-03-01 17:45:00.414 UTC: 	 UNIQUE NAME: tarUUID 6454612c-0248-4f7f-a282-5d09dd9e6c30 
DEBUG 2025-03-01 17:45:00.414 UTC: 	 self.config: from WMCore.Configuration import Configuration
config = Configuration()
config.section_('General')
config.General.requestName = '140X_mcPhase2_DsTau3Mu_newMINIAOD_ANA_onlyGEMneg'
config.General.transferLogs = True
config.General.workArea = 'crab_projects'
config.General.transferOutputs = True
config.section_('JobType')
config.JobType.pluginName = 'Analysis'
config.JobType.psetName = '/lustrehome/felicenenna/tau3mu/CMSSW_14_0_17/src/GenAnalyser/GenAnalyzer/python/genAnalyser_cff.py'
config.JobType.allowUndistributedCMSSW = True
config.section_('Data')
config.Data.splitting = 'FileBased'
config.Data.unitsPerJob = 100
config.Data.inputDBS = 'phys03'
config.Data.inputDataset = '/DsTau3Mu_pythia8_Phase2_14TeV_PU200/fnenna-140X_mcPhase2_DsTau3Mu_MINIAOD_NoPU_onlyGEMneg-6ae100ee14b53fd6015588c05a477e7b/USER'
config.Data.publication = True
config.Data.outputDatasetTag = '140X_mcPhase2_DsTau3Mu_newMINIAOD_ANA_onlyGEMneg'
config.section_('Site')
config.Site.ignoreGlobalBlacklist = True
config.Site.storageSite = 'T2_IT_Bari'
config.section_('User')
config.section_('Debug')

DEBUG 2025-03-01 17:45:00.414 UTC: 	 self.config.JobType.psetName: /lustrehome/felicenenna/tau3mu/CMSSW_14_0_17/src/GenAnalyser/GenAnalyzer/python/genAnalyser_cff.py
INFO 2025-03-01 17:45:00.415 UTC: 	 Importing CMSSW configuration /lustrehome/felicenenna/tau3mu/CMSSW_14_0_17/src/GenAnalyser/GenAnalyzer/python/genAnalyser_cff.py
INFO 2025-03-01 17:45:03.372 UTC: 	 Finished importing CMSSW configuration /lustrehome/felicenenna/tau3mu/CMSSW_14_0_17/src/GenAnalyser/GenAnalyzer/python/genAnalyser_cff.py
DEBUG 2025-03-01 17:45:03.372 UTC: 	 Writing CMSSW configuration to /lustrehome/felicenenna/tau3mu/CMSSW_14_0_17/src/GenAnalyser/GenAnalyzer/CrabSubmission/crab_projects/crab_140X_mcPhase2_DsTau3Mu_newMINIAOD_ANA_onlyGEMneg/inputs/PSet.py
DEBUG 2025-03-01 17:45:03.480 UTC: 	 The following EDM output files will be collected: []
DEBUG 2025-03-01 17:45:03.480 UTC: 	 The following TFile output files will be collected: ['TreeMC_Gen_level.root']
DEBUG 2025-03-01 17:45:03.480 UTC: 	 The following user output files (not listed as PoolOuputModule or TFileService in the CMSSW PSet) will be collected: 
DEBUG 2025-03-01 17:45:03.480 UTC: 	 Loading required information from the environment
DEBUG 2025-03-01 17:45:03.480 UTC: 	 Found CMSSW_14_0_17 for slc7_amd64_gcc12 with base /lustrehome/felicenenna/tau3mu/CMSSW_14_0_17
DEBUG 2025-03-01 17:45:03.480 UTC: 	 Making tarball in /lustrehome/felicenenna/tau3mu/CMSSW_14_0_17/src/GenAnalyser/GenAnalyzer/CrabSubmission/crab_projects/crab_140X_mcPhase2_DsTau3Mu_newMINIAOD_ANA_onlyGEMneg/inputs/6454612c-0248-4f7f-a282-5d09dd9e6c30default.tgz
DEBUG 2025-03-01 17:45:03.485 UTC: 	 Checking directory /lustrehome/felicenenna/tau3mu/CMSSW_14_0_17/bin
DEBUG 2025-03-01 17:45:03.485 UTC: 	 Adding directory /lustrehome/felicenenna/tau3mu/CMSSW_14_0_17/bin to tarball
DEBUG 2025-03-01 17:45:03.527 UTC: 	 Checking directory /lustrehome/felicenenna/tau3mu/CMSSW_14_0_17/python
DEBUG 2025-03-01 17:45:03.527 UTC: 	 Adding directory /lustrehome/felicenenna/tau3mu/CMSSW_14_0_17/python to tarball
DEBUG 2025-03-01 17:45:03.833 UTC: 	 Checking directory /lustrehome/felicenenna/tau3mu/CMSSW_14_0_17/cfipython
DEBUG 2025-03-01 17:45:03.833 UTC: 	 Adding directory /lustrehome/felicenenna/tau3mu/CMSSW_14_0_17/cfipython to tarball
DEBUG 2025-03-01 17:45:03.938 UTC: 	 Checking directory /lustrehome/felicenenna/tau3mu/CMSSW_14_0_17/lib
DEBUG 2025-03-01 17:45:03.939 UTC: 	 Adding directory /lustrehome/felicenenna/tau3mu/CMSSW_14_0_17/lib to tarball
DEBUG 2025-03-01 17:45:05.526 UTC: 	 Checking directory /lustrehome/felicenenna/tau3mu/CMSSW_14_0_17/biglib
DEBUG 2025-03-01 17:45:05.527 UTC: 	 Adding directory /lustrehome/felicenenna/tau3mu/CMSSW_14_0_17/biglib to tarball
DEBUG 2025-03-01 17:45:05.528 UTC: 	 Checking directory /lustrehome/felicenenna/tau3mu/CMSSW_14_0_17/module
DEBUG 2025-03-01 17:45:05.528 UTC: 	 Checking directory /lustrehome/felicenenna/tau3mu/CMSSW_14_0_17/config/SCRAM/hooks
DEBUG 2025-03-01 17:45:05.530 UTC: 	 Adding directory /lustrehome/felicenenna/tau3mu/CMSSW_14_0_17/config/SCRAM/hooks to tarball
DEBUG 2025-03-01 17:45:05.581 UTC: 	 Adding directory /lustrehome/felicenenna/tau3mu/CMSSW_14_0_17/src/GenAnalyser/GenAnalyzer/python to tarball
DEBUG 2025-03-01 17:45:05.836 UTC: 	 Adding directory /lustrehome/felicenenna/tau3mu/CMSSW_14_0_17/src/Plugins/MiniAnaTau3Mu/python to tarball
DEBUG 2025-03-01 17:45:05.862 UTC: 	 Adding directory /lustrehome/felicenenna/tau3mu/CMSSW_14_0_17/src/Plugins/TrackFromCandProducer/python to tarball
DEBUG 2025-03-01 17:45:05.863 UTC: 	 Adding directory /lustrehome/felicenenna/tau3mu/CMSSW_14_0_17/src/Plugins/RecoMuonAnalyzer/python to tarball
DEBUG 2025-03-01 17:45:05.876 UTC: 	 Adding directory /lustrehome/felicenenna/tau3mu/CMSSW_14_0_17/src/Plugins/SimpleEventCounter/python to tarball
DEBUG 2025-03-01 17:45:05.887 UTC: 	 Adding directory /lustrehome/felicenenna/tau3mu/CMSSW_14_0_17/src/Plugins/PFCandFilter/python to tarball
DEBUG 2025-03-01 17:45:05.889 UTC: 	 Adding directory /lustrehome/felicenenna/tau3mu/CMSSW_14_0_17/src/PhysicsTools/PatAlgos/interface to tarball
DEBUG 2025-03-01 17:45:05.937 UTC: 	 Adding directory /lustrehome/felicenenna/tau3mu/CMSSW_14_0_17/src/PhysicsTools/PatAlgos/python to tarball
DEBUG 2025-03-01 17:45:06.958 UTC: 	 Adding directory /lustrehome/felicenenna/tau3mu/CMSSW_14_0_17/src/GenAna/GenAnalyser/GenAnalyzer/python to tarball
DEBUG 2025-03-01 17:45:07.001 UTC: 	 Adding directory /lustrehome/felicenenna/tau3mu/CMSSW_14_0_17/src/SkimTools/SkimTau3Mu/python to tarball
DEBUG 2025-03-01 17:45:07.016 UTC: 	 Adding directory /lustrehome/felicenenna/tau3mu/CMSSW_14_0_17/src/SkimTools/SkimPhiPi/python to tarball
DEBUG 2025-03-01 17:45:07.021 UTC: 	 Adding directory /lustrehome/felicenenna/tau3mu/CMSSW_14_0_17/src/SkimTools/SkimPhiMuNu/python to tarball
DEBUG 2025-03-01 17:45:07.211 UTC: 	 Uploading archive /lustrehome/felicenenna/tau3mu/CMSSW_14_0_17/src/GenAnalyser/GenAnalyzer/CrabSubmission/crab_projects/crab_140X_mcPhase2_DsTau3Mu_newMINIAOD_ANA_onlyGEMneg/inputs/6454612c-0248-4f7f-a282-5d09dd9e6c30default.tgz (3.341797.1 MB) to the CRAB cache. Using URI https://cmsweb.cern.ch/S3/crabcache_prod
DEBUG 2025-03-01 17:45:08.837 UTC: 	 Encoded data for curl request: subresource=upload&objecttype=sandbox&tarballname=cf52c4c3221849601462442bce5487207fb18dc2975ae4dd054f511701c45efc.tar.gz
DEBUG 2025-03-01 17:45:09.072 UTC: 	 Will execute:
curl -f -v -X POST  -H "User-Agent: CRAB" -F "key=fnenna/sandboxes/cf52c4c3221849601462442bce5487207fb18dc2975ae4dd054f511701c45efc.tar.gz" -F "AWSAccessKeyId=715203df6482458ba839e73e6dab634b" -F "policy=eyJleHBpcmF0aW9uIjogIjIwMjUtMDMtMDFUMTg6NDU6MDlaIiwgImNvbmRpdGlvbnMiOiBbeyJidWNrZXQiOiAiY3JhYmNhY2hlX3Byb2QifSwgeyJrZXkiOiAiZm5lbm5hL3NhbmRib3hlcy9jZjUyYzRjMzIyMTg0OTYwMTQ2MjQ0MmJjZTU0ODcyMDdmYjE4ZGMyOTc1YWU0ZGQwNTRmNTExNzAxYzQ1ZWZjLnRhci5neiJ9XX0=" -F "signature=sTHMk6vnPddhv+he8HsdOvYE+TU=" -F "file=@/lustrehome/felicenenna/tau3mu/CMSSW_14_0_17/src/GenAnalyser/GenAnalyzer/CrabSubmission/crab_projects/crab_140X_mcPhase2_DsTau3Mu_newMINIAOD_ANA_onlyGEMneg/inputs/6454612c-0248-4f7f-a282-5d09dd9e6c30default.tgz" "https://s3.cern.ch/crabcache_prod"
DEBUG 2025-03-01 17:45:10.590 UTC: 	 exitcode: 0
stdout: b''
DEBUG 2025-03-01 17:45:10.590 UTC: 	 upload to S3 of sandbox /lustrehome/felicenenna/tau3mu/CMSSW_14_0_17/src/GenAnalyser/GenAnalyzer/CrabSubmission/crab_projects/crab_140X_mcPhase2_DsTau3Mu_newMINIAOD_ANA_onlyGEMneg/inputs/6454612c-0248-4f7f-a282-5d09dd9e6c30default.tgz completed
DEBUG 2025-03-01 17:45:10.590 UTC: 	 make sure that object is ready for retrieve
DEBUG 2025-03-01 17:45:11.592 UTC: 	 Encoded data for curl request: subresource=download&objecttype=sandbox&tarballname=cf52c4c3221849601462442bce5487207fb18dc2975ae4dd054f511701c45efc.tar.gz&clientmethod=head_object
DEBUG 2025-03-01 17:45:11.746 UTC: 	 PreSignedUrl to download sandbox received OK
DEBUG 2025-03-01 17:45:11.753 UTC: 	 Will execute:
 curl -v -s -f -o /dev/null --head  "https://s3.cern.ch/crabcache_prod/fnenna/sandboxes/cf52c4c3221849601462442bce5487207fb18dc2975ae4dd054f511701c45efc.tar.gz?AWSAccessKeyId=715203df6482458ba839e73e6dab634b&Signature=YL2PLXQCddkDOf2J2%2F%2BsAnaKAMQ%3D&Expires=1740854711"
DEBUG 2025-03-01 17:45:11.891 UTC: 	 exitcode: 0
stdout: b''
DEBUG 2025-03-01 17:45:11.891 UTC: 	 sandbox /lustrehome/felicenenna/tau3mu/CMSSW_14_0_17/src/GenAnalyser/GenAnalyzer/CrabSubmission/crab_projects/crab_140X_mcPhase2_DsTau3Mu_newMINIAOD_ANA_onlyGEMneg/inputs/6454612c-0248-4f7f-a282-5d09dd9e6c30default.tgz successfully uploaded to S3
DEBUG 2025-03-01 17:45:11.891 UTC: 	 Loading required information from the environment
DEBUG 2025-03-01 17:45:11.892 UTC: 	 Found CMSSW_14_0_17 for slc7_amd64_gcc12 with base /lustrehome/felicenenna/tau3mu/CMSSW_14_0_17
DEBUG 2025-03-01 17:45:11.892 UTC: 	 Making tarball in /lustrehome/felicenenna/tau3mu/CMSSW_14_0_17/src/GenAnalyser/GenAnalyzer/CrabSubmission/crab_projects/crab_140X_mcPhase2_DsTau3Mu_newMINIAOD_ANA_onlyGEMneg/inputs/debugFiles.tgz
DEBUG 2025-03-01 17:45:11.900 UTC: 	 Uploading archive /lustrehome/felicenenna/tau3mu/CMSSW_14_0_17/src/GenAnalyser/GenAnalyzer/CrabSubmission/crab_projects/crab_140X_mcPhase2_DsTau3Mu_newMINIAOD_ANA_onlyGEMneg/inputs/debugFiles.tgz (2 KB) to the CRAB cache. Using URI https://cmsweb.cern.ch/S3/crabcache_prod
DEBUG 2025-03-01 17:45:11.902 UTC: 	 Encoded data for curl request: subresource=upload&objecttype=sandbox&tarballname=91917d9335f5948dbda3d20c47a1c4d07731c8270f88bfe221d95f122f137c05.tar.gz
DEBUG 2025-03-01 17:47:19.355 UTC: 	 Will execute:
curl -f -v -X POST  -H "User-Agent: CRAB" -F "key=fnenna/sandboxes/91917d9335f5948dbda3d20c47a1c4d07731c8270f88bfe221d95f122f137c05.tar.gz" -F "AWSAccessKeyId=715203df6482458ba839e73e6dab634b" -F "policy=eyJleHBpcmF0aW9uIjogIjIwMjUtMDMtMDFUMTg6NDc6MTlaIiwgImNvbmRpdGlvbnMiOiBbeyJidWNrZXQiOiAiY3JhYmNhY2hlX3Byb2QifSwgeyJrZXkiOiAiZm5lbm5hL3NhbmRib3hlcy85MTkxN2Q5MzM1ZjU5NDhkYmRhM2QyMGM0N2ExYzRkMDc3MzFjODI3MGY4OGJmZTIyMWQ5NWYxMjJmMTM3YzA1LnRhci5neiJ9XX0=" -F "signature=P0E1elhV9fPIy4wi9AWFJh3VSSQ=" -F "file=@/lustrehome/felicenenna/tau3mu/CMSSW_14_0_17/src/GenAnalyser/GenAnalyzer/CrabSubmission/crab_projects/crab_140X_mcPhase2_DsTau3Mu_newMINIAOD_ANA_onlyGEMneg/inputs/debugFiles.tgz" "https://s3.cern.ch/crabcache_prod"
DEBUG 2025-03-01 17:47:19.584 UTC: 	 exitcode: 0
stdout: b''
DEBUG 2025-03-01 17:47:19.584 UTC: 	 upload to S3 of sandbox /lustrehome/felicenenna/tau3mu/CMSSW_14_0_17/src/GenAnalyser/GenAnalyzer/CrabSubmission/crab_projects/crab_140X_mcPhase2_DsTau3Mu_newMINIAOD_ANA_onlyGEMneg/inputs/debugFiles.tgz completed
DEBUG 2025-03-01 17:47:19.584 UTC: 	 make sure that object is ready for retrieve
DEBUG 2025-03-01 17:47:20.586 UTC: 	 Encoded data for curl request: subresource=download&objecttype=sandbox&tarballname=91917d9335f5948dbda3d20c47a1c4d07731c8270f88bfe221d95f122f137c05.tar.gz&clientmethod=head_object
DEBUG 2025-03-01 17:47:20.748 UTC: 	 PreSignedUrl to download sandbox received OK
DEBUG 2025-03-01 17:47:20.756 UTC: 	 Will execute:
 curl -v -s -f -o /dev/null --head  "https://s3.cern.ch/crabcache_prod/fnenna/sandboxes/91917d9335f5948dbda3d20c47a1c4d07731c8270f88bfe221d95f122f137c05.tar.gz?AWSAccessKeyId=715203df6482458ba839e73e6dab634b&Signature=%2Fvpc070UtueBJHtw%2FHbubzzNRkc%3D&Expires=1740854840"
DEBUG 2025-03-01 17:47:20.898 UTC: 	 exitcode: 0
stdout: b''
DEBUG 2025-03-01 17:47:20.899 UTC: 	 sandbox /lustrehome/felicenenna/tau3mu/CMSSW_14_0_17/src/GenAnalyser/GenAnalyzer/CrabSubmission/crab_projects/crab_140X_mcPhase2_DsTau3Mu_newMINIAOD_ANA_onlyGEMneg/inputs/debugFiles.tgz successfully uploaded to S3
DEBUG 2025-03-01 17:47:20.899 UTC: 	 Result uploading input files: cf52c4c3221849601462442bce5487207fb18dc2975ae4dd054f511701c45efc.tar.gz 
WARNING 2025-03-01 17:47:20.900 UTC: 	 Warning: The following output files will not be published, as they are not EDM files: ['TreeMC_Gen_level.root']
DEBUG 2025-03-01 17:47:20.900 UTC: 	 submit() - self.configuration from WMCore.Configuration import Configuration
config = Configuration()
config.section_('General')
config.General.requestName = '140X_mcPhase2_DsTau3Mu_newMINIAOD_ANA_onlyGEMneg'
config.General.transferLogs = True
config.General.workArea = 'crab_projects'
config.General.transferOutputs = True
config.section_('JobType')
config.JobType.pluginName = 'Analysis'
config.JobType.psetName = '/lustrehome/felicenenna/tau3mu/CMSSW_14_0_17/src/GenAnalyser/GenAnalyzer/python/genAnalyser_cff.py'
config.JobType.allowUndistributedCMSSW = True
config.section_('Data')
config.Data.splitting = 'FileBased'
config.Data.unitsPerJob = 100
config.Data.inputDBS = 'phys03'
config.Data.inputDataset = '/DsTau3Mu_pythia8_Phase2_14TeV_PU200/fnenna-140X_mcPhase2_DsTau3Mu_MINIAOD_NoPU_onlyGEMneg-6ae100ee14b53fd6015588c05a477e7b/USER'
config.Data.publication = True
config.Data.outputDatasetTag = '140X_mcPhase2_DsTau3Mu_newMINIAOD_ANA_onlyGEMneg'
config.section_('Site')
config.Site.ignoreGlobalBlacklist = True
config.Site.storageSite = 'T2_IT_Bari'
config.section_('User')
config.section_('Debug')

DEBUG 2025-03-01 17:47:20.900 UTC: 	 submit() - self.configreq {'dryrun': 0, 'workflow': 'crab_140X_mcPhase2_DsTau3Mu_newMINIAOD_ANA_onlyGEMneg', 'saveoutput': 1, 'savelogsflag': 1, 'inputdata': '/DsTau3Mu_pythia8_Phase2_14TeV_PU200/fnenna-140X_mcPhase2_DsTau3Mu_MINIAOD_NoPU_onlyGEMneg-6ae100ee14b53fd6015588c05a477e7b/USER', 'nonvaliddata': 0, 'userfiles': [], 'dbsurl': 'https://cmsweb.cern.ch/dbs/prod/phys03/DBSReader', 'useparent': 0, 'ignorelocality': 0, 'splitalgo': 'FileBased', 'algoargs': 100, 'totalunits': 0, 'publication': 1, 'publishdbsurl': 'https://cmsweb.cern.ch/dbs/prod/phys03/DBSWriter', 'publishname2': '140X_mcPhase2_DsTau3Mu_newMINIAOD_ANA_onlyGEMneg', 'jobtype': 'Analysis', 'generator': 'pythia', 'addoutputfiles': [], 'maxjobruntime': 1250, 'numcores': 1, 'maxmemory': 2000, 'priority': 10, 'nonprodsw': 1, 'asyncdest': 'T2_IT_Bari', 'requireaccelerator': 0, 'oneEventMode': 0, 'extrajdl': [], 'ignoreglobalblacklist': 1, 'partialdataset': 0, 'inputblocks': []}
DEBUG 2025-03-01 17:47:20.900 UTC: 	 submit() - jobconfig {'addoutputfiles': [], 'tfileoutfiles': ['TreeMC_Gen_level.root'], 'edmoutfiles': [], 'jobarch': 'slc7_amd64_gcc12', 'jobsw': 'CMSSW_14_0_17', 'inputdata': '/DsTau3Mu_pythia8_Phase2_14TeV_PU200/fnenna-140X_mcPhase2_DsTau3Mu_MINIAOD_NoPU_onlyGEMneg-6ae100ee14b53fd6015588c05a477e7b/USER', 'cacheurl': 'https://cmsweb.cern.ch/S3/crabcache_prod', 'cachefilename': 'cf52c4c3221849601462442bce5487207fb18dc2975ae4dd054f511701c45efc.tar.gz', 'debugfilename': '91917d9335f5948dbda3d20c47a1c4d07731c8270f88bfe221d95f122f137c05.tar.gz', 'jobtype': 'Analysis'}
INFO 2025-03-01 17:47:20.900 UTC: 	 Sending the request to the server at cmsweb.cern.ch
DEBUG 2025-03-01 17:47:20.900 UTC: 	 Submitting {'dryrun': 0, 'workflow': 'crab_140X_mcPhase2_DsTau3Mu_newMINIAOD_ANA_onlyGEMneg', 'saveoutput': 1, 'savelogsflag': 1, 'inputdata': '/DsTau3Mu_pythia8_Phase2_14TeV_PU200/fnenna-140X_mcPhase2_DsTau3Mu_MINIAOD_NoPU_onlyGEMneg-6ae100ee14b53fd6015588c05a477e7b/USER', 'nonvaliddata': 0, 'userfiles': [], 'dbsurl': 'https://cmsweb.cern.ch/dbs/prod/phys03/DBSReader', 'useparent': 0, 'ignorelocality': 0, 'splitalgo': 'FileBased', 'algoargs': 100, 'totalunits': 0, 'publication': 1, 'publishdbsurl': 'https://cmsweb.cern.ch/dbs/prod/phys03/DBSWriter', 'publishname2': '140X_mcPhase2_DsTau3Mu_newMINIAOD_ANA_onlyGEMneg', 'jobtype': 'Analysis', 'generator': 'pythia', 'addoutputfiles': [], 'maxjobruntime': 1250, 'numcores': 1, 'maxmemory': 2000, 'priority': 10, 'nonprodsw': 1, 'asyncdest': 'T2_IT_Bari', 'requireaccelerator': 0, 'oneEventMode': 0, 'extrajdl': [], 'ignoreglobalblacklist': 1, 'partialdataset': 0, 'inputblocks': [], 'tfileoutfiles': ['TreeMC_Gen_level.root'], 'edmoutfiles': [], 'jobarch': 'slc7_amd64_gcc12', 'jobsw': 'CMSSW_14_0_17', 'cacheurl': 'https://cmsweb.cern.ch/S3/crabcache_prod', 'cachefilename': 'cf52c4c3221849601462442bce5487207fb18dc2975ae4dd054f511701c45efc.tar.gz', 'debugfilename': '91917d9335f5948dbda3d20c47a1c4d07731c8270f88bfe221d95f122f137c05.tar.gz'} 
DEBUG 2025-03-01 17:47:20.901 UTC: 	 Encoded data for curl request: dryrun=0&workflow=crab_140X_mcPhase2_DsTau3Mu_newMINIAOD_ANA_onlyGEMneg&saveoutput=1&savelogsflag=1&inputdata=%2FDsTau3Mu_pythia8_Phase2_14TeV_PU200%2Ffnenna-140X_mcPhase2_DsTau3Mu_MINIAOD_NoPU_onlyGEMneg-6ae100ee14b53fd6015588c05a477e7b%2FUSER&nonvaliddata=0&dbsurl=https%3A%2F%2Fcmsweb.cern.ch%2Fdbs%2Fprod%2Fphys03%2FDBSReader&useparent=0&ignorelocality=0&splitalgo=FileBased&algoargs=100&totalunits=0&publication=1&publishdbsurl=https%3A%2F%2Fcmsweb.cern.ch%2Fdbs%2Fprod%2Fphys03%2FDBSWriter&publishname2=140X_mcPhase2_DsTau3Mu_newMINIAOD_ANA_onlyGEMneg&jobtype=Analysis&generator=pythia&maxjobruntime=1250&numcores=1&maxmemory=2000&priority=10&nonprodsw=1&asyncdest=T2_IT_Bari&requireaccelerator=0&oneEventMode=0&ignoreglobalblacklist=1&partialdataset=0&jobarch=slc7_amd64_gcc12&jobsw=CMSSW_14_0_17&cacheurl=https%3A%2F%2Fcmsweb.cern.ch%2FS3%2Fcrabcache_prod&cachefilename=cf52c4c3221849601462442bce5487207fb18dc2975ae4dd054f511701c45efc.tar.gz&debugfilename=91917d9335f5948dbda3d20c47a1c4d07731c8270f88bfe221d95f122f137c05.tar.gz&tfileoutfiles=TreeMC_Gen_level.root
DEBUG 2025-03-01 17:47:21.330 UTC: 	 Result: {'result': [{'RequestName': '250301_174721:fnenna_crab_140X_mcPhase2_DsTau3Mu_newMINIAOD_ANA_onlyGEMneg'}]}
INFO 2025-03-01 17:47:21.334 UTC: 	 Success: Your task has been delivered to the prod CRAB3 server.
INFO 2025-03-01 17:47:21.334 UTC: 	 Task name: 250301_174721:fnenna_crab_140X_mcPhase2_DsTau3Mu_newMINIAOD_ANA_onlyGEMneg
INFO 2025-03-01 17:47:21.334 UTC: 	 Project dir: crab_projects/crab_140X_mcPhase2_DsTau3Mu_newMINIAOD_ANA_onlyGEMneg
INFO 2025-03-01 17:47:21.334 UTC: 	 Please use ' crab status -d crab_projects/crab_140X_mcPhase2_DsTau3Mu_newMINIAOD_ANA_onlyGEMneg ' to check how the submission process proceeds.
DEBUG 2025-03-01 17:47:21.334 UTC: 	 About to return
INFO 2025-03-01 17:47:21.340 UTC: 	 Log file is /lustrehome/felicenenna/tau3mu/CMSSW_14_0_17/src/GenAnalyser/GenAnalyzer/CrabSubmission/crab_projects/crab_140X_mcPhase2_DsTau3Mu_newMINIAOD_ANA_onlyGEMneg/crab.log
DEBUG 2025-03-01 17:47:58.412 UTC: 	 CRAB Client version: v3.241125
DEBUG 2025-03-01 17:47:58.412 UTC: 	 Running on: Linux ui02.recas.ba.infn.it 3.10.0-1160.80.1.el7.x86_64 #1 SMP Tue Nov 8 15:48:59 UTC 2022 x86_64 x86_64 x86_64 GNU/Linux
DEBUG 2025-03-01 17:47:58.412 UTC: 	 Not using Singularity
DEBUG 2025-03-01 17:47:58.412 UTC: 	 Operating System: CentOS Linux 7 (Core)
DEBUG 2025-03-01 17:47:58.413 UTC: 	 Executing command: 'status'
DEBUG 2025-03-01 17:47:58.413 UTC: 	 Found CRAB cache file /lustrehome/felicenenna/.crab3
DEBUG 2025-03-01 17:47:58.417 UTC: 	 Checking credentials
DEBUG 2025-03-01 17:47:58.417 UTC: 	 Found proxy file /tmp/x509up_u881416
DEBUG 2025-03-01 17:47:58.417 UTC: 	 Making sure it has proper VOMS extension
DEBUG 2025-03-01 17:47:58.417 UTC: 	 Executing command :
 voms-proxy-info --vo --file /tmp/x509up_u881416
DEBUG 2025-03-01 17:47:59.361 UTC: 	 output : cms

 error: 
 retcode : 0
DEBUG 2025-03-01 17:47:59.361 UTC: 	 Getting proxy life time left
DEBUG 2025-03-01 17:47:59.361 UTC: 	 Executing command :
 voms-proxy-info --actimeleft --timeleft --file /tmp/x509up_u881416
DEBUG 2025-03-01 17:48:00.251 UTC: 	 output : 403177
403176

 error: 
 retcode : 0
DEBUG 2025-03-01 17:48:00.252 UTC: 	 Proxy valid for 111:59:36 hours
DEBUG 2025-03-01 17:48:00.252 UTC: 	 Encoded data for curl request: subresource=delegatedn
DEBUG 2025-03-01 17:48:00.412 UTC: 	 Registering user credentials on myproxy for /DC=ch/DC=cern/OU=computers/CN=crab-(preprod|prod)-tw(01|02).cern.ch|/DC=ch/DC=cern/OU=computers/CN=crab-dev-tw(01|02|03|04).cern.ch|/DC=ch/DC=cern/OU=Organic Units/OU=Users/CN=cmscrab/CN=(817881|373708)/CN=Robot: cms crab|/DC=ch/DC=cern/OU=Organic Units/OU=Users/CN=crabint1/CN=373708/CN=Robot: CMS CRAB Integration 1
DEBUG 2025-03-01 17:48:00.412 UTC: 	 Executing command :
 voms-proxy-info --identity --file /tmp/x509up_u881416
DEBUG 2025-03-01 17:48:01.314 UTC: 	 output : /DC=ch/DC=cern/OU=Organic Units/OU=Users/CN=fnenna/CN=868185/CN=Felice Nenna

 error: 
 retcode : 0
DEBUG 2025-03-01 17:48:01.315 UTC: 	 Getting myproxy life time left for a133b326f2e83ec4c6fd8cd18786edfdbb69b415
DEBUG 2025-03-01 17:48:01.315 UTC: 	 Executing command :
 myproxy-info -s myproxy.cern.ch -l a133b326f2e83ec4c6fd8cd18786edfdbb69b415
DEBUG 2025-03-01 17:48:01.764 UTC: 	 output : username: a133b326f2e83ec4c6fd8cd18786edfdbb69b415
owner: /DC=ch/DC=cern/OU=Organic Units/OU=Users/CN=fnenna/CN=868185/CN=Felice Nenna
  renewal policy: /DC=ch/DC=cern/OU=computers/CN=crab-(preprod|prod)-tw(01|02).cern.ch|/DC=ch/DC=cern/OU=computers/CN=crab-dev-tw(01|02|03|04).cern.ch|/DC=ch/DC=cern/OU=Organic Units/OU=Users/CN=cmscrab/CN=(817881|373708)/CN=Robot: cms crab|/DC=ch/DC=cern/OU=Organic Units/OU=Users/CN=crabint1/CN=373708/CN=Robot: CMS CRAB Integration 1
  trusted retrieval policy: /DC=ch/DC=cern/OU=computers/CN=crab-(preprod|prod)-tw(01|02).cern.ch|/DC=ch/DC=cern/OU=computers/CN=crab-dev-tw(01|02|03|04).cern.ch|/DC=ch/DC=cern/OU=Organic Units/OU=Users/CN=cmscrab/CN=(817881|373708)/CN=Robot: cms crab|/DC=ch/DC=cern/OU=Organic Units/OU=Users/CN=crabint1/CN=373708/CN=Robot: CMS CRAB Integration 1
  timeleft: 719:10:04  (30.0 days)

 error: 
 retcode : 0
DEBUG 2025-03-01 17:48:01.764 UTC: 	 Myproxy is valid: 2589000
DEBUG 2025-03-01 17:48:01.764 UTC: 	 Result of myproxy credential check:
  Credential exists on myproxy: username: a133b326f2e83ec4c6fd8cd18786edfdbb69b415  - validity: 29 days, 23:10:00
DEBUG 2025-03-01 17:48:01.764 UTC: 	 Retrieving username ...
DEBUG 2025-03-01 17:48:01.764 UTC: 	 Retrieving username from CRIC...
DEBUG 2025-03-01 17:48:02.608 UTC: 	 username is fnenna
INFO 2025-03-01 17:48:04.415 UTC: 	 Rucio client intialized for account fnenna
DEBUG 2025-03-01 17:48:04.416 UTC: 	 Command use: status
DEBUG 2025-03-01 17:48:04.416 UTC: 	 Options use: ['-d', 'crab_projects/crab_140X_mcPhase2_DsTau3Mu_newMINIAOD_ANA_onlyGEMneg']
DEBUG 2025-03-01 17:48:04.416 UTC: 	 Encoded data for curl request: subresource=version
DEBUG 2025-03-01 17:48:04.572 UTC: 	 CRABClient version: v3.241125
DEBUG 2025-03-01 17:48:04.572 UTC: 	 Instance is prod
DEBUG 2025-03-01 17:48:04.572 UTC: 	 Server base url is cmsweb.cern.ch
DEBUG 2025-03-01 17:48:04.572 UTC: 	 Command api workflow
DEBUG 2025-03-01 17:48:04.573 UTC: 	 Encoded data for curl request: subresource=search&workflow=250301_174721%3Afnenna_crab_140X_mcPhase2_DsTau3Mu_newMINIAOD_ANA_onlyGEMneg
DEBUG 2025-03-01 17:48:04.745 UTC: 	 Got information from server oracle database: {'desc': {'columns': ['tm_taskname', 'tm_activity', 'tm_task_status', 'tm_task_command', 'tm_start_time', 'tm_start_injection', 'tm_end_injection', 'tm_task_failure', 'tm_job_sw', 'tm_job_arch', 'tm_input_dataset', 'tm_nonvalid_input_dataset', 'tm_use_parent', 'tm_site_whitelist', 'tm_site_blacklist', 'tm_split_algo', 'tm_split_args', 'tm_user_sandbox', 'tm_cache_url', 'tm_username', 'tm_user_dn', 'tm_user_vo', 'tm_user_role', 'tm_user_group', 'tm_publish_name', 'tm_publish_groupname', 'tm_asyncdest', 'tm_dbs_url', 'tm_publish_dbs_url', 'tm_publication', 'tm_outfiles', 'tm_tfile_outfiles', 'tm_edm_outfiles', 'tm_job_type', 'tm_generator', 'tm_events_per_lumi', 'tm_arguments', 'tm_save_logs', 'tw_name', 'tm_user_infiles', 'tm_maxjobruntime', 'tm_numcores', 'tm_maxmemory', 'tm_priority', 'tm_output_dataset', 'tm_task_warnings', 'tm_user_webdir', 'tm_scriptexe', 'tm_scriptargs', 'tm_extrajdl', 'tm_collector', 'tm_schedd', 'tm_dry_run', 'tm_user_files', 'tm_transfer_outputs', 'tm_output_lfn', 'tm_ignore_locality', 'tm_fail_limit', 'tm_one_event_mode', 'tm_secondary_input_dataset', 'tm_primary_dataset', 'tm_last_publication', 'tm_debug_files', 'clusterid', 'tm_ignore_global_blacklist', 'tm_submitter_ip_addr', 'tm_totalunits', 'tm_ddm_reqid', 'tm_user_config', 'tm_transfer_container', 'tm_transfer_rule', 'tm_publish_rule', 'tm_multipub_rule', 'tm_job_min_microarch']}, 'result': ['250301_174721:fnenna_crab_140X_mcPhase2_DsTau3Mu_newMINIAOD_ANA_onlyGEMneg', 'None', 'SUBMITTED', 'SUBMIT', '2025-03-01 17:47:21.304101', 'None', '2025-03-01 17:48:03.537364', 'None', 'CMSSW_14_0_17', 'slc7_amd64_gcc12', '/DsTau3Mu_pythia8_Phase2_14TeV_PU200/fnenna-140X_mcPhase2_DsTau3Mu_MINIAOD_NoPU_onlyGEMneg-6ae100ee14b53fd6015588c05a477e7b/USER', 'F', '0', '[]', '[]', 'FileBased', "{'halt_job_on_file_boundaries': False, 'splitOnRun': False, 'files_per_job': 100, 'runs': [], 'lumis': []}", 'cf52c4c3221849601462442bce5487207fb18dc2975ae4dd054f511701c45efc.tar.gz', 'https://cmsweb.cern.ch/S3/crabcache_prod', 'fnenna', '/DC=ch/DC=cern/OU=Organic Units/OU=Users/CN=fnenna/CN=868185/CN=Felice Nenna', 'cms', 'None', 'None', '140X_mcPhase2_DsTau3Mu_newMINIAOD_ANA_onlyGEMneg-00000000000000000000000000000000', 'F', 'T2_IT_Bari', 'https://cmsweb.cern.ch/dbs/prod/phys03/DBSReader', 'https://cmsweb.cern.ch/dbs/prod/phys03/DBSWriter', 'T', '[]', "['TreeMC_Gen_level.root']", '[]', 'Analysis', 'pythia', 'None', '{}', 'T', 'crab-prod-tw01', '[]', '1250', '1', '2000', '10', 'None', '[]', 'None', 'None', '[]', '[]', 'cmsgwms-collector-global.cern.ch:9620,cmsgwms-collector-global.fnal.gov:9620', 'crab3@vocms0194.cern.ch', 'F', '[]', 'T', '/store/user/fnenna/', 'F', 'None', 'F', 'None', 'DsTau3Mu_pythia8_Phase2_14TeV_PU200', 'None', '91917d9335f5948dbda3d20c47a1c4d07731c8270f88bfe221d95f122f137c05.tar.gz', '117480444', 'T', '188.184.75.82', '0.0', 'None', '{"partialdataset": false, "requireaccelerator": false, "acceleratorparams": null, "inputblocks": null}', 'None', 'None', 'None', 'None', 'None']}
INFO 2025-03-01 17:48:04.745 UTC: 	 CRAB project directory:		/lustrehome/felicenenna/tau3mu/CMSSW_14_0_17/src/GenAnalyser/GenAnalyzer/CrabSubmission/crab_projects/crab_140X_mcPhase2_DsTau3Mu_newMINIAOD_ANA_onlyGEMneg
INFO 2025-03-01 17:48:04.745 UTC: 	 Task name:			250301_174721:fnenna_crab_140X_mcPhase2_DsTau3Mu_newMINIAOD_ANA_onlyGEMneg
INFO 2025-03-01 17:48:04.745 UTC: 	 Grid scheduler - Task Worker:	crab3@vocms0194.cern.ch - crab-prod-tw01
INFO 2025-03-01 17:48:04.746 UTC: 	 Status on the CRAB server:	SUBMITTED
INFO 2025-03-01 17:48:04.746 UTC: 	 Task URL to use for HELP:	https://cmsweb.cern.ch/crabserver/ui/task/250301_174721%3Afnenna_crab_140X_mcPhase2_DsTau3Mu_newMINIAOD_ANA_onlyGEMneg
INFO 2025-03-01 17:48:04.757 UTC: 	 Dashboard monitoring URL:	https://monit-grafana.cern.ch/d/cmsTMDetail/cms-task-monitoring-task-view?orgId=11&var-user=fnenna&var-task=250301_174721%3Afnenna_crab_140X_mcPhase2_DsTau3Mu_newMINIAOD_ANA_onlyGEMneg&from=1740847641000&to=now
DEBUG 2025-03-01 17:48:04.757 UTC: 	 The CRAB server submitted your task to the Grid scheduler (cluster ID: 117480444)
INFO 2025-03-01 17:48:04.757 UTC: 	 Waiting for the Grid scheduler to bootstrap your task
DEBUG 2025-03-01 17:48:04.757 UTC: 	 Schedd has not reported back the webdir (yet)
INFO 2025-03-01 17:48:04.760 UTC: 	 Log file is /lustrehome/felicenenna/tau3mu/CMSSW_14_0_17/src/GenAnalyser/GenAnalyzer/CrabSubmission/crab_projects/crab_140X_mcPhase2_DsTau3Mu_newMINIAOD_ANA_onlyGEMneg/crab.log
DEBUG 2025-03-01 17:51:38.793 UTC: 	 CRAB Client version: v3.241125
DEBUG 2025-03-01 17:51:38.794 UTC: 	 Running on: Linux ui02.recas.ba.infn.it 3.10.0-1160.80.1.el7.x86_64 #1 SMP Tue Nov 8 15:48:59 UTC 2022 x86_64 x86_64 x86_64 GNU/Linux
DEBUG 2025-03-01 17:51:38.794 UTC: 	 Not using Singularity
DEBUG 2025-03-01 17:51:38.794 UTC: 	 Operating System: CentOS Linux 7 (Core)
DEBUG 2025-03-01 17:51:38.794 UTC: 	 Executing command: 'status'
DEBUG 2025-03-01 17:51:38.794 UTC: 	 Found CRAB cache file /lustrehome/felicenenna/.crab3
DEBUG 2025-03-01 17:51:38.800 UTC: 	 Checking credentials
DEBUG 2025-03-01 17:51:38.800 UTC: 	 Found proxy file /tmp/x509up_u881416
DEBUG 2025-03-01 17:51:38.800 UTC: 	 Making sure it has proper VOMS extension
DEBUG 2025-03-01 17:51:38.800 UTC: 	 Executing command :
 voms-proxy-info --vo --file /tmp/x509up_u881416
DEBUG 2025-03-01 17:51:39.803 UTC: 	 output : cms

 error: 
 retcode : 0
DEBUG 2025-03-01 17:51:39.804 UTC: 	 Getting proxy life time left
DEBUG 2025-03-01 17:51:39.804 UTC: 	 Executing command :
 voms-proxy-info --actimeleft --timeleft --file /tmp/x509up_u881416
DEBUG 2025-03-01 17:51:40.814 UTC: 	 output : 402957
402956

 error: 
 retcode : 0
DEBUG 2025-03-01 17:51:40.815 UTC: 	 Proxy valid for 111:55:56 hours
DEBUG 2025-03-01 17:51:40.815 UTC: 	 Encoded data for curl request: subresource=delegatedn
DEBUG 2025-03-01 17:51:40.986 UTC: 	 Registering user credentials on myproxy for /DC=ch/DC=cern/OU=computers/CN=crab-(preprod|prod)-tw(01|02).cern.ch|/DC=ch/DC=cern/OU=computers/CN=crab-dev-tw(01|02|03|04).cern.ch|/DC=ch/DC=cern/OU=Organic Units/OU=Users/CN=cmscrab/CN=(817881|373708)/CN=Robot: cms crab|/DC=ch/DC=cern/OU=Organic Units/OU=Users/CN=crabint1/CN=373708/CN=Robot: CMS CRAB Integration 1
DEBUG 2025-03-01 17:51:40.986 UTC: 	 Executing command :
 voms-proxy-info --identity --file /tmp/x509up_u881416
DEBUG 2025-03-01 17:51:41.908 UTC: 	 output : /DC=ch/DC=cern/OU=Organic Units/OU=Users/CN=fnenna/CN=868185/CN=Felice Nenna

 error: 
 retcode : 0
DEBUG 2025-03-01 17:51:41.908 UTC: 	 Getting myproxy life time left for a133b326f2e83ec4c6fd8cd18786edfdbb69b415
DEBUG 2025-03-01 17:51:41.908 UTC: 	 Executing command :
 myproxy-info -s myproxy.cern.ch -l a133b326f2e83ec4c6fd8cd18786edfdbb69b415
DEBUG 2025-03-01 17:51:42.348 UTC: 	 output : username: a133b326f2e83ec4c6fd8cd18786edfdbb69b415
owner: /DC=ch/DC=cern/OU=Organic Units/OU=Users/CN=fnenna/CN=868185/CN=Felice Nenna
  renewal policy: /DC=ch/DC=cern/OU=computers/CN=crab-(preprod|prod)-tw(01|02).cern.ch|/DC=ch/DC=cern/OU=computers/CN=crab-dev-tw(01|02|03|04).cern.ch|/DC=ch/DC=cern/OU=Organic Units/OU=Users/CN=cmscrab/CN=(817881|373708)/CN=Robot: cms crab|/DC=ch/DC=cern/OU=Organic Units/OU=Users/CN=crabint1/CN=373708/CN=Robot: CMS CRAB Integration 1
  trusted retrieval policy: /DC=ch/DC=cern/OU=computers/CN=crab-(preprod|prod)-tw(01|02).cern.ch|/DC=ch/DC=cern/OU=computers/CN=crab-dev-tw(01|02|03|04).cern.ch|/DC=ch/DC=cern/OU=Organic Units/OU=Users/CN=cmscrab/CN=(817881|373708)/CN=Robot: cms crab|/DC=ch/DC=cern/OU=Organic Units/OU=Users/CN=crabint1/CN=373708/CN=Robot: CMS CRAB Integration 1
  timeleft: 719:06:23  (30.0 days)

 error: 
 retcode : 0
DEBUG 2025-03-01 17:51:42.348 UTC: 	 Myproxy is valid: 2588760
DEBUG 2025-03-01 17:51:42.348 UTC: 	 Result of myproxy credential check:
  Credential exists on myproxy: username: a133b326f2e83ec4c6fd8cd18786edfdbb69b415  - validity: 29 days, 23:06:00
DEBUG 2025-03-01 17:51:42.348 UTC: 	 Retrieving username ...
DEBUG 2025-03-01 17:51:42.348 UTC: 	 Retrieving username from CRIC...
DEBUG 2025-03-01 17:51:43.092 UTC: 	 username is fnenna
INFO 2025-03-01 17:51:44.459 UTC: 	 Rucio client intialized for account fnenna
DEBUG 2025-03-01 17:51:44.459 UTC: 	 Command use: status
DEBUG 2025-03-01 17:51:44.459 UTC: 	 Options use: ['-d', 'crab_projects/crab_140X_mcPhase2_DsTau3Mu_newMINIAOD_ANA_onlyGEMneg']
DEBUG 2025-03-01 17:51:44.459 UTC: 	 Encoded data for curl request: subresource=version
DEBUG 2025-03-01 17:51:44.613 UTC: 	 CRABClient version: v3.241125
DEBUG 2025-03-01 17:51:44.613 UTC: 	 Instance is prod
DEBUG 2025-03-01 17:51:44.613 UTC: 	 Server base url is cmsweb.cern.ch
DEBUG 2025-03-01 17:51:44.613 UTC: 	 Command api workflow
DEBUG 2025-03-01 17:51:44.613 UTC: 	 Encoded data for curl request: subresource=search&workflow=250301_174721%3Afnenna_crab_140X_mcPhase2_DsTau3Mu_newMINIAOD_ANA_onlyGEMneg
DEBUG 2025-03-01 17:51:44.769 UTC: 	 Got information from server oracle database: {'desc': {'columns': ['tm_taskname', 'tm_activity', 'tm_task_status', 'tm_task_command', 'tm_start_time', 'tm_start_injection', 'tm_end_injection', 'tm_task_failure', 'tm_job_sw', 'tm_job_arch', 'tm_input_dataset', 'tm_nonvalid_input_dataset', 'tm_use_parent', 'tm_site_whitelist', 'tm_site_blacklist', 'tm_split_algo', 'tm_split_args', 'tm_user_sandbox', 'tm_cache_url', 'tm_username', 'tm_user_dn', 'tm_user_vo', 'tm_user_role', 'tm_user_group', 'tm_publish_name', 'tm_publish_groupname', 'tm_asyncdest', 'tm_dbs_url', 'tm_publish_dbs_url', 'tm_publication', 'tm_outfiles', 'tm_tfile_outfiles', 'tm_edm_outfiles', 'tm_job_type', 'tm_generator', 'tm_events_per_lumi', 'tm_arguments', 'tm_save_logs', 'tw_name', 'tm_user_infiles', 'tm_maxjobruntime', 'tm_numcores', 'tm_maxmemory', 'tm_priority', 'tm_output_dataset', 'tm_task_warnings', 'tm_user_webdir', 'tm_scriptexe', 'tm_scriptargs', 'tm_extrajdl', 'tm_collector', 'tm_schedd', 'tm_dry_run', 'tm_user_files', 'tm_transfer_outputs', 'tm_output_lfn', 'tm_ignore_locality', 'tm_fail_limit', 'tm_one_event_mode', 'tm_secondary_input_dataset', 'tm_primary_dataset', 'tm_last_publication', 'tm_debug_files', 'clusterid', 'tm_ignore_global_blacklist', 'tm_submitter_ip_addr', 'tm_totalunits', 'tm_ddm_reqid', 'tm_user_config', 'tm_transfer_container', 'tm_transfer_rule', 'tm_publish_rule', 'tm_multipub_rule', 'tm_job_min_microarch']}, 'result': ['250301_174721:fnenna_crab_140X_mcPhase2_DsTau3Mu_newMINIAOD_ANA_onlyGEMneg', 'None', 'SUBMITTED', 'SUBMIT', '2025-03-01 17:47:21.304101', 'None', '2025-03-01 17:48:03.537364', 'None', 'CMSSW_14_0_17', 'slc7_amd64_gcc12', '/DsTau3Mu_pythia8_Phase2_14TeV_PU200/fnenna-140X_mcPhase2_DsTau3Mu_MINIAOD_NoPU_onlyGEMneg-6ae100ee14b53fd6015588c05a477e7b/USER', 'F', '0', '[]', '[]', 'FileBased', "{'halt_job_on_file_boundaries': False, 'splitOnRun': False, 'files_per_job': 100, 'runs': [], 'lumis': []}", 'cf52c4c3221849601462442bce5487207fb18dc2975ae4dd054f511701c45efc.tar.gz', 'https://cmsweb.cern.ch/S3/crabcache_prod', 'fnenna', '/DC=ch/DC=cern/OU=Organic Units/OU=Users/CN=fnenna/CN=868185/CN=Felice Nenna', 'cms', 'None', 'None', '140X_mcPhase2_DsTau3Mu_newMINIAOD_ANA_onlyGEMneg-00000000000000000000000000000000', 'F', 'T2_IT_Bari', 'https://cmsweb.cern.ch/dbs/prod/phys03/DBSReader', 'https://cmsweb.cern.ch/dbs/prod/phys03/DBSWriter', 'T', '[]', "['TreeMC_Gen_level.root']", '[]', 'Analysis', 'pythia', 'None', '{}', 'T', 'crab-prod-tw01', '[]', '1250', '1', '2000', '10', 'None', '[]', 'http://vocms0194.cern.ch/mon/fnenna/250301_174721:fnenna_crab_140X_mcPhase2_DsTau3Mu_newMINIAOD_ANA_onlyGEMneg', 'None', '[]', '[]', 'cmsgwms-collector-global.cern.ch:9620,cmsgwms-collector-global.fnal.gov:9620', 'crab3@vocms0194.cern.ch', 'F', '[]', 'T', '/store/user/fnenna/', 'F', 'None', 'F', 'None', 'DsTau3Mu_pythia8_Phase2_14TeV_PU200', 'None', '91917d9335f5948dbda3d20c47a1c4d07731c8270f88bfe221d95f122f137c05.tar.gz', '117480444', 'T', '188.184.75.82', '0.0', 'None', '{"partialdataset": false, "requireaccelerator": false, "acceleratorparams": null, "inputblocks": null}', 'None', 'None', 'None', 'None', 'None']}
INFO 2025-03-01 17:51:44.770 UTC: 	 CRAB project directory:		/lustrehome/felicenenna/tau3mu/CMSSW_14_0_17/src/GenAnalyser/GenAnalyzer/CrabSubmission/crab_projects/crab_140X_mcPhase2_DsTau3Mu_newMINIAOD_ANA_onlyGEMneg
INFO 2025-03-01 17:51:44.770 UTC: 	 Task name:			250301_174721:fnenna_crab_140X_mcPhase2_DsTau3Mu_newMINIAOD_ANA_onlyGEMneg
INFO 2025-03-01 17:51:44.770 UTC: 	 Grid scheduler - Task Worker:	crab3@vocms0194.cern.ch - crab-prod-tw01
INFO 2025-03-01 17:51:44.770 UTC: 	 Status on the CRAB server:	SUBMITTED
INFO 2025-03-01 17:51:44.770 UTC: 	 Task URL to use for HELP:	https://cmsweb.cern.ch/crabserver/ui/task/250301_174721%3Afnenna_crab_140X_mcPhase2_DsTau3Mu_newMINIAOD_ANA_onlyGEMneg
INFO 2025-03-01 17:51:44.782 UTC: 	 Dashboard monitoring URL:	https://monit-grafana.cern.ch/d/cmsTMDetail/cms-task-monitoring-task-view?orgId=11&var-user=fnenna&var-task=250301_174721%3Afnenna_crab_140X_mcPhase2_DsTau3Mu_newMINIAOD_ANA_onlyGEMneg&from=1740847641000&to=now
DEBUG 2025-03-01 17:51:44.782 UTC: 	 The CRAB server submitted your task to the Grid scheduler (cluster ID: 117480444)
DEBUG 2025-03-01 17:51:44.782 UTC: 	 Webdir is located at http://vocms0194.cern.ch/mon/fnenna/250301_174721:fnenna_crab_140X_mcPhase2_DsTau3Mu_newMINIAOD_ANA_onlyGEMneg
DEBUG 2025-03-01 17:51:44.782 UTC: 	 Encoded data for curl request: subresource=webdirprx&workflow=250301_174721%3Afnenna_crab_140X_mcPhase2_DsTau3Mu_newMINIAOD_ANA_onlyGEMneg
DEBUG 2025-03-01 17:51:44.940 UTC: 	 Proxied webdir is located at https://cmsweb.cern.ch:8443/scheddmon/0194/fnenna/250301_174721:fnenna_crab_140X_mcPhase2_DsTau3Mu_newMINIAOD_ANA_onlyGEMneg
DEBUG 2025-03-01 17:51:44.941 UTC: 	 Retrieving 'status_cache' file from https://cmsweb.cern.ch:8443/scheddmon/0194/fnenna/250301_174721:fnenna_crab_140X_mcPhase2_DsTau3Mu_newMINIAOD_ANA_onlyGEMneg/status_cache.pkl
DEBUG 2025-03-01 17:51:44.941 UTC: 	 Will execute:
curl -sS --capath /etc/grid-security/certificates --cert /tmp/x509up_u881416 --key /tmp/x509up_u881416 -o /tmp/crab_status-cache-tjku10d3.pkl -w %"{http_code}" "https://cmsweb.cern.ch:8443/scheddmon/0194/fnenna/250301_174721:fnenna_crab_140X_mcPhase2_DsTau3Mu_newMINIAOD_ANA_onlyGEMneg/status_cache.pkl"
DEBUG 2025-03-01 17:51:44.941 UTC: 	 Executing command :
 curl -sS --capath /etc/grid-security/certificates --cert /tmp/x509up_u881416 --key /tmp/x509up_u881416 -o /tmp/crab_status-cache-tjku10d3.pkl -w %"{http_code}" "https://cmsweb.cern.ch:8443/scheddmon/0194/fnenna/250301_174721:fnenna_crab_140X_mcPhase2_DsTau3Mu_newMINIAOD_ANA_onlyGEMneg/status_cache.pkl"
DEBUG 2025-03-01 17:53:52.312 UTC: 	 output : 200
 error: 
 retcode : 0
DEBUG 2025-03-01 17:53:52.312 UTC: 	 exitcode: 0
stdout: 200
stderr: 
error details: 
DEBUG 2025-03-01 17:53:52.313 UTC: 	 Got information from status cache file: {'1': {'Retries': 0, 'Restarts': 0, 'SiteHistory': ['Unknown'], 'ResidentSetSize': [0], 'SubmitTimes': [1740851352.0], 'StartTimes': [], 'EndTimes': [], 'TotalUserCpuTimeHistory': [0.0], 'TotalSysCpuTimeHistory': [0.0], 'WallDurations': [0], 'JobIds': ['117480526.0'], 'State': 'idle', 'RecordedSite': False}, '3': {'Retries': 0, 'Restarts': 0, 'SiteHistory': ['Unknown'], 'ResidentSetSize': [0], 'SubmitTimes': [1740851352.0], 'StartTimes': [], 'EndTimes': [], 'TotalUserCpuTimeHistory': [0.0], 'TotalSysCpuTimeHistory': [0.0], 'WallDurations': [0], 'JobIds': ['117480527.0'], 'State': 'idle', 'RecordedSite': False}, '6': {'Retries': 0, 'Restarts': 0, 'SiteHistory': ['Unknown'], 'ResidentSetSize': [0], 'SubmitTimes': [1740851352.0], 'StartTimes': [], 'EndTimes': [], 'TotalUserCpuTimeHistory': [0.0], 'TotalSysCpuTimeHistory': [0.0], 'WallDurations': [0], 'JobIds': ['117480528.0'], 'State': 'idle', 'RecordedSite': False}, '7': {'Retries': 0, 'Restarts': 0, 'SiteHistory': ['Unknown'], 'ResidentSetSize': [0], 'SubmitTimes': [1740851352.0], 'StartTimes': [], 'EndTimes': [], 'TotalUserCpuTimeHistory': [0.0], 'TotalSysCpuTimeHistory': [0.0], 'WallDurations': [0], 'JobIds': ['117480529.0'], 'State': 'idle', 'RecordedSite': False}, '10': {'Retries': 0, 'Restarts': 0, 'SiteHistory': ['Unknown'], 'ResidentSetSize': [0], 'SubmitTimes': [1740851352.0], 'StartTimes': [], 'EndTimes': [], 'TotalUserCpuTimeHistory': [0.0], 'TotalSysCpuTimeHistory': [0.0], 'WallDurations': [0], 'JobIds': ['117480530.0'], 'State': 'idle', 'RecordedSite': False}, '4': {'Retries': 0, 'Restarts': 0, 'SiteHistory': ['Unknown'], 'ResidentSetSize': [0], 'SubmitTimes': [1740851352.0], 'StartTimes': [], 'EndTimes': [], 'TotalUserCpuTimeHistory': [0.0], 'TotalSysCpuTimeHistory': [0.0], 'WallDurations': [0], 'JobIds': ['117480531.0'], 'State': 'idle', 'RecordedSite': False}, '5': {'Retries': 0, 'Restarts': 0, 'SiteHistory': ['Unknown'], 'ResidentSetSize': [0], 'SubmitTimes': [1740851352.0], 'StartTimes': [], 'EndTimes': [], 'TotalUserCpuTimeHistory': [0.0], 'TotalSysCpuTimeHistory': [0.0], 'WallDurations': [0], 'JobIds': ['117480532.0'], 'State': 'idle', 'RecordedSite': False}, '9': {'Retries': 0, 'Restarts': 0, 'SiteHistory': ['Unknown'], 'ResidentSetSize': [0], 'SubmitTimes': [1740851353.0], 'StartTimes': [], 'EndTimes': [], 'TotalUserCpuTimeHistory': [0.0], 'TotalSysCpuTimeHistory': [0.0], 'WallDurations': [0], 'JobIds': ['117480533.0'], 'State': 'idle', 'RecordedSite': False}, '2': {'Retries': 0, 'Restarts': 0, 'SiteHistory': ['Unknown'], 'ResidentSetSize': [0], 'SubmitTimes': [1740851353.0], 'StartTimes': [], 'EndTimes': [], 'TotalUserCpuTimeHistory': [0.0], 'TotalSysCpuTimeHistory': [0.0], 'WallDurations': [0], 'JobIds': ['117480534.0'], 'State': 'idle', 'RecordedSite': False}, '8': {'Retries': 0, 'Restarts': 0, 'SiteHistory': ['Unknown'], 'ResidentSetSize': [0], 'SubmitTimes': [1740851353.0], 'StartTimes': [], 'EndTimes': [], 'TotalUserCpuTimeHistory': [0.0], 'TotalSysCpuTimeHistory': [0.0], 'WallDurations': [0], 'JobIds': ['117480535.0'], 'State': 'idle', 'RecordedSite': False}}
INFO 2025-03-01 17:53:52.313 UTC: 	 Status on the scheduler:	SUBMITTED
INFO 2025-03-01 17:53:52.313 UTC: 	 
Jobs status:                    idle         		100.0% (10/10)
INFO 2025-03-01 17:53:52.313 UTC: 	 
No publication information available yet
INFO 2025-03-01 17:53:52.336 UTC: 	 Log file is /lustrehome/felicenenna/tau3mu/CMSSW_14_0_17/src/GenAnalyser/GenAnalyzer/CrabSubmission/crab_projects/crab_140X_mcPhase2_DsTau3Mu_newMINIAOD_ANA_onlyGEMneg/crab.log
DEBUG 2025-03-01 17:59:45.455 UTC: 	 CRAB Client version: v3.241125
DEBUG 2025-03-01 17:59:45.455 UTC: 	 Running on: Linux ui02.recas.ba.infn.it 3.10.0-1160.80.1.el7.x86_64 #1 SMP Tue Nov 8 15:48:59 UTC 2022 x86_64 x86_64 x86_64 GNU/Linux
DEBUG 2025-03-01 17:59:45.455 UTC: 	 Not using Singularity
DEBUG 2025-03-01 17:59:45.455 UTC: 	 Operating System: CentOS Linux 7 (Core)
DEBUG 2025-03-01 17:59:45.455 UTC: 	 Executing command: 'status'
DEBUG 2025-03-01 17:59:45.455 UTC: 	 Found CRAB cache file /lustrehome/felicenenna/.crab3
DEBUG 2025-03-01 17:59:45.461 UTC: 	 Checking credentials
DEBUG 2025-03-01 17:59:45.461 UTC: 	 Found proxy file /tmp/x509up_u881416
DEBUG 2025-03-01 17:59:45.461 UTC: 	 Making sure it has proper VOMS extension
DEBUG 2025-03-01 17:59:45.461 UTC: 	 Executing command :
 voms-proxy-info --vo --file /tmp/x509up_u881416
DEBUG 2025-03-01 17:59:46.364 UTC: 	 output : cms

 error: 
 retcode : 0
DEBUG 2025-03-01 17:59:46.365 UTC: 	 Getting proxy life time left
DEBUG 2025-03-01 17:59:46.365 UTC: 	 Executing command :
 voms-proxy-info --actimeleft --timeleft --file /tmp/x509up_u881416
DEBUG 2025-03-01 17:59:47.349 UTC: 	 output : 402470
402469

 error: 
 retcode : 0
DEBUG 2025-03-01 17:59:47.350 UTC: 	 Proxy valid for 111:47:49 hours
DEBUG 2025-03-01 17:59:47.350 UTC: 	 Encoded data for curl request: subresource=delegatedn
DEBUG 2025-03-01 17:59:47.512 UTC: 	 Registering user credentials on myproxy for /DC=ch/DC=cern/OU=computers/CN=crab-(preprod|prod)-tw(01|02).cern.ch|/DC=ch/DC=cern/OU=computers/CN=crab-dev-tw(01|02|03|04).cern.ch|/DC=ch/DC=cern/OU=Organic Units/OU=Users/CN=cmscrab/CN=(817881|373708)/CN=Robot: cms crab|/DC=ch/DC=cern/OU=Organic Units/OU=Users/CN=crabint1/CN=373708/CN=Robot: CMS CRAB Integration 1
DEBUG 2025-03-01 17:59:47.512 UTC: 	 Executing command :
 voms-proxy-info --identity --file /tmp/x509up_u881416
DEBUG 2025-03-01 17:59:48.457 UTC: 	 output : /DC=ch/DC=cern/OU=Organic Units/OU=Users/CN=fnenna/CN=868185/CN=Felice Nenna

 error: 
 retcode : 0
DEBUG 2025-03-01 17:59:48.457 UTC: 	 Getting myproxy life time left for a133b326f2e83ec4c6fd8cd18786edfdbb69b415
DEBUG 2025-03-01 17:59:48.457 UTC: 	 Executing command :
 myproxy-info -s myproxy.cern.ch -l a133b326f2e83ec4c6fd8cd18786edfdbb69b415
DEBUG 2025-03-01 17:59:48.904 UTC: 	 output : username: a133b326f2e83ec4c6fd8cd18786edfdbb69b415
owner: /DC=ch/DC=cern/OU=Organic Units/OU=Users/CN=fnenna/CN=868185/CN=Felice Nenna
  renewal policy: /DC=ch/DC=cern/OU=computers/CN=crab-(preprod|prod)-tw(01|02).cern.ch|/DC=ch/DC=cern/OU=computers/CN=crab-dev-tw(01|02|03|04).cern.ch|/DC=ch/DC=cern/OU=Organic Units/OU=Users/CN=cmscrab/CN=(817881|373708)/CN=Robot: cms crab|/DC=ch/DC=cern/OU=Organic Units/OU=Users/CN=crabint1/CN=373708/CN=Robot: CMS CRAB Integration 1
  trusted retrieval policy: /DC=ch/DC=cern/OU=computers/CN=crab-(preprod|prod)-tw(01|02).cern.ch|/DC=ch/DC=cern/OU=computers/CN=crab-dev-tw(01|02|03|04).cern.ch|/DC=ch/DC=cern/OU=Organic Units/OU=Users/CN=cmscrab/CN=(817881|373708)/CN=Robot: cms crab|/DC=ch/DC=cern/OU=Organic Units/OU=Users/CN=crabint1/CN=373708/CN=Robot: CMS CRAB Integration 1
  timeleft: 718:58:17  (30.0 days)

 error: 
 retcode : 0
DEBUG 2025-03-01 17:59:48.905 UTC: 	 Myproxy is valid: 2588280
DEBUG 2025-03-01 17:59:48.905 UTC: 	 Result of myproxy credential check:
  Credential exists on myproxy: username: a133b326f2e83ec4c6fd8cd18786edfdbb69b415  - validity: 29 days, 22:58:00
DEBUG 2025-03-01 17:59:48.905 UTC: 	 Retrieving username ...
DEBUG 2025-03-01 17:59:48.905 UTC: 	 Retrieving username from CRIC...
DEBUG 2025-03-01 17:59:49.646 UTC: 	 username is fnenna
INFO 2025-03-01 17:59:51.315 UTC: 	 Rucio client intialized for account fnenna
DEBUG 2025-03-01 17:59:51.316 UTC: 	 Command use: status
DEBUG 2025-03-01 17:59:51.316 UTC: 	 Options use: ['-d', 'crab_projects/crab_140X_mcPhase2_DsTau3Mu_newMINIAOD_ANA_onlyGEMneg']
DEBUG 2025-03-01 17:59:51.317 UTC: 	 Encoded data for curl request: subresource=version
DEBUG 2025-03-01 17:59:51.493 UTC: 	 CRABClient version: v3.241125
DEBUG 2025-03-01 17:59:51.493 UTC: 	 Instance is prod
DEBUG 2025-03-01 17:59:51.494 UTC: 	 Server base url is cmsweb.cern.ch
DEBUG 2025-03-01 17:59:51.494 UTC: 	 Command api workflow
DEBUG 2025-03-01 17:59:51.495 UTC: 	 Encoded data for curl request: subresource=search&workflow=250301_174721%3Afnenna_crab_140X_mcPhase2_DsTau3Mu_newMINIAOD_ANA_onlyGEMneg
DEBUG 2025-03-01 17:59:51.693 UTC: 	 Got information from server oracle database: {'desc': {'columns': ['tm_taskname', 'tm_activity', 'tm_task_status', 'tm_task_command', 'tm_start_time', 'tm_start_injection', 'tm_end_injection', 'tm_task_failure', 'tm_job_sw', 'tm_job_arch', 'tm_input_dataset', 'tm_nonvalid_input_dataset', 'tm_use_parent', 'tm_site_whitelist', 'tm_site_blacklist', 'tm_split_algo', 'tm_split_args', 'tm_user_sandbox', 'tm_cache_url', 'tm_username', 'tm_user_dn', 'tm_user_vo', 'tm_user_role', 'tm_user_group', 'tm_publish_name', 'tm_publish_groupname', 'tm_asyncdest', 'tm_dbs_url', 'tm_publish_dbs_url', 'tm_publication', 'tm_outfiles', 'tm_tfile_outfiles', 'tm_edm_outfiles', 'tm_job_type', 'tm_generator', 'tm_events_per_lumi', 'tm_arguments', 'tm_save_logs', 'tw_name', 'tm_user_infiles', 'tm_maxjobruntime', 'tm_numcores', 'tm_maxmemory', 'tm_priority', 'tm_output_dataset', 'tm_task_warnings', 'tm_user_webdir', 'tm_scriptexe', 'tm_scriptargs', 'tm_extrajdl', 'tm_collector', 'tm_schedd', 'tm_dry_run', 'tm_user_files', 'tm_transfer_outputs', 'tm_output_lfn', 'tm_ignore_locality', 'tm_fail_limit', 'tm_one_event_mode', 'tm_secondary_input_dataset', 'tm_primary_dataset', 'tm_last_publication', 'tm_debug_files', 'clusterid', 'tm_ignore_global_blacklist', 'tm_submitter_ip_addr', 'tm_totalunits', 'tm_ddm_reqid', 'tm_user_config', 'tm_transfer_container', 'tm_transfer_rule', 'tm_publish_rule', 'tm_multipub_rule', 'tm_job_min_microarch']}, 'result': ['250301_174721:fnenna_crab_140X_mcPhase2_DsTau3Mu_newMINIAOD_ANA_onlyGEMneg', 'None', 'SUBMITTED', 'SUBMIT', '2025-03-01 17:47:21.304101', 'None', '2025-03-01 17:48:03.537364', 'None', 'CMSSW_14_0_17', 'slc7_amd64_gcc12', '/DsTau3Mu_pythia8_Phase2_14TeV_PU200/fnenna-140X_mcPhase2_DsTau3Mu_MINIAOD_NoPU_onlyGEMneg-6ae100ee14b53fd6015588c05a477e7b/USER', 'F', '0', '[]', '[]', 'FileBased', "{'halt_job_on_file_boundaries': False, 'splitOnRun': False, 'files_per_job': 100, 'runs': [], 'lumis': []}", 'cf52c4c3221849601462442bce5487207fb18dc2975ae4dd054f511701c45efc.tar.gz', 'https://cmsweb.cern.ch/S3/crabcache_prod', 'fnenna', '/DC=ch/DC=cern/OU=Organic Units/OU=Users/CN=fnenna/CN=868185/CN=Felice Nenna', 'cms', 'None', 'None', '140X_mcPhase2_DsTau3Mu_newMINIAOD_ANA_onlyGEMneg-00000000000000000000000000000000', 'F', 'T2_IT_Bari', 'https://cmsweb.cern.ch/dbs/prod/phys03/DBSReader', 'https://cmsweb.cern.ch/dbs/prod/phys03/DBSWriter', 'T', '[]', "['TreeMC_Gen_level.root']", '[]', 'Analysis', 'pythia', 'None', '{}', 'T', 'crab-prod-tw01', '[]', '1250', '1', '2000', '10', 'None', '[]', 'http://vocms0194.cern.ch/mon/fnenna/250301_174721:fnenna_crab_140X_mcPhase2_DsTau3Mu_newMINIAOD_ANA_onlyGEMneg', 'None', '[]', '[]', 'cmsgwms-collector-global.cern.ch:9620,cmsgwms-collector-global.fnal.gov:9620', 'crab3@vocms0194.cern.ch', 'F', '[]', 'T', '/store/user/fnenna/', 'F', 'None', 'F', 'None', 'DsTau3Mu_pythia8_Phase2_14TeV_PU200', 'None', '91917d9335f5948dbda3d20c47a1c4d07731c8270f88bfe221d95f122f137c05.tar.gz', '117480444', 'T', '188.184.75.82', '0.0', 'None', '{"partialdataset": false, "requireaccelerator": false, "acceleratorparams": null, "inputblocks": null}', 'None', 'None', 'None', 'None', 'None']}
INFO 2025-03-01 17:59:51.694 UTC: 	 CRAB project directory:		/lustrehome/felicenenna/tau3mu/CMSSW_14_0_17/src/GenAnalyser/GenAnalyzer/CrabSubmission/crab_projects/crab_140X_mcPhase2_DsTau3Mu_newMINIAOD_ANA_onlyGEMneg
INFO 2025-03-01 17:59:51.694 UTC: 	 Task name:			250301_174721:fnenna_crab_140X_mcPhase2_DsTau3Mu_newMINIAOD_ANA_onlyGEMneg
INFO 2025-03-01 17:59:51.694 UTC: 	 Grid scheduler - Task Worker:	crab3@vocms0194.cern.ch - crab-prod-tw01
INFO 2025-03-01 17:59:51.694 UTC: 	 Status on the CRAB server:	SUBMITTED
INFO 2025-03-01 17:59:51.694 UTC: 	 Task URL to use for HELP:	https://cmsweb.cern.ch/crabserver/ui/task/250301_174721%3Afnenna_crab_140X_mcPhase2_DsTau3Mu_newMINIAOD_ANA_onlyGEMneg
INFO 2025-03-01 17:59:51.707 UTC: 	 Dashboard monitoring URL:	https://monit-grafana.cern.ch/d/cmsTMDetail/cms-task-monitoring-task-view?orgId=11&var-user=fnenna&var-task=250301_174721%3Afnenna_crab_140X_mcPhase2_DsTau3Mu_newMINIAOD_ANA_onlyGEMneg&from=1740847641000&to=now
DEBUG 2025-03-01 17:59:51.707 UTC: 	 The CRAB server submitted your task to the Grid scheduler (cluster ID: 117480444)
DEBUG 2025-03-01 17:59:51.707 UTC: 	 Webdir is located at http://vocms0194.cern.ch/mon/fnenna/250301_174721:fnenna_crab_140X_mcPhase2_DsTau3Mu_newMINIAOD_ANA_onlyGEMneg
DEBUG 2025-03-01 17:59:51.707 UTC: 	 Encoded data for curl request: subresource=webdirprx&workflow=250301_174721%3Afnenna_crab_140X_mcPhase2_DsTau3Mu_newMINIAOD_ANA_onlyGEMneg
DEBUG 2025-03-01 17:59:51.895 UTC: 	 Proxied webdir is located at https://cmsweb.cern.ch:8443/scheddmon/0194/fnenna/250301_174721:fnenna_crab_140X_mcPhase2_DsTau3Mu_newMINIAOD_ANA_onlyGEMneg
DEBUG 2025-03-01 17:59:51.896 UTC: 	 Retrieving 'status_cache' file from https://cmsweb.cern.ch:8443/scheddmon/0194/fnenna/250301_174721:fnenna_crab_140X_mcPhase2_DsTau3Mu_newMINIAOD_ANA_onlyGEMneg/status_cache.pkl
DEBUG 2025-03-01 17:59:51.896 UTC: 	 Will execute:
curl -sS --capath /etc/grid-security/certificates --cert /tmp/x509up_u881416 --key /tmp/x509up_u881416 -o /tmp/crab_status-cache-cyq8wvi0.pkl -w %"{http_code}" "https://cmsweb.cern.ch:8443/scheddmon/0194/fnenna/250301_174721:fnenna_crab_140X_mcPhase2_DsTau3Mu_newMINIAOD_ANA_onlyGEMneg/status_cache.pkl"
DEBUG 2025-03-01 17:59:51.896 UTC: 	 Executing command :
 curl -sS --capath /etc/grid-security/certificates --cert /tmp/x509up_u881416 --key /tmp/x509up_u881416 -o /tmp/crab_status-cache-cyq8wvi0.pkl -w %"{http_code}" "https://cmsweb.cern.ch:8443/scheddmon/0194/fnenna/250301_174721:fnenna_crab_140X_mcPhase2_DsTau3Mu_newMINIAOD_ANA_onlyGEMneg/status_cache.pkl"
DEBUG 2025-03-01 17:59:52.070 UTC: 	 output : 200
 error: 
 retcode : 0
DEBUG 2025-03-01 17:59:52.070 UTC: 	 exitcode: 0
stdout: 200
stderr: 
error details: 
DEBUG 2025-03-01 17:59:52.071 UTC: 	 Got information from status cache file: {'1': {'Retries': 0, 'Restarts': 0, 'SiteHistory': ['Unknown', 'T2_IT_Bari', 'T2_IT_Bari'], 'ResidentSetSize': [48600], 'SubmitTimes': [1740851352.0], 'StartTimes': [1740851646.0], 'EndTimes': [], 'TotalUserCpuTimeHistory': [0.0], 'TotalSysCpuTimeHistory': [0.0], 'WallDurations': [9.0, 62.68898296356201, 62.68898296356201], 'JobIds': ['117480526.0'], 'State': 'running', 'RecordedSite': True}, '3': {'Retries': 0, 'Restarts': 0, 'SiteHistory': ['Unknown', 'T2_IT_Bari', 'T2_IT_Bari'], 'ResidentSetSize': [5772], 'SubmitTimes': [1740851352.0], 'StartTimes': [1740851647.0], 'EndTimes': [], 'TotalUserCpuTimeHistory': [0.0], 'TotalSysCpuTimeHistory': [0.0], 'WallDurations': [8.0, 61.68898296356201, 61.68898296356201], 'JobIds': ['117480527.0'], 'State': 'running', 'RecordedSite': True}, '6': {'Retries': 0, 'Restarts': 0, 'SiteHistory': ['Unknown', 'T2_IT_Bari', 'T2_IT_Bari'], 'ResidentSetSize': [3072], 'SubmitTimes': [1740851352.0], 'StartTimes': [1740851646.0], 'EndTimes': [], 'TotalUserCpuTimeHistory': [0.0], 'TotalSysCpuTimeHistory': [0.0], 'WallDurations': [9.0, 62.68898296356201, 62.68898296356201], 'JobIds': ['117480528.0'], 'State': 'running', 'RecordedSite': True}, '7': {'Retries': 0, 'Restarts': 0, 'SiteHistory': ['Unknown', 'T2_IT_Bari', 'T2_IT_Bari'], 'ResidentSetSize': [68744], 'SubmitTimes': [1740851352.0], 'StartTimes': [1740851647.0], 'EndTimes': [], 'TotalUserCpuTimeHistory': [0.0], 'TotalSysCpuTimeHistory': [0.0], 'WallDurations': [8.0, 61.68898296356201, 61.68898296356201], 'JobIds': ['117480529.0'], 'State': 'running', 'RecordedSite': True}, '10': {'Retries': 0, 'Restarts': 0, 'SiteHistory': ['Unknown', 'T2_IT_Bari', 'T2_IT_Bari'], 'ResidentSetSize': [63576], 'SubmitTimes': [1740851352.0], 'StartTimes': [1740851647.0], 'EndTimes': [], 'TotalUserCpuTimeHistory': [0.0], 'TotalSysCpuTimeHistory': [0.0], 'WallDurations': [8.0, 61.68898296356201, 61.68898296356201], 'JobIds': ['117480530.0'], 'State': 'running', 'RecordedSite': True}, '4': {'Retries': 0, 'Restarts': 0, 'SiteHistory': ['Unknown', 'T2_IT_Bari', 'T2_IT_Bari'], 'ResidentSetSize': [3520], 'SubmitTimes': [1740851352.0], 'StartTimes': [1740851648.0], 'EndTimes': [], 'TotalUserCpuTimeHistory': [0.0], 'TotalSysCpuTimeHistory': [0.0], 'WallDurations': [8.0, 60.68898296356201, 60.68898296356201], 'JobIds': ['117480531.0'], 'State': 'running', 'RecordedSite': True}, '5': {'Retries': 0, 'Restarts': 0, 'SiteHistory': ['Unknown'], 'ResidentSetSize': [0], 'SubmitTimes': [1740851352.0], 'StartTimes': [], 'EndTimes': [], 'TotalUserCpuTimeHistory': [0.0], 'TotalSysCpuTimeHistory': [0.0], 'WallDurations': [0], 'JobIds': ['117480532.0'], 'State': 'idle', 'RecordedSite': False}, '9': {'Retries': 0, 'Restarts': 0, 'SiteHistory': ['Unknown', 'T2_IT_Bari', 'T2_IT_Bari'], 'ResidentSetSize': [69124], 'SubmitTimes': [1740851353.0], 'StartTimes': [1740851646.0], 'EndTimes': [], 'TotalUserCpuTimeHistory': [0.0], 'TotalSysCpuTimeHistory': [0.0], 'WallDurations': [9.0, 62.68898296356201, 62.68898296356201], 'JobIds': ['117480533.0'], 'State': 'running', 'RecordedSite': True}, '2': {'Retries': 0, 'Restarts': 0, 'SiteHistory': ['Unknown'], 'ResidentSetSize': [0], 'SubmitTimes': [1740851353.0], 'StartTimes': [], 'EndTimes': [], 'TotalUserCpuTimeHistory': [0.0], 'TotalSysCpuTimeHistory': [0.0], 'WallDurations': [0], 'JobIds': ['117480534.0'], 'State': 'idle', 'RecordedSite': False}, '8': {'Retries': 0, 'Restarts': 0, 'SiteHistory': ['Unknown', 'T2_IT_Bari', 'T2_IT_Bari'], 'ResidentSetSize': [64700], 'SubmitTimes': [1740851353.0], 'StartTimes': [1740851647.0], 'EndTimes': [], 'TotalUserCpuTimeHistory': [0.0], 'TotalSysCpuTimeHistory': [0.0], 'WallDurations': [10.0, 61.68898296356201, 61.68898296356201], 'JobIds': ['117480535.0'], 'State': 'running', 'RecordedSite': True}}
INFO 2025-03-01 17:59:52.071 UTC: 	 Status on the scheduler:	SUBMITTED
INFO 2025-03-01 17:59:52.071 UTC: 	 
Jobs status:                    idle         		 20.0% ( 2/10)
INFO 2025-03-01 17:59:52.072 UTC: 	 				running      		 80.0% ( 8/10)
INFO 2025-03-01 17:59:52.072 UTC: 	 
No publication information available yet
INFO 2025-03-01 17:59:52.087 UTC: 	 Log file is /lustrehome/felicenenna/tau3mu/CMSSW_14_0_17/src/GenAnalyser/GenAnalyzer/CrabSubmission/crab_projects/crab_140X_mcPhase2_DsTau3Mu_newMINIAOD_ANA_onlyGEMneg/crab.log
DEBUG 2025-03-01 18:13:39.161 UTC: 	 CRAB Client version: v3.241125
DEBUG 2025-03-01 18:13:39.161 UTC: 	 Running on: Linux ui02.recas.ba.infn.it 3.10.0-1160.80.1.el7.x86_64 #1 SMP Tue Nov 8 15:48:59 UTC 2022 x86_64 x86_64 x86_64 GNU/Linux
DEBUG 2025-03-01 18:13:39.162 UTC: 	 Not using Singularity
DEBUG 2025-03-01 18:13:39.162 UTC: 	 Operating System: CentOS Linux 7 (Core)
DEBUG 2025-03-01 18:13:39.162 UTC: 	 Executing command: 'status'
DEBUG 2025-03-01 18:13:39.162 UTC: 	 Found CRAB cache file /lustrehome/felicenenna/.crab3
DEBUG 2025-03-01 18:13:39.169 UTC: 	 Checking credentials
DEBUG 2025-03-01 18:13:39.169 UTC: 	 Found proxy file /tmp/x509up_u881416
DEBUG 2025-03-01 18:13:39.170 UTC: 	 Making sure it has proper VOMS extension
DEBUG 2025-03-01 18:13:39.170 UTC: 	 Executing command :
 voms-proxy-info --vo --file /tmp/x509up_u881416
DEBUG 2025-03-01 18:13:40.163 UTC: 	 output : cms

 error: 
 retcode : 0
DEBUG 2025-03-01 18:13:40.163 UTC: 	 Getting proxy life time left
DEBUG 2025-03-01 18:13:40.163 UTC: 	 Executing command :
 voms-proxy-info --actimeleft --timeleft --file /tmp/x509up_u881416
DEBUG 2025-03-01 18:13:41.176 UTC: 	 output : 401636
401635

 error: 
 retcode : 0
DEBUG 2025-03-01 18:13:41.176 UTC: 	 Proxy valid for 111:33:55 hours
DEBUG 2025-03-01 18:13:41.177 UTC: 	 Encoded data for curl request: subresource=delegatedn
DEBUG 2025-03-01 18:13:41.360 UTC: 	 Registering user credentials on myproxy for /DC=ch/DC=cern/OU=computers/CN=crab-(preprod|prod)-tw(01|02).cern.ch|/DC=ch/DC=cern/OU=computers/CN=crab-dev-tw(01|02|03|04).cern.ch|/DC=ch/DC=cern/OU=Organic Units/OU=Users/CN=cmscrab/CN=(817881|373708)/CN=Robot: cms crab|/DC=ch/DC=cern/OU=Organic Units/OU=Users/CN=crabint1/CN=373708/CN=Robot: CMS CRAB Integration 1
DEBUG 2025-03-01 18:13:41.360 UTC: 	 Executing command :
 voms-proxy-info --identity --file /tmp/x509up_u881416
DEBUG 2025-03-01 18:13:42.468 UTC: 	 output : /DC=ch/DC=cern/OU=Organic Units/OU=Users/CN=fnenna/CN=868185/CN=Felice Nenna

 error: 
 retcode : 0
DEBUG 2025-03-01 18:13:42.469 UTC: 	 Getting myproxy life time left for a133b326f2e83ec4c6fd8cd18786edfdbb69b415
DEBUG 2025-03-01 18:13:42.469 UTC: 	 Executing command :
 myproxy-info -s myproxy.cern.ch -l a133b326f2e83ec4c6fd8cd18786edfdbb69b415
DEBUG 2025-03-01 18:13:42.976 UTC: 	 output : username: a133b326f2e83ec4c6fd8cd18786edfdbb69b415
owner: /DC=ch/DC=cern/OU=Organic Units/OU=Users/CN=fnenna/CN=868185/CN=Felice Nenna
  renewal policy: /DC=ch/DC=cern/OU=computers/CN=crab-(preprod|prod)-tw(01|02).cern.ch|/DC=ch/DC=cern/OU=computers/CN=crab-dev-tw(01|02|03|04).cern.ch|/DC=ch/DC=cern/OU=Organic Units/OU=Users/CN=cmscrab/CN=(817881|373708)/CN=Robot: cms crab|/DC=ch/DC=cern/OU=Organic Units/OU=Users/CN=crabint1/CN=373708/CN=Robot: CMS CRAB Integration 1
  trusted retrieval policy: /DC=ch/DC=cern/OU=computers/CN=crab-(preprod|prod)-tw(01|02).cern.ch|/DC=ch/DC=cern/OU=computers/CN=crab-dev-tw(01|02|03|04).cern.ch|/DC=ch/DC=cern/OU=Organic Units/OU=Users/CN=cmscrab/CN=(817881|373708)/CN=Robot: cms crab|/DC=ch/DC=cern/OU=Organic Units/OU=Users/CN=crabint1/CN=373708/CN=Robot: CMS CRAB Integration 1
  timeleft: 718:44:23  (29.9 days)

 error: 
 retcode : 0
DEBUG 2025-03-01 18:13:42.976 UTC: 	 Myproxy is valid: 2587440
DEBUG 2025-03-01 18:13:42.977 UTC: 	 Result of myproxy credential check:
  Credential exists on myproxy: username: a133b326f2e83ec4c6fd8cd18786edfdbb69b415  - validity: 29 days, 22:44:00
DEBUG 2025-03-01 18:13:42.977 UTC: 	 Retrieving username ...
DEBUG 2025-03-01 18:13:42.977 UTC: 	 Retrieving username from CRIC...
DEBUG 2025-03-01 18:13:43.746 UTC: 	 username is fnenna
INFO 2025-03-01 18:13:45.161 UTC: 	 Rucio client intialized for account fnenna
DEBUG 2025-03-01 18:13:45.161 UTC: 	 Command use: status
DEBUG 2025-03-01 18:13:45.161 UTC: 	 Options use: ['-d', 'crab_projects/crab_140X_mcPhase2_DsTau3Mu_newMINIAOD_ANA_onlyGEMneg']
DEBUG 2025-03-01 18:13:45.161 UTC: 	 Encoded data for curl request: subresource=version
DEBUG 2025-03-01 18:13:45.312 UTC: 	 CRABClient version: v3.241125
DEBUG 2025-03-01 18:13:45.313 UTC: 	 Instance is prod
DEBUG 2025-03-01 18:13:45.313 UTC: 	 Server base url is cmsweb.cern.ch
DEBUG 2025-03-01 18:13:45.313 UTC: 	 Command api workflow
DEBUG 2025-03-01 18:13:45.313 UTC: 	 Encoded data for curl request: subresource=search&workflow=250301_174721%3Afnenna_crab_140X_mcPhase2_DsTau3Mu_newMINIAOD_ANA_onlyGEMneg
DEBUG 2025-03-01 18:13:45.470 UTC: 	 Got information from server oracle database: {'desc': {'columns': ['tm_taskname', 'tm_activity', 'tm_task_status', 'tm_task_command', 'tm_start_time', 'tm_start_injection', 'tm_end_injection', 'tm_task_failure', 'tm_job_sw', 'tm_job_arch', 'tm_input_dataset', 'tm_nonvalid_input_dataset', 'tm_use_parent', 'tm_site_whitelist', 'tm_site_blacklist', 'tm_split_algo', 'tm_split_args', 'tm_user_sandbox', 'tm_cache_url', 'tm_username', 'tm_user_dn', 'tm_user_vo', 'tm_user_role', 'tm_user_group', 'tm_publish_name', 'tm_publish_groupname', 'tm_asyncdest', 'tm_dbs_url', 'tm_publish_dbs_url', 'tm_publication', 'tm_outfiles', 'tm_tfile_outfiles', 'tm_edm_outfiles', 'tm_job_type', 'tm_generator', 'tm_events_per_lumi', 'tm_arguments', 'tm_save_logs', 'tw_name', 'tm_user_infiles', 'tm_maxjobruntime', 'tm_numcores', 'tm_maxmemory', 'tm_priority', 'tm_output_dataset', 'tm_task_warnings', 'tm_user_webdir', 'tm_scriptexe', 'tm_scriptargs', 'tm_extrajdl', 'tm_collector', 'tm_schedd', 'tm_dry_run', 'tm_user_files', 'tm_transfer_outputs', 'tm_output_lfn', 'tm_ignore_locality', 'tm_fail_limit', 'tm_one_event_mode', 'tm_secondary_input_dataset', 'tm_primary_dataset', 'tm_last_publication', 'tm_debug_files', 'clusterid', 'tm_ignore_global_blacklist', 'tm_submitter_ip_addr', 'tm_totalunits', 'tm_ddm_reqid', 'tm_user_config', 'tm_transfer_container', 'tm_transfer_rule', 'tm_publish_rule', 'tm_multipub_rule', 'tm_job_min_microarch']}, 'result': ['250301_174721:fnenna_crab_140X_mcPhase2_DsTau3Mu_newMINIAOD_ANA_onlyGEMneg', 'None', 'SUBMITTED', 'SUBMIT', '2025-03-01 17:47:21.304101', 'None', '2025-03-01 17:48:03.537364', 'None', 'CMSSW_14_0_17', 'slc7_amd64_gcc12', '/DsTau3Mu_pythia8_Phase2_14TeV_PU200/fnenna-140X_mcPhase2_DsTau3Mu_MINIAOD_NoPU_onlyGEMneg-6ae100ee14b53fd6015588c05a477e7b/USER', 'F', '0', '[]', '[]', 'FileBased', "{'halt_job_on_file_boundaries': False, 'splitOnRun': False, 'files_per_job': 100, 'runs': [], 'lumis': []}", 'cf52c4c3221849601462442bce5487207fb18dc2975ae4dd054f511701c45efc.tar.gz', 'https://cmsweb.cern.ch/S3/crabcache_prod', 'fnenna', '/DC=ch/DC=cern/OU=Organic Units/OU=Users/CN=fnenna/CN=868185/CN=Felice Nenna', 'cms', 'None', 'None', '140X_mcPhase2_DsTau3Mu_newMINIAOD_ANA_onlyGEMneg-00000000000000000000000000000000', 'F', 'T2_IT_Bari', 'https://cmsweb.cern.ch/dbs/prod/phys03/DBSReader', 'https://cmsweb.cern.ch/dbs/prod/phys03/DBSWriter', 'T', '[]', "['TreeMC_Gen_level.root']", '[]', 'Analysis', 'pythia', 'None', '{}', 'T', 'crab-prod-tw01', '[]', '1250', '1', '2000', '10', "['/FakeDataset/fakefile-FakePublish-a947495c0e7f746cadb84e44cf91f1c1/USER']", '[]', 'http://vocms0194.cern.ch/mon/fnenna/250301_174721:fnenna_crab_140X_mcPhase2_DsTau3Mu_newMINIAOD_ANA_onlyGEMneg', 'None', '[]', '[]', 'cmsgwms-collector-global.cern.ch:9620,cmsgwms-collector-global.fnal.gov:9620', 'crab3@vocms0194.cern.ch', 'F', '[]', 'T', '/store/user/fnenna/', 'F', 'None', 'F', 'None', 'DsTau3Mu_pythia8_Phase2_14TeV_PU200', 'None', '91917d9335f5948dbda3d20c47a1c4d07731c8270f88bfe221d95f122f137c05.tar.gz', '117480444', 'T', '188.184.75.82', '0.0', 'None', '{"partialdataset": false, "requireaccelerator": false, "acceleratorparams": null, "inputblocks": null}', 'None', 'None', 'None', 'None', 'None']}
INFO 2025-03-01 18:13:45.470 UTC: 	 CRAB project directory:		/lustrehome/felicenenna/tau3mu/CMSSW_14_0_17/src/GenAnalyser/GenAnalyzer/CrabSubmission/crab_projects/crab_140X_mcPhase2_DsTau3Mu_newMINIAOD_ANA_onlyGEMneg
INFO 2025-03-01 18:13:45.470 UTC: 	 Task name:			250301_174721:fnenna_crab_140X_mcPhase2_DsTau3Mu_newMINIAOD_ANA_onlyGEMneg
INFO 2025-03-01 18:13:45.471 UTC: 	 Grid scheduler - Task Worker:	crab3@vocms0194.cern.ch - crab-prod-tw01
INFO 2025-03-01 18:13:45.471 UTC: 	 Status on the CRAB server:	SUBMITTED
INFO 2025-03-01 18:13:45.471 UTC: 	 Task URL to use for HELP:	https://cmsweb.cern.ch/crabserver/ui/task/250301_174721%3Afnenna_crab_140X_mcPhase2_DsTau3Mu_newMINIAOD_ANA_onlyGEMneg
INFO 2025-03-01 18:13:45.487 UTC: 	 Dashboard monitoring URL:	https://monit-grafana.cern.ch/d/cmsTMDetail/cms-task-monitoring-task-view?orgId=11&var-user=fnenna&var-task=250301_174721%3Afnenna_crab_140X_mcPhase2_DsTau3Mu_newMINIAOD_ANA_onlyGEMneg&from=1740847641000&to=now
DEBUG 2025-03-01 18:13:45.487 UTC: 	 The CRAB server submitted your task to the Grid scheduler (cluster ID: 117480444)
DEBUG 2025-03-01 18:13:45.487 UTC: 	 Webdir is located at http://vocms0194.cern.ch/mon/fnenna/250301_174721:fnenna_crab_140X_mcPhase2_DsTau3Mu_newMINIAOD_ANA_onlyGEMneg
DEBUG 2025-03-01 18:13:45.487 UTC: 	 Encoded data for curl request: subresource=webdirprx&workflow=250301_174721%3Afnenna_crab_140X_mcPhase2_DsTau3Mu_newMINIAOD_ANA_onlyGEMneg
DEBUG 2025-03-01 18:15:52.891 UTC: 	 Proxied webdir is located at https://cmsweb.cern.ch:8443/scheddmon/0194/fnenna/250301_174721:fnenna_crab_140X_mcPhase2_DsTau3Mu_newMINIAOD_ANA_onlyGEMneg
DEBUG 2025-03-01 18:15:52.892 UTC: 	 Retrieving 'status_cache' file from https://cmsweb.cern.ch:8443/scheddmon/0194/fnenna/250301_174721:fnenna_crab_140X_mcPhase2_DsTau3Mu_newMINIAOD_ANA_onlyGEMneg/status_cache.pkl
DEBUG 2025-03-01 18:15:52.892 UTC: 	 Will execute:
curl -sS --capath /etc/grid-security/certificates --cert /tmp/x509up_u881416 --key /tmp/x509up_u881416 -o /tmp/crab_status-cache-8h8h1un5.pkl -w %"{http_code}" "https://cmsweb.cern.ch:8443/scheddmon/0194/fnenna/250301_174721:fnenna_crab_140X_mcPhase2_DsTau3Mu_newMINIAOD_ANA_onlyGEMneg/status_cache.pkl"
DEBUG 2025-03-01 18:15:52.892 UTC: 	 Executing command :
 curl -sS --capath /etc/grid-security/certificates --cert /tmp/x509up_u881416 --key /tmp/x509up_u881416 -o /tmp/crab_status-cache-8h8h1un5.pkl -w %"{http_code}" "https://cmsweb.cern.ch:8443/scheddmon/0194/fnenna/250301_174721:fnenna_crab_140X_mcPhase2_DsTau3Mu_newMINIAOD_ANA_onlyGEMneg/status_cache.pkl"
DEBUG 2025-03-01 18:18:00.379 UTC: 	 output : 200
 error: 
 retcode : 0
DEBUG 2025-03-01 18:18:00.380 UTC: 	 exitcode: 0
stdout: 200
stderr: 
error details: 
DEBUG 2025-03-01 18:18:00.380 UTC: 	 Got information from status cache file: {'1': {'Retries': 0, 'Restarts': 0, 'SiteHistory': ['Unknown', 'T2_IT_Bari', 'T2_IT_Bari'], 'ResidentSetSize': [1279740], 'SubmitTimes': [1740851352.0], 'StartTimes': [1740851646.0], 'EndTimes': [1740852258.0], 'TotalUserCpuTimeHistory': [76], 'TotalSysCpuTimeHistory': [19], 'WallDurations': [9.0, 62.68898296356201, 612.0], 'JobIds': ['117480526.0'], 'State': 'finished', 'RecordedSite': True}, '3': {'Retries': 0, 'Restarts': 0, 'SiteHistory': ['Unknown', 'T2_IT_Bari', 'T2_IT_Bari'], 'ResidentSetSize': [1087272], 'SubmitTimes': [1740851352.0], 'StartTimes': [1740851647.0], 'EndTimes': [1740852299.0], 'TotalUserCpuTimeHistory': [96], 'TotalSysCpuTimeHistory': [18], 'WallDurations': [8.0, 61.68898296356201, 652.0], 'JobIds': ['117480527.0'], 'State': 'finished', 'RecordedSite': True}, '6': {'Retries': 0, 'Restarts': 0, 'SiteHistory': ['Unknown', 'T2_IT_Bari', 'T2_IT_Bari'], 'ResidentSetSize': [1276032], 'SubmitTimes': [1740851352.0], 'StartTimes': [1740851646.0], 'EndTimes': [1740852235.0], 'TotalUserCpuTimeHistory': [61], 'TotalSysCpuTimeHistory': [19], 'WallDurations': [9.0, 62.68898296356201, 589.0], 'JobIds': ['117480528.0'], 'State': 'finished', 'RecordedSite': True}, '7': {'Retries': 0, 'Restarts': 0, 'SiteHistory': ['Unknown', 'T2_IT_Bari', 'T2_IT_Bari'], 'ResidentSetSize': [1081368], 'SubmitTimes': [1740851352.0], 'StartTimes': [1740851647.0], 'EndTimes': [1740852264.0], 'TotalUserCpuTimeHistory': [97], 'TotalSysCpuTimeHistory': [17], 'WallDurations': [8.0, 61.68898296356201, 617.0], 'JobIds': ['117480529.0'], 'State': 'finished', 'RecordedSite': True}, '10': {'Retries': 0, 'Restarts': 0, 'SiteHistory': ['Unknown', 'T2_IT_Bari', 'T2_IT_Bari'], 'ResidentSetSize': [1281172], 'SubmitTimes': [1740851352.0], 'StartTimes': [1740851647.0], 'EndTimes': [1740852220.0], 'TotalUserCpuTimeHistory': [94], 'TotalSysCpuTimeHistory': [22], 'WallDurations': [8.0, 61.68898296356201, 573.0], 'JobIds': ['117480530.0'], 'State': 'finished', 'RecordedSite': True}, '4': {'Retries': 0, 'Restarts': 0, 'SiteHistory': ['Unknown', 'T2_IT_Bari', 'T2_IT_Bari'], 'ResidentSetSize': [1080776], 'SubmitTimes': [1740851352.0], 'StartTimes': [1740851648.0], 'EndTimes': [1740852300.0], 'TotalUserCpuTimeHistory': [92], 'TotalSysCpuTimeHistory': [18], 'WallDurations': [8.0, 60.68898296356201, 652.0], 'JobIds': ['117480531.0'], 'State': 'finished', 'RecordedSite': True}, '5': {'Retries': 0, 'Restarts': 0, 'SiteHistory': ['Unknown', 'T2_IT_Bari', 'T2_IT_Bari'], 'ResidentSetSize': [1089388], 'SubmitTimes': [1740851352.0], 'StartTimes': [1740851892.0], 'EndTimes': [1740852478.0], 'TotalUserCpuTimeHistory': [57], 'TotalSysCpuTimeHistory': [11], 'WallDurations': [9.0, 116.83401393890381, 586.0], 'JobIds': ['117480532.0'], 'State': 'finished', 'RecordedSite': True}, '9': {'Retries': 0, 'Restarts': 0, 'SiteHistory': ['Unknown', 'T2_IT_Bari', 'T2_IT_Bari'], 'ResidentSetSize': [1099568], 'SubmitTimes': [1740851353.0], 'StartTimes': [1740851646.0], 'EndTimes': [1740852263.0], 'TotalUserCpuTimeHistory': [93], 'TotalSysCpuTimeHistory': [18], 'WallDurations': [9.0, 62.68898296356201, 617.0], 'JobIds': ['117480533.0'], 'State': 'finished', 'RecordedSite': True}, '2': {'Retries': 0, 'Restarts': 0, 'SiteHistory': ['Unknown', 'T2_IT_Bari', 'T2_IT_Bari'], 'ResidentSetSize': [848416], 'SubmitTimes': [1740851353.0], 'StartTimes': [1740851906.0], 'EndTimes': [1740852469.0], 'TotalUserCpuTimeHistory': [69], 'TotalSysCpuTimeHistory': [18], 'WallDurations': [9.0, 102.83401393890381, 563.0], 'JobIds': ['117480534.0'], 'State': 'finished', 'RecordedSite': True}, '8': {'Retries': 0, 'Restarts': 0, 'SiteHistory': ['Unknown', 'T2_IT_Bari', 'T2_IT_Bari'], 'ResidentSetSize': [1280660], 'SubmitTimes': [1740851353.0], 'StartTimes': [1740851647.0], 'EndTimes': [1740852241.0], 'TotalUserCpuTimeHistory': [75], 'TotalSysCpuTimeHistory': [18], 'WallDurations': [10.0, 61.68898296356201, 594.0], 'JobIds': ['117480535.0'], 'State': 'finished', 'RecordedSite': True}}
INFO 2025-03-01 18:18:00.380 UTC: 	 Status on the scheduler:	COMPLETED
INFO 2025-03-01 18:18:00.381 UTC: 	 
Jobs status:                    finished     		100.0% (10/10)
DEBUG 2025-03-01 18:18:00.381 UTC: 	 Encoded data for curl request: subresource=publicationstatus&workflow=250301_174721%3Afnenna_crab_140X_mcPhase2_DsTau3Mu_newMINIAOD_ANA_onlyGEMneg&username=fnenna
INFO 2025-03-01 18:20:07.870 UTC: 	 
Output dataset:			/FakeDataset/fakefile-FakePublish-a947495c0e7f746cadb84e44cf91f1c1/USER
INFO 2025-03-01 18:20:07.870 UTC: 	 
No publication information available yet
INFO 2025-03-01 18:20:07.871 UTC: 	 
Warning: the max jobs runtime is less than 30% of the task requested value (1250 min), please consider to request a lower value for failed jobs (allowed through crab resubmit) and/or improve the jobs splitting (e.g. config.Data.splitting = 'Automatic') in a new task.
INFO 2025-03-01 18:20:07.871 UTC: 	 
Warning: the average jobs CPU efficiency is less than 50%, please consider to improve the jobs splitting (e.g. config.Data.splitting = 'Automatic') in a new task
INFO 2025-03-01 18:20:07.871 UTC: 	 
Summary of run jobs:
 * Memory: 1251MB min, 1251MB max, 1114MB ave
 * Runtime: 0:09:23 min, 0:10:52 max, 0:10:05 ave
 * CPU eff: 12% min, 20% max, 16% ave
 * Waste: 0:13:22 (12% of total)

INFO 2025-03-01 18:20:07.901 UTC: 	 Log file is /lustrehome/felicenenna/tau3mu/CMSSW_14_0_17/src/GenAnalyser/GenAnalyzer/CrabSubmission/crab_projects/crab_140X_mcPhase2_DsTau3Mu_newMINIAOD_ANA_onlyGEMneg/crab.log
